2026-06-26 14:53:18,829 | INFO | Huber/SmoothL1 beta=1.000000e-03
2026-06-26 14:53:19,478 | INFO | Run started | run_name=NO_I3O5_BCF16_SL1_HC128_LR2e-03_WD0e+00_SS1_G9e-01_ch0u_260626 run_id=NO_I3O5_BCF16_SL1_HC128_LR2e-03_WD0e+00_SS1_G9e-01_ch0u_260626 device=cuda train_samples=18720000 test_samples=3900000 val_index_source=indices_full epoch_range=1..8
2026-06-26 14:53:19,479 | INFO | Fault diagnostics | main_fault_log=D:\Research\NO-2D-Metamaterials\MODELS\training_runs\NO_I3O5_BCF16_SL1_HC128_LR2e-03_WD0e+00_SS1_G9e-01_ch0u_260626\main_process_fault.log
2026-06-26 18:42:03,166 | INFO | Saved 10 diagnostic panel(s) under D:\Research\NO-2D-Metamaterials\MODELS\training_runs\NO_I3O5_BCF16_SL1_HC128_LR2e-03_WD0e+00_SS1_G9e-01_ch0u_260626\diagnostics\epoch_001
2026-06-26 18:42:04,824 | INFO | epoch=1/8 loss=smoothl1 train_ch_smoothl1=1.092e-03 4.548e-03 4.396e-03 5.152e-03 4.883e-03 val_ch_smoothl1=7.459e-04 3.973e-03 3.859e-03 4.478e-03 4.261e-03 train_loss=4.014389e-03 val_loss=3.463506e-03 lr=1.800e-03 train_sps=1461.8
2026-06-26 22:28:09,003 | INFO | Saved 10 diagnostic panel(s) under D:\Research\NO-2D-Metamaterials\MODELS\training_runs\NO_I3O5_BCF16_SL1_HC128_LR2e-03_WD0e+00_SS1_G9e-01_ch0u_260626\diagnostics\epoch_002
2026-06-26 22:28:10,405 | INFO | epoch=2/8 loss=smoothl1 train_ch_smoothl1=4.905e-04 3.007e-03 2.902e-03 3.607e-03 3.401e-03 val_ch_smoothl1=2.957e-04 2.687e-03 2.567e-03 3.284e-03 3.093e-03 train_loss=2.681396e-03 val_loss=2.385209e-03 lr=1.620e-03 train_sps=1480.2
2026-06-27 02:28:29,475 | INFO | Saved 10 diagnostic panel(s) under D:\Research\NO-2D-Metamaterials\MODELS\training_runs\NO_I3O5_BCF16_SL1_HC128_LR2e-03_WD0e+00_SS1_G9e-01_ch0u_260626\diagnostics\epoch_003
2026-06-27 02:28:30,988 | INFO | epoch=3/8 loss=smoothl1 train_ch_smoothl1=3.762e-04 2.417e-03 2.319e-03 3.011e-03 2.817e-03 val_ch_smoothl1=2.350e-04 2.396e-03 2.303e-03 2.997e-03 2.807e-03 train_loss=2.187985e-03 val_loss=2.147699e-03 lr=1.458e-03 train_sps=1395.0
2026-06-27 06:11:02,190 | INFO | Saved 10 diagnostic panel(s) under D:\Research\NO-2D-Metamaterials\MODELS\training_runs\NO_I3O5_BCF16_SL1_HC128_LR2e-03_WD0e+00_SS1_G9e-01_ch0u_260626\diagnostics\epoch_004
2026-06-27 06:11:03,638 | INFO | epoch=4/8 loss=smoothl1 train_ch_smoothl1=3.188e-04 2.166e-03 2.072e-03 2.754e-03 2.566e-03 val_ch_smoothl1=2.836e-04 2.371e-03 2.222e-03 2.943e-03 2.767e-03 train_loss=1.975277e-03 val_loss=2.116987e-03 lr=1.312e-03 train_sps=1505.5
2026-06-27 09:50:33,551 | INFO | Saved 10 diagnostic panel(s) under D:\Research\NO-2D-Metamaterials\MODELS\training_runs\NO_I3O5_BCF16_SL1_HC128_LR2e-03_WD0e+00_SS1_G9e-01_ch0u_260626\diagnostics\epoch_005
2026-06-27 09:50:34,991 | INFO | epoch=5/8 loss=smoothl1 train_ch_smoothl1=2.816e-04 2.003e-03 1.912e-03 2.586e-03 2.400e-03 val_ch_smoothl1=2.235e-04 2.227e-03 2.127e-03 2.811e-03 2.621e-03 train_loss=1.836508e-03 val_loss=2.001855e-03 lr=1.181e-03 train_sps=1527.5
2026-06-27 13:35:28,071 | INFO | Saved 10 diagnostic panel(s) under D:\Research\NO-2D-Metamaterials\MODELS\training_runs\NO_I3O5_BCF16_SL1_HC128_LR2e-03_WD0e+00_SS1_G9e-01_ch0u_260626\diagnostics\epoch_006
2026-06-27 13:35:29,624 | INFO | epoch=6/8 loss=smoothl1 train_ch_smoothl1=2.484e-04 1.880e-03 1.792e-03 2.459e-03 2.274e-03 val_ch_smoothl1=2.254e-04 2.155e-03 2.094e-03 2.737e-03 2.563e-03 train_loss=1.730701e-03 val_loss=1.954865e-03 lr=1.063e-03 train_sps=1498.1
2026-06-27 17:36:01,086 | INFO | Saved 10 diagnostic panel(s) under D:\Research\NO-2D-Metamaterials\MODELS\training_runs\NO_I3O5_BCF16_SL1_HC128_LR2e-03_WD0e+00_SS1_G9e-01_ch0u_260626\diagnostics\epoch_007
2026-06-27 17:36:02,259 | INFO | epoch=7/8 loss=smoothl1 train_ch_smoothl1=2.301e-04 1.786e-03 1.698e-03 2.359e-03 2.177e-03 val_ch_smoothl1=2.479e-04 2.162e-03 2.110e-03 2.779e-03 2.550e-03 train_loss=1.650082e-03 val_loss=1.969884e-03 lr=9.566e-04 train_sps=1393.2
2026-06-28 02:16:15,791 | INFO | Saved 10 diagnostic panel(s) under D:\Research\NO-2D-Metamaterials\MODELS\training_runs\NO_I3O5_BCF16_SL1_HC128_LR2e-03_WD0e+00_SS1_G9e-01_ch0u_260626\diagnostics\epoch_008
2026-06-28 02:16:17,342 | INFO | epoch=8/8 loss=smoothl1 train_ch_smoothl1=2.138e-04 1.708e-03 1.621e-03 2.276e-03 2.096e-03 val_ch_smoothl1=3.642e-04 2.106e-03 2.053e-03 2.691e-03 2.499e-03 train_loss=1.582906e-03 val_loss=1.942628e-03 lr=8.609e-04 train_sps=620.0
2026-06-28 02:16:17,648 | INFO | Run complete | run_name=NO_I3O5_BCF16_SL1_HC128_LR2e-03_WD0e+00_SS1_G9e-01_ch0u_260626 run_id=NO_I3O5_BCF16_SL1_HC128_LR2e-03_WD0e+00_SS1_G9e-01_ch0u_260626 best_val_loss=1.942628e-03
2026-06-28 02:16:17,648 | INFO | Artifacts saved to: D:\Research\NO-2D-Metamaterials\MODELS\training_runs\NO_I3O5_BCF16_SL1_HC128_LR2e-03_WD0e+00_SS1_G9e-01_ch0u_260626
2026-06-28 03:16:04,762 | INFO | backfill_val_dual_loss | epoch=1 trained_loss=smoothl1 val_l1=3.878405e-03 val_mse=8.992192e-05 rows_updated=1 migrated=False
2026-06-28 03:34:14,169 | INFO | backfill_val_dual_loss | epoch=2 trained_loss=smoothl1 val_l1=2.749996e-03 val_mse=6.263568e-05 rows_updated=1 migrated=False
2026-06-28 03:52:10,797 | INFO | backfill_val_dual_loss | epoch=3 trained_loss=smoothl1 val_l1=2.495264e-03 val_mse=5.685482e-05 rows_updated=1 migrated=False
2026-06-28 04:07:37,418 | INFO | backfill_val_dual_loss | epoch=4 trained_loss=smoothl1 val_l1=2.476401e-03 val_mse=5.483673e-05 rows_updated=1 migrated=False
2026-06-28 04:22:48,168 | INFO | backfill_val_dual_loss | epoch=5 trained_loss=smoothl1 val_l1=2.335173e-03 val_mse=5.372102e-05 rows_updated=1 migrated=False
2026-06-28 04:37:58,659 | INFO | backfill_val_dual_loss | epoch=6 trained_loss=smoothl1 val_l1=2.288491e-03 val_mse=5.291061e-05 rows_updated=1 migrated=False
2026-06-28 04:53:09,158 | INFO | backfill_val_dual_loss | epoch=7 trained_loss=smoothl1 val_l1=2.323186e-03 val_mse=5.242279e-05 rows_updated=1 migrated=False
2026-06-28 05:08:19,934 | INFO | backfill_val_dual_loss | epoch=8 trained_loss=smoothl1 val_l1=2.293567e-03 val_mse=5.210026e-05 rows_updated=1 migrated=False
2026-06-28 05:08:56,759 | INFO | Huber/SmoothL1 beta=1.000000e-03
2026-06-28 05:08:56,760 | INFO | Reference L1/MSE logging enabled | active_loss=smoothl1 compare_col=mse
2026-06-28 05:08:57,734 | INFO | Resumed full state from D:\Research\NO-2D-Metamaterials\MODELS\training_runs\NO_I3O5_BCF16_SL1_HC128_LR2e-03_WD0e+00_SS1_G9e-01_ch0u_260626\training_state_latest.pt at epoch=8
2026-06-28 05:08:57,738 | INFO | Run started | run_name=NO_I3O5_BCF16_SL1_HC128_LR2e-03_WD0e+00_SS1_G9e-01_ch0u_260626 run_id=NO_I3O5_BCF16_SL1_HC128_LR2e-03_WD0e+00_SS1_G9e-01_ch0u_260626 device=cuda train_samples=18720000 test_samples=3900000 val_index_source=indices_full epoch_range=9..12
2026-06-28 05:08:57,738 | INFO | Fault diagnostics | main_fault_log=D:\Research\NO-2D-Metamaterials\MODELS\training_runs\NO_I3O5_BCF16_SL1_HC128_LR2e-03_WD0e+00_SS1_G9e-01_ch0u_260626\main_process_fault.log
2026-06-28 08:47:53,999 | INFO | Saved 10 diagnostic panel(s) under D:\Research\NO-2D-Metamaterials\MODELS\training_runs\NO_I3O5_BCF16_SL1_HC128_LR2e-03_WD0e+00_SS1_G9e-01_ch0u_260626\diagnostics\epoch_009
2026-06-28 08:47:55,534 | INFO | epoch=9/12 loss=smoothl1 train_ch_smoothl1=1.981e-04 1.642e-03 1.556e-03 2.205e-03 2.027e-03 val_ch_smoothl1=2.331e-04 2.083e-03 1.996e-03 2.647e-03 2.473e-03 train_loss=1.525555e-03 val_loss=1.886504e-03 lr=7.748e-04 train_sps=1532.1
2026-06-28 08:47:55,534 | INFO | epoch=9/12 compare_loss=mse train=4.067634e-05 val=5.191234e-05 train_ch_mse=1.066e-05 3.888e-05 3.660e-05 6.286e-05 5.438e-05 val_ch_mse=2.905e-06 5.399e-05 5.221e-05 7.977e-05 7.069e-05
2026-06-28 08:47:55,534 | INFO | epoch=9/12 ref_l1 train=1.848034e-03 val=2.214611e-03 ref_mse train=4.067634e-05 val=5.191234e-05
2026-06-28 12:28:08,120 | INFO | Saved 10 diagnostic panel(s) under D:\Research\NO-2D-Metamaterials\MODELS\training_runs\NO_I3O5_BCF16_SL1_HC128_LR2e-03_WD0e+00_SS1_G9e-01_ch0u_260626\diagnostics\epoch_010
2026-06-28 12:28:09,499 | INFO | epoch=10/12 loss=smoothl1 train_ch_smoothl1=1.851e-04 1.586e-03 1.501e-03 2.142e-03 1.968e-03 val_ch_smoothl1=2.970e-04 2.062e-03 1.981e-03 2.635e-03 2.458e-03 train_loss=1.476496e-03 val_loss=1.886588e-03 lr=6.974e-04 train_sps=1522.3
2026-06-28 12:28:09,500 | INFO | epoch=10/12 compare_loss=mse train=3.909870e-05 val=5.344163e-05 train_ch_mse=9.165e-06 3.740e-05 3.513e-05 6.106e-05 5.274e-05 val_ch_mse=1.346e-05 5.348e-05 5.157e-05 7.888e-05 6.982e-05
2026-06-28 12:28:09,500 | INFO | epoch=10/12 ref_l1 train=1.794978e-03 val=2.214442e-03 ref_mse train=3.909870e-05 val=5.344163e-05
2026-06-28 16:15:38,551 | INFO | Saved 10 diagnostic panel(s) under D:\Research\NO-2D-Metamaterials\MODELS\training_runs\NO_I3O5_BCF16_SL1_HC128_LR2e-03_WD0e+00_SS1_G9e-01_ch0u_260626\diagnostics\epoch_011
2026-06-28 16:15:39,992 | INFO | epoch=11/12 loss=smoothl1 train_ch_smoothl1=1.695e-04 1.537e-03 1.453e-03 2.088e-03 1.917e-03 val_ch_smoothl1=2.577e-04 2.029e-03 1.941e-03 2.612e-03 2.426e-03 train_loss=1.432782e-03 val_loss=1.853127e-03 lr=6.276e-04 train_sps=1470.8
2026-06-28 16:15:39,992 | INFO | epoch=11/12 compare_loss=mse train=3.763279e-05 val=5.148437e-05 train_ch_mse=7.222e-06 3.612e-05 3.384e-05 5.967e-05 5.131e-05 val_ch_mse=5.032e-06 5.313e-05 5.106e-05 7.852e-05 6.969e-05
2026-06-28 16:15:39,992 | INFO | epoch=11/12 ref_l1 train=1.747463e-03 val=2.172997e-03 ref_mse train=3.763279e-05 val=5.148437e-05
2026-06-28 19:56:45,009 | INFO | Saved 10 diagnostic panel(s) under D:\Research\NO-2D-Metamaterials\MODELS\training_runs\NO_I3O5_BCF16_SL1_HC128_LR2e-03_WD0e+00_SS1_G9e-01_ch0u_260626\diagnostics\epoch_012
2026-06-28 19:56:46,127 | INFO | epoch=12/12 loss=smoothl1 train_ch_smoothl1=1.513e-04 1.493e-03 1.410e-03 2.039e-03 1.870e-03 val_ch_smoothl1=3.572e-04 2.024e-03 1.932e-03 2.600e-03 2.417e-03 train_loss=1.392662e-03 val_loss=1.865979e-03 lr=5.649e-04 train_sps=1515.8
2026-06-28 19:56:46,127 | INFO | epoch=12/12 compare_loss=mse train=3.624346e-05 val=5.505648e-05 train_ch_mse=5.380e-06 3.499e-05 3.274e-05 5.809e-05 5.002e-05 val_ch_mse=2.200e-05 5.321e-05 5.103e-05 7.924e-05 6.981e-05
2026-06-28 19:56:46,127 | INFO | epoch=12/12 ref_l1 train=1.703910e-03 val=2.181028e-03 ref_mse train=3.624346e-05 val=5.505648e-05
2026-06-28 19:56:46,424 | INFO | Run complete | run_name=NO_I3O5_BCF16_SL1_HC128_LR2e-03_WD0e+00_SS1_G9e-01_ch0u_260626 run_id=NO_I3O5_BCF16_SL1_HC128_LR2e-03_WD0e+00_SS1_G9e-01_ch0u_260626 best_val_loss=1.853127e-03
2026-06-28 19:56:46,424 | INFO | Artifacts saved to: D:\Research\NO-2D-Metamaterials\MODELS\training_runs\NO_I3O5_BCF16_SL1_HC128_LR2e-03_WD0e+00_SS1_G9e-01_ch0u_260626
2026-06-29 03:57:18,972 | INFO | Huber/SmoothL1 beta=1.000000e-03
2026-06-29 03:57:18,973 | INFO | Reference L1/MSE logging enabled | active_loss=smoothl1 compare_col=mse
2026-06-29 03:57:20,318 | INFO | Resumed full state from D:\Research\NO-2D-Metamaterials\MODELS\training_runs\NO_I3O5_BCF16_SL1_HC128_LR2e-03_WD0e+00_SS1_G9e-01_ch0u_260626\training_state_latest.pt at epoch=12
2026-06-29 03:57:20,322 | INFO | Run started | run_name=NO_I3O5_BCF16_SL1_HC128_LR2e-03_WD0e+00_SS1_G9e-01_ch0u_260626 run_id=NO_I3O5_BCF16_SL1_HC128_LR2e-03_WD0e+00_SS1_G9e-01_ch0u_260626 device=cuda train_samples=18720000 test_samples=3900000 val_index_source=indices_full epoch_range=13..14
2026-06-29 03:57:20,322 | INFO | Fault diagnostics | main_fault_log=D:\Research\NO-2D-Metamaterials\MODELS\training_runs\NO_I3O5_BCF16_SL1_HC128_LR2e-03_WD0e+00_SS1_G9e-01_ch0u_260626\main_process_fault.log
2026-06-29 08:18:03,806 | INFO | Saved 10 diagnostic panel(s) under D:\Research\NO-2D-Metamaterials\MODELS\training_runs\NO_I3O5_BCF16_SL1_HC128_LR2e-03_WD0e+00_SS1_G9e-01_ch0u_260626\diagnostics\epoch_013
2026-06-29 08:18:05,048 | INFO | epoch=13/14 loss=smoothl1 train_ch_smoothl1=1.407e-04 1.453e-03 1.371e-03 1.992e-03 1.827e-03 val_ch_smoothl1=4.594e-04 2.003e-03 1.914e-03 2.574e-03 2.407e-03 train_loss=1.356921e-03 val_loss=1.871391e-03 lr=5.084e-04 train_sps=1281.9
2026-06-29 08:18:05,048 | INFO | epoch=13/14 compare_loss=mse train=3.532080e-05 val=5.719222e-05 train_ch_mse=5.308e-06 3.398e-05 3.172e-05 5.676e-05 4.884e-05 val_ch_mse=3.444e-05 5.267e-05 5.053e-05 7.900e-05 6.931e-05
2026-06-29 08:18:05,048 | INFO | epoch=13/14 ref_l1 train=1.664878e-03 val=2.198591e-03 ref_mse train=3.532080e-05 val=5.719222e-05
2026-06-29 12:29:26,532 | INFO | Saved 10 diagnostic panel(s) under D:\Research\NO-2D-Metamaterials\MODELS\training_runs\NO_I3O5_BCF16_SL1_HC128_LR2e-03_WD0e+00_SS1_G9e-01_ch0u_260626\diagnostics\epoch_014
2026-06-29 12:29:27,729 | INFO | epoch=14/14 loss=smoothl1 train_ch_smoothl1=1.340e-04 1.418e-03 1.337e-03 1.950e-03 1.790e-03 val_ch_smoothl1=4.272e-04 1.998e-03 1.921e-03 2.583e-03 2.396e-03 train_loss=1.325794e-03 val_loss=1.865004e-03 lr=4.575e-04 train_sps=1332.9
2026-06-29 12:29:27,730 | INFO | epoch=14/14 compare_loss=mse train=3.449237e-05 val=5.639121e-05 train_ch_mse=5.300e-06 3.306e-05 3.082e-05 5.553e-05 4.776e-05 val_ch_mse=3.133e-05 5.266e-05 5.059e-05 7.849e-05 6.889e-05
2026-06-29 12:29:27,730 | INFO | epoch=14/14 ref_l1 train=1.630869e-03 val=2.190051e-03 ref_mse train=3.449237e-05 val=5.639121e-05
2026-06-29 12:29:28,022 | INFO | Run complete | run_name=NO_I3O5_BCF16_SL1_HC128_LR2e-03_WD0e+00_SS1_G9e-01_ch0u_260626 run_id=NO_I3O5_BCF16_SL1_HC128_LR2e-03_WD0e+00_SS1_G9e-01_ch0u_260626 best_val_loss=1.853127e-03
2026-06-29 12:29:28,022 | INFO | Artifacts saved to: D:\Research\NO-2D-Metamaterials\MODELS\training_runs\NO_I3O5_BCF16_SL1_HC128_LR2e-03_WD0e+00_SS1_G9e-01_ch0u_260626
2026-06-29 13:31:46,350 | INFO | Huber/SmoothL1 beta=1.000000e-03
2026-06-29 13:31:46,351 | INFO | Reference L1/MSE logging enabled | active_loss=smoothl1 compare_col=mse
2026-06-29 13:31:47,520 | INFO | Resumed full state from D:\Research\NO-2D-Metamaterials\MODELS\training_runs\NO_I3O5_BCF16_SL1_HC128_LR2e-03_WD0e+00_SS1_G9e-01_ch0u_260626\training_state_latest.pt at epoch=14
2026-06-29 13:31:47,526 | INFO | Run started | run_name=NO_I3O5_BCF16_SL1_HC128_LR2e-03_WD0e+00_SS1_G9e-01_ch0u_260626 run_id=NO_I3O5_BCF16_SL1_HC128_LR2e-03_WD0e+00_SS1_G9e-01_ch0u_260626 device=cuda train_samples=18720000 test_samples=3900000 val_index_source=indices_full epoch_range=15..16
2026-06-29 13:31:47,526 | INFO | Fault diagnostics | main_fault_log=D:\Research\NO-2D-Metamaterials\MODELS\training_runs\NO_I3O5_BCF16_SL1_HC128_LR2e-03_WD0e+00_SS1_G9e-01_ch0u_260626\main_process_fault.log
2026-06-29 17:24:29,743 | INFO | Saved 10 diagnostic panel(s) under D:\Research\NO-2D-Metamaterials\MODELS\training_runs\NO_I3O5_BCF16_SL1_HC128_LR2e-03_WD0e+00_SS1_G9e-01_ch0u_260626\diagnostics\epoch_015
2026-06-29 17:24:30,931 | INFO | epoch=15/16 loss=smoothl1 train_ch_smoothl1=1.293e-04 1.387e-03 1.307e-03 1.912e-03 1.755e-03 val_ch_smoothl1=4.086e-04 1.988e-03 1.906e-03 2.567e-03 2.397e-03 train_loss=1.298263e-03 val_loss=1.853197e-03 lr=4.118e-04 train_sps=1435.6
2026-06-29 17:24:30,931 | INFO | epoch=15/16 compare_loss=mse train=3.405320e-05 val=5.787591e-05 train_ch_mse=5.354e-06 3.295e-05 3.005e-05 5.492e-05 4.699e-05 val_ch_mse=3.765e-05 5.283e-05 5.069e-05 7.891e-05 6.930e-05
2026-06-29 17:24:30,931 | INFO | epoch=15/16 ref_l1 train=1.600793e-03 val=2.167455e-03 ref_mse train=3.405320e-05 val=5.787591e-05
2026-06-29 21:48:17,597 | INFO | Saved 10 diagnostic panel(s) under D:\Research\NO-2D-Metamaterials\MODELS\training_runs\NO_I3O5_BCF16_SL1_HC128_LR2e-03_WD0e+00_SS1_G9e-01_ch0u_260626\diagnostics\epoch_016
2026-06-29 21:48:20,067 | INFO | epoch=16/16 loss=smoothl1 train_ch_smoothl1=1.256e-04 1.359e-03 1.280e-03 1.877e-03 1.724e-03 val_ch_smoothl1=4.034e-04 1.986e-03 1.900e-03 2.568e-03 2.388e-03 train_loss=1.273004e-03 val_loss=1.849029e-03 lr=3.706e-04 train_sps=1266.5
2026-06-29 21:48:20,067 | INFO | epoch=16/16 compare_loss=mse train=3.309776e-05 val=5.834353e-05 train_ch_mse=5.348e-06 3.156e-05 2.933e-05 5.334e-05 4.592e-05 val_ch_mse=3.920e-05 5.294e-05 5.084e-05 7.907e-05 6.967e-05
2026-06-29 21:48:20,067 | INFO | epoch=16/16 ref_l1 train=1.573065e-03 val=2.159776e-03 ref_mse train=3.309776e-05 val=5.834353e-05
2026-06-29 21:48:20,558 | INFO | Run complete | run_name=NO_I3O5_BCF16_SL1_HC128_LR2e-03_WD0e+00_SS1_G9e-01_ch0u_260626 run_id=NO_I3O5_BCF16_SL1_HC128_LR2e-03_WD0e+00_SS1_G9e-01_ch0u_260626 best_val_loss=1.849029e-03
2026-06-29 21:48:20,559 | INFO | Artifacts saved to: D:\Research\NO-2D-Metamaterials\MODELS\training_runs\NO_I3O5_BCF16_SL1_HC128_LR2e-03_WD0e+00_SS1_G9e-01_ch0u_260626
2026-06-30 00:06:46,071 | INFO | Huber/SmoothL1 beta=1.000000e-04
2026-06-30 00:06:46,072 | INFO | Reference L1/MSE logging enabled | active_loss=smoothl1 compare_col=mse
2026-06-30 00:06:46,755 | INFO | Loaded weights from D:\Research\NO-2D-Metamaterials\MODELS\training_runs\NO_I3O5_BCF16_SL1_HC128_LR2e-03_WD0e+00_SS1_G9e-01_ch0u_260626_b1e-4_e12-15\NO_I3O5_BCF16_SL1_HC128_LR2e-03_WD0e+00_SS1_G9e-01_ch0u_260626_b1e-4_e12-15_E11.pth; continuing at epoch=12.
2026-06-30 00:06:46,756 | INFO | Branched run: epochs 1-11 checkpoints/metrics were copied from prior run D:\Research\NO-2D-Metamaterials\MODELS\training_runs\NO_I3O5_BCF16_SL1_HC128_LR2e-03_WD0e+00_SS1_G9e-01_ch0u_260626; epochs > 11 in this folder will be replaced by this continuation.
2026-06-30 00:06:46,758 | INFO | Run started | run_name=NO_I3O5_BCF16_SL1_HC128_LR2e-03_WD0e+00_SS1_G9e-01_ch0u_260626_b1e-4_e12-15 run_id=NO_I3O5_BCF16_SL1_HC128_LR2e-03_WD0e+00_SS1_G9e-01_ch0u_260626_b1e-4_e12-15 device=cuda train_samples=18720000 test_samples=3900000 val_index_source=indices_full epoch_range=12..15
2026-06-30 00:06:46,759 | INFO | Prior run reference | epochs 1-11 canonical location: D:\Research\NO-2D-Metamaterials\MODELS\training_runs\NO_I3O5_BCF16_SL1_HC128_LR2e-03_WD0e+00_SS1_G9e-01_ch0u_260626
2026-06-30 00:06:46,759 | INFO | Fault diagnostics | main_fault_log=D:\Research\NO-2D-Metamaterials\MODELS\training_runs\NO_I3O5_BCF16_SL1_HC128_LR2e-03_WD0e+00_SS1_G9e-01_ch0u_260626_b1e-4_e12-15\main_process_fault.log
2026-06-30 04:22:16,860 | INFO | Saved 10 diagnostic panel(s) under D:\Research\NO-2D-Metamaterials\MODELS\training_runs\NO_I3O5_BCF16_SL1_HC128_LR2e-03_WD0e+00_SS1_G9e-01_ch0u_260626_b1e-4_e12-15\diagnostics\epoch_012
2026-06-30 04:22:18,825 | INFO | epoch=12/15 loss=smoothl1 train_ch_smoothl1=3.187e-04 1.751e-03 1.665e-03 2.300e-03 2.129e-03 val_ch_smoothl1=5.017e-04 2.288e-03 2.198e-03 2.865e-03 2.682e-03 train_loss=1.633033e-03 val_loss=2.107078e-03 lr=5.084e-04 train_sps=1301.3
2026-06-30 04:22:18,826 | INFO | epoch=12/15 compare_loss=mse train=3.605393e-05 val=5.404770e-05 train_ch_mse=5.387e-06 3.482e-05 3.263e-05 5.772e-05 4.971e-05 val_ch_mse=1.855e-05 5.292e-05 5.074e-05 7.872e-05 6.931e-05
2026-06-30 04:22:18,827 | INFO | epoch=12/15 ref_l1 train=1.679827e-03 val=2.153825e-03 ref_mse train=3.605393e-05 val=5.404770e-05
2026-06-30 09:09:42,917 | INFO | Saved 10 diagnostic panel(s) under D:\Research\NO-2D-Metamaterials\MODELS\training_runs\NO_I3O5_BCF16_SL1_HC128_LR2e-03_WD0e+00_SS1_G9e-01_ch0u_260626_b1e-4_e12-15\diagnostics\epoch_013
2026-06-30 09:09:45,002 | INFO | epoch=13/15 loss=smoothl1 train_ch_smoothl1=2.946e-04 1.710e-03 1.626e-03 2.253e-03 2.086e-03 val_ch_smoothl1=5.542e-04 2.266e-03 2.177e-03 2.845e-03 2.659e-03 train_loss=1.593699e-03 val_loss=2.100262e-03 lr=4.575e-04 train_sps=1148.7
2026-06-30 09:09:45,002 | INFO | epoch=13/15 compare_loss=mse train=3.517236e-05 val=5.783148e-05 train_ch_mse=5.277e-06 3.384e-05 3.157e-05 5.653e-05 4.864e-05 val_ch_mse=3.837e-05 5.261e-05 5.044e-05 7.865e-05 6.908e-05
2026-06-30 09:09:45,002 | INFO | epoch=13/15 ref_l1 train=1.640293e-03 val=2.146595e-03 ref_mse train=3.517236e-05 val=5.783148e-05
2026-06-30 13:59:26,440 | INFO | Saved 10 diagnostic panel(s) under D:\Research\NO-2D-Metamaterials\MODELS\training_runs\NO_I3O5_BCF16_SL1_HC128_LR2e-03_WD0e+00_SS1_G9e-01_ch0u_260626_b1e-4_e12-15\diagnostics\epoch_014
2026-06-30 13:59:28,528 | INFO | epoch=14/15 loss=smoothl1 train_ch_smoothl1=2.782e-04 1.674e-03 1.592e-03 2.212e-03 2.049e-03 val_ch_smoothl1=6.525e-04 2.260e-03 2.172e-03 2.838e-03 2.653e-03 train_loss=1.560981e-03 val_loss=2.115067e-03 lr=4.118e-04 train_sps=1139.2
2026-06-30 13:59:28,528 | INFO | epoch=14/15 compare_loss=mse train=3.444776e-05 val=5.612987e-05 train_ch_mse=5.281e-06 3.303e-05 3.078e-05 5.545e-05 4.770e-05 val_ch_mse=3.033e-05 5.251e-05 5.034e-05 7.850e-05 6.896e-05
2026-06-30 13:59:28,528 | INFO | epoch=14/15 ref_l1 train=1.607427e-03 val=2.161684e-03 ref_mse train=3.444776e-05 val=5.612987e-05
2026-06-30 18:39:41,236 | INFO | Saved 10 diagnostic panel(s) under D:\Research\NO-2D-Metamaterials\MODELS\training_runs\NO_I3O5_BCF16_SL1_HC128_LR2e-03_WD0e+00_SS1_G9e-01_ch0u_260626_b1e-4_e12-15\diagnostics\epoch_015
2026-06-30 18:39:42,595 | INFO | epoch=15/15 loss=smoothl1 train_ch_smoothl1=2.664e-04 1.645e-03 1.562e-03 2.175e-03 2.015e-03 val_ch_smoothl1=5.015e-04 2.258e-03 2.164e-03 2.836e-03 2.649e-03 train_loss=1.532551e-03 val_loss=2.081523e-03 lr=3.706e-04 train_sps=1187.6
2026-06-30 18:39:42,595 | INFO | epoch=15/15 compare_loss=mse train=3.853224e-05 val=5.205071e-05 train_ch_mse=5.375e-06 5.260e-05 3.018e-05 5.642e-05 4.809e-05 val_ch_mse=8.900e-06 5.269e-05 5.051e-05 7.890e-05 6.926e-05
2026-06-30 18:39:42,595 | INFO | epoch=15/15 ref_l1 train=1.578864e-03 val=2.128352e-03 ref_mse train=3.853224e-05 val=5.205071e-05
2026-06-30 18:39:42,931 | INFO | Run complete | run_name=NO_I3O5_BCF16_SL1_HC128_LR2e-03_WD0e+00_SS1_G9e-01_ch0u_260626_b1e-4_e12-15 run_id=NO_I3O5_BCF16_SL1_HC128_LR2e-03_WD0e+00_SS1_G9e-01_ch0u_260626_b1e-4_e12-15 best_val_loss=1.853127e-03
2026-06-30 18:39:42,931 | INFO | Artifacts saved to: D:\Research\NO-2D-Metamaterials\MODELS\training_runs\NO_I3O5_BCF16_SL1_HC128_LR2e-03_WD0e+00_SS1_G9e-01_ch0u_260626_b1e-4_e12-15
2026-06-30 19:57:22,115 | INFO | Huber/SmoothL1 beta=1.000000e-04
2026-06-30 19:57:22,116 | INFO | Reference L1/MSE logging enabled | active_loss=smoothl1 compare_col=mse
2026-06-30 19:57:23,160 | INFO | Resumed full state from D:\Research\NO-2D-Metamaterials\MODELS\training_runs\NO_I3O5_BCF16_SL1_HC128_LR2e-03_WD0e+00_SS1_G9e-01_ch0u_260626_b1e-4_e12-15\training_state_latest.pt at epoch=15
2026-06-30 19:57:23,163 | INFO | Run started | run_name=NO_I3O5_BCF16_SL1_HC128_LR2e-03_WD0e+00_SS1_G9e-01_ch0u_260626 run_id=NO_I3O5_BCF16_SL1_HC128_LR2e-03_WD0e+00_SS1_G9e-01_ch0u_260626 device=cuda train_samples=18720000 test_samples=3900000 val_index_source=indices_full epoch_range=16..16
2026-06-30 19:57:23,164 | INFO | Fault diagnostics | main_fault_log=D:\Research\NO-2D-Metamaterials\MODELS\training_runs\NO_I3O5_BCF16_SL1_HC128_LR2e-03_WD0e+00_SS1_G9e-01_ch0u_260626_b1e-4_e12-15\main_process_fault.log
2026-07-01 00:10:57,347 | INFO | Saved 10 diagnostic panel(s) under D:\Research\NO-2D-Metamaterials\MODELS\training_runs\NO_I3O5_BCF16_SL1_HC128_LR2e-03_WD0e+00_SS1_G9e-01_ch0u_260626_b1e-4_e12-15\diagnostics\epoch_016
2026-07-01 00:10:58,516 | INFO | epoch=16/16 loss=smoothl1 train_ch_smoothl1=2.566e-04 1.616e-03 1.535e-03 2.140e-03 1.985e-03 val_ch_smoothl1=5.492e-04 2.240e-03 2.152e-03 2.830e-03 2.643e-03 train_loss=1.506548e-03 val_loss=2.082855e-03 lr=3.335e-04 train_sps=1311.6
2026-07-01 00:10:58,516 | INFO | epoch=16/16 compare_loss=mse train=3.324335e-05 val=5.794689e-05 train_ch_mse=5.403e-06 3.170e-05 2.946e-05 5.350e-05 4.615e-05 val_ch_mse=3.876e-05 5.265e-05 5.049e-05 7.862e-05 6.922e-05
2026-07-01 00:10:58,516 | INFO | epoch=16/16 ref_l1 train=1.552727e-03 val=2.128830e-03 ref_mse train=3.324335e-05 val=5.794689e-05
2026-07-01 00:10:58,817 | INFO | Run complete | run_name=NO_I3O5_BCF16_SL1_HC128_LR2e-03_WD0e+00_SS1_G9e-01_ch0u_260626 run_id=NO_I3O5_BCF16_SL1_HC128_LR2e-03_WD0e+00_SS1_G9e-01_ch0u_260626 best_val_loss=1.853127e-03
2026-07-01 00:10:58,817 | INFO | Artifacts saved to: D:\Research\NO-2D-Metamaterials\MODELS\training_runs\NO_I3O5_BCF16_SL1_HC128_LR2e-03_WD0e+00_SS1_G9e-01_ch0u_260626_b1e-4_e12-15
