26/06/22 21:45:21.30 | === start new L1 12-epoch run (random init) === 
2026-06-22 21:45:34,444 | INFO | Dual-loss train/val logging | active_loss=l1 compare_loss=mse
D:\Research\NO-2D-Metamaterials\train_from_disk.py:977: FutureWarning: `torch.cuda.amp.GradScaler(args...)` is deprecated. Please use `torch.amp.GradScaler('cuda', args...)` instead.
  scaler = torch.cuda.amp.GradScaler(enabled=(device.type == "cuda" and args.amp == "fp16"))
2026-06-22 21:45:34,989 | INFO | Run started | run_name=NO_I3O5_BCF16_L1_HC128_LR4e-03_WD0e+00_SS1_G8e-01_ch0u_260622 run_id=NO_I3O5_BCF16_L1_HC128_LR4e-03_WD0e+00_SS1_G8e-01_ch0u_260622 device=cuda train_samples=18720000 test_samples=780000 epoch_range=1..12
2026-06-22 21:45:34,990 | INFO | Fault diagnostics | main_fault_log=D:\Research\NO-2D-Metamaterials\MODELS\training_runs\NO_I3O5_BCF16_L1_HC128_LR4e-03_WD0e+00_SS1_G8e-01_ch0u_260622\main_process_fault.log
E1/12 B200/36000 batch_loss=8.5414e-03
E1/12 B400/36000 batch_loss=8.0888e-03
E1/12 B600/36000 batch_loss=7.6679e-03
E1/12 B800/36000 batch_loss=7.7211e-03
E1/12 B1000/36000 batch_loss=8.5038e-03
E1/12 B1200/36000 batch_loss=7.3900e-03
E1/12 B1400/36000 batch_loss=6.9158e-03
E1/12 B1600/36000 batch_loss=7.3319e-03
E1/12 B1800/36000 batch_loss=5.9784e-03
E1/12 B2000/36000 batch_loss=5.5912e-03
E1/12 B2200/36000 batch_loss=5.5281e-03
E1/12 B2400/36000 batch_loss=5.1569e-03
E1/12 B2600/36000 batch_loss=5.1505e-03
E1/12 B2800/36000 batch_loss=4.8008e-03
E1/12 B3000/36000 batch_loss=5.0681e-03
E1/12 B3200/36000 batch_loss=4.3889e-03
E1/12 B3400/36000 batch_loss=4.2857e-03
E1/12 B3600/36000 batch_loss=4.9946e-03
E1/12 B3800/36000 batch_loss=4.9690e-03
E1/12 B4000/36000 batch_loss=4.1672e-03
E1/12 B4200/36000 batch_loss=4.3533e-03
E1/12 B4400/36000 batch_loss=3.9264e-03
E1/12 B4600/36000 batch_loss=4.3939e-03
E1/12 B4800/36000 batch_loss=4.9080e-03
E1/12 B5000/36000 batch_loss=4.5627e-03
E1/12 B5200/36000 batch_loss=4.6461e-03
E1/12 B5400/36000 batch_loss=3.6281e-03
E1/12 B5600/36000 batch_loss=4.7395e-03
E1/12 B5800/36000 batch_loss=4.2485e-03
E1/12 B6000/36000 batch_loss=3.4927e-03
E1/12 B6200/36000 batch_loss=3.7515e-03
E1/12 B6400/36000 batch_loss=3.8368e-03
E1/12 B6600/36000 batch_loss=3.6119e-03
E1/12 B6800/36000 batch_loss=2.4287e-02
E1/12 B7000/36000 batch_loss=1.3343e-02
E1/12 B7200/36000 batch_loss=8.5521e-03
E1/12 B7400/36000 batch_loss=9.2346e-03
E1/12 B7600/36000 batch_loss=8.4503e-03
E1/12 B7800/36000 batch_loss=8.6735e-03
E1/12 B8000/36000 batch_loss=8.4395e-03
E1/12 B8200/36000 batch_loss=8.7991e-03
E1/12 B8400/36000 batch_loss=8.1356e-03
E1/12 B8600/36000 batch_loss=8.4333e-03
E1/12 B8800/36000 batch_loss=8.6785e-03
E1/12 B9000/36000 batch_loss=9.1064e-03
E1/12 B9200/36000 batch_loss=8.5592e-03
E1/12 B9400/36000 batch_loss=8.7082e-03
E1/12 B9600/36000 batch_loss=7.9211e-03
E1/12 B9800/36000 batch_loss=9.6529e-03
E1/12 B10000/36000 batch_loss=8.0564e-03
E1/12 B10200/36000 batch_loss=7.8430e-03
E1/12 B10400/36000 batch_loss=7.5664e-03
E1/12 B10600/36000 batch_loss=7.6931e-03
E1/12 B10800/36000 batch_loss=7.5377e-03
E1/12 B11000/36000 batch_loss=8.1376e-03
E1/12 B11200/36000 batch_loss=7.8290e-03
E1/12 B11400/36000 batch_loss=7.2886e-03
E1/12 B11600/36000 batch_loss=9.2839e-03
E1/12 B11800/36000 batch_loss=7.6883e-03
E1/12 B12000/36000 batch_loss=7.3306e-03
E1/12 B12200/36000 batch_loss=7.0946e-03
E1/12 B12400/36000 batch_loss=7.1429e-03
E1/12 B12600/36000 batch_loss=6.9536e-03
E1/12 B12800/36000 batch_loss=6.8703e-03
E1/12 B13000/36000 batch_loss=6.8239e-03
E1/12 B13200/36000 batch_loss=7.7853e-03
E1/12 B13400/36000 batch_loss=6.5311e-03
E1/12 B13600/36000 batch_loss=6.7731e-03
E1/12 B13800/36000 batch_loss=6.7813e-03
E1/12 B14000/36000 batch_loss=6.1945e-03
E1/12 B14200/36000 batch_loss=6.5466e-03
E1/12 B14400/36000 batch_loss=5.8637e-03
E1/12 B14600/36000 batch_loss=6.4826e-03
E1/12 B14800/36000 batch_loss=5.9766e-03
E1/12 B15000/36000 batch_loss=6.0889e-03
E1/12 B15200/36000 batch_loss=6.3689e-03
E1/12 B15400/36000 batch_loss=6.7795e-03
E1/12 B15600/36000 batch_loss=6.6823e-03
E1/12 B15800/36000 batch_loss=6.2657e-03
E1/12 B16000/36000 batch_loss=5.6477e-03
E1/12 B16200/36000 batch_loss=6.5542e-03
E1/12 B16400/36000 batch_loss=5.8488e-03
E1/12 B16600/36000 batch_loss=8.5168e-03
E1/12 B16800/36000 batch_loss=5.4790e-03
E1/12 B17000/36000 batch_loss=5.6566e-03
E1/12 B17200/36000 batch_loss=5.9015e-03
E1/12 B17400/36000 batch_loss=5.7599e-03
E1/12 B17600/36000 batch_loss=4.6465e-03
E1/12 B17800/36000 batch_loss=6.1265e-03
E1/12 B18000/36000 batch_loss=4.4597e-03
E1/12 B18200/36000 batch_loss=5.2243e-03
E1/12 B18400/36000 batch_loss=4.2023e-03
E1/12 B18600/36000 batch_loss=5.2481e-03
E1/12 B18800/36000 batch_loss=5.2426e-03
E1/12 B19000/36000 batch_loss=5.2195e-03
E1/12 B19200/36000 batch_loss=4.6095e-03
E1/12 B19400/36000 batch_loss=5.1690e-03
E1/12 B19600/36000 batch_loss=4.0160e-03
E1/12 B19800/36000 batch_loss=4.0473e-03
E1/12 B20000/36000 batch_loss=5.1143e-03
E1/12 B20200/36000 batch_loss=4.4432e-03
E1/12 B20400/36000 batch_loss=4.9768e-03
E1/12 B20600/36000 batch_loss=5.1707e-03
E1/12 B20800/36000 batch_loss=3.8955e-03
E1/12 B21000/36000 batch_loss=3.8630e-03
E1/12 B21200/36000 batch_loss=4.7332e-03
E1/12 B21400/36000 batch_loss=4.0278e-03
E1/12 B21600/36000 batch_loss=4.3520e-03
E1/12 B21800/36000 batch_loss=5.0134e-03
E1/12 B22000/36000 batch_loss=4.5984e-03
E1/12 B22200/36000 batch_loss=4.8131e-03
E1/12 B22400/36000 batch_loss=4.4919e-03
E1/12 B22600/36000 batch_loss=6.3710e-03
E1/12 B22800/36000 batch_loss=4.4403e-03
E1/12 B23000/36000 batch_loss=4.8658e-03
E1/12 B23200/36000 batch_loss=3.3783e-03
E1/12 B23400/36000 batch_loss=4.0836e-03
E1/12 B23600/36000 batch_loss=3.6165e-03
E1/12 B23800/36000 batch_loss=3.7334e-03
E1/12 B24000/36000 batch_loss=4.7593e-03
E1/12 B24200/36000 batch_loss=3.6325e-03
E1/12 B24400/36000 batch_loss=3.4932e-03
E1/12 B24600/36000 batch_loss=3.8652e-03
E1/12 B24800/36000 batch_loss=3.5556e-03
E1/12 B25000/36000 batch_loss=4.1276e-03
E1/12 B25200/36000 batch_loss=4.4170e-03
E1/12 B25400/36000 batch_loss=4.6446e-03
E1/12 B25600/36000 batch_loss=3.9723e-03
E1/12 B25800/36000 batch_loss=3.9303e-03
E1/12 B26000/36000 batch_loss=4.3988e-03
E1/12 B26200/36000 batch_loss=3.5485e-03
E1/12 B26400/36000 batch_loss=5.6122e-03
E1/12 B26600/36000 batch_loss=4.1115e-03
E1/12 B26800/36000 batch_loss=3.4465e-03
E1/12 B27000/36000 batch_loss=4.5814e-03
E1/12 B27200/36000 batch_loss=4.8343e-03
E1/12 B27400/36000 batch_loss=3.7010e-03
E1/12 B27600/36000 batch_loss=3.3982e-03
E1/12 B27800/36000 batch_loss=3.5333e-03
E1/12 B28000/36000 batch_loss=3.3579e-03
E1/12 B28200/36000 batch_loss=3.7953e-03
E1/12 B28400/36000 batch_loss=4.0410e-03
E1/12 B28600/36000 batch_loss=3.6016e-03
E1/12 B28800/36000 batch_loss=4.4388e-03
E1/12 B29000/36000 batch_loss=3.8390e-03
E1/12 B29200/36000 batch_loss=4.7014e-03
E1/12 B29400/36000 batch_loss=3.5493e-03
E1/12 B29600/36000 batch_loss=3.5468e-03
E1/12 B29800/36000 batch_loss=4.2232e-03
E1/12 B30000/36000 batch_loss=4.0604e-03
E1/12 B30200/36000 batch_loss=4.7918e-03
E1/12 B30400/36000 batch_loss=3.4181e-03
E1/12 B30600/36000 batch_loss=3.4525e-03
E1/12 B30800/36000 batch_loss=4.3849e-03
E1/12 B31000/36000 batch_loss=3.2473e-03
E1/12 B31200/36000 batch_loss=3.2815e-03
E1/12 B31400/36000 batch_loss=4.5115e-03
E1/12 B31600/36000 batch_loss=3.1980e-03
E1/12 B31800/36000 batch_loss=4.2577e-03
E1/12 B32000/36000 batch_loss=3.2623e-03
E1/12 B32200/36000 batch_loss=3.1559e-03
E1/12 B32400/36000 batch_loss=4.4667e-03
E1/12 B32600/36000 batch_loss=4.0772e-03
E1/12 B32800/36000 batch_loss=3.4837e-03
E1/12 B33000/36000 batch_loss=3.1449e-03
E1/12 B33200/36000 batch_loss=4.0842e-03
E1/12 B33400/36000 batch_loss=4.1337e-03
E1/12 B33600/36000 batch_loss=4.0030e-03
E1/12 B33800/36000 batch_loss=4.1254e-03
E1/12 B34000/36000 batch_loss=2.9691e-03
E1/12 B34200/36000 batch_loss=3.0850e-03
E1/12 B34400/36000 batch_loss=3.6838e-03
E1/12 B34600/36000 batch_loss=3.2940e-03
E1/12 B34800/36000 batch_loss=3.1684e-03
E1/12 B35000/36000 batch_loss=4.2008e-03
E1/12 B35200/36000 batch_loss=4.1973e-03
E1/12 B35400/36000 batch_loss=4.2100e-03
E1/12 B35600/36000 batch_loss=3.0497e-03
E1/12 B35800/36000 batch_loss=3.0090e-03
E1/12 B36000/36000 batch_loss=2.8935e-03
2026-06-23 01:56:19,279 | INFO | Saved 10 diagnostic panel(s) under D:\Research\NO-2D-Metamaterials\MODELS\training_runs\NO_I3O5_BCF16_L1_HC128_LR4e-03_WD0e+00_SS1_G8e-01_ch0u_260622\diagnostics\epoch_001
epoch=1/12 train_loss=5.705588e-03 val_loss=3.555362e-03 lr=3.200e-03 train_sps=1260.9
epoch=1/12 compare_loss(mse) train=5.557448e-04 val=8.234928e-05
2026-06-23 01:56:21,575 | INFO | epoch=1/12 loss=l1 train_ch_l1=2.524e-03 6.173e-03 6.159e-03 7.038e-03 6.634e-03 val_ch_l1=9.247e-04 3.971e-03 3.892e-03 4.599e-03 4.390e-03 train_loss=5.705588e-03 val_loss=3.555362e-03 lr=3.200e-03 train_sps=1260.9
2026-06-23 01:56:21,575 | INFO | epoch=1/12 compare_loss=mse train_ch_mse=5.451e-04 4.027e-04 9.753e-04 3.899e-04 4.657e-04 val_ch_mse=3.223e-06 9.131e-05 8.922e-05 1.196e-04 1.084e-04 train_loss=5.557448e-04 val_loss=8.234928e-05
Epoch 1/12 done | train_loss=5.7056e-03 val_loss=3.5554e-03 lr=3.20e-03
E2/12 B200/36000 batch_loss=3.9731e-03
E2/12 B400/36000 batch_loss=3.8392e-03
E2/12 B600/36000 batch_loss=3.0711e-03
E2/12 B800/36000 batch_loss=3.0403e-03
E2/12 B1000/36000 batch_loss=3.0394e-03
E2/12 B1200/36000 batch_loss=3.1976e-03
E2/12 B1400/36000 batch_loss=3.3174e-03
E2/12 B1600/36000 batch_loss=3.9384e-03
E2/12 B1800/36000 batch_loss=2.7810e-03
E2/12 B2000/36000 batch_loss=3.8087e-03
E2/12 B2200/36000 batch_loss=3.7615e-03
E2/12 B2400/36000 batch_loss=3.7624e-03
E2/12 B2600/36000 batch_loss=4.9849e-03
E2/12 B2800/36000 batch_loss=2.8486e-03
E2/12 B3000/36000 batch_loss=3.7031e-03
E2/12 B3200/36000 batch_loss=2.9787e-03
E2/12 B3400/36000 batch_loss=3.8016e-03
E2/12 B3600/36000 batch_loss=2.9535e-03
E2/12 B3800/36000 batch_loss=3.6044e-03
E2/12 B4000/36000 batch_loss=2.9502e-03
E2/12 B4200/36000 batch_loss=2.6177e-03
E2/12 B4400/36000 batch_loss=3.7970e-03
E2/12 B4600/36000 batch_loss=3.6695e-03
E2/12 B4800/36000 batch_loss=3.7202e-03
E2/12 B5000/36000 batch_loss=3.7399e-03
E2/12 B5200/36000 batch_loss=3.9189e-03
E2/12 B5400/36000 batch_loss=2.8618e-03
E2/12 B5600/36000 batch_loss=3.1939e-03
E2/12 B5800/36000 batch_loss=2.9538e-03
E2/12 B6000/36000 batch_loss=3.8472e-03
E2/12 B6200/36000 batch_loss=4.9672e-03
E2/12 B6400/36000 batch_loss=2.9711e-03
E2/12 B6600/36000 batch_loss=3.7178e-03
E2/12 B6800/36000 batch_loss=2.9183e-03
E2/12 B7000/36000 batch_loss=2.6814e-03
E2/12 B7200/36000 batch_loss=2.5693e-03
E2/12 B7400/36000 batch_loss=3.8248e-03
E2/12 B7600/36000 batch_loss=2.8762e-03
E2/12 B7800/36000 batch_loss=3.7485e-03
E2/12 B8000/36000 batch_loss=2.6154e-03
E2/12 B8200/36000 batch_loss=3.6249e-03
E2/12 B8400/36000 batch_loss=2.9120e-03
E2/12 B8600/36000 batch_loss=2.8488e-03
E2/12 B8800/36000 batch_loss=4.0520e-03
E2/12 B9000/36000 batch_loss=2.9167e-03
E2/12 B9200/36000 batch_loss=3.6325e-03
E2/12 B9400/36000 batch_loss=3.4411e-03
E2/12 B9600/36000 batch_loss=3.7048e-03
E2/12 B9800/36000 batch_loss=3.5879e-03
E2/12 B10000/36000 batch_loss=2.7933e-03
E2/12 B10200/36000 batch_loss=3.2080e-03
E2/12 B10400/36000 batch_loss=2.8173e-03
E2/12 B10600/36000 batch_loss=3.5633e-03
E2/12 B10800/36000 batch_loss=3.7890e-03
E2/12 B11000/36000 batch_loss=3.8359e-03
E2/12 B11200/36000 batch_loss=3.7779e-03
E2/12 B11400/36000 batch_loss=3.1145e-03
E2/12 B11600/36000 batch_loss=2.7129e-03
E2/12 B11800/36000 batch_loss=2.7524e-03
E2/12 B12000/36000 batch_loss=3.8250e-03
E2/12 B12200/36000 batch_loss=2.6404e-03
E2/12 B12400/36000 batch_loss=2.7971e-03
E2/12 B12600/36000 batch_loss=2.8906e-03
E2/12 B12800/36000 batch_loss=2.7268e-03
E2/12 B13000/36000 batch_loss=3.9094e-03
E2/12 B13200/36000 batch_loss=2.5591e-03
E2/12 B13400/36000 batch_loss=2.6648e-03
E2/12 B13600/36000 batch_loss=3.2343e-03
E2/12 B13800/36000 batch_loss=2.9759e-03
E2/12 B14000/36000 batch_loss=3.5499e-03
E2/12 B14200/36000 batch_loss=3.6486e-03
E2/12 B14400/36000 batch_loss=2.6297e-03
E2/12 B14600/36000 batch_loss=3.7486e-03
E2/12 B14800/36000 batch_loss=3.5318e-03
E2/12 B15000/36000 batch_loss=3.6064e-03
E2/12 B15200/36000 batch_loss=2.6928e-03
E2/12 B15400/36000 batch_loss=3.7479e-03
E2/12 B15600/36000 batch_loss=2.6721e-03
E2/12 B15800/36000 batch_loss=2.7148e-03
E2/12 B16000/36000 batch_loss=2.6476e-03
E2/12 B16200/36000 batch_loss=3.6434e-03
E2/12 B16400/36000 batch_loss=3.5430e-03
E2/12 B16600/36000 batch_loss=3.8157e-03
E2/12 B16800/36000 batch_loss=2.4272e-03
E2/12 B17000/36000 batch_loss=2.7609e-03
E2/12 B17200/36000 batch_loss=3.0007e-03
E2/12 B17400/36000 batch_loss=2.6853e-03
E2/12 B17600/36000 batch_loss=3.5313e-03
E2/12 B17800/36000 batch_loss=3.5125e-03
E2/12 B18000/36000 batch_loss=4.1438e-03
E2/12 B18200/36000 batch_loss=3.7104e-03
E2/12 B18400/36000 batch_loss=2.5569e-03
E2/12 B18600/36000 batch_loss=2.4998e-03
E2/12 B18800/36000 batch_loss=3.1172e-03
E2/12 B19000/36000 batch_loss=3.3609e-03
E2/12 B19200/36000 batch_loss=3.5945e-03
E2/12 B19400/36000 batch_loss=3.3358e-03
E2/12 B19600/36000 batch_loss=2.8111e-03
E2/12 B19800/36000 batch_loss=3.6915e-03
E2/12 B20000/36000 batch_loss=3.3903e-03
E2/12 B20200/36000 batch_loss=2.6422e-03
E2/12 B20400/36000 batch_loss=3.0479e-03
E2/12 B20600/36000 batch_loss=3.7327e-03
E2/12 B20800/36000 batch_loss=3.9151e-03
E2/12 B21000/36000 batch_loss=3.3093e-03
E2/12 B21200/36000 batch_loss=3.2656e-03
E2/12 B21400/36000 batch_loss=2.7631e-03
E2/12 B21600/36000 batch_loss=3.5244e-03
E2/12 B21800/36000 batch_loss=3.4060e-03
E2/12 B22000/36000 batch_loss=4.1075e-03
E2/12 B22200/36000 batch_loss=2.6068e-03
E2/12 B22400/36000 batch_loss=2.6544e-03
E2/12 B22600/36000 batch_loss=2.3163e-03
E2/12 B22800/36000 batch_loss=2.4546e-03
E2/12 B23000/36000 batch_loss=3.4523e-03
E2/12 B23200/36000 batch_loss=4.9267e-03
E2/12 B23400/36000 batch_loss=3.3954e-03
E2/12 B23600/36000 batch_loss=3.6249e-03
E2/12 B23800/36000 batch_loss=2.7261e-03
E2/12 B24000/36000 batch_loss=2.4733e-03
E2/12 B24200/36000 batch_loss=2.5064e-03
E2/12 B24400/36000 batch_loss=3.3175e-03
E2/12 B24600/36000 batch_loss=3.8134e-03
E2/12 B24800/36000 batch_loss=2.5369e-03
E2/12 B25000/36000 batch_loss=2.4895e-03
E2/12 B25200/36000 batch_loss=2.6152e-03
E2/12 B25400/36000 batch_loss=2.6228e-03
E2/12 B25600/36000 batch_loss=3.3817e-03
E2/12 B25800/36000 batch_loss=3.6024e-03
E2/12 B26000/36000 batch_loss=3.7607e-03
E2/12 B26200/36000 batch_loss=3.4770e-03
E2/12 B26400/36000 batch_loss=4.0043e-03
E2/12 B26600/36000 batch_loss=3.5470e-03
E2/12 B26800/36000 batch_loss=2.3804e-03
E2/12 B27000/36000 batch_loss=2.4242e-03
E2/12 B27200/36000 batch_loss=3.4796e-03
E2/12 B27400/36000 batch_loss=3.6191e-03
E2/12 B27600/36000 batch_loss=2.4914e-03
E2/12 B27800/36000 batch_loss=2.5066e-03
E2/12 B28000/36000 batch_loss=2.4622e-03
E2/12 B28200/36000 batch_loss=2.8877e-03
E2/12 B28400/36000 batch_loss=3.6933e-03
E2/12 B28600/36000 batch_loss=3.5690e-03
E2/12 B28800/36000 batch_loss=2.7342e-03
E2/12 B29000/36000 batch_loss=3.6725e-03
E2/12 B29200/36000 batch_loss=3.4151e-03
E2/12 B29400/36000 batch_loss=3.3647e-03
E2/12 B29600/36000 batch_loss=3.4115e-03
E2/12 B29800/36000 batch_loss=3.6091e-03
E2/12 B30000/36000 batch_loss=2.3906e-03
E2/12 B30200/36000 batch_loss=2.7119e-03
E2/12 B30400/36000 batch_loss=3.9199e-03
E2/12 B30600/36000 batch_loss=2.4054e-03
E2/12 B30800/36000 batch_loss=2.6705e-03
E2/12 B31000/36000 batch_loss=3.3814e-03
E2/12 B31200/36000 batch_loss=2.4517e-03
E2/12 B31400/36000 batch_loss=3.4814e-03
E2/12 B31600/36000 batch_loss=3.4410e-03
E2/12 B31800/36000 batch_loss=2.6335e-03
E2/12 B32000/36000 batch_loss=2.6304e-03
E2/12 B32200/36000 batch_loss=2.6059e-03
E2/12 B32400/36000 batch_loss=2.7105e-03
E2/12 B32600/36000 batch_loss=3.5892e-03
E2/12 B32800/36000 batch_loss=2.6962e-03
E2/12 B33000/36000 batch_loss=3.2974e-03
E2/12 B33200/36000 batch_loss=3.5377e-03
E2/12 B33400/36000 batch_loss=2.7465e-03
E2/12 B33600/36000 batch_loss=3.7017e-03
E2/12 B33800/36000 batch_loss=3.4723e-03
E2/12 B34000/36000 batch_loss=2.4316e-03
E2/12 B34200/36000 batch_loss=3.4301e-03
E2/12 B34400/36000 batch_loss=3.5857e-03
E2/12 B34600/36000 batch_loss=2.8529e-03
E2/12 B34800/36000 batch_loss=2.6833e-03
E2/12 B35000/36000 batch_loss=3.5291e-03
E2/12 B35200/36000 batch_loss=3.4960e-03
E2/12 B35400/36000 batch_loss=3.3980e-03
E2/12 B35600/36000 batch_loss=3.3474e-03
E2/12 B35800/36000 batch_loss=3.3682e-03
E2/12 B36000/36000 batch_loss=2.5548e-03
2026-06-23 06:04:01,607 | INFO | Saved 10 diagnostic panel(s) under D:\Research\NO-2D-Metamaterials\MODELS\training_runs\NO_I3O5_BCF16_L1_HC128_LR4e-03_WD0e+00_SS1_G8e-01_ch0u_260622\diagnostics\epoch_002
epoch=2/12 train_loss=3.212583e-03 val_loss=3.063799e-03 lr=2.560e-03 train_sps=1276.6
epoch=2/12 compare_loss(mse) train=7.400570e-05 val=6.857969e-05
2026-06-23 06:04:04,302 | INFO | epoch=2/12 loss=l1 train_ch_l1=9.831e-04 3.543e-03 3.443e-03 4.150e-03 3.944e-03 val_ch_l1=9.759e-04 3.334e-03 3.236e-03 3.940e-03 3.833e-03 train_loss=3.212583e-03 val_loss=3.063799e-03 lr=2.560e-03 train_sps=1276.6
2026-06-23 06:04:04,303 | INFO | epoch=2/12 compare_loss=mse train_ch_mse=1.333e-05 7.849e-05 7.672e-05 1.057e-04 9.579e-05 val_ch_mse=3.249e-06 7.459e-05 7.219e-05 1.008e-04 9.204e-05 train_loss=7.400570e-05 val_loss=6.857969e-05
Epoch 2/12 done | train_loss=3.2126e-03 val_loss=3.0638e-03 lr=2.56e-03
E3/12 B200/36000 batch_loss=3.1322e-03
E3/12 B400/36000 batch_loss=2.6029e-03
E3/12 B600/36000 batch_loss=3.3202e-03
E3/12 B800/36000 batch_loss=2.5218e-03
E3/12 B1000/36000 batch_loss=3.0093e-03
E3/12 B1200/36000 batch_loss=3.3699e-03
E3/12 B1400/36000 batch_loss=3.0503e-03
E3/12 B1600/36000 batch_loss=2.3159e-03
E3/12 B1800/36000 batch_loss=2.4899e-03
E3/12 B2000/36000 batch_loss=3.2773e-03
E3/12 B2200/36000 batch_loss=3.2080e-03
E3/12 B2400/36000 batch_loss=2.3326e-03
E3/12 B2600/36000 batch_loss=2.3294e-03
E3/12 B2800/36000 batch_loss=2.4170e-03
E3/12 B3000/36000 batch_loss=3.9319e-03
E3/12 B3200/36000 batch_loss=2.4319e-03
E3/12 B3400/36000 batch_loss=2.4099e-03
E3/12 B3600/36000 batch_loss=3.4709e-03
E3/12 B3800/36000 batch_loss=2.3050e-03
E3/12 B4000/36000 batch_loss=2.4103e-03
E3/12 B4200/36000 batch_loss=2.0804e-03
E3/12 B4400/36000 batch_loss=2.2015e-03
E3/12 B4600/36000 batch_loss=3.3139e-03
E3/12 B4800/36000 batch_loss=2.1153e-03
E3/12 B5000/36000 batch_loss=2.2460e-03
E3/12 B5200/36000 batch_loss=2.3446e-03
E3/12 B5400/36000 batch_loss=2.2865e-03
E3/12 B5600/36000 batch_loss=3.4291e-03
E3/12 B5800/36000 batch_loss=2.4052e-03
E3/12 B6000/36000 batch_loss=3.1193e-03
E3/12 B6200/36000 batch_loss=2.1491e-03
E3/12 B6400/36000 batch_loss=3.1281e-03
E3/12 B6600/36000 batch_loss=2.4404e-03
E3/12 B6800/36000 batch_loss=2.3420e-03
E3/12 B7000/36000 batch_loss=3.1024e-03
E3/12 B7200/36000 batch_loss=2.4330e-03
E3/12 B7400/36000 batch_loss=2.4485e-03
E3/12 B7600/36000 batch_loss=2.2457e-03
E3/12 B7800/36000 batch_loss=3.4156e-03
E3/12 B8000/36000 batch_loss=3.3329e-03
E3/12 B8200/36000 batch_loss=2.3472e-03
E3/12 B8400/36000 batch_loss=3.2472e-03
E3/12 B8600/36000 batch_loss=2.5244e-03
E3/12 B8800/36000 batch_loss=3.3619e-03
E3/12 B9000/36000 batch_loss=3.5666e-03
E3/12 B9200/36000 batch_loss=2.5091e-03
E3/12 B9400/36000 batch_loss=3.2443e-03
E3/12 B9600/36000 batch_loss=2.4105e-03
E3/12 B9800/36000 batch_loss=3.0392e-03
E3/12 B10000/36000 batch_loss=3.2555e-03
E3/12 B10200/36000 batch_loss=3.4357e-03
E3/12 B10400/36000 batch_loss=2.2903e-03
E3/12 B10600/36000 batch_loss=2.9301e-03
E3/12 B10800/36000 batch_loss=3.2978e-03
E3/12 B11000/36000 batch_loss=2.1538e-03
E3/12 B11200/36000 batch_loss=2.3586e-03
E3/12 B11400/36000 batch_loss=3.0156e-03
E3/12 B11600/36000 batch_loss=2.2124e-03
E3/12 B11800/36000 batch_loss=2.9335e-03
E3/12 B12000/36000 batch_loss=3.3579e-03
E3/12 B12200/36000 batch_loss=2.5840e-03
E3/12 B12400/36000 batch_loss=3.0193e-03
E3/12 B12600/36000 batch_loss=2.3829e-03
E3/12 B12800/36000 batch_loss=2.2676e-03
E3/12 B13000/36000 batch_loss=3.1609e-03
E3/12 B13200/36000 batch_loss=2.2680e-03
E3/12 B13400/36000 batch_loss=3.3995e-03
E3/12 B13600/36000 batch_loss=2.4702e-03
E3/12 B13800/36000 batch_loss=2.4017e-03
E3/12 B14000/36000 batch_loss=3.3245e-03
E3/12 B14200/36000 batch_loss=3.1262e-03
E3/12 B14400/36000 batch_loss=2.4518e-03
E3/12 B14600/36000 batch_loss=3.4047e-03
E3/12 B14800/36000 batch_loss=2.5183e-03
E3/12 B15000/36000 batch_loss=3.3035e-03
E3/12 B15200/36000 batch_loss=3.4133e-03
E3/12 B15400/36000 batch_loss=3.4318e-03
E3/12 B15600/36000 batch_loss=2.4190e-03
E3/12 B15800/36000 batch_loss=2.1984e-03
E3/12 B16000/36000 batch_loss=3.2877e-03
E3/12 B16200/36000 batch_loss=2.2137e-03
E3/12 B16400/36000 batch_loss=2.0650e-03
E3/12 B16600/36000 batch_loss=3.4695e-03
E3/12 B16800/36000 batch_loss=2.0422e-03
E3/12 B17000/36000 batch_loss=3.3674e-03
E3/12 B17200/36000 batch_loss=3.2366e-03
E3/12 B17400/36000 batch_loss=3.4968e-03
E3/12 B17600/36000 batch_loss=3.1911e-03
E3/12 B17800/36000 batch_loss=2.2974e-03
E3/12 B18000/36000 batch_loss=4.1366e-03
E3/12 B18200/36000 batch_loss=3.3079e-03
E3/12 B18400/36000 batch_loss=2.4945e-03
E3/12 B18600/36000 batch_loss=3.2346e-03
E3/12 B18800/36000 batch_loss=2.3996e-03
E3/12 B19000/36000 batch_loss=3.0461e-03
E3/12 B19200/36000 batch_loss=3.2235e-03
E3/12 B19400/36000 batch_loss=2.2462e-03
E3/12 B19600/36000 batch_loss=3.3653e-03
E3/12 B19800/36000 batch_loss=3.2433e-03
E3/12 B20000/36000 batch_loss=2.4616e-03
E3/12 B20200/36000 batch_loss=3.2249e-03
E3/12 B20400/36000 batch_loss=2.1034e-03
E3/12 B20600/36000 batch_loss=3.1956e-03
E3/12 B20800/36000 batch_loss=2.5082e-03
E3/12 B21000/36000 batch_loss=2.3893e-03
E3/12 B21200/36000 batch_loss=3.0914e-03
E3/12 B21400/36000 batch_loss=2.3337e-03
E3/12 B21600/36000 batch_loss=3.1399e-03
E3/12 B21800/36000 batch_loss=2.4351e-03
E3/12 B22000/36000 batch_loss=3.2373e-03
E3/12 B22200/36000 batch_loss=3.1966e-03
E3/12 B22400/36000 batch_loss=3.3875e-03
E3/12 B22600/36000 batch_loss=2.2423e-03
E3/12 B22800/36000 batch_loss=2.1493e-03
E3/12 B23000/36000 batch_loss=3.0666e-03
E3/12 B23200/36000 batch_loss=2.0135e-03
E3/12 B23400/36000 batch_loss=2.5515e-03
E3/12 B23600/36000 batch_loss=3.2447e-03
E3/12 B23800/36000 batch_loss=2.8104e-03
E3/12 B24000/36000 batch_loss=3.0539e-03
E3/12 B24200/36000 batch_loss=2.3559e-03
E3/12 B24400/36000 batch_loss=2.2586e-03
E3/12 B24600/36000 batch_loss=3.2258e-03
E3/12 B24800/36000 batch_loss=3.2606e-03
E3/12 B25000/36000 batch_loss=2.5839e-03
E3/12 B25200/36000 batch_loss=2.4962e-03
E3/12 B25400/36000 batch_loss=2.5412e-03
E3/12 B25600/36000 batch_loss=3.1825e-03
E3/12 B25800/36000 batch_loss=3.0315e-03
E3/12 B26000/36000 batch_loss=3.3218e-03
E3/12 B26200/36000 batch_loss=2.2829e-03
E3/12 B26400/36000 batch_loss=3.0641e-03
E3/12 B26600/36000 batch_loss=3.6004e-03
E3/12 B26800/36000 batch_loss=3.2916e-03
E3/12 B27000/36000 batch_loss=3.7089e-03
E3/12 B27200/36000 batch_loss=2.1918e-03
E3/12 B27400/36000 batch_loss=2.3028e-03
E3/12 B27600/36000 batch_loss=3.3205e-03
E3/12 B27800/36000 batch_loss=2.2475e-03
E3/12 B28000/36000 batch_loss=2.2473e-03
E3/12 B28200/36000 batch_loss=3.1088e-03
E3/12 B28400/36000 batch_loss=2.9697e-03
E3/12 B28600/36000 batch_loss=2.0309e-03
E3/12 B28800/36000 batch_loss=2.9063e-03
E3/12 B29000/36000 batch_loss=2.2105e-03
E3/12 B29200/36000 batch_loss=2.2924e-03
E3/12 B29400/36000 batch_loss=2.3885e-03
E3/12 B29600/36000 batch_loss=3.2272e-03
E3/12 B29800/36000 batch_loss=2.5433e-03
E3/12 B30000/36000 batch_loss=2.9704e-03
E3/12 B30200/36000 batch_loss=1.9827e-03
E3/12 B30400/36000 batch_loss=3.1987e-03
E3/12 B30600/36000 batch_loss=2.4841e-03
E3/12 B30800/36000 batch_loss=3.3974e-03
E3/12 B31000/36000 batch_loss=3.1107e-03
E3/12 B31200/36000 batch_loss=3.3744e-03
E3/12 B31400/36000 batch_loss=2.0912e-03
E3/12 B31600/36000 batch_loss=2.0479e-03
E3/12 B31800/36000 batch_loss=2.1907e-03
E3/12 B32000/36000 batch_loss=3.0578e-03
E3/12 B32200/36000 batch_loss=3.0738e-03
E3/12 B32400/36000 batch_loss=2.3268e-03
E3/12 B32600/36000 batch_loss=2.6682e-03
E3/12 B32800/36000 batch_loss=2.1402e-03
E3/12 B33000/36000 batch_loss=2.1866e-03
E3/12 B33200/36000 batch_loss=2.3424e-03
E3/12 B33400/36000 batch_loss=2.3620e-03
E3/12 B33600/36000 batch_loss=3.2410e-03
E3/12 B33800/36000 batch_loss=2.2056e-03
E3/12 B34000/36000 batch_loss=3.0764e-03
E3/12 B34200/36000 batch_loss=2.8912e-03
E3/12 B34400/36000 batch_loss=3.0295e-03
E3/12 B34600/36000 batch_loss=3.2446e-03
E3/12 B34800/36000 batch_loss=3.2448e-03
E3/12 B35000/36000 batch_loss=2.2095e-03
E3/12 B35200/36000 batch_loss=2.0849e-03
E3/12 B35400/36000 batch_loss=2.9547e-03
E3/12 B35600/36000 batch_loss=3.0370e-03
E3/12 B35800/36000 batch_loss=3.0905e-03
E3/12 B36000/36000 batch_loss=2.0887e-03
2026-06-23 10:14:00,026 | INFO | Saved 10 diagnostic panel(s) under D:\Research\NO-2D-Metamaterials\MODELS\training_runs\NO_I3O5_BCF16_L1_HC128_LR4e-03_WD0e+00_SS1_G8e-01_ch0u_260622\diagnostics\epoch_003
epoch=3/12 train_loss=2.786489e-03 val_loss=2.769356e-03 lr=2.048e-03 train_sps=1264.9
epoch=3/12 compare_loss(mse) train=6.348580e-05 val=6.342735e-05
2026-06-23 10:14:02,510 | INFO | epoch=3/12 loss=l1 train_ch_l1=7.755e-04 3.068e-03 2.968e-03 3.664e-03 3.458e-03 val_ch_l1=7.220e-04 3.066e-03 2.953e-03 3.662e-03 3.445e-03 train_loss=2.786489e-03 val_loss=2.769356e-03 lr=2.048e-03 train_sps=1264.9
2026-06-23 10:14:02,511 | INFO | epoch=3/12 compare_loss=mse train_ch_mse=1.251e-05 6.615e-05 6.407e-05 9.183e-05 8.287e-05 val_ch_mse=2.677e-06 6.863e-05 6.626e-05 9.453e-05 8.503e-05 train_loss=6.348580e-05 val_loss=6.342735e-05
Epoch 3/12 done | train_loss=2.7865e-03 val_loss=2.7694e-03 lr=2.05e-03
E4/12 B200/36000 batch_loss=3.0180e-03
E4/12 B400/36000 batch_loss=2.8155e-03
E4/12 B600/36000 batch_loss=2.1037e-03
E4/12 B800/36000 batch_loss=2.1979e-03
E4/12 B1000/36000 batch_loss=2.9154e-03
E4/12 B1200/36000 batch_loss=2.3994e-03
E4/12 B1400/36000 batch_loss=2.1440e-03
E4/12 B1600/36000 batch_loss=2.8940e-03
E4/12 B1800/36000 batch_loss=3.0048e-03
E4/12 B2000/36000 batch_loss=2.9263e-03
E4/12 B2200/36000 batch_loss=2.6725e-03
E4/12 B2400/36000 batch_loss=2.8850e-03
E4/12 B2600/36000 batch_loss=2.3954e-03
E4/12 B2800/36000 batch_loss=2.0707e-03
E4/12 B3000/36000 batch_loss=1.9932e-03
E4/12 B3200/36000 batch_loss=2.1624e-03
E4/12 B3400/36000 batch_loss=2.9805e-03
E4/12 B3600/36000 batch_loss=2.1083e-03
E4/12 B3800/36000 batch_loss=2.9616e-03
E4/12 B4000/36000 batch_loss=3.2841e-03
E4/12 B4200/36000 batch_loss=3.3405e-03
E4/12 B4400/36000 batch_loss=2.9018e-03
E4/12 B4600/36000 batch_loss=2.0275e-03
E4/12 B4800/36000 batch_loss=2.4401e-03
E4/12 B5000/36000 batch_loss=3.0028e-03
E4/12 B5200/36000 batch_loss=1.9831e-03
E4/12 B5400/36000 batch_loss=2.8478e-03
E4/12 B5600/36000 batch_loss=2.9539e-03
E4/12 B5800/36000 batch_loss=3.2899e-03
E4/12 B6000/36000 batch_loss=2.4875e-03
E4/12 B6200/36000 batch_loss=2.3605e-03
E4/12 B6400/36000 batch_loss=2.1149e-03
E4/12 B6600/36000 batch_loss=2.0746e-03
E4/12 B6800/36000 batch_loss=2.4442e-03
E4/12 B7000/36000 batch_loss=2.9331e-03
E4/12 B7200/36000 batch_loss=3.0216e-03
E4/12 B7400/36000 batch_loss=2.1432e-03
E4/12 B7600/36000 batch_loss=2.0030e-03
E4/12 B7800/36000 batch_loss=2.1752e-03
E4/12 B8000/36000 batch_loss=3.0350e-03
E4/12 B8200/36000 batch_loss=3.1724e-03
E4/12 B8400/36000 batch_loss=2.0643e-03
E4/12 B8600/36000 batch_loss=2.1034e-03
E4/12 B8800/36000 batch_loss=2.9861e-03
E4/12 B9000/36000 batch_loss=3.1168e-03
E4/12 B9200/36000 batch_loss=2.9551e-03
E4/12 B9400/36000 batch_loss=2.9550e-03
E4/12 B9600/36000 batch_loss=2.0646e-03
E4/12 B9800/36000 batch_loss=2.2631e-03
E4/12 B10000/36000 batch_loss=2.8283e-03
E4/12 B10200/36000 batch_loss=2.1350e-03
E4/12 B10400/36000 batch_loss=2.1263e-03
E4/12 B10600/36000 batch_loss=3.2398e-03
E4/12 B10800/36000 batch_loss=3.1515e-03
E4/12 B11000/36000 batch_loss=2.1466e-03
E4/12 B11200/36000 batch_loss=3.3338e-03
E4/12 B11400/36000 batch_loss=2.8928e-03
E4/12 B11600/36000 batch_loss=3.1659e-03
E4/12 B11800/36000 batch_loss=2.9969e-03
E4/12 B12000/36000 batch_loss=2.3001e-03
E4/12 B12200/36000 batch_loss=2.1158e-03
E4/12 B12400/36000 batch_loss=2.0788e-03
E4/12 B12600/36000 batch_loss=3.1953e-03
E4/12 B12800/36000 batch_loss=3.1295e-03
E4/12 B13000/36000 batch_loss=2.0426e-03
E4/12 B13200/36000 batch_loss=2.2501e-03
E4/12 B13400/36000 batch_loss=2.7281e-03
E4/12 B13600/36000 batch_loss=1.9929e-03
E4/12 B13800/36000 batch_loss=2.9682e-03
E4/12 B14000/36000 batch_loss=2.3862e-03
E4/12 B14200/36000 batch_loss=3.1054e-03
E4/12 B14400/36000 batch_loss=3.0106e-03
E4/12 B14600/36000 batch_loss=3.0600e-03
E4/12 B14800/36000 batch_loss=2.1900e-03
E4/12 B15000/36000 batch_loss=3.0115e-03
E4/12 B15200/36000 batch_loss=3.0086e-03
E4/12 B15400/36000 batch_loss=3.0138e-03
E4/12 B15600/36000 batch_loss=2.2911e-03
E4/12 B15800/36000 batch_loss=2.0587e-03
E4/12 B16000/36000 batch_loss=2.0475e-03
E4/12 B16200/36000 batch_loss=2.0889e-03
E4/12 B16400/36000 batch_loss=2.3106e-03
E4/12 B16600/36000 batch_loss=2.1489e-03
E4/12 B16800/36000 batch_loss=2.0401e-03
E4/12 B17000/36000 batch_loss=2.0806e-03
E4/12 B17200/36000 batch_loss=1.9016e-03
E4/12 B17400/36000 batch_loss=1.9564e-03
E4/12 B17600/36000 batch_loss=1.8939e-03
E4/12 B17800/36000 batch_loss=2.0835e-03
E4/12 B18000/36000 batch_loss=1.9921e-03
E4/12 B18200/36000 batch_loss=2.1597e-03
E4/12 B18400/36000 batch_loss=3.0805e-03
E4/12 B18600/36000 batch_loss=2.6194e-03
E4/12 B18800/36000 batch_loss=3.2444e-03
E4/12 B19000/36000 batch_loss=2.5283e-03
E4/12 B19200/36000 batch_loss=2.9347e-03
E4/12 B19400/36000 batch_loss=2.0347e-03
E4/12 B19600/36000 batch_loss=2.0272e-03
E4/12 B19800/36000 batch_loss=2.9037e-03
E4/12 B20000/36000 batch_loss=2.9509e-03
E4/12 B20200/36000 batch_loss=2.9421e-03
E4/12 B20400/36000 batch_loss=2.2636e-03
E4/12 B20600/36000 batch_loss=1.7422e-03
E4/12 B20800/36000 batch_loss=1.9625e-03
E4/12 B21000/36000 batch_loss=2.0839e-03
E4/12 B21200/36000 batch_loss=1.9893e-03
E4/12 B21400/36000 batch_loss=2.3460e-03
E4/12 B21600/36000 batch_loss=2.9503e-03
E4/12 B21800/36000 batch_loss=3.0780e-03
E4/12 B22000/36000 batch_loss=2.7499e-03
E4/12 B22200/36000 batch_loss=3.4832e-03
E4/12 B22400/36000 batch_loss=1.9061e-03
E4/12 B22600/36000 batch_loss=3.0032e-03
E4/12 B22800/36000 batch_loss=3.0698e-03
E4/12 B23000/36000 batch_loss=3.0241e-03
E4/12 B23200/36000 batch_loss=2.0898e-03
E4/12 B23400/36000 batch_loss=2.9359e-03
E4/12 B23600/36000 batch_loss=3.4091e-03
E4/12 B23800/36000 batch_loss=2.0364e-03
E4/12 B24000/36000 batch_loss=1.9903e-03
E4/12 B24200/36000 batch_loss=2.0310e-03
E4/12 B24400/36000 batch_loss=2.2741e-03
E4/12 B24600/36000 batch_loss=2.9749e-03
E4/12 B24800/36000 batch_loss=3.0301e-03
E4/12 B25000/36000 batch_loss=3.0158e-03
E4/12 B25200/36000 batch_loss=2.1740e-03
E4/12 B25400/36000 batch_loss=2.9583e-03
E4/12 B25600/36000 batch_loss=2.8847e-03
E4/12 B25800/36000 batch_loss=3.2173e-03
E4/12 B26000/36000 batch_loss=1.9866e-03
E4/12 B26200/36000 batch_loss=3.5987e-03
E4/12 B26400/36000 batch_loss=2.0244e-03
E4/12 B26600/36000 batch_loss=3.0695e-03
E4/12 B26800/36000 batch_loss=2.0876e-03
E4/12 B27000/36000 batch_loss=2.2323e-03
E4/12 B27200/36000 batch_loss=1.9162e-03
E4/12 B27400/36000 batch_loss=2.0320e-03
E4/12 B27600/36000 batch_loss=2.9186e-03
E4/12 B27800/36000 batch_loss=2.3166e-03
E4/12 B28000/36000 batch_loss=3.0211e-03
E4/12 B28200/36000 batch_loss=2.8647e-03
E4/12 B28400/36000 batch_loss=3.0107e-03
E4/12 B28600/36000 batch_loss=1.8336e-03
E4/12 B28800/36000 batch_loss=2.0494e-03
E4/12 B29000/36000 batch_loss=2.9280e-03
E4/12 B29200/36000 batch_loss=2.9627e-03
E4/12 B29400/36000 batch_loss=2.2055e-03
E4/12 B29600/36000 batch_loss=1.9248e-03
E4/12 B29800/36000 batch_loss=3.0201e-03
E4/12 B30000/36000 batch_loss=2.0537e-03
E4/12 B30200/36000 batch_loss=3.0350e-03
E4/12 B30400/36000 batch_loss=2.0076e-03
E4/12 B30600/36000 batch_loss=1.9419e-03
E4/12 B30800/36000 batch_loss=2.5006e-03
E4/12 B31000/36000 batch_loss=1.8876e-03
E4/12 B31200/36000 batch_loss=2.3246e-03
E4/12 B31400/36000 batch_loss=3.0858e-03
E4/12 B31600/36000 batch_loss=1.9037e-03
E4/12 B31800/36000 batch_loss=2.8603e-03
E4/12 B32000/36000 batch_loss=2.3136e-03
E4/12 B32200/36000 batch_loss=2.8786e-03
E4/12 B32400/36000 batch_loss=3.0722e-03
E4/12 B32600/36000 batch_loss=3.1541e-03
E4/12 B32800/36000 batch_loss=2.9224e-03
E4/12 B33000/36000 batch_loss=2.8385e-03
E4/12 B33200/36000 batch_loss=3.1006e-03
E4/12 B33400/36000 batch_loss=2.7186e-03
E4/12 B33600/36000 batch_loss=2.1162e-03
E4/12 B33800/36000 batch_loss=2.1173e-03
E4/12 B34000/36000 batch_loss=2.8674e-03
E4/12 B34200/36000 batch_loss=2.0908e-03
E4/12 B34400/36000 batch_loss=1.8575e-03
E4/12 B34600/36000 batch_loss=2.0023e-03
E4/12 B34800/36000 batch_loss=2.0344e-03
E4/12 B35000/36000 batch_loss=2.9434e-03
E4/12 B35200/36000 batch_loss=3.1268e-03
E4/12 B35400/36000 batch_loss=1.9505e-03
E4/12 B35600/36000 batch_loss=3.0093e-03
E4/12 B35800/36000 batch_loss=2.2495e-03
E4/12 B36000/36000 batch_loss=3.0283e-03
2026-06-23 14:20:06,188 | INFO | Saved 10 diagnostic panel(s) under D:\Research\NO-2D-Metamaterials\MODELS\training_runs\NO_I3O5_BCF16_L1_HC128_LR4e-03_WD0e+00_SS1_G8e-01_ch0u_260622\diagnostics\epoch_004
epoch=4/12 train_loss=2.561440e-03 val_loss=2.755693e-03 lr=1.638e-03 train_sps=1285.8
epoch=4/12 compare_loss(mse) train=6.309610e-05 val=6.136920e-05
2026-06-23 14:20:07,867 | INFO | epoch=4/12 loss=l1 train_ch_l1=6.631e-04 2.818e-03 2.716e-03 3.407e-03 3.204e-03 val_ch_l1=7.090e-04 2.963e-03 3.068e-03 3.572e-03 3.467e-03 train_loss=2.561440e-03 val_loss=2.755693e-03 lr=1.638e-03 train_sps=1285.8
2026-06-23 14:20:07,867 | INFO | epoch=4/12 compare_loss=mse train_ch_mse=1.432e-05 6.342e-05 5.909e-05 9.544e-05 8.322e-05 val_ch_mse=2.758e-06 6.608e-05 6.409e-05 9.138e-05 8.254e-05 train_loss=6.309610e-05 val_loss=6.136920e-05
Epoch 4/12 done | train_loss=2.5614e-03 val_loss=2.7557e-03 lr=1.64e-03
E5/12 B200/36000 batch_loss=3.0008e-03
E5/12 B400/36000 batch_loss=2.0460e-03
E5/12 B600/36000 batch_loss=2.8916e-03
E5/12 B800/36000 batch_loss=1.7285e-03
E5/12 B1000/36000 batch_loss=2.0700e-03
E5/12 B1200/36000 batch_loss=2.7706e-03
E5/12 B1400/36000 batch_loss=1.9246e-03
E5/12 B1600/36000 batch_loss=2.7187e-03
E5/12 B1800/36000 batch_loss=2.7506e-03
E5/12 B2000/36000 batch_loss=2.1997e-03
E5/12 B2200/36000 batch_loss=2.0891e-03
E5/12 B2400/36000 batch_loss=2.8792e-03
E5/12 B2600/36000 batch_loss=1.8282e-03
E5/12 B2800/36000 batch_loss=2.6481e-03
E5/12 B3000/36000 batch_loss=1.7921e-03
E5/12 B3200/36000 batch_loss=2.7399e-03
E5/12 B3400/36000 batch_loss=2.8356e-03
E5/12 B3600/36000 batch_loss=1.8260e-03
E5/12 B3800/36000 batch_loss=2.7372e-03
E5/12 B4000/36000 batch_loss=2.8792e-03
E5/12 B4200/36000 batch_loss=2.1342e-03
E5/12 B4400/36000 batch_loss=1.8461e-03
E5/12 B4600/36000 batch_loss=3.0576e-03
E5/12 B4800/36000 batch_loss=3.0211e-03
E5/12 B5000/36000 batch_loss=2.9765e-03
E5/12 B5200/36000 batch_loss=2.7308e-03
E5/12 B5400/36000 batch_loss=2.6936e-03
E5/12 B5600/36000 batch_loss=1.8797e-03
E5/12 B5800/36000 batch_loss=2.1777e-03
E5/12 B6000/36000 batch_loss=2.9558e-03
E5/12 B6200/36000 batch_loss=2.7514e-03
E5/12 B6400/36000 batch_loss=2.6319e-03
E5/12 B6600/36000 batch_loss=2.0085e-03
E5/12 B6800/36000 batch_loss=2.6187e-03
E5/12 B7000/36000 batch_loss=2.9590e-03
E5/12 B7200/36000 batch_loss=1.9627e-03
E5/12 B7400/36000 batch_loss=2.0374e-03
E5/12 B7600/36000 batch_loss=1.8981e-03
E5/12 B7800/36000 batch_loss=2.9630e-03
E5/12 B8000/36000 batch_loss=3.0351e-03
E5/12 B8200/36000 batch_loss=1.9039e-03
E5/12 B8400/36000 batch_loss=1.9033e-03
E5/12 B8600/36000 batch_loss=1.9107e-03
E5/12 B8800/36000 batch_loss=2.9220e-03
E5/12 B9000/36000 batch_loss=1.9259e-03
E5/12 B9200/36000 batch_loss=2.7628e-03
E5/12 B9400/36000 batch_loss=2.9830e-03
E5/12 B9600/36000 batch_loss=2.8766e-03
E5/12 B9800/36000 batch_loss=1.8325e-03
E5/12 B10000/36000 batch_loss=1.9492e-03
E5/12 B10200/36000 batch_loss=1.8469e-03
E5/12 B10400/36000 batch_loss=2.7462e-03
E5/12 B10600/36000 batch_loss=2.0203e-03
E5/12 B10800/36000 batch_loss=2.9374e-03
E5/12 B11000/36000 batch_loss=1.8956e-03
E5/12 B11200/36000 batch_loss=1.9439e-03
E5/12 B11400/36000 batch_loss=2.8304e-03
E5/12 B11600/36000 batch_loss=3.0441e-03
E5/12 B11800/36000 batch_loss=2.8668e-03
E5/12 B12000/36000 batch_loss=2.9122e-03
E5/12 B12200/36000 batch_loss=2.8373e-03
E5/12 B12400/36000 batch_loss=2.2473e-03
E5/12 B12600/36000 batch_loss=2.7483e-03
E5/12 B12800/36000 batch_loss=2.1424e-03
E5/12 B13000/36000 batch_loss=2.0825e-03
E5/12 B13200/36000 batch_loss=2.1591e-03
E5/12 B13400/36000 batch_loss=2.8226e-03
E5/12 B13600/36000 batch_loss=2.9409e-03
E5/12 B13800/36000 batch_loss=2.9221e-03
E5/12 B14000/36000 batch_loss=2.8901e-03
E5/12 B14200/36000 batch_loss=2.0169e-03
E5/12 B14400/36000 batch_loss=1.9973e-03
E5/12 B14600/36000 batch_loss=1.9725e-03
E5/12 B14800/36000 batch_loss=1.8628e-03
E5/12 B15000/36000 batch_loss=2.6212e-03
E5/12 B15200/36000 batch_loss=1.9811e-03
E5/12 B15400/36000 batch_loss=2.8583e-03
E5/12 B15600/36000 batch_loss=2.9605e-03
E5/12 B15800/36000 batch_loss=1.9120e-03
E5/12 B16000/36000 batch_loss=1.8157e-03
E5/12 B16200/36000 batch_loss=2.8689e-03
E5/12 B16400/36000 batch_loss=1.7232e-03
E5/12 B16600/36000 batch_loss=2.8890e-03
E5/12 B16800/36000 batch_loss=2.8013e-03
E5/12 B17000/36000 batch_loss=2.8641e-03
E5/12 B17200/36000 batch_loss=2.6709e-03
E5/12 B17400/36000 batch_loss=2.7163e-03
E5/12 B17600/36000 batch_loss=2.0434e-03
E5/12 B17800/36000 batch_loss=1.9117e-03
E5/12 B18000/36000 batch_loss=1.8664e-03
E5/12 B18200/36000 batch_loss=2.8857e-03
E5/12 B18400/36000 batch_loss=2.0385e-03
E5/12 B18600/36000 batch_loss=1.6941e-03
E5/12 B18800/36000 batch_loss=3.3481e-03
E5/12 B19000/36000 batch_loss=2.7724e-03
E5/12 B19200/36000 batch_loss=2.8471e-03
E5/12 B19400/36000 batch_loss=3.1381e-03
E5/12 B19600/36000 batch_loss=2.0374e-03
E5/12 B19800/36000 batch_loss=2.7245e-03
E5/12 B20000/36000 batch_loss=2.9159e-03
E5/12 B20200/36000 batch_loss=2.0997e-03
E5/12 B20400/36000 batch_loss=2.8309e-03
E5/12 B20600/36000 batch_loss=2.9703e-03
E5/12 B20800/36000 batch_loss=2.7099e-03
E5/12 B21000/36000 batch_loss=2.7981e-03
E5/12 B21200/36000 batch_loss=2.9926e-03
E5/12 B21400/36000 batch_loss=2.0937e-03
E5/12 B21600/36000 batch_loss=1.7153e-03
E5/12 B21800/36000 batch_loss=2.8885e-03
E5/12 B22000/36000 batch_loss=2.6520e-03
E5/12 B22200/36000 batch_loss=3.0881e-03
E5/12 B22400/36000 batch_loss=1.8730e-03
E5/12 B22600/36000 batch_loss=2.6290e-03
E5/12 B22800/36000 batch_loss=1.7700e-03
E5/12 B23000/36000 batch_loss=2.0171e-03
E5/12 B23200/36000 batch_loss=3.0140e-03
E5/12 B23400/36000 batch_loss=2.8496e-03
E5/12 B23600/36000 batch_loss=2.9210e-03
E5/12 B23800/36000 batch_loss=1.7098e-03
E5/12 B24000/36000 batch_loss=1.9582e-03
E5/12 B24200/36000 batch_loss=2.0160e-03
E5/12 B24400/36000 batch_loss=2.0866e-03
E5/12 B24600/36000 batch_loss=2.0362e-03
E5/12 B24800/36000 batch_loss=2.5682e-03
E5/12 B25000/36000 batch_loss=2.1771e-03
E5/12 B25200/36000 batch_loss=2.9754e-03
E5/12 B25400/36000 batch_loss=2.7557e-03
E5/12 B25600/36000 batch_loss=1.7577e-03
E5/12 B25800/36000 batch_loss=1.9240e-03
E5/12 B26000/36000 batch_loss=2.3864e-03
E5/12 B26200/36000 batch_loss=3.0858e-03
E5/12 B26400/36000 batch_loss=2.7381e-03
E5/12 B26600/36000 batch_loss=1.8664e-03
E5/12 B26800/36000 batch_loss=2.6609e-03
E5/12 B27000/36000 batch_loss=2.8287e-03
E5/12 B27200/36000 batch_loss=1.9039e-03
E5/12 B27400/36000 batch_loss=3.0125e-03
E5/12 B27600/36000 batch_loss=1.7509e-03
E5/12 B27800/36000 batch_loss=2.6645e-03
E5/12 B28000/36000 batch_loss=2.7128e-03
E5/12 B28200/36000 batch_loss=1.8178e-03
E5/12 B28400/36000 batch_loss=2.7040e-03
E5/12 B28600/36000 batch_loss=2.8823e-03
E5/12 B28800/36000 batch_loss=2.1055e-03
E5/12 B29000/36000 batch_loss=2.6605e-03
E5/12 B29200/36000 batch_loss=1.7202e-03
E5/12 B29400/36000 batch_loss=2.5717e-03
E5/12 B29600/36000 batch_loss=2.7651e-03
E5/12 B29800/36000 batch_loss=2.9137e-03
E5/12 B30000/36000 batch_loss=3.1912e-03
E5/12 B30200/36000 batch_loss=2.7682e-03
E5/12 B30400/36000 batch_loss=2.8185e-03
E5/12 B30600/36000 batch_loss=1.7474e-03
E5/12 B30800/36000 batch_loss=1.9048e-03
E5/12 B31000/36000 batch_loss=2.6449e-03
E5/12 B31200/36000 batch_loss=1.8077e-03
E5/12 B31400/36000 batch_loss=2.8175e-03
E5/12 B31600/36000 batch_loss=1.8140e-03
E5/12 B31800/36000 batch_loss=1.8827e-03
E5/12 B32000/36000 batch_loss=1.7743e-03
E5/12 B32200/36000 batch_loss=2.9115e-03
E5/12 B32400/36000 batch_loss=2.8326e-03
E5/12 B32600/36000 batch_loss=1.5871e-03
E5/12 B32800/36000 batch_loss=2.7144e-03
E5/12 B33000/36000 batch_loss=1.8929e-03
E5/12 B33200/36000 batch_loss=2.0682e-03
E5/12 B33400/36000 batch_loss=2.2831e-03
E5/12 B33600/36000 batch_loss=1.7837e-03
E5/12 B33800/36000 batch_loss=2.5814e-03
E5/12 B34000/36000 batch_loss=2.8540e-03
E5/12 B34200/36000 batch_loss=2.0901e-03
E5/12 B34400/36000 batch_loss=2.8983e-03
E5/12 B34600/36000 batch_loss=2.5819e-03
E5/12 B34800/36000 batch_loss=1.6414e-03
E5/12 B35000/36000 batch_loss=2.9275e-03
E5/12 B35200/36000 batch_loss=1.8439e-03
E5/12 B35400/36000 batch_loss=1.7115e-03
E5/12 B35600/36000 batch_loss=1.9378e-03
E5/12 B35800/36000 batch_loss=2.7630e-03
E5/12 B36000/36000 batch_loss=1.8748e-03
2026-06-23 17:53:18,735 | INFO | Saved 10 diagnostic panel(s) under D:\Research\NO-2D-Metamaterials\MODELS\training_runs\NO_I3O5_BCF16_L1_HC128_LR4e-03_WD0e+00_SS1_G8e-01_ch0u_260622\diagnostics\epoch_005
epoch=5/12 train_loss=2.408659e-03 val_loss=2.579333e-03 lr=1.311e-03 train_sps=1485.3
epoch=5/12 compare_loss(mse) train=5.492629e-05 val=5.959782e-05
2026-06-23 17:53:20,451 | INFO | epoch=5/12 loss=l1 train_ch_l1=5.758e-04 2.655e-03 2.547e-03 3.234e-03 3.032e-03 val_ch_l1=5.406e-04 2.871e-03 2.758e-03 3.443e-03 3.284e-03 train_loss=2.408659e-03 val_loss=2.579333e-03 lr=1.311e-03 train_sps=1485.3
2026-06-23 17:53:20,451 | INFO | epoch=5/12 compare_loss=mse train_ch_mse=1.202e-05 5.561e-05 5.382e-05 8.107e-05 7.211e-05 val_ch_mse=2.259e-06 6.409e-05 6.172e-05 8.930e-05 8.062e-05 train_loss=5.492629e-05 val_loss=5.959782e-05
Epoch 5/12 done | train_loss=2.4087e-03 val_loss=2.5793e-03 lr=1.31e-03
E6/12 B200/36000 batch_loss=1.7558e-03
E6/12 B400/36000 batch_loss=2.6894e-03
E6/12 B600/36000 batch_loss=1.8623e-03
E6/12 B800/36000 batch_loss=1.8476e-03
E6/12 B1000/36000 batch_loss=1.8439e-03
E6/12 B1200/36000 batch_loss=2.8868e-03
E6/12 B1400/36000 batch_loss=1.7231e-03
E6/12 B1600/36000 batch_loss=2.6114e-03
E6/12 B1800/36000 batch_loss=2.7077e-03
E6/12 B2000/36000 batch_loss=2.2062e-03
E6/12 B2200/36000 batch_loss=1.9501e-03
E6/12 B2400/36000 batch_loss=1.7732e-03
E6/12 B2600/36000 batch_loss=2.6070e-03
E6/12 B2800/36000 batch_loss=1.7338e-03
E6/12 B3000/36000 batch_loss=2.9084e-03
E6/12 B3200/36000 batch_loss=1.8160e-03
E6/12 B3400/36000 batch_loss=2.7657e-03
E6/12 B3600/36000 batch_loss=1.8795e-03
E6/12 B3800/36000 batch_loss=1.5990e-03
E6/12 B4000/36000 batch_loss=1.8449e-03
E6/12 B4200/36000 batch_loss=1.8925e-03
E6/12 B4400/36000 batch_loss=1.9762e-03
E6/12 B4600/36000 batch_loss=2.6958e-03
E6/12 B4800/36000 batch_loss=2.7818e-03
E6/12 B5000/36000 batch_loss=1.7127e-03
E6/12 B5200/36000 batch_loss=2.8303e-03
E6/12 B5400/36000 batch_loss=2.7439e-03
E6/12 B5600/36000 batch_loss=1.7906e-03
E6/12 B5800/36000 batch_loss=1.8015e-03
E6/12 B6000/36000 batch_loss=2.7261e-03
E6/12 B6200/36000 batch_loss=1.7992e-03
E6/12 B6400/36000 batch_loss=2.9427e-03
E6/12 B6600/36000 batch_loss=2.9170e-03
E6/12 B6800/36000 batch_loss=2.8622e-03
E6/12 B7000/36000 batch_loss=1.6451e-03
E6/12 B7200/36000 batch_loss=2.7828e-03
E6/12 B7400/36000 batch_loss=2.7459e-03
E6/12 B7600/36000 batch_loss=1.9769e-03
E6/12 B7800/36000 batch_loss=2.6032e-03
E6/12 B8000/36000 batch_loss=1.9080e-03
E6/12 B8200/36000 batch_loss=1.7076e-03
E6/12 B8400/36000 batch_loss=1.8010e-03
E6/12 B8600/36000 batch_loss=2.7309e-03
E6/12 B8800/36000 batch_loss=1.9616e-03
E6/12 B9000/36000 batch_loss=2.5861e-03
E6/12 B9200/36000 batch_loss=1.7205e-03
E6/12 B9400/36000 batch_loss=2.1199e-03
E6/12 B9600/36000 batch_loss=2.7186e-03
E6/12 B9800/36000 batch_loss=2.7133e-03
E6/12 B10000/36000 batch_loss=1.8670e-03
E6/12 B10200/36000 batch_loss=1.8688e-03
E6/12 B10400/36000 batch_loss=2.7335e-03
E6/12 B10600/36000 batch_loss=1.6744e-03
E6/12 B10800/36000 batch_loss=2.6576e-03
E6/12 B11000/36000 batch_loss=1.7108e-03
E6/12 B11200/36000 batch_loss=2.6185e-03
E6/12 B11400/36000 batch_loss=1.8661e-03
E6/12 B11600/36000 batch_loss=2.6543e-03
E6/12 B11800/36000 batch_loss=1.9453e-03
E6/12 B12000/36000 batch_loss=1.8728e-03
E6/12 B12200/36000 batch_loss=2.8806e-03
E6/12 B12400/36000 batch_loss=1.7606e-03
E6/12 B12600/36000 batch_loss=1.8359e-03
E6/12 B12800/36000 batch_loss=1.6931e-03
E6/12 B13000/36000 batch_loss=1.7662e-03
E6/12 B13200/36000 batch_loss=2.5491e-03
E6/12 B13400/36000 batch_loss=2.8122e-03
E6/12 B13600/36000 batch_loss=2.9414e-03
E6/12 B13800/36000 batch_loss=2.8740e-03
E6/12 B14000/36000 batch_loss=2.5833e-03
E6/12 B14200/36000 batch_loss=2.5855e-03
E6/12 B14400/36000 batch_loss=2.5534e-03
E6/12 B14600/36000 batch_loss=1.8030e-03
E6/12 B14800/36000 batch_loss=2.7039e-03
E6/12 B15000/36000 batch_loss=1.7842e-03
E6/12 B15200/36000 batch_loss=1.9296e-03
E6/12 B15400/36000 batch_loss=2.7060e-03
E6/12 B15600/36000 batch_loss=1.8276e-03
E6/12 B15800/36000 batch_loss=1.7543e-03
E6/12 B16000/36000 batch_loss=2.6867e-03
E6/12 B16200/36000 batch_loss=2.6527e-03
E6/12 B16400/36000 batch_loss=1.8268e-03
E6/12 B16600/36000 batch_loss=2.8033e-03
E6/12 B16800/36000 batch_loss=2.2045e-03
E6/12 B17000/36000 batch_loss=2.9820e-03
E6/12 B17200/36000 batch_loss=1.6528e-03
E6/12 B17400/36000 batch_loss=2.6875e-03
E6/12 B17600/36000 batch_loss=1.7744e-03
E6/12 B17800/36000 batch_loss=2.0235e-03
E6/12 B18000/36000 batch_loss=2.6383e-03
E6/12 B18200/36000 batch_loss=2.8229e-03
E6/12 B18400/36000 batch_loss=1.8207e-03
E6/12 B18600/36000 batch_loss=1.8186e-03
E6/12 B18800/36000 batch_loss=1.9717e-03
E6/12 B19000/36000 batch_loss=1.9329e-03
E6/12 B19200/36000 batch_loss=1.8193e-03
E6/12 B19400/36000 batch_loss=2.6695e-03
E6/12 B19600/36000 batch_loss=2.7806e-03
E6/12 B19800/36000 batch_loss=2.0271e-03
E6/12 B20000/36000 batch_loss=2.6743e-03
E6/12 B20200/36000 batch_loss=2.5522e-03
E6/12 B20400/36000 batch_loss=1.8079e-03
E6/12 B20600/36000 batch_loss=2.6197e-03
E6/12 B20800/36000 batch_loss=2.6050e-03
E6/12 B21000/36000 batch_loss=1.8974e-03
E6/12 B21200/36000 batch_loss=2.7209e-03
E6/12 B21400/36000 batch_loss=1.6521e-03
E6/12 B21600/36000 batch_loss=1.8768e-03
E6/12 B21800/36000 batch_loss=1.8350e-03
E6/12 B22000/36000 batch_loss=1.9757e-03
E6/12 B22200/36000 batch_loss=2.7515e-03
E6/12 B22400/36000 batch_loss=3.1082e-03
E6/12 B22600/36000 batch_loss=1.9075e-03
E6/12 B22800/36000 batch_loss=1.9142e-03
E6/12 B23000/36000 batch_loss=2.6978e-03
E6/12 B23200/36000 batch_loss=1.7819e-03
E6/12 B23400/36000 batch_loss=2.7806e-03
E6/12 B23600/36000 batch_loss=1.9745e-03
E6/12 B23800/36000 batch_loss=1.9218e-03
E6/12 B24000/36000 batch_loss=2.5234e-03
E6/12 B24200/36000 batch_loss=2.7396e-03
E6/12 B24400/36000 batch_loss=1.7710e-03
E6/12 B24600/36000 batch_loss=1.8796e-03
E6/12 B24800/36000 batch_loss=2.5811e-03
E6/12 B25000/36000 batch_loss=2.6167e-03
E6/12 B25200/36000 batch_loss=1.8537e-03
E6/12 B25400/36000 batch_loss=2.8208e-03
E6/12 B25600/36000 batch_loss=1.9611e-03
E6/12 B25800/36000 batch_loss=2.7551e-03
E6/12 B26000/36000 batch_loss=1.8867e-03
E6/12 B26200/36000 batch_loss=1.8957e-03
E6/12 B26400/36000 batch_loss=1.7123e-03
E6/12 B26600/36000 batch_loss=2.8344e-03
E6/12 B26800/36000 batch_loss=1.7523e-03
E6/12 B27000/36000 batch_loss=1.9951e-03
E6/12 B27200/36000 batch_loss=2.7692e-03
E6/12 B27400/36000 batch_loss=1.7372e-03
E6/12 B27600/36000 batch_loss=1.8702e-03
E6/12 B27800/36000 batch_loss=2.0081e-03
E6/12 B28000/36000 batch_loss=1.8473e-03
E6/12 B28200/36000 batch_loss=2.7757e-03
E6/12 B28400/36000 batch_loss=2.5450e-03
E6/12 B28600/36000 batch_loss=1.8378e-03
E6/12 B28800/36000 batch_loss=1.9487e-03
E6/12 B29000/36000 batch_loss=1.7435e-03
E6/12 B29200/36000 batch_loss=2.6061e-03
E6/12 B29400/36000 batch_loss=1.7411e-03
E6/12 B29600/36000 batch_loss=1.7629e-03
E6/12 B29800/36000 batch_loss=2.0085e-03
E6/12 B30000/36000 batch_loss=2.6489e-03
E6/12 B30200/36000 batch_loss=2.0530e-03
E6/12 B30400/36000 batch_loss=1.8311e-03
E6/12 B30600/36000 batch_loss=2.5335e-03
E6/12 B30800/36000 batch_loss=2.8102e-03
E6/12 B31000/36000 batch_loss=3.1372e-03
E6/12 B31200/36000 batch_loss=1.8252e-03
E6/12 B31400/36000 batch_loss=1.7856e-03
E6/12 B31600/36000 batch_loss=2.7649e-03
E6/12 B31800/36000 batch_loss=2.5049e-03
E6/12 B32000/36000 batch_loss=2.6989e-03
E6/12 B32200/36000 batch_loss=2.6261e-03
E6/12 B32400/36000 batch_loss=1.5406e-03
E6/12 B32600/36000 batch_loss=2.5299e-03
E6/12 B32800/36000 batch_loss=2.7461e-03
E6/12 B33000/36000 batch_loss=1.7134e-03
E6/12 B33200/36000 batch_loss=1.8026e-03
E6/12 B33400/36000 batch_loss=2.6927e-03
E6/12 B33600/36000 batch_loss=1.7586e-03
E6/12 B33800/36000 batch_loss=1.8882e-03
E6/12 B34000/36000 batch_loss=2.7020e-03
E6/12 B34200/36000 batch_loss=1.6407e-03
E6/12 B34400/36000 batch_loss=2.6750e-03
E6/12 B34600/36000 batch_loss=2.7842e-03
E6/12 B34800/36000 batch_loss=2.7395e-03
E6/12 B35000/36000 batch_loss=1.9385e-03
E6/12 B35200/36000 batch_loss=1.7406e-03
E6/12 B35400/36000 batch_loss=2.3891e-03
E6/12 B35600/36000 batch_loss=1.7178e-03
E6/12 B35800/36000 batch_loss=1.8730e-03
E6/12 B36000/36000 batch_loss=2.1153e-03
2026-06-23 21:26:30,692 | INFO | Saved 10 diagnostic panel(s) under D:\Research\NO-2D-Metamaterials\MODELS\training_runs\NO_I3O5_BCF16_L1_HC128_LR4e-03_WD0e+00_SS1_G8e-01_ch0u_260622\diagnostics\epoch_006
epoch=6/12 train_loss=2.287443e-03 val_loss=2.552714e-03 lr=1.049e-03 train_sps=1486.0
epoch=6/12 compare_loss(mse) train=5.177405e-05 val=5.889335e-05
2026-06-23 21:26:32,191 | INFO | epoch=6/12 loss=l1 train_ch_l1=5.036e-04 2.521e-03 2.416e-03 3.099e-03 2.899e-03 val_ch_l1=6.241e-04 2.829e-03 2.710e-03 3.398e-03 3.203e-03 train_loss=2.287443e-03 val_loss=2.552714e-03 lr=1.049e-03 train_sps=1486.0
2026-06-23 21:26:32,192 | INFO | epoch=6/12 compare_loss=mse train_ch_mse=1.123e-05 5.225e-05 4.993e-05 7.718e-05 6.829e-05 val_ch_mse=2.715e-06 6.339e-05 6.024e-05 8.888e-05 7.924e-05 train_loss=5.177405e-05 val_loss=5.889335e-05
Epoch 6/12 done | train_loss=2.2874e-03 val_loss=2.5527e-03 lr=1.05e-03
E7/12 B200/36000 batch_loss=1.5607e-03
E7/12 B400/36000 batch_loss=2.6691e-03
E7/12 B600/36000 batch_loss=1.8435e-03
E7/12 B800/36000 batch_loss=1.8470e-03
E7/12 B1000/36000 batch_loss=2.5670e-03
E7/12 B1200/36000 batch_loss=2.6668e-03
E7/12 B1400/36000 batch_loss=1.7424e-03
E7/12 B1600/36000 batch_loss=2.7411e-03
E7/12 B1800/36000 batch_loss=1.7590e-03
E7/12 B2000/36000 batch_loss=1.5248e-03
E7/12 B2200/36000 batch_loss=2.5369e-03
E7/12 B2400/36000 batch_loss=2.6694e-03
E7/12 B2600/36000 batch_loss=2.4355e-03
E7/12 B2800/36000 batch_loss=1.8754e-03
E7/12 B3000/36000 batch_loss=2.8356e-03
E7/12 B3200/36000 batch_loss=2.7512e-03
E7/12 B3400/36000 batch_loss=2.5803e-03
E7/12 B3600/36000 batch_loss=1.6636e-03
E7/12 B3800/36000 batch_loss=1.6671e-03
E7/12 B4000/36000 batch_loss=1.7693e-03
E7/12 B4200/36000 batch_loss=1.7563e-03
E7/12 B4400/36000 batch_loss=2.5876e-03
E7/12 B4600/36000 batch_loss=2.5284e-03
E7/12 B4800/36000 batch_loss=1.6750e-03
E7/12 B5000/36000 batch_loss=1.8997e-03
E7/12 B5200/36000 batch_loss=1.5336e-03
E7/12 B5400/36000 batch_loss=2.4638e-03
E7/12 B5600/36000 batch_loss=2.6306e-03
E7/12 B5800/36000 batch_loss=1.8259e-03
E7/12 B6000/36000 batch_loss=3.0513e-03
E7/12 B6200/36000 batch_loss=1.6510e-03
E7/12 B6400/36000 batch_loss=1.6659e-03
E7/12 B6600/36000 batch_loss=1.6592e-03
E7/12 B6800/36000 batch_loss=1.6654e-03
E7/12 B7000/36000 batch_loss=2.5113e-03
E7/12 B7200/36000 batch_loss=2.7309e-03
E7/12 B7400/36000 batch_loss=2.4770e-03
E7/12 B7600/36000 batch_loss=2.5576e-03
E7/12 B7800/36000 batch_loss=2.4535e-03
E7/12 B8000/36000 batch_loss=2.6411e-03
E7/12 B8200/36000 batch_loss=2.7348e-03
E7/12 B8400/36000 batch_loss=2.7282e-03
E7/12 B8600/36000 batch_loss=1.6131e-03
E7/12 B8800/36000 batch_loss=1.6199e-03
E7/12 B9000/36000 batch_loss=1.9912e-03
E7/12 B9200/36000 batch_loss=1.9024e-03
E7/12 B9400/36000 batch_loss=1.6979e-03
E7/12 B9600/36000 batch_loss=1.5985e-03
E7/12 B9800/36000 batch_loss=2.5042e-03
E7/12 B10000/36000 batch_loss=1.5808e-03
E7/12 B10200/36000 batch_loss=2.4087e-03
E7/12 B10400/36000 batch_loss=1.7842e-03
E7/12 B10600/36000 batch_loss=2.7526e-03
E7/12 B10800/36000 batch_loss=2.5940e-03
E7/12 B11000/36000 batch_loss=2.6671e-03
E7/12 B11200/36000 batch_loss=1.6678e-03
E7/12 B11400/36000 batch_loss=2.6303e-03
E7/12 B11600/36000 batch_loss=2.0306e-03
E7/12 B11800/36000 batch_loss=2.4443e-03
E7/12 B12000/36000 batch_loss=1.8176e-03
E7/12 B12200/36000 batch_loss=1.8040e-03
E7/12 B12400/36000 batch_loss=2.5729e-03
E7/12 B12600/36000 batch_loss=2.6610e-03
E7/12 B12800/36000 batch_loss=2.6247e-03
E7/12 B13000/36000 batch_loss=3.0173e-03
E7/12 B13200/36000 batch_loss=2.7718e-03
E7/12 B13400/36000 batch_loss=1.7827e-03
E7/12 B13600/36000 batch_loss=1.7447e-03
E7/12 B13800/36000 batch_loss=2.5890e-03
E7/12 B14000/36000 batch_loss=1.8211e-03
E7/12 B14200/36000 batch_loss=2.6285e-03
E7/12 B14400/36000 batch_loss=1.7887e-03
E7/12 B14600/36000 batch_loss=2.5676e-03
E7/12 B14800/36000 batch_loss=2.5663e-03
E7/12 B15000/36000 batch_loss=2.7337e-03
E7/12 B15200/36000 batch_loss=1.7207e-03
E7/12 B15400/36000 batch_loss=2.6381e-03
E7/12 B15600/36000 batch_loss=2.5382e-03
E7/12 B15800/36000 batch_loss=2.6648e-03
E7/12 B16000/36000 batch_loss=2.5820e-03
E7/12 B16200/36000 batch_loss=2.6841e-03
E7/12 B16400/36000 batch_loss=1.9535e-03
E7/12 B16600/36000 batch_loss=1.8223e-03
E7/12 B16800/36000 batch_loss=2.4303e-03
E7/12 B17000/36000 batch_loss=2.6994e-03
E7/12 B17200/36000 batch_loss=1.8501e-03
E7/12 B17400/36000 batch_loss=1.6533e-03
E7/12 B17600/36000 batch_loss=1.7504e-03
E7/12 B17800/36000 batch_loss=1.7713e-03
E7/12 B18000/36000 batch_loss=2.1153e-03
E7/12 B18200/36000 batch_loss=2.7535e-03
E7/12 B18400/36000 batch_loss=2.6772e-03
E7/12 B18600/36000 batch_loss=2.5872e-03
E7/12 B18800/36000 batch_loss=1.6131e-03
E7/12 B19000/36000 batch_loss=2.6813e-03
E7/12 B19200/36000 batch_loss=2.4555e-03
E7/12 B19400/36000 batch_loss=1.6583e-03
E7/12 B19600/36000 batch_loss=1.8421e-03
E7/12 B19800/36000 batch_loss=2.7141e-03
E7/12 B20000/36000 batch_loss=2.6407e-03
E7/12 B20200/36000 batch_loss=1.8817e-03
E7/12 B20400/36000 batch_loss=2.5701e-03
E7/12 B20600/36000 batch_loss=2.8041e-03
E7/12 B20800/36000 batch_loss=1.7506e-03
E7/12 B21000/36000 batch_loss=2.5388e-03
E7/12 B21200/36000 batch_loss=1.4909e-03
E7/12 B21400/36000 batch_loss=2.6910e-03
E7/12 B21600/36000 batch_loss=2.8663e-03
E7/12 B21800/36000 batch_loss=2.5716e-03
E7/12 B22000/36000 batch_loss=2.4457e-03
E7/12 B22200/36000 batch_loss=2.4553e-03
E7/12 B22400/36000 batch_loss=2.5998e-03
E7/12 B22600/36000 batch_loss=2.8749e-03
E7/12 B22800/36000 batch_loss=2.6978e-03
E7/12 B23000/36000 batch_loss=2.6356e-03
E7/12 B23200/36000 batch_loss=2.7418e-03
E7/12 B23400/36000 batch_loss=2.6420e-03
E7/12 B23600/36000 batch_loss=2.6533e-03
E7/12 B23800/36000 batch_loss=2.6379e-03
E7/12 B24000/36000 batch_loss=1.5713e-03
E7/12 B24200/36000 batch_loss=2.5436e-03
E7/12 B24400/36000 batch_loss=2.5780e-03
E7/12 B24600/36000 batch_loss=2.6541e-03
E7/12 B24800/36000 batch_loss=2.5444e-03
E7/12 B25000/36000 batch_loss=1.6552e-03
E7/12 B25200/36000 batch_loss=2.7863e-03
E7/12 B25400/36000 batch_loss=1.7023e-03
E7/12 B25600/36000 batch_loss=1.7423e-03
E7/12 B25800/36000 batch_loss=2.0886e-03
E7/12 B26000/36000 batch_loss=2.0428e-03
E7/12 B26200/36000 batch_loss=2.6589e-03
E7/12 B26400/36000 batch_loss=2.7467e-03
E7/12 B26600/36000 batch_loss=2.6523e-03
E7/12 B26800/36000 batch_loss=2.8060e-03
E7/12 B27000/36000 batch_loss=1.5590e-03
E7/12 B27200/36000 batch_loss=1.6030e-03
E7/12 B27400/36000 batch_loss=2.6717e-03
E7/12 B27600/36000 batch_loss=2.4060e-03
E7/12 B27800/36000 batch_loss=2.6315e-03
E7/12 B28000/36000 batch_loss=1.6545e-03
E7/12 B28200/36000 batch_loss=2.4740e-03
E7/12 B28400/36000 batch_loss=1.6890e-03
E7/12 B28600/36000 batch_loss=2.5183e-03
E7/12 B28800/36000 batch_loss=1.8065e-03
E7/12 B29000/36000 batch_loss=2.5945e-03
E7/12 B29200/36000 batch_loss=2.7487e-03
E7/12 B29400/36000 batch_loss=2.5600e-03
E7/12 B29600/36000 batch_loss=3.0143e-03
E7/12 B29800/36000 batch_loss=1.6449e-03
E7/12 B30000/36000 batch_loss=1.7831e-03
E7/12 B30200/36000 batch_loss=1.7744e-03
E7/12 B30400/36000 batch_loss=1.8110e-03
E7/12 B30600/36000 batch_loss=1.6527e-03
E7/12 B30800/36000 batch_loss=1.8617e-03
E7/12 B31000/36000 batch_loss=1.6630e-03
E7/12 B31200/36000 batch_loss=2.7736e-03
E7/12 B31400/36000 batch_loss=2.7768e-03
E7/12 B31600/36000 batch_loss=2.0527e-03
E7/12 B31800/36000 batch_loss=2.7375e-03
E7/12 B32000/36000 batch_loss=1.9267e-03
E7/12 B32200/36000 batch_loss=2.4815e-03
E7/12 B32400/36000 batch_loss=2.4845e-03
E7/12 B32600/36000 batch_loss=2.6200e-03
E7/12 B32800/36000 batch_loss=2.5292e-03
E7/12 B33000/36000 batch_loss=1.7313e-03
E7/12 B33200/36000 batch_loss=2.7764e-03
E7/12 B33400/36000 batch_loss=1.7424e-03
E7/12 B33600/36000 batch_loss=2.5321e-03
E7/12 B33800/36000 batch_loss=2.6038e-03
E7/12 B34000/36000 batch_loss=1.5854e-03
E7/12 B34200/36000 batch_loss=1.8473e-03
E7/12 B34400/36000 batch_loss=2.6358e-03
E7/12 B34600/36000 batch_loss=1.8918e-03
E7/12 B34800/36000 batch_loss=1.8251e-03
E7/12 B35000/36000 batch_loss=1.5445e-03
E7/12 B35200/36000 batch_loss=1.6295e-03
E7/12 B35400/36000 batch_loss=2.4802e-03
E7/12 B35600/36000 batch_loss=1.7015e-03
E7/12 B35800/36000 batch_loss=2.6309e-03
E7/12 B36000/36000 batch_loss=2.5616e-03
2026-06-24 01:10:16,272 | INFO | Saved 10 diagnostic panel(s) under D:\Research\NO-2D-Metamaterials\MODELS\training_runs\NO_I3O5_BCF16_L1_HC128_LR4e-03_WD0e+00_SS1_G8e-01_ch0u_260622\diagnostics\epoch_007
epoch=7/12 train_loss=2.196386e-03 val_loss=2.507525e-03 lr=8.389e-04 train_sps=1416.0
epoch=7/12 compare_loss(mse) train=5.700786e-05 val=5.812726e-05
2026-06-24 01:10:17,813 | INFO | epoch=7/12 loss=l1 train_ch_l1=4.502e-04 2.423e-03 2.316e-03 2.995e-03 2.798e-03 val_ch_l1=5.733e-04 2.807e-03 2.653e-03 3.347e-03 3.158e-03 train_loss=2.196386e-03 val_loss=2.507525e-03 lr=8.389e-04 train_sps=1416.0
2026-06-24 01:10:17,813 | INFO | epoch=7/12 compare_loss=mse train_ch_mse=9.703e-06 5.057e-05 4.787e-05 8.614e-05 9.075e-05 val_ch_mse=2.263e-06 6.201e-05 5.964e-05 8.805e-05 7.867e-05 train_loss=5.700786e-05 val_loss=5.812726e-05
Epoch 7/12 done | train_loss=2.1964e-03 val_loss=2.5075e-03 lr=8.39e-04
E8/12 B200/36000 batch_loss=2.4785e-03
E8/12 B400/36000 batch_loss=2.4479e-03
E8/12 B600/36000 batch_loss=2.5651e-03
E8/12 B800/36000 batch_loss=2.6154e-03
E8/12 B1000/36000 batch_loss=1.7001e-03
E8/12 B1200/36000 batch_loss=2.5050e-03
E8/12 B1400/36000 batch_loss=2.4263e-03
E8/12 B1600/36000 batch_loss=2.4095e-03
E8/12 B1800/36000 batch_loss=2.6856e-03
E8/12 B2000/36000 batch_loss=1.7851e-03
E8/12 B2200/36000 batch_loss=1.6440e-03
E8/12 B2400/36000 batch_loss=2.8138e-03
E8/12 B2600/36000 batch_loss=2.6893e-03
E8/12 B2800/36000 batch_loss=2.5009e-03
E8/12 B3000/36000 batch_loss=1.7901e-03
E8/12 B3200/36000 batch_loss=2.8022e-03
E8/12 B3400/36000 batch_loss=2.5637e-03
E8/12 B3600/36000 batch_loss=2.5913e-03
E8/12 B3800/36000 batch_loss=2.9310e-03
E8/12 B4000/36000 batch_loss=2.5597e-03
E8/12 B4200/36000 batch_loss=2.6691e-03
E8/12 B4400/36000 batch_loss=2.4635e-03
E8/12 B4600/36000 batch_loss=2.6759e-03
E8/12 B4800/36000 batch_loss=1.6993e-03
E8/12 B5000/36000 batch_loss=2.7104e-03
E8/12 B5200/36000 batch_loss=1.4320e-03
E8/12 B5400/36000 batch_loss=2.4527e-03
E8/12 B5600/36000 batch_loss=2.6256e-03
E8/12 B5800/36000 batch_loss=1.3872e-03
E8/12 B6000/36000 batch_loss=2.8405e-03
E8/12 B6200/36000 batch_loss=1.6404e-03
E8/12 B6400/36000 batch_loss=2.2908e-03
E8/12 B6600/36000 batch_loss=2.6034e-03
E8/12 B6800/36000 batch_loss=2.2492e-03
E8/12 B7000/36000 batch_loss=1.6224e-03
E8/12 B7200/36000 batch_loss=2.6504e-03
E8/12 B7400/36000 batch_loss=1.4979e-03
E8/12 B7600/36000 batch_loss=1.6496e-03
E8/12 B7800/36000 batch_loss=2.3872e-03
E8/12 B8000/36000 batch_loss=2.9075e-03
E8/12 B8200/36000 batch_loss=2.5048e-03
E8/12 B8400/36000 batch_loss=2.7795e-03
E8/12 B8600/36000 batch_loss=2.7157e-03
E8/12 B8800/36000 batch_loss=1.6316e-03
E8/12 B9000/36000 batch_loss=2.5076e-03
E8/12 B9200/36000 batch_loss=1.7361e-03
E8/12 B9400/36000 batch_loss=2.6468e-03
E8/12 B9600/36000 batch_loss=1.5993e-03
E8/12 B9800/36000 batch_loss=2.5447e-03
E8/12 B10000/36000 batch_loss=2.5216e-03
E8/12 B10200/36000 batch_loss=1.5552e-03
E8/12 B10400/36000 batch_loss=1.7973e-03
E8/12 B10600/36000 batch_loss=2.5302e-03
E8/12 B10800/36000 batch_loss=2.5390e-03
E8/12 B11000/36000 batch_loss=2.4383e-03
E8/12 B11200/36000 batch_loss=2.8389e-03
E8/12 B11400/36000 batch_loss=1.8610e-03
E8/12 B11600/36000 batch_loss=2.5405e-03
E8/12 B11800/36000 batch_loss=1.8208e-03
E8/12 B12000/36000 batch_loss=1.6233e-03
E8/12 B12200/36000 batch_loss=2.7803e-03
E8/12 B12400/36000 batch_loss=1.6717e-03
E8/12 B12600/36000 batch_loss=1.7134e-03
E8/12 B12800/36000 batch_loss=1.7636e-03
E8/12 B13000/36000 batch_loss=1.5854e-03
E8/12 B13200/36000 batch_loss=2.8428e-03
E8/12 B13400/36000 batch_loss=2.6212e-03
E8/12 B13600/36000 batch_loss=2.6670e-03
E8/12 B13800/36000 batch_loss=1.7579e-03
E8/12 B14000/36000 batch_loss=2.7847e-03
E8/12 B14200/36000 batch_loss=1.6390e-03
E8/12 B14400/36000 batch_loss=1.6046e-03
E8/12 B14600/36000 batch_loss=2.5295e-03
E8/12 B14800/36000 batch_loss=2.5853e-03
E8/12 B15000/36000 batch_loss=2.6513e-03
E8/12 B15200/36000 batch_loss=2.5827e-03
E8/12 B15400/36000 batch_loss=2.5529e-03
E8/12 B15600/36000 batch_loss=2.4974e-03
E8/12 B15800/36000 batch_loss=2.5390e-03
E8/12 B16000/36000 batch_loss=1.5250e-03
E8/12 B16200/36000 batch_loss=1.5874e-03
E8/12 B16400/36000 batch_loss=2.5692e-03
E8/12 B16600/36000 batch_loss=2.7266e-03
E8/12 B16800/36000 batch_loss=2.3574e-03
E8/12 B17000/36000 batch_loss=2.4120e-03
E8/12 B17200/36000 batch_loss=1.6488e-03
E8/12 B17400/36000 batch_loss=2.5953e-03
E8/12 B17600/36000 batch_loss=1.5688e-03
E8/12 B17800/36000 batch_loss=1.6937e-03
E8/12 B18000/36000 batch_loss=2.4349e-03
E8/12 B18200/36000 batch_loss=2.5425e-03
E8/12 B18400/36000 batch_loss=1.6978e-03
E8/12 B18600/36000 batch_loss=2.5363e-03
E8/12 B18800/36000 batch_loss=1.6534e-03
E8/12 B19000/36000 batch_loss=1.7157e-03
E8/12 B19200/36000 batch_loss=2.7000e-03
E8/12 B19400/36000 batch_loss=1.6895e-03
E8/12 B19600/36000 batch_loss=1.7557e-03
E8/12 B19800/36000 batch_loss=1.6924e-03
E8/12 B20000/36000 batch_loss=1.5252e-03
E8/12 B20200/36000 batch_loss=1.6856e-03
E8/12 B20400/36000 batch_loss=1.7485e-03
E8/12 B20600/36000 batch_loss=1.6881e-03
E8/12 B20800/36000 batch_loss=2.5664e-03
E8/12 B21000/36000 batch_loss=1.7467e-03
E8/12 B21200/36000 batch_loss=1.6830e-03
E8/12 B21400/36000 batch_loss=1.6219e-03
E8/12 B21600/36000 batch_loss=1.7543e-03
E8/12 B21800/36000 batch_loss=1.7408e-03
E8/12 B22000/36000 batch_loss=1.6729e-03
E8/12 B22200/36000 batch_loss=2.6309e-03
E8/12 B22400/36000 batch_loss=2.6746e-03
E8/12 B22600/36000 batch_loss=2.6509e-03
E8/12 B22800/36000 batch_loss=1.4779e-03
E8/12 B23000/36000 batch_loss=2.5837e-03
E8/12 B23200/36000 batch_loss=2.4749e-03
E8/12 B23400/36000 batch_loss=2.4453e-03
E8/12 B23600/36000 batch_loss=2.6340e-03
E8/12 B23800/36000 batch_loss=2.9103e-03
E8/12 B24000/36000 batch_loss=1.7165e-03
E8/12 B24200/36000 batch_loss=2.5213e-03
E8/12 B24400/36000 batch_loss=2.4867e-03
E8/12 B24600/36000 batch_loss=2.6789e-03
E8/12 B24800/36000 batch_loss=2.5042e-03
E8/12 B25000/36000 batch_loss=2.7178e-03
E8/12 B25200/36000 batch_loss=1.8232e-03
E8/12 B25400/36000 batch_loss=2.5416e-03
E8/12 B25600/36000 batch_loss=2.5662e-03
E8/12 B25800/36000 batch_loss=2.4833e-03
E8/12 B26000/36000 batch_loss=1.6665e-03
E8/12 B26200/36000 batch_loss=2.6370e-03
E8/12 B26400/36000 batch_loss=1.5793e-03
E8/12 B26600/36000 batch_loss=1.6448e-03
E8/12 B26800/36000 batch_loss=2.6506e-03
E8/12 B27000/36000 batch_loss=1.5075e-03
E8/12 B27200/36000 batch_loss=2.6712e-03
E8/12 B27400/36000 batch_loss=2.5885e-03
E8/12 B27600/36000 batch_loss=2.5561e-03
E8/12 B27800/36000 batch_loss=2.6000e-03
E8/12 B28000/36000 batch_loss=2.5000e-03
E8/12 B28200/36000 batch_loss=2.4866e-03
E8/12 B28400/36000 batch_loss=2.4908e-03
E8/12 B28600/36000 batch_loss=1.7454e-03
E8/12 B28800/36000 batch_loss=1.7447e-03
E8/12 B29000/36000 batch_loss=1.6439e-03
E8/12 B29200/36000 batch_loss=2.5531e-03
E8/12 B29400/36000 batch_loss=2.4710e-03
E8/12 B29600/36000 batch_loss=1.6909e-03
E8/12 B29800/36000 batch_loss=1.6120e-03
E8/12 B30000/36000 batch_loss=1.6520e-03
E8/12 B30200/36000 batch_loss=1.6425e-03
E8/12 B30400/36000 batch_loss=1.7169e-03
E8/12 B30600/36000 batch_loss=1.7008e-03
E8/12 B30800/36000 batch_loss=1.6056e-03
E8/12 B31000/36000 batch_loss=1.5882e-03
E8/12 B31200/36000 batch_loss=1.7595e-03
E8/12 B31400/36000 batch_loss=1.5363e-03
E8/12 B31600/36000 batch_loss=1.8489e-03
E8/12 B31800/36000 batch_loss=1.6614e-03
E8/12 B32000/36000 batch_loss=2.6098e-03
E8/12 B32200/36000 batch_loss=1.5595e-03
E8/12 B32400/36000 batch_loss=2.5953e-03
E8/12 B32600/36000 batch_loss=1.6131e-03
E8/12 B32800/36000 batch_loss=2.6896e-03
E8/12 B33000/36000 batch_loss=2.5375e-03
E8/12 B33200/36000 batch_loss=2.6929e-03
E8/12 B33400/36000 batch_loss=1.7021e-03
E8/12 B33600/36000 batch_loss=1.5748e-03
E8/12 B33800/36000 batch_loss=1.9126e-03
E8/12 B34000/36000 batch_loss=2.4507e-03
E8/12 B34200/36000 batch_loss=2.3613e-03
E8/12 B34400/36000 batch_loss=2.6420e-03
E8/12 B34600/36000 batch_loss=2.4624e-03
E8/12 B34800/36000 batch_loss=1.7373e-03
E8/12 B35000/36000 batch_loss=2.4519e-03
E8/12 B35200/36000 batch_loss=1.4472e-03
E8/12 B35400/36000 batch_loss=2.3652e-03
E8/12 B35600/36000 batch_loss=2.6391e-03
E8/12 B35800/36000 batch_loss=1.7684e-03
E8/12 B36000/36000 batch_loss=1.8746e-03
2026-06-24 04:42:53,347 | INFO | Saved 10 diagnostic panel(s) under D:\Research\NO-2D-Metamaterials\MODELS\training_runs\NO_I3O5_BCF16_L1_HC128_LR4e-03_WD0e+00_SS1_G8e-01_ch0u_260622\diagnostics\epoch_008
epoch=8/12 train_loss=2.125486e-03 val_loss=2.463555e-03 lr=6.711e-04 train_sps=1489.5
epoch=8/12 compare_loss(mse) train=1.094887e-04 val=6.738031e-05
2026-06-24 04:42:54,953 | INFO | epoch=8/12 loss=l1 train_ch_l1=4.169e-04 2.346e-03 2.238e-03 2.911e-03 2.716e-03 val_ch_l1=5.384e-04 2.729e-03 2.616e-03 3.322e-03 3.112e-03 train_loss=2.125486e-03 val_loss=2.463555e-03 lr=6.711e-04 train_sps=1489.5
2026-06-24 04:42:54,953 | INFO | epoch=8/12 compare_loss=mse train_ch_mse=1.339e-05 2.441e-04 1.102e-04 1.110e-04 6.885e-05 val_ch_mse=2.436e-06 7.164e-05 7.077e-05 1.030e-04 8.905e-05 train_loss=1.094887e-04 val_loss=6.738031e-05
Epoch 8/12 done | train_loss=2.1255e-03 val_loss=2.4636e-03 lr=6.71e-04
E9/12 B200/36000 batch_loss=1.5862e-03
E9/12 B400/36000 batch_loss=2.5994e-03
E9/12 B600/36000 batch_loss=2.6328e-03
E9/12 B800/36000 batch_loss=1.8151e-03
E9/12 B1000/36000 batch_loss=2.6383e-03
E9/12 B1200/36000 batch_loss=1.7176e-03
E9/12 B1400/36000 batch_loss=2.4817e-03
E9/12 B1600/36000 batch_loss=2.5690e-03
E9/12 B1800/36000 batch_loss=1.5837e-03
E9/12 B2000/36000 batch_loss=1.5707e-03
E9/12 B2200/36000 batch_loss=1.5412e-03
E9/12 B2400/36000 batch_loss=1.8274e-03
E9/12 B2600/36000 batch_loss=1.7366e-03
E9/12 B2800/36000 batch_loss=1.5567e-03
E9/12 B3000/36000 batch_loss=2.1931e-03
E9/12 B3200/36000 batch_loss=2.0948e-03
E9/12 B3400/36000 batch_loss=2.9027e-03
E9/12 B3600/36000 batch_loss=1.7067e-03
E9/12 B3800/36000 batch_loss=2.7072e-03
E9/12 B4000/36000 batch_loss=1.6739e-03
E9/12 B4200/36000 batch_loss=1.7854e-03
E9/12 B4400/36000 batch_loss=1.8427e-03
E9/12 B4600/36000 batch_loss=1.6069e-03
E9/12 B4800/36000 batch_loss=2.6373e-03
E9/12 B5000/36000 batch_loss=1.7187e-03
E9/12 B5200/36000 batch_loss=2.6063e-03
E9/12 B5400/36000 batch_loss=2.6830e-03
E9/12 B5600/36000 batch_loss=1.6102e-03
E9/12 B5800/36000 batch_loss=1.5914e-03
E9/12 B6000/36000 batch_loss=2.6921e-03
E9/12 B6200/36000 batch_loss=2.7561e-03
E9/12 B6400/36000 batch_loss=1.6507e-03
E9/12 B6600/36000 batch_loss=1.6793e-03
E9/12 B6800/36000 batch_loss=2.5536e-03
E9/12 B7000/36000 batch_loss=1.5370e-03
E9/12 B7200/36000 batch_loss=1.7050e-03
E9/12 B7400/36000 batch_loss=2.5945e-03
E9/12 B7600/36000 batch_loss=1.7673e-03
E9/12 B7800/36000 batch_loss=2.3134e-03
E9/12 B8000/36000 batch_loss=1.5900e-03
E9/12 B8200/36000 batch_loss=2.2414e-03
E9/12 B8400/36000 batch_loss=1.6915e-03
E9/12 B8600/36000 batch_loss=2.5638e-03
E9/12 B8800/36000 batch_loss=2.5380e-03
E9/12 B9000/36000 batch_loss=1.6584e-03
E9/12 B9200/36000 batch_loss=2.2380e-03
E9/12 B9400/36000 batch_loss=2.6238e-03
E9/12 B9600/36000 batch_loss=2.5503e-03
E9/12 B9800/36000 batch_loss=2.3885e-03
E9/12 B10000/36000 batch_loss=1.6038e-03
E9/12 B10200/36000 batch_loss=1.4863e-03
E9/12 B10400/36000 batch_loss=1.5585e-03
E9/12 B10600/36000 batch_loss=1.4491e-03
E9/12 B10800/36000 batch_loss=1.6964e-03
E9/12 B11000/36000 batch_loss=2.4513e-03
E9/12 B11200/36000 batch_loss=2.4676e-03
E9/12 B11400/36000 batch_loss=1.6233e-03
E9/12 B11600/36000 batch_loss=1.6141e-03
E9/12 B11800/36000 batch_loss=1.5967e-03
E9/12 B12000/36000 batch_loss=1.6198e-03
E9/12 B12200/36000 batch_loss=2.4819e-03
E9/12 B12400/36000 batch_loss=1.6277e-03
E9/12 B12600/36000 batch_loss=1.5650e-03
E9/12 B12800/36000 batch_loss=2.3342e-03
E9/12 B13000/36000 batch_loss=2.3340e-03
E9/12 B13200/36000 batch_loss=2.4527e-03
E9/12 B13400/36000 batch_loss=2.3500e-03
E9/12 B13600/36000 batch_loss=2.4902e-03
E9/12 B13800/36000 batch_loss=2.2834e-03
E9/12 B14000/36000 batch_loss=2.5637e-03
E9/12 B14200/36000 batch_loss=2.5302e-03
E9/12 B14400/36000 batch_loss=1.6562e-03
E9/12 B14600/36000 batch_loss=1.5350e-03
E9/12 B14800/36000 batch_loss=1.5772e-03
E9/12 B15000/36000 batch_loss=2.6378e-03
E9/12 B15200/36000 batch_loss=2.4195e-03
E9/12 B15400/36000 batch_loss=2.4059e-03
E9/12 B15600/36000 batch_loss=1.6419e-03
E9/12 B15800/36000 batch_loss=1.7044e-03
E9/12 B16000/36000 batch_loss=1.6892e-03
E9/12 B16200/36000 batch_loss=2.4221e-03
E9/12 B16400/36000 batch_loss=1.6161e-03
E9/12 B16600/36000 batch_loss=1.5167e-03
E9/12 B16800/36000 batch_loss=2.5715e-03
E9/12 B17000/36000 batch_loss=2.3111e-03
E9/12 B17200/36000 batch_loss=2.4873e-03
E9/12 B17400/36000 batch_loss=2.5904e-03
E9/12 B17600/36000 batch_loss=2.6065e-03
E9/12 B17800/36000 batch_loss=1.5763e-03
E9/12 B18000/36000 batch_loss=1.5914e-03
E9/12 B18200/36000 batch_loss=1.6105e-03
E9/12 B18400/36000 batch_loss=2.5354e-03
E9/12 B18600/36000 batch_loss=1.5949e-03
E9/12 B18800/36000 batch_loss=2.4622e-03
E9/12 B19000/36000 batch_loss=2.7197e-03
E9/12 B19200/36000 batch_loss=2.6483e-03
E9/12 B19400/36000 batch_loss=2.5673e-03
E9/12 B19600/36000 batch_loss=1.6227e-03
E9/12 B19800/36000 batch_loss=2.5179e-03
E9/12 B20000/36000 batch_loss=2.6173e-03
E9/12 B20200/36000 batch_loss=1.3865e-03
E9/12 B20400/36000 batch_loss=2.6926e-03
E9/12 B20600/36000 batch_loss=1.7694e-03
E9/12 B20800/36000 batch_loss=1.5322e-03
E9/12 B21000/36000 batch_loss=1.8964e-03
E9/12 B21200/36000 batch_loss=1.5338e-03
E9/12 B21400/36000 batch_loss=2.5253e-03
E9/12 B21600/36000 batch_loss=1.6390e-03
E9/12 B21800/36000 batch_loss=2.3871e-03
E9/12 B22000/36000 batch_loss=2.3864e-03
E9/12 B22200/36000 batch_loss=1.5017e-03
E9/12 B22400/36000 batch_loss=1.6074e-03
E9/12 B22600/36000 batch_loss=2.4006e-03
E9/12 B22800/36000 batch_loss=1.3887e-03
E9/12 B23000/36000 batch_loss=2.5569e-03
E9/12 B23200/36000 batch_loss=1.5956e-03
E9/12 B23400/36000 batch_loss=2.6174e-03
E9/12 B23600/36000 batch_loss=1.7001e-03
E9/12 B23800/36000 batch_loss=1.4294e-03
E9/12 B24000/36000 batch_loss=1.6551e-03
E9/12 B24200/36000 batch_loss=1.6511e-03
E9/12 B24400/36000 batch_loss=2.4103e-03
E9/12 B24600/36000 batch_loss=2.5035e-03
E9/12 B24800/36000 batch_loss=1.5805e-03
E9/12 B25000/36000 batch_loss=2.3748e-03
E9/12 B25200/36000 batch_loss=2.3971e-03
E9/12 B25400/36000 batch_loss=2.6422e-03
E9/12 B25600/36000 batch_loss=2.4700e-03
E9/12 B25800/36000 batch_loss=2.4325e-03
E9/12 B26000/36000 batch_loss=1.7346e-03
E9/12 B26200/36000 batch_loss=1.5581e-03
E9/12 B26400/36000 batch_loss=2.4601e-03
E9/12 B26600/36000 batch_loss=2.5552e-03
E9/12 B26800/36000 batch_loss=2.5974e-03
E9/12 B27000/36000 batch_loss=1.5135e-03
E9/12 B27200/36000 batch_loss=1.5595e-03
E9/12 B27400/36000 batch_loss=2.5667e-03
E9/12 B27600/36000 batch_loss=2.4679e-03
E9/12 B27800/36000 batch_loss=1.6245e-03
E9/12 B28000/36000 batch_loss=1.5602e-03
E9/12 B28200/36000 batch_loss=1.7984e-03
E9/12 B28400/36000 batch_loss=1.7880e-03
E9/12 B28600/36000 batch_loss=1.4998e-03
E9/12 B28800/36000 batch_loss=2.3528e-03
E9/12 B29000/36000 batch_loss=2.6892e-03
E9/12 B29200/36000 batch_loss=1.7093e-03
E9/12 B29400/36000 batch_loss=1.6355e-03
E9/12 B29600/36000 batch_loss=1.5242e-03
E9/12 B29800/36000 batch_loss=1.4383e-03
E9/12 B30000/36000 batch_loss=1.5510e-03
E9/12 B30200/36000 batch_loss=1.6929e-03
E9/12 B30400/36000 batch_loss=2.4596e-03
E9/12 B30600/36000 batch_loss=2.5047e-03
E9/12 B30800/36000 batch_loss=1.6972e-03
E9/12 B31000/36000 batch_loss=2.5065e-03
E9/12 B31200/36000 batch_loss=2.4988e-03
E9/12 B31400/36000 batch_loss=2.6517e-03
E9/12 B31600/36000 batch_loss=2.4890e-03
E9/12 B31800/36000 batch_loss=2.5064e-03
E9/12 B32000/36000 batch_loss=2.4903e-03
E9/12 B32200/36000 batch_loss=2.3816e-03
E9/12 B32400/36000 batch_loss=2.5724e-03
E9/12 B32600/36000 batch_loss=2.4505e-03
E9/12 B32800/36000 batch_loss=1.7508e-03
E9/12 B33000/36000 batch_loss=1.7323e-03
E9/12 B33200/36000 batch_loss=2.4769e-03
E9/12 B33400/36000 batch_loss=1.8024e-03
E9/12 B33600/36000 batch_loss=2.3853e-03
E9/12 B33800/36000 batch_loss=1.5172e-03
E9/12 B34000/36000 batch_loss=2.4755e-03
E9/12 B34200/36000 batch_loss=2.5123e-03
E9/12 B34400/36000 batch_loss=2.3753e-03
E9/12 B34600/36000 batch_loss=2.4443e-03
E9/12 B34800/36000 batch_loss=2.4567e-03
E9/12 B35000/36000 batch_loss=2.6122e-03
E9/12 B35200/36000 batch_loss=2.5060e-03
E9/12 B35400/36000 batch_loss=2.5974e-03
E9/12 B35600/36000 batch_loss=1.5515e-03
E9/12 B35800/36000 batch_loss=2.5169e-03
E9/12 B36000/36000 batch_loss=2.6168e-03
2026-06-24 08:09:32,593 | INFO | Saved 10 diagnostic panel(s) under D:\Research\NO-2D-Metamaterials\MODELS\training_runs\NO_I3O5_BCF16_L1_HC128_LR4e-03_WD0e+00_SS1_G8e-01_ch0u_260622\diagnostics\epoch_009
epoch=9/12 train_loss=2.064856e-03 val_loss=2.470826e-03 lr=5.369e-04 train_sps=1533.1
epoch=9/12 compare_loss(mse) train=8.822753e-03 val=6.792405e-05
2026-06-24 08:09:33,764 | INFO | epoch=9/12 loss=l1 train_ch_l1=3.816e-04 2.282e-03 2.172e-03 2.842e-03 2.646e-03 val_ch_l1=7.422e-04 2.684e-03 2.575e-03 3.287e-03 3.066e-03 train_loss=2.064856e-03 val_loss=2.470826e-03 lr=5.369e-04 train_sps=1533.1
2026-06-24 08:09:33,764 | INFO | epoch=9/12 compare_loss=mse train_ch_mse=1.134e-05 1.347e-02 1.000e-02 1.276e-02 7.867e-03 val_ch_mse=5.519e-05 6.115e-05 5.875e-05 8.697e-05 7.756e-05 train_loss=8.822753e-03 val_loss=6.792405e-05
Epoch 9/12 done | train_loss=2.0649e-03 val_loss=2.4708e-03 lr=5.37e-04
E10/12 B200/36000 batch_loss=1.5711e-03
E10/12 B400/36000 batch_loss=1.5302e-03
E10/12 B600/36000 batch_loss=2.5533e-03
E10/12 B800/36000 batch_loss=1.5359e-03
E10/12 B1000/36000 batch_loss=2.5850e-03
E10/12 B1200/36000 batch_loss=1.6192e-03
E10/12 B1400/36000 batch_loss=2.2691e-03
E10/12 B1600/36000 batch_loss=1.4452e-03
E10/12 B1800/36000 batch_loss=2.4527e-03
E10/12 B2000/36000 batch_loss=2.5224e-03
E10/12 B2200/36000 batch_loss=1.5983e-03
E10/12 B2400/36000 batch_loss=2.5750e-03
E10/12 B2600/36000 batch_loss=1.5600e-03
E10/12 B2800/36000 batch_loss=2.3167e-03
E10/12 B3000/36000 batch_loss=1.4330e-03
E10/12 B3200/36000 batch_loss=2.4537e-03
E10/12 B3400/36000 batch_loss=2.1906e-03
E10/12 B3600/36000 batch_loss=1.6065e-03
E10/12 B3800/36000 batch_loss=2.3324e-03
E10/12 B4000/36000 batch_loss=1.5672e-03
E10/12 B4200/36000 batch_loss=2.2941e-03
E10/12 B4400/36000 batch_loss=2.5012e-03
E10/12 B4600/36000 batch_loss=2.4870e-03
E10/12 B4800/36000 batch_loss=2.4799e-03
E10/12 B5000/36000 batch_loss=2.3413e-03
E10/12 B5200/36000 batch_loss=2.5148e-03
E10/12 B5400/36000 batch_loss=1.4635e-03
E10/12 B5600/36000 batch_loss=1.6381e-03
E10/12 B5800/36000 batch_loss=1.4646e-03
E10/12 B6000/36000 batch_loss=2.3410e-03
E10/12 B6200/36000 batch_loss=1.5655e-03
E10/12 B6400/36000 batch_loss=2.4368e-03
E10/12 B6600/36000 batch_loss=2.5642e-03
E10/12 B6800/36000 batch_loss=2.3196e-03
E10/12 B7000/36000 batch_loss=2.4802e-03
E10/12 B7200/36000 batch_loss=1.5434e-03
E10/12 B7400/36000 batch_loss=2.3633e-03
E10/12 B7600/36000 batch_loss=1.3543e-03
E10/12 B7800/36000 batch_loss=2.2696e-03
E10/12 B8000/36000 batch_loss=1.7614e-03
E10/12 B8200/36000 batch_loss=2.6709e-03
E10/12 B8400/36000 batch_loss=1.3990e-03
E10/12 B8600/36000 batch_loss=2.5252e-03
E10/12 B8800/36000 batch_loss=2.4756e-03
E10/12 B9000/36000 batch_loss=1.5685e-03
E10/12 B9200/36000 batch_loss=1.5648e-03
E10/12 B9400/36000 batch_loss=1.4899e-03
E10/12 B9600/36000 batch_loss=1.5093e-03
E10/12 B9800/36000 batch_loss=1.5429e-03
E10/12 B10000/36000 batch_loss=1.5700e-03
E10/12 B10200/36000 batch_loss=2.4012e-03
E10/12 B10400/36000 batch_loss=2.5164e-03
E10/12 B10600/36000 batch_loss=2.4194e-03
E10/12 B10800/36000 batch_loss=1.5519e-03
E10/12 B11000/36000 batch_loss=1.4908e-03
E10/12 B11200/36000 batch_loss=1.5356e-03
E10/12 B11400/36000 batch_loss=1.6001e-03
E10/12 B11600/36000 batch_loss=1.4456e-03
E10/12 B11800/36000 batch_loss=2.2458e-03
E10/12 B12000/36000 batch_loss=2.3739e-03
E10/12 B12200/36000 batch_loss=2.4648e-03
E10/12 B12400/36000 batch_loss=2.4670e-03
E10/12 B12600/36000 batch_loss=1.6253e-03
E10/12 B12800/36000 batch_loss=2.4224e-03
E10/12 B13000/36000 batch_loss=2.0572e-03
E10/12 B13200/36000 batch_loss=2.4328e-03
E10/12 B13400/36000 batch_loss=1.5195e-03
E10/12 B13600/36000 batch_loss=1.5696e-03
E10/12 B13800/36000 batch_loss=1.6517e-03
E10/12 B14000/36000 batch_loss=2.2275e-03
E10/12 B14200/36000 batch_loss=1.5726e-03
E10/12 B14400/36000 batch_loss=2.3859e-03
E10/12 B14600/36000 batch_loss=1.5746e-03
E10/12 B14800/36000 batch_loss=2.2768e-03
E10/12 B15000/36000 batch_loss=1.5314e-03
E10/12 B15200/36000 batch_loss=2.3182e-03
E10/12 B15400/36000 batch_loss=2.5245e-03
E10/12 B15600/36000 batch_loss=1.5728e-03
E10/12 B15800/36000 batch_loss=1.4869e-03
E10/12 B16000/36000 batch_loss=2.4362e-03
E10/12 B16200/36000 batch_loss=1.6477e-03
E10/12 B16400/36000 batch_loss=1.4924e-03
E10/12 B16600/36000 batch_loss=2.3392e-03
E10/12 B16800/36000 batch_loss=1.5992e-03
E10/12 B17000/36000 batch_loss=2.5125e-03
E10/12 B17200/36000 batch_loss=1.5778e-03
E10/12 B17400/36000 batch_loss=2.3135e-03
E10/12 B17600/36000 batch_loss=2.2751e-03
E10/12 B17800/36000 batch_loss=1.6778e-03
E10/12 B18000/36000 batch_loss=1.5288e-03
E10/12 B18200/36000 batch_loss=2.3842e-03
E10/12 B18400/36000 batch_loss=1.6221e-03
E10/12 B18600/36000 batch_loss=2.2332e-03
E10/12 B18800/36000 batch_loss=1.5106e-03
E10/12 B19000/36000 batch_loss=2.5833e-03
E10/12 B19200/36000 batch_loss=1.5741e-03
E10/12 B19400/36000 batch_loss=2.5217e-03
E10/12 B19600/36000 batch_loss=2.3935e-03
E10/12 B19800/36000 batch_loss=2.4918e-03
E10/12 B20000/36000 batch_loss=2.4538e-03
E10/12 B20200/36000 batch_loss=1.6261e-03
E10/12 B20400/36000 batch_loss=2.3859e-03
E10/12 B20600/36000 batch_loss=2.3735e-03
E10/12 B20800/36000 batch_loss=2.5627e-03
E10/12 B21000/36000 batch_loss=2.2456e-03
E10/12 B21200/36000 batch_loss=1.4905e-03
E10/12 B21400/36000 batch_loss=1.6783e-03
E10/12 B21600/36000 batch_loss=1.4886e-03
E10/12 B21800/36000 batch_loss=1.7069e-03
E10/12 B22000/36000 batch_loss=1.5470e-03
E10/12 B22200/36000 batch_loss=1.4859e-03
E10/12 B22400/36000 batch_loss=2.3100e-03
E10/12 B22600/36000 batch_loss=2.5407e-03
E10/12 B22800/36000 batch_loss=1.5205e-03
E10/12 B23000/36000 batch_loss=2.6987e-03
E10/12 B23200/36000 batch_loss=1.4932e-03
E10/12 B23400/36000 batch_loss=1.5931e-03
E10/12 B23600/36000 batch_loss=2.5711e-03
E10/12 B23800/36000 batch_loss=1.4523e-03
E10/12 B24000/36000 batch_loss=2.4430e-03
E10/12 B24200/36000 batch_loss=1.5857e-03
E10/12 B24400/36000 batch_loss=1.5332e-03
E10/12 B24600/36000 batch_loss=1.6055e-03
E10/12 B24800/36000 batch_loss=2.6003e-03
E10/12 B25000/36000 batch_loss=1.5726e-03
E10/12 B25200/36000 batch_loss=1.5830e-03
E10/12 B25400/36000 batch_loss=1.4679e-03
E10/12 B25600/36000 batch_loss=1.5992e-03
E10/12 B25800/36000 batch_loss=1.5491e-03
E10/12 B26000/36000 batch_loss=1.6484e-03
E10/12 B26200/36000 batch_loss=2.6065e-03
E10/12 B26400/36000 batch_loss=1.6600e-03
E10/12 B26600/36000 batch_loss=2.5321e-03
E10/12 B26800/36000 batch_loss=2.2313e-03
E10/12 B27000/36000 batch_loss=2.1542e-03
E10/12 B27200/36000 batch_loss=2.4103e-03
E10/12 B27400/36000 batch_loss=2.5133e-03
E10/12 B27600/36000 batch_loss=1.7683e-03
E10/12 B27800/36000 batch_loss=2.4784e-03
E10/12 B28000/36000 batch_loss=1.5410e-03
E10/12 B28200/36000 batch_loss=1.5842e-03
E10/12 B28400/36000 batch_loss=1.6562e-03
E10/12 B28600/36000 batch_loss=2.5417e-03
E10/12 B28800/36000 batch_loss=1.6762e-03
E10/12 B29000/36000 batch_loss=1.6129e-03
E10/12 B29200/36000 batch_loss=1.2518e-03
E10/12 B29400/36000 batch_loss=1.6142e-03
E10/12 B29600/36000 batch_loss=2.5965e-03
E10/12 B29800/36000 batch_loss=2.5129e-03
E10/12 B30000/36000 batch_loss=2.5135e-03
E10/12 B30200/36000 batch_loss=1.6012e-03
E10/12 B30400/36000 batch_loss=1.5739e-03
E10/12 B30600/36000 batch_loss=1.5000e-03
E10/12 B30800/36000 batch_loss=2.3121e-03
E10/12 B31000/36000 batch_loss=1.3327e-03
E10/12 B31200/36000 batch_loss=2.2935e-03
E10/12 B31400/36000 batch_loss=2.5498e-03
E10/12 B31600/36000 batch_loss=1.5293e-03
E10/12 B31800/36000 batch_loss=1.6040e-03
E10/12 B32000/36000 batch_loss=1.6037e-03
E10/12 B32200/36000 batch_loss=2.1789e-03
E10/12 B32400/36000 batch_loss=2.4268e-03
E10/12 B32600/36000 batch_loss=2.5991e-03
E10/12 B32800/36000 batch_loss=1.6676e-03
E10/12 B33000/36000 batch_loss=2.6076e-03
E10/12 B33200/36000 batch_loss=2.3948e-03
E10/12 B33400/36000 batch_loss=2.6018e-03
E10/12 B33600/36000 batch_loss=2.4417e-03
E10/12 B33800/36000 batch_loss=1.4094e-03
E10/12 B34000/36000 batch_loss=1.5634e-03
E10/12 B34200/36000 batch_loss=1.5264e-03
E10/12 B34400/36000 batch_loss=2.2926e-03
E10/12 B34600/36000 batch_loss=2.2186e-03
E10/12 B34800/36000 batch_loss=1.4962e-03
E10/12 B35000/36000 batch_loss=2.4975e-03
E10/12 B35200/36000 batch_loss=1.4805e-03
E10/12 B35400/36000 batch_loss=2.5466e-03
E10/12 B35600/36000 batch_loss=1.6081e-03
E10/12 B35800/36000 batch_loss=1.5156e-03
E10/12 B36000/36000 batch_loss=2.3506e-03
2026-06-24 11:36:35,269 | INFO | Saved 10 diagnostic panel(s) under D:\Research\NO-2D-Metamaterials\MODELS\training_runs\NO_I3O5_BCF16_L1_HC128_LR4e-03_WD0e+00_SS1_G8e-01_ch0u_260622\diagnostics\epoch_010
epoch=10/12 train_loss=1.987935e-03 val_loss=2.449827e-03 lr=4.295e-04 train_sps=1530.0
epoch=10/12 compare_loss(mse) train=4.451543e-05 val=6.707215e-05
2026-06-24 11:36:36,728 | INFO | epoch=10/12 loss=l1 train_ch_l1=3.430e-04 2.195e-03 2.086e-03 2.754e-03 2.561e-03 val_ch_l1=7.383e-04 2.653e-03 2.540e-03 3.275e-03 3.043e-03 train_loss=1.987935e-03 val_loss=2.449827e-03 lr=4.295e-04 train_sps=1530.0
2026-06-24 11:36:36,728 | INFO | epoch=10/12 compare_loss=mse train_ch_mse=5.544e-06 4.504e-05 4.249e-05 6.898e-05 6.052e-05 val_ch_mse=5.112e-05 6.104e-05 5.861e-05 8.701e-05 7.759e-05 train_loss=4.451543e-05 val_loss=6.707215e-05
