26/06/30 19:57:08.19 | === resume b1e-4 branch: +1 epoch (16) from E15 state === 
2026-06-30 19:57:22,115 | INFO | Huber/SmoothL1 beta=1.000000e-04
2026-06-30 19:57:22,116 | INFO | Reference L1/MSE logging enabled | active_loss=smoothl1 compare_col=mse
D:\Research\NO-2D-Metamaterials\train_from_disk.py:1405: FutureWarning: `torch.cuda.amp.GradScaler(args...)` is deprecated. Please use `torch.amp.GradScaler('cuda', args...)` instead.
  scaler = torch.cuda.amp.GradScaler(enabled=(device.type == "cuda" and args.amp == "fp16"))
2026-06-30 19:57:23,160 | INFO | Resumed full state from D:\Research\NO-2D-Metamaterials\MODELS\training_runs\NO_I3O5_BCF16_SL1_HC128_LR2e-03_WD0e+00_SS1_G9e-01_ch0u_260626_b1e-4_e12-15\training_state_latest.pt at epoch=15
2026-06-30 19:57:23,163 | INFO | Run started | run_name=NO_I3O5_BCF16_SL1_HC128_LR2e-03_WD0e+00_SS1_G9e-01_ch0u_260626 run_id=NO_I3O5_BCF16_SL1_HC128_LR2e-03_WD0e+00_SS1_G9e-01_ch0u_260626 device=cuda train_samples=18720000 test_samples=3900000 val_index_source=indices_full epoch_range=16..16
2026-06-30 19:57:23,164 | INFO | Fault diagnostics | main_fault_log=D:\Research\NO-2D-Metamaterials\MODELS\training_runs\NO_I3O5_BCF16_SL1_HC128_LR2e-03_WD0e+00_SS1_G9e-01_ch0u_260626_b1e-4_e12-15\main_process_fault.log
E16/16 B200/36000 batch_loss=1.1309e-03
E16/16 B400/36000 batch_loss=9.0918e-04
E16/16 B600/36000 batch_loss=1.1854e-03
E16/16 B800/36000 batch_loss=1.1354e-03
E16/16 B1000/36000 batch_loss=1.1320e-03
E16/16 B1200/36000 batch_loss=1.0506e-03
E16/16 B1400/36000 batch_loss=1.3042e-03
E16/16 B1600/36000 batch_loss=1.1794e-03
E16/16 B1800/36000 batch_loss=1.1298e-03
E16/16 B2000/36000 batch_loss=1.2733e-03
E16/16 B2200/36000 batch_loss=2.0422e-03
E16/16 B2400/36000 batch_loss=1.6682e-03
E16/16 B2600/36000 batch_loss=2.0586e-03
E16/16 B2800/36000 batch_loss=1.0208e-03
E16/16 B3000/36000 batch_loss=1.8674e-03
E16/16 B3200/36000 batch_loss=1.7362e-03
E16/16 B3400/36000 batch_loss=1.2525e-03
E16/16 B3600/36000 batch_loss=1.8212e-03
E16/16 B3800/36000 batch_loss=1.7250e-03
E16/16 B4000/36000 batch_loss=2.0319e-03
E16/16 B4200/36000 batch_loss=2.0308e-03
E16/16 B4400/36000 batch_loss=1.1677e-03
E16/16 B4600/36000 batch_loss=1.0702e-03
E16/16 B4800/36000 batch_loss=1.0273e-03
E16/16 B5000/36000 batch_loss=1.2941e-03
E16/16 B5200/36000 batch_loss=1.7225e-03
E16/16 B5400/36000 batch_loss=9.8211e-04
E16/16 B5600/36000 batch_loss=1.2498e-03
E16/16 B5800/36000 batch_loss=9.9570e-04
E16/16 B6000/36000 batch_loss=1.1693e-03
E16/16 B6200/36000 batch_loss=1.9381e-03
E16/16 B6400/36000 batch_loss=1.1507e-03
E16/16 B6600/36000 batch_loss=1.0649e-03
E16/16 B6800/36000 batch_loss=1.3211e-03
E16/16 B7000/36000 batch_loss=1.1044e-03
E16/16 B7200/36000 batch_loss=1.1818e-03
E16/16 B7400/36000 batch_loss=2.0162e-03
E16/16 B7600/36000 batch_loss=1.9292e-03
E16/16 B7800/36000 batch_loss=1.2583e-03
E16/16 B8000/36000 batch_loss=1.6851e-03
E16/16 B8200/36000 batch_loss=1.9274e-03
E16/16 B8400/36000 batch_loss=1.7074e-03
E16/16 B8600/36000 batch_loss=1.8796e-03
E16/16 B8800/36000 batch_loss=1.9003e-03
E16/16 B9000/36000 batch_loss=1.7230e-03
E16/16 B9200/36000 batch_loss=9.2375e-04
E16/16 B9400/36000 batch_loss=1.9332e-03
E16/16 B9600/36000 batch_loss=1.0733e-03
E16/16 B9800/36000 batch_loss=1.0441e-03
E16/16 B10000/36000 batch_loss=1.1616e-03
E16/16 B10200/36000 batch_loss=1.1596e-03
E16/16 B10400/36000 batch_loss=1.9163e-03
E16/16 B10600/36000 batch_loss=1.8790e-03
E16/16 B10800/36000 batch_loss=1.1545e-03
E16/16 B11000/36000 batch_loss=1.8212e-03
E16/16 B11200/36000 batch_loss=1.2151e-03
E16/16 B11400/36000 batch_loss=1.2072e-03
E16/16 B11600/36000 batch_loss=1.0785e-03
E16/16 B11800/36000 batch_loss=1.9985e-03
E16/16 B12000/36000 batch_loss=1.7975e-03
E16/16 B12200/36000 batch_loss=1.9260e-03
E16/16 B12400/36000 batch_loss=1.2339e-03
E16/16 B12600/36000 batch_loss=1.8839e-03
E16/16 B12800/36000 batch_loss=1.7143e-03
E16/16 B13000/36000 batch_loss=1.1350e-03
E16/16 B13200/36000 batch_loss=1.0265e-03
E16/16 B13400/36000 batch_loss=1.8254e-03
E16/16 B13600/36000 batch_loss=1.7774e-03
E16/16 B13800/36000 batch_loss=1.8636e-03
E16/16 B14000/36000 batch_loss=1.2693e-03
E16/16 B14200/36000 batch_loss=1.8129e-03
E16/16 B14400/36000 batch_loss=1.8861e-03
E16/16 B14600/36000 batch_loss=1.8814e-03
E16/16 B14800/36000 batch_loss=1.2288e-03
E16/16 B15000/36000 batch_loss=1.7329e-03
E16/16 B15200/36000 batch_loss=1.1089e-03
E16/16 B15400/36000 batch_loss=2.0573e-03
E16/16 B15600/36000 batch_loss=1.1939e-03
E16/16 B15800/36000 batch_loss=1.9089e-03
E16/16 B16000/36000 batch_loss=1.2013e-03
E16/16 B16200/36000 batch_loss=1.9501e-03
E16/16 B16400/36000 batch_loss=9.5351e-04
E16/16 B16600/36000 batch_loss=1.0333e-03
E16/16 B16800/36000 batch_loss=1.7347e-03
E16/16 B17000/36000 batch_loss=1.9465e-03
E16/16 B17200/36000 batch_loss=1.1135e-03
E16/16 B17400/36000 batch_loss=1.0658e-03
E16/16 B17600/36000 batch_loss=1.8807e-03
E16/16 B17800/36000 batch_loss=2.0066e-03
E16/16 B18000/36000 batch_loss=1.7689e-03
E16/16 B18200/36000 batch_loss=1.7366e-03
E16/16 B18400/36000 batch_loss=1.1166e-03
E16/16 B18600/36000 batch_loss=1.0239e-03
E16/16 B18800/36000 batch_loss=1.7554e-03
E16/16 B19000/36000 batch_loss=1.0598e-03
E16/16 B19200/36000 batch_loss=9.2947e-04
E16/16 B19400/36000 batch_loss=1.0811e-03
E16/16 B19600/36000 batch_loss=1.2047e-03
E16/16 B19800/36000 batch_loss=2.0680e-03
E16/16 B20000/36000 batch_loss=1.7733e-03
E16/16 B20200/36000 batch_loss=1.9758e-03
E16/16 B20400/36000 batch_loss=1.8793e-03
E16/16 B20600/36000 batch_loss=1.1844e-03
E16/16 B20800/36000 batch_loss=1.0162e-03
E16/16 B21000/36000 batch_loss=1.7162e-03
E16/16 B21200/36000 batch_loss=1.1921e-03
E16/16 B21400/36000 batch_loss=1.9920e-03
E16/16 B21600/36000 batch_loss=1.1928e-03
E16/16 B21800/36000 batch_loss=2.0765e-03
E16/16 B22000/36000 batch_loss=1.2192e-03
E16/16 B22200/36000 batch_loss=1.2421e-03
E16/16 B22400/36000 batch_loss=1.1995e-03
E16/16 B22600/36000 batch_loss=1.8176e-03
E16/16 B22800/36000 batch_loss=2.0420e-03
E16/16 B23000/36000 batch_loss=1.0435e-03
E16/16 B23200/36000 batch_loss=1.6868e-03
E16/16 B23400/36000 batch_loss=1.1605e-03
E16/16 B23600/36000 batch_loss=1.8166e-03
E16/16 B23800/36000 batch_loss=1.9905e-03
E16/16 B24000/36000 batch_loss=1.8420e-03
E16/16 B24200/36000 batch_loss=1.8015e-03
E16/16 B24400/36000 batch_loss=1.1535e-03
E16/16 B24600/36000 batch_loss=1.8395e-03
E16/16 B24800/36000 batch_loss=1.1441e-03
E16/16 B25000/36000 batch_loss=1.1335e-03
E16/16 B25200/36000 batch_loss=1.9004e-03
E16/16 B25400/36000 batch_loss=1.1635e-03
E16/16 B25600/36000 batch_loss=1.0958e-03
E16/16 B25800/36000 batch_loss=1.2347e-03
E16/16 B26000/36000 batch_loss=1.2373e-03
E16/16 B26200/36000 batch_loss=1.0642e-03
E16/16 B26400/36000 batch_loss=1.8698e-03
E16/16 B26600/36000 batch_loss=1.7635e-03
E16/16 B26800/36000 batch_loss=1.9360e-03
E16/16 B27000/36000 batch_loss=1.1268e-03
E16/16 B27200/36000 batch_loss=1.9704e-03
E16/16 B27400/36000 batch_loss=2.0144e-03
E16/16 B27600/36000 batch_loss=1.3041e-03
E16/16 B27800/36000 batch_loss=1.2043e-03
E16/16 B28000/36000 batch_loss=1.8864e-03
E16/16 B28200/36000 batch_loss=1.0737e-03
E16/16 B28400/36000 batch_loss=1.8135e-03
E16/16 B28600/36000 batch_loss=1.0236e-03
E16/16 B28800/36000 batch_loss=1.6724e-03
E16/16 B29000/36000 batch_loss=1.1707e-03
E16/16 B29200/36000 batch_loss=1.0964e-03
E16/16 B29400/36000 batch_loss=1.1648e-03
E16/16 B29600/36000 batch_loss=2.0464e-03
E16/16 B29800/36000 batch_loss=1.7158e-03
E16/16 B30000/36000 batch_loss=1.1674e-03
E16/16 B30200/36000 batch_loss=1.9233e-03
E16/16 B30400/36000 batch_loss=1.8807e-03
E16/16 B30600/36000 batch_loss=1.0709e-03
E16/16 B30800/36000 batch_loss=1.1345e-03
E16/16 B31000/36000 batch_loss=9.8556e-04
E16/16 B31200/36000 batch_loss=1.9456e-03
E16/16 B31400/36000 batch_loss=1.1246e-03
E16/16 B31600/36000 batch_loss=1.1734e-03
E16/16 B31800/36000 batch_loss=1.2223e-03
E16/16 B32000/36000 batch_loss=1.0705e-03
E16/16 B32200/36000 batch_loss=1.1606e-03
E16/16 B32400/36000 batch_loss=1.8318e-03
E16/16 B32600/36000 batch_loss=1.6665e-03
E16/16 B32800/36000 batch_loss=1.8485e-03
E16/16 B33000/36000 batch_loss=1.9500e-03
E16/16 B33200/36000 batch_loss=1.8428e-03
E16/16 B33400/36000 batch_loss=1.7769e-03
E16/16 B33600/36000 batch_loss=1.3054e-03
E16/16 B33800/36000 batch_loss=1.8053e-03
E16/16 B34000/36000 batch_loss=1.8430e-03
E16/16 B34200/36000 batch_loss=1.1389e-03
E16/16 B34400/36000 batch_loss=1.9721e-03
E16/16 B34600/36000 batch_loss=1.8388e-03
E16/16 B34800/36000 batch_loss=1.8193e-03
E16/16 B35000/36000 batch_loss=1.0297e-03
E16/16 B35200/36000 batch_loss=1.8840e-03
E16/16 B35400/36000 batch_loss=1.2512e-03
E16/16 B35600/36000 batch_loss=1.0984e-03
E16/16 B35800/36000 batch_loss=1.1348e-03
E16/16 B36000/36000 batch_loss=1.9507e-03
2026-07-01 00:10:57,347 | INFO | Saved 10 diagnostic panel(s) under D:\Research\NO-2D-Metamaterials\MODELS\training_runs\NO_I3O5_BCF16_SL1_HC128_LR2e-03_WD0e+00_SS1_G9e-01_ch0u_260626_b1e-4_e12-15\diagnostics\epoch_016
epoch=16/16 train_loss=1.506548e-03 val_loss=2.082855e-03 lr=3.335e-04 train_sps=1311.6
epoch=16/16 compare_loss(mse) train=3.324335e-05 val=5.794689e-05
epoch=16/16 ref_l1 train=1.552727e-03 val=2.128830e-03 ref_mse train=3.324335e-05 val=5.794689e-05
2026-07-01 00:10:58,516 | INFO | epoch=16/16 loss=smoothl1 train_ch_smoothl1=2.566e-04 1.616e-03 1.535e-03 2.140e-03 1.985e-03 val_ch_smoothl1=5.492e-04 2.240e-03 2.152e-03 2.830e-03 2.643e-03 train_loss=1.506548e-03 val_loss=2.082855e-03 lr=3.335e-04 train_sps=1311.6
2026-07-01 00:10:58,516 | INFO | epoch=16/16 compare_loss=mse train=3.324335e-05 val=5.794689e-05 train_ch_mse=5.403e-06 3.170e-05 2.946e-05 5.350e-05 4.615e-05 val_ch_mse=3.876e-05 5.265e-05 5.049e-05 7.862e-05 6.922e-05
2026-07-01 00:10:58,516 | INFO | epoch=16/16 ref_l1 train=1.552727e-03 val=2.128830e-03 ref_mse train=3.324335e-05 val=5.794689e-05
Epoch 16/16 done | train_loss=1.5065e-03 val_loss=2.0829e-03 lr=3.34e-04
2026-07-01 00:10:58,817 | INFO | Run complete | run_name=NO_I3O5_BCF16_SL1_HC128_LR2e-03_WD0e+00_SS1_G9e-01_ch0u_260626 run_id=NO_I3O5_BCF16_SL1_HC128_LR2e-03_WD0e+00_SS1_G9e-01_ch0u_260626 best_val_loss=1.853127e-03
2026-07-01 00:10:58,817 | INFO | Artifacts saved to: D:\Research\NO-2D-Metamaterials\MODELS\training_runs\NO_I3O5_BCF16_SL1_HC128_LR2e-03_WD0e+00_SS1_G9e-01_ch0u_260626_b1e-4_e12-15
Run complete. run_name=NO_I3O5_BCF16_SL1_HC128_LR2e-03_WD0e+00_SS1_G9e-01_ch0u_260626 run_id=NO_I3O5_BCF16_SL1_HC128_LR2e-03_WD0e+00_SS1_G9e-01_ch0u_260626 best_val_loss=1.853127e-03
Artifacts saved to: D:\Research\NO-2D-Metamaterials\MODELS\training_runs\NO_I3O5_BCF16_SL1_HC128_LR2e-03_WD0e+00_SS1_G9e-01_ch0u_260626_b1e-4_e12-15
