26/06/28  5:08:44.40 | === resume Huber 260626: +4 epochs (9-12), restore optimizer/scheduler LR pattern === 
2026-06-28 05:08:56,759 | INFO | Huber/SmoothL1 beta=1.000000e-03
2026-06-28 05:08:56,760 | INFO | Reference L1/MSE logging enabled | active_loss=smoothl1 compare_col=mse
D:\Research\NO-2D-Metamaterials\train_from_disk.py:1391: FutureWarning: `torch.cuda.amp.GradScaler(args...)` is deprecated. Please use `torch.amp.GradScaler('cuda', args...)` instead.
  scaler = torch.cuda.amp.GradScaler(enabled=(device.type == "cuda" and args.amp == "fp16"))
2026-06-28 05:08:57,734 | INFO | Resumed full state from D:\Research\NO-2D-Metamaterials\MODELS\training_runs\NO_I3O5_BCF16_SL1_HC128_LR2e-03_WD0e+00_SS1_G9e-01_ch0u_260626\training_state_latest.pt at epoch=8
2026-06-28 05:08:57,738 | INFO | Run started | run_name=NO_I3O5_BCF16_SL1_HC128_LR2e-03_WD0e+00_SS1_G9e-01_ch0u_260626 run_id=NO_I3O5_BCF16_SL1_HC128_LR2e-03_WD0e+00_SS1_G9e-01_ch0u_260626 device=cuda train_samples=18720000 test_samples=3900000 val_index_source=indices_full epoch_range=9..12
2026-06-28 05:08:57,738 | INFO | Fault diagnostics | main_fault_log=D:\Research\NO-2D-Metamaterials\MODELS\training_runs\NO_I3O5_BCF16_SL1_HC128_LR2e-03_WD0e+00_SS1_G9e-01_ch0u_260626\main_process_fault.log
E9/12 B200/36000 batch_loss=1.0376e-03
E9/12 B400/36000 batch_loss=1.9400e-03
E9/12 B600/36000 batch_loss=2.0714e-03
E9/12 B800/36000 batch_loss=1.2912e-03
E9/12 B1000/36000 batch_loss=2.0877e-03
E9/12 B1200/36000 batch_loss=1.1839e-03
E9/12 B1400/36000 batch_loss=1.8086e-03
E9/12 B1600/36000 batch_loss=2.0552e-03
E9/12 B1800/36000 batch_loss=1.1464e-03
E9/12 B2000/36000 batch_loss=1.0856e-03
E9/12 B2200/36000 batch_loss=1.0950e-03
E9/12 B2400/36000 batch_loss=1.3094e-03
E9/12 B2600/36000 batch_loss=1.2456e-03
E9/12 B2800/36000 batch_loss=1.0268e-03
E9/12 B3000/36000 batch_loss=1.5979e-03
E9/12 B3200/36000 batch_loss=1.2363e-03
E9/12 B3400/36000 batch_loss=1.9844e-03
E9/12 B3600/36000 batch_loss=1.0367e-03
E9/12 B3800/36000 batch_loss=1.9535e-03
E9/12 B4000/36000 batch_loss=1.1292e-03
E9/12 B4200/36000 batch_loss=1.2137e-03
E9/12 B4400/36000 batch_loss=1.3399e-03
E9/12 B4600/36000 batch_loss=1.0773e-03
E9/12 B4800/36000 batch_loss=2.0036e-03
E9/12 B5000/36000 batch_loss=1.1842e-03
E9/12 B5200/36000 batch_loss=2.0259e-03
E9/12 B5400/36000 batch_loss=2.0574e-03
E9/12 B5600/36000 batch_loss=1.2109e-03
E9/12 B5800/36000 batch_loss=1.1196e-03
E9/12 B6000/36000 batch_loss=2.0579e-03
E9/12 B6200/36000 batch_loss=2.1246e-03
E9/12 B6400/36000 batch_loss=1.0537e-03
E9/12 B6600/36000 batch_loss=1.2120e-03
E9/12 B6800/36000 batch_loss=1.8597e-03
E9/12 B7000/36000 batch_loss=1.1155e-03
E9/12 B7200/36000 batch_loss=1.2081e-03
E9/12 B7400/36000 batch_loss=1.8920e-03
E9/12 B7600/36000 batch_loss=1.3132e-03
E9/12 B7800/36000 batch_loss=1.7287e-03
E9/12 B8000/36000 batch_loss=1.1603e-03
E9/12 B8200/36000 batch_loss=1.6582e-03
E9/12 B8400/36000 batch_loss=1.2306e-03
E9/12 B8600/36000 batch_loss=1.9846e-03
E9/12 B8800/36000 batch_loss=1.9423e-03
E9/12 B9000/36000 batch_loss=1.1487e-03
E9/12 B9200/36000 batch_loss=1.6778e-03
E9/12 B9400/36000 batch_loss=2.0379e-03
E9/12 B9600/36000 batch_loss=1.8721e-03
E9/12 B9800/36000 batch_loss=1.7492e-03
E9/12 B10000/36000 batch_loss=1.1298e-03
E9/12 B10200/36000 batch_loss=9.9596e-04
E9/12 B10400/36000 batch_loss=1.0837e-03
E9/12 B10600/36000 batch_loss=1.0701e-03
E9/12 B10800/36000 batch_loss=1.2068e-03
E9/12 B11000/36000 batch_loss=1.8393e-03
E9/12 B11200/36000 batch_loss=1.8359e-03
E9/12 B11400/36000 batch_loss=1.1016e-03
E9/12 B11600/36000 batch_loss=1.0710e-03
E9/12 B11800/36000 batch_loss=1.1323e-03
E9/12 B12000/36000 batch_loss=1.1287e-03
E9/12 B12200/36000 batch_loss=1.8738e-03
E9/12 B12400/36000 batch_loss=1.1755e-03
E9/12 B12600/36000 batch_loss=1.1241e-03
E9/12 B12800/36000 batch_loss=1.8049e-03
E9/12 B13000/36000 batch_loss=1.7482e-03
E9/12 B13200/36000 batch_loss=1.8480e-03
E9/12 B13400/36000 batch_loss=1.7349e-03
E9/12 B13600/36000 batch_loss=1.9021e-03
E9/12 B13800/36000 batch_loss=1.7016e-03
E9/12 B14000/36000 batch_loss=1.9590e-03
E9/12 B14200/36000 batch_loss=1.8626e-03
E9/12 B14400/36000 batch_loss=1.1286e-03
E9/12 B14600/36000 batch_loss=1.0435e-03
E9/12 B14800/36000 batch_loss=1.0646e-03
E9/12 B15000/36000 batch_loss=2.0636e-03
E9/12 B15200/36000 batch_loss=1.7183e-03
E9/12 B15400/36000 batch_loss=1.8343e-03
E9/12 B15600/36000 batch_loss=1.1976e-03
E9/12 B15800/36000 batch_loss=1.2870e-03
E9/12 B16000/36000 batch_loss=1.1933e-03
E9/12 B16200/36000 batch_loss=1.8161e-03
E9/12 B16400/36000 batch_loss=1.1440e-03
E9/12 B16600/36000 batch_loss=1.0386e-03
E9/12 B16800/36000 batch_loss=1.9917e-03
E9/12 B17000/36000 batch_loss=1.6301e-03
E9/12 B17200/36000 batch_loss=1.8441e-03
E9/12 B17400/36000 batch_loss=1.9888e-03
E9/12 B17600/36000 batch_loss=1.9504e-03
E9/12 B17800/36000 batch_loss=1.2217e-03
E9/12 B18000/36000 batch_loss=1.1338e-03
E9/12 B18200/36000 batch_loss=1.1059e-03
E9/12 B18400/36000 batch_loss=1.7576e-03
E9/12 B18600/36000 batch_loss=1.1499e-03
E9/12 B18800/36000 batch_loss=2.0781e-03
E9/12 B19000/36000 batch_loss=2.1254e-03
E9/12 B19200/36000 batch_loss=2.0461e-03
E9/12 B19400/36000 batch_loss=1.9740e-03
E9/12 B19600/36000 batch_loss=1.3109e-03
E9/12 B19800/36000 batch_loss=2.0579e-03
E9/12 B20000/36000 batch_loss=1.9445e-03
E9/12 B20200/36000 batch_loss=9.3946e-04
E9/12 B20400/36000 batch_loss=2.1104e-03
E9/12 B20600/36000 batch_loss=1.3753e-03
E9/12 B20800/36000 batch_loss=1.2028e-03
E9/12 B21000/36000 batch_loss=1.4463e-03
E9/12 B21200/36000 batch_loss=1.0245e-03
E9/12 B21400/36000 batch_loss=1.9424e-03
E9/12 B21600/36000 batch_loss=1.2336e-03
E9/12 B21800/36000 batch_loss=1.7780e-03
E9/12 B22000/36000 batch_loss=1.8762e-03
E9/12 B22200/36000 batch_loss=1.0269e-03
E9/12 B22400/36000 batch_loss=1.1867e-03
E9/12 B22600/36000 batch_loss=1.8369e-03
E9/12 B22800/36000 batch_loss=9.1903e-04
E9/12 B23000/36000 batch_loss=1.8689e-03
E9/12 B23200/36000 batch_loss=1.0910e-03
E9/12 B23400/36000 batch_loss=2.0356e-03
E9/12 B23600/36000 batch_loss=1.2406e-03
E9/12 B23800/36000 batch_loss=1.0108e-03
E9/12 B24000/36000 batch_loss=1.2500e-03
E9/12 B24200/36000 batch_loss=1.1311e-03
E9/12 B24400/36000 batch_loss=1.8127e-03
E9/12 B24600/36000 batch_loss=1.8795e-03
E9/12 B24800/36000 batch_loss=1.2319e-03
E9/12 B25000/36000 batch_loss=1.8014e-03
E9/12 B25200/36000 batch_loss=1.7323e-03
E9/12 B25400/36000 batch_loss=2.1309e-03
E9/12 B25600/36000 batch_loss=1.8561e-03
E9/12 B25800/36000 batch_loss=1.8655e-03
E9/12 B26000/36000 batch_loss=1.3906e-03
E9/12 B26200/36000 batch_loss=1.0730e-03
E9/12 B26400/36000 batch_loss=1.8939e-03
E9/12 B26600/36000 batch_loss=1.9542e-03
E9/12 B26800/36000 batch_loss=1.9178e-03
E9/12 B27000/36000 batch_loss=1.0905e-03
E9/12 B27200/36000 batch_loss=1.0573e-03
E9/12 B27400/36000 batch_loss=1.9372e-03
E9/12 B27600/36000 batch_loss=1.8774e-03
E9/12 B27800/36000 batch_loss=1.1864e-03
E9/12 B28000/36000 batch_loss=1.0998e-03
E9/12 B28200/36000 batch_loss=1.4256e-03
E9/12 B28400/36000 batch_loss=1.2495e-03
E9/12 B28600/36000 batch_loss=1.0554e-03
E9/12 B28800/36000 batch_loss=1.7590e-03
E9/12 B29000/36000 batch_loss=2.1113e-03
E9/12 B29200/36000 batch_loss=1.2151e-03
E9/12 B29400/36000 batch_loss=1.2087e-03
E9/12 B29600/36000 batch_loss=1.1201e-03
E9/12 B29800/36000 batch_loss=9.7753e-04
E9/12 B30000/36000 batch_loss=1.0773e-03
E9/12 B30200/36000 batch_loss=1.2654e-03
E9/12 B30400/36000 batch_loss=1.8241e-03
E9/12 B30600/36000 batch_loss=1.8526e-03
E9/12 B30800/36000 batch_loss=1.2096e-03
E9/12 B31000/36000 batch_loss=1.9415e-03
E9/12 B31200/36000 batch_loss=1.9453e-03
E9/12 B31400/36000 batch_loss=1.9207e-03
E9/12 B31600/36000 batch_loss=1.8699e-03
E9/12 B31800/36000 batch_loss=1.9458e-03
E9/12 B32000/36000 batch_loss=1.8834e-03
E9/12 B32200/36000 batch_loss=1.7282e-03
E9/12 B32400/36000 batch_loss=2.0414e-03
E9/12 B32600/36000 batch_loss=1.8177e-03
E9/12 B32800/36000 batch_loss=1.3127e-03
E9/12 B33000/36000 batch_loss=1.1794e-03
E9/12 B33200/36000 batch_loss=1.9035e-03
E9/12 B33400/36000 batch_loss=1.3974e-03
E9/12 B33600/36000 batch_loss=1.8558e-03
E9/12 B33800/36000 batch_loss=1.0827e-03
E9/12 B34000/36000 batch_loss=1.8725e-03
E9/12 B34200/36000 batch_loss=1.9965e-03
E9/12 B34400/36000 batch_loss=1.7483e-03
E9/12 B34600/36000 batch_loss=1.8726e-03
E9/12 B34800/36000 batch_loss=1.8946e-03
E9/12 B35000/36000 batch_loss=1.9793e-03
E9/12 B35200/36000 batch_loss=1.9333e-03
E9/12 B35400/36000 batch_loss=1.9774e-03
E9/12 B35600/36000 batch_loss=1.0777e-03
E9/12 B35800/36000 batch_loss=1.9068e-03
E9/12 B36000/36000 batch_loss=2.0028e-03
2026-06-28 08:47:53,999 | INFO | Saved 10 diagnostic panel(s) under D:\Research\NO-2D-Metamaterials\MODELS\training_runs\NO_I3O5_BCF16_SL1_HC128_LR2e-03_WD0e+00_SS1_G9e-01_ch0u_260626\diagnostics\epoch_009
epoch=9/12 train_loss=1.525555e-03 val_loss=1.886504e-03 lr=7.748e-04 train_sps=1532.1
epoch=9/12 compare_loss(mse) train=4.067634e-05 val=5.191234e-05
epoch=9/12 ref_l1 train=1.848034e-03 val=2.214611e-03 ref_mse train=4.067634e-05 val=5.191234e-05
2026-06-28 08:47:55,534 | INFO | epoch=9/12 loss=smoothl1 train_ch_smoothl1=1.981e-04 1.642e-03 1.556e-03 2.205e-03 2.027e-03 val_ch_smoothl1=2.331e-04 2.083e-03 1.996e-03 2.647e-03 2.473e-03 train_loss=1.525555e-03 val_loss=1.886504e-03 lr=7.748e-04 train_sps=1532.1
2026-06-28 08:47:55,534 | INFO | epoch=9/12 compare_loss=mse train=4.067634e-05 val=5.191234e-05 train_ch_mse=1.066e-05 3.888e-05 3.660e-05 6.286e-05 5.438e-05 val_ch_mse=2.905e-06 5.399e-05 5.221e-05 7.977e-05 7.069e-05
2026-06-28 08:47:55,534 | INFO | epoch=9/12 ref_l1 train=1.848034e-03 val=2.214611e-03 ref_mse train=4.067634e-05 val=5.191234e-05
Epoch 9/12 done | train_loss=1.5256e-03 val_loss=1.8865e-03 lr=7.75e-04
E10/12 B200/36000 batch_loss=1.0866e-03
E10/12 B400/36000 batch_loss=1.0537e-03
E10/12 B600/36000 batch_loss=1.9462e-03
E10/12 B800/36000 batch_loss=1.0702e-03
E10/12 B1000/36000 batch_loss=2.0648e-03
E10/12 B1200/36000 batch_loss=1.1971e-03
E10/12 B1400/36000 batch_loss=1.7320e-03
E10/12 B1600/36000 batch_loss=1.0264e-03
E10/12 B1800/36000 batch_loss=1.9067e-03
E10/12 B2000/36000 batch_loss=1.8605e-03
E10/12 B2200/36000 batch_loss=1.3505e-03
E10/12 B2400/36000 batch_loss=1.9727e-03
E10/12 B2600/36000 batch_loss=1.1358e-03
E10/12 B2800/36000 batch_loss=1.7410e-03
E10/12 B3000/36000 batch_loss=1.0272e-03
E10/12 B3200/36000 batch_loss=1.8748e-03
E10/12 B3400/36000 batch_loss=1.6709e-03
E10/12 B3600/36000 batch_loss=1.1931e-03
E10/12 B3800/36000 batch_loss=1.7464e-03
E10/12 B4000/36000 batch_loss=1.1277e-03
E10/12 B4200/36000 batch_loss=1.8185e-03
E10/12 B4400/36000 batch_loss=1.8457e-03
E10/12 B4600/36000 batch_loss=1.8299e-03
E10/12 B4800/36000 batch_loss=1.9025e-03
E10/12 B5000/36000 batch_loss=1.7467e-03
E10/12 B5200/36000 batch_loss=1.9629e-03
E10/12 B5400/36000 batch_loss=1.0513e-03
E10/12 B5600/36000 batch_loss=1.1158e-03
E10/12 B5800/36000 batch_loss=1.0369e-03
E10/12 B6000/36000 batch_loss=1.6883e-03
E10/12 B6200/36000 batch_loss=1.1653e-03
E10/12 B6400/36000 batch_loss=1.8705e-03
E10/12 B6600/36000 batch_loss=1.9700e-03
E10/12 B6800/36000 batch_loss=1.6871e-03
E10/12 B7000/36000 batch_loss=1.9121e-03
E10/12 B7200/36000 batch_loss=1.1446e-03
E10/12 B7400/36000 batch_loss=1.7250e-03
E10/12 B7600/36000 batch_loss=9.0089e-04
E10/12 B7800/36000 batch_loss=1.7483e-03
E10/12 B8000/36000 batch_loss=1.3322e-03
E10/12 B8200/36000 batch_loss=2.0364e-03
E10/12 B8400/36000 batch_loss=1.0046e-03
E10/12 B8600/36000 batch_loss=1.8667e-03
E10/12 B8800/36000 batch_loss=1.9226e-03
E10/12 B9000/36000 batch_loss=1.1401e-03
E10/12 B9200/36000 batch_loss=1.1753e-03
E10/12 B9400/36000 batch_loss=1.0217e-03
E10/12 B9600/36000 batch_loss=1.0989e-03
E10/12 B9800/36000 batch_loss=1.0665e-03
E10/12 B10000/36000 batch_loss=1.1986e-03
E10/12 B10200/36000 batch_loss=1.7769e-03
E10/12 B10400/36000 batch_loss=1.9406e-03
E10/12 B10600/36000 batch_loss=1.9309e-03
E10/12 B10800/36000 batch_loss=1.0933e-03
E10/12 B11000/36000 batch_loss=1.0897e-03
E10/12 B11200/36000 batch_loss=1.0772e-03
E10/12 B11400/36000 batch_loss=1.1297e-03
E10/12 B11600/36000 batch_loss=1.0369e-03
E10/12 B11800/36000 batch_loss=1.8109e-03
E10/12 B12000/36000 batch_loss=1.7312e-03
E10/12 B12200/36000 batch_loss=1.9118e-03
E10/12 B12400/36000 batch_loss=1.8456e-03
E10/12 B12600/36000 batch_loss=1.1285e-03
E10/12 B12800/36000 batch_loss=1.8469e-03
E10/12 B13000/36000 batch_loss=1.5326e-03
E10/12 B13200/36000 batch_loss=1.8075e-03
E10/12 B13400/36000 batch_loss=1.0513e-03
E10/12 B13600/36000 batch_loss=1.1887e-03
E10/12 B13800/36000 batch_loss=1.2018e-03
E10/12 B14000/36000 batch_loss=1.6737e-03
E10/12 B14200/36000 batch_loss=1.1505e-03
E10/12 B14400/36000 batch_loss=1.7388e-03
E10/12 B14600/36000 batch_loss=1.1030e-03
E10/12 B14800/36000 batch_loss=1.6629e-03
E10/12 B15000/36000 batch_loss=1.0527e-03
E10/12 B15200/36000 batch_loss=1.7419e-03
E10/12 B15400/36000 batch_loss=1.9317e-03
E10/12 B15600/36000 batch_loss=1.1523e-03
E10/12 B15800/36000 batch_loss=1.0549e-03
E10/12 B16000/36000 batch_loss=1.8989e-03
E10/12 B16200/36000 batch_loss=1.1180e-03
E10/12 B16400/36000 batch_loss=1.1070e-03
E10/12 B16600/36000 batch_loss=1.8173e-03
E10/12 B16800/36000 batch_loss=1.1654e-03
E10/12 B17000/36000 batch_loss=1.9125e-03
E10/12 B17200/36000 batch_loss=1.0973e-03
E10/12 B17400/36000 batch_loss=1.7451e-03
E10/12 B17600/36000 batch_loss=1.6831e-03
E10/12 B17800/36000 batch_loss=1.2633e-03
E10/12 B18000/36000 batch_loss=1.0985e-03
E10/12 B18200/36000 batch_loss=1.9466e-03
E10/12 B18400/36000 batch_loss=1.1318e-03
E10/12 B18600/36000 batch_loss=1.6715e-03
E10/12 B18800/36000 batch_loss=1.1981e-03
E10/12 B19000/36000 batch_loss=2.0070e-03
E10/12 B19200/36000 batch_loss=1.0719e-03
E10/12 B19400/36000 batch_loss=1.8757e-03
E10/12 B19600/36000 batch_loss=1.8329e-03
E10/12 B19800/36000 batch_loss=1.8999e-03
E10/12 B20000/36000 batch_loss=1.8735e-03
E10/12 B20200/36000 batch_loss=1.1397e-03
E10/12 B20400/36000 batch_loss=1.8079e-03
E10/12 B20600/36000 batch_loss=1.7998e-03
E10/12 B20800/36000 batch_loss=1.9694e-03
E10/12 B21000/36000 batch_loss=1.7004e-03
E10/12 B21200/36000 batch_loss=1.0362e-03
E10/12 B21400/36000 batch_loss=1.1687e-03
E10/12 B21600/36000 batch_loss=1.0888e-03
E10/12 B21800/36000 batch_loss=1.2562e-03
E10/12 B22000/36000 batch_loss=1.0830e-03
E10/12 B22200/36000 batch_loss=1.0840e-03
E10/12 B22400/36000 batch_loss=1.7602e-03
E10/12 B22600/36000 batch_loss=1.9965e-03
E10/12 B22800/36000 batch_loss=1.2184e-03
E10/12 B23000/36000 batch_loss=2.0115e-03
E10/12 B23200/36000 batch_loss=1.0086e-03
E10/12 B23400/36000 batch_loss=1.1869e-03
E10/12 B23600/36000 batch_loss=2.0021e-03
E10/12 B23800/36000 batch_loss=1.1416e-03
E10/12 B24000/36000 batch_loss=1.8318e-03
E10/12 B24200/36000 batch_loss=1.2134e-03
E10/12 B24400/36000 batch_loss=1.0665e-03
E10/12 B24600/36000 batch_loss=1.1717e-03
E10/12 B24800/36000 batch_loss=1.8683e-03
E10/12 B25000/36000 batch_loss=1.1441e-03
E10/12 B25200/36000 batch_loss=1.1086e-03
E10/12 B25400/36000 batch_loss=1.0681e-03
E10/12 B25600/36000 batch_loss=1.0900e-03
E10/12 B25800/36000 batch_loss=1.1647e-03
E10/12 B26000/36000 batch_loss=1.1893e-03
E10/12 B26200/36000 batch_loss=1.9251e-03
E10/12 B26400/36000 batch_loss=1.1531e-03
E10/12 B26600/36000 batch_loss=1.9120e-03
E10/12 B26800/36000 batch_loss=1.6222e-03
E10/12 B27000/36000 batch_loss=1.5750e-03
E10/12 B27200/36000 batch_loss=1.8395e-03
E10/12 B27400/36000 batch_loss=1.9220e-03
E10/12 B27600/36000 batch_loss=1.2041e-03
E10/12 B27800/36000 batch_loss=1.9442e-03
E10/12 B28000/36000 batch_loss=1.0787e-03
E10/12 B28200/36000 batch_loss=1.1625e-03
E10/12 B28400/36000 batch_loss=1.2120e-03
E10/12 B28600/36000 batch_loss=1.8742e-03
E10/12 B28800/36000 batch_loss=1.2513e-03
E10/12 B29000/36000 batch_loss=1.1409e-03
E10/12 B29200/36000 batch_loss=8.2018e-04
E10/12 B29400/36000 batch_loss=1.0821e-03
E10/12 B29600/36000 batch_loss=1.8259e-03
E10/12 B29800/36000 batch_loss=1.9740e-03
E10/12 B30000/36000 batch_loss=1.9635e-03
E10/12 B30200/36000 batch_loss=1.1269e-03
E10/12 B30400/36000 batch_loss=1.1624e-03
E10/12 B30600/36000 batch_loss=1.0956e-03
E10/12 B30800/36000 batch_loss=1.8354e-03
E10/12 B31000/36000 batch_loss=8.9833e-04
E10/12 B31200/36000 batch_loss=1.7713e-03
E10/12 B31400/36000 batch_loss=1.9369e-03
E10/12 B31600/36000 batch_loss=1.0733e-03
E10/12 B31800/36000 batch_loss=1.1556e-03
E10/12 B32000/36000 batch_loss=1.1454e-03
E10/12 B32200/36000 batch_loss=1.6693e-03
E10/12 B32400/36000 batch_loss=1.8368e-03
E10/12 B32600/36000 batch_loss=2.0058e-03
E10/12 B32800/36000 batch_loss=1.2247e-03
E10/12 B33000/36000 batch_loss=1.9589e-03
E10/12 B33200/36000 batch_loss=1.7743e-03
E10/12 B33400/36000 batch_loss=1.8721e-03
E10/12 B33600/36000 batch_loss=1.8910e-03
E10/12 B33800/36000 batch_loss=1.0462e-03
E10/12 B34000/36000 batch_loss=1.1778e-03
E10/12 B34200/36000 batch_loss=1.1576e-03
E10/12 B34400/36000 batch_loss=1.7457e-03
E10/12 B34600/36000 batch_loss=1.7072e-03
E10/12 B34800/36000 batch_loss=1.0428e-03
E10/12 B35000/36000 batch_loss=1.9140e-03
E10/12 B35200/36000 batch_loss=1.0513e-03
E10/12 B35400/36000 batch_loss=1.8706e-03
E10/12 B35600/36000 batch_loss=1.1894e-03
E10/12 B35800/36000 batch_loss=1.0283e-03
E10/12 B36000/36000 batch_loss=1.7777e-03
2026-06-28 12:28:08,120 | INFO | Saved 10 diagnostic panel(s) under D:\Research\NO-2D-Metamaterials\MODELS\training_runs\NO_I3O5_BCF16_SL1_HC128_LR2e-03_WD0e+00_SS1_G9e-01_ch0u_260626\diagnostics\epoch_010
epoch=10/12 train_loss=1.476496e-03 val_loss=1.886588e-03 lr=6.974e-04 train_sps=1522.3
epoch=10/12 compare_loss(mse) train=3.909870e-05 val=5.344163e-05
epoch=10/12 ref_l1 train=1.794978e-03 val=2.214442e-03 ref_mse train=3.909870e-05 val=5.344163e-05
2026-06-28 12:28:09,499 | INFO | epoch=10/12 loss=smoothl1 train_ch_smoothl1=1.851e-04 1.586e-03 1.501e-03 2.142e-03 1.968e-03 val_ch_smoothl1=2.970e-04 2.062e-03 1.981e-03 2.635e-03 2.458e-03 train_loss=1.476496e-03 val_loss=1.886588e-03 lr=6.974e-04 train_sps=1522.3
2026-06-28 12:28:09,500 | INFO | epoch=10/12 compare_loss=mse train=3.909870e-05 val=5.344163e-05 train_ch_mse=9.165e-06 3.740e-05 3.513e-05 6.106e-05 5.274e-05 val_ch_mse=1.346e-05 5.348e-05 5.157e-05 7.888e-05 6.982e-05
2026-06-28 12:28:09,500 | INFO | epoch=10/12 ref_l1 train=1.794978e-03 val=2.214442e-03 ref_mse train=3.909870e-05 val=5.344163e-05
Epoch 10/12 done | train_loss=1.4765e-03 val_loss=1.8866e-03 lr=6.97e-04
E11/12 B200/36000 batch_loss=1.1738e-03
E11/12 B400/36000 batch_loss=1.8763e-03
E11/12 B600/36000 batch_loss=1.7205e-03
E11/12 B800/36000 batch_loss=1.0859e-03
E11/12 B1000/36000 batch_loss=1.6283e-03
E11/12 B1200/36000 batch_loss=1.2266e-03
E11/12 B1400/36000 batch_loss=1.0402e-03
E11/12 B1600/36000 batch_loss=1.0477e-03
E11/12 B1800/36000 batch_loss=9.8943e-04
E11/12 B2000/36000 batch_loss=1.6631e-03
E11/12 B2200/36000 batch_loss=1.0861e-03
E11/12 B2400/36000 batch_loss=1.9714e-03
E11/12 B2600/36000 batch_loss=1.8236e-03
E11/12 B2800/36000 batch_loss=1.1093e-03
E11/12 B3000/36000 batch_loss=1.6127e-03
E11/12 B3200/36000 batch_loss=1.0772e-03
E11/12 B3400/36000 batch_loss=8.4697e-04
E11/12 B3600/36000 batch_loss=1.8163e-03
E11/12 B3800/36000 batch_loss=1.7327e-03
E11/12 B4000/36000 batch_loss=1.0991e-03
E11/12 B4200/36000 batch_loss=1.1927e-03
E11/12 B4400/36000 batch_loss=1.1264e-03
E11/12 B4600/36000 batch_loss=1.8497e-03
E11/12 B4800/36000 batch_loss=1.9081e-03
E11/12 B5000/36000 batch_loss=9.3446e-04
E11/12 B5200/36000 batch_loss=1.2503e-03
E11/12 B5400/36000 batch_loss=1.0328e-03
E11/12 B5600/36000 batch_loss=9.3771e-04
E11/12 B5800/36000 batch_loss=1.6329e-03
E11/12 B6000/36000 batch_loss=1.2112e-03
E11/12 B6200/36000 batch_loss=1.7931e-03
E11/12 B6400/36000 batch_loss=2.0795e-03
E11/12 B6600/36000 batch_loss=1.8593e-03
E11/12 B6800/36000 batch_loss=2.0410e-03
E11/12 B7000/36000 batch_loss=1.0897e-03
E11/12 B7200/36000 batch_loss=1.7906e-03
E11/12 B7400/36000 batch_loss=1.7658e-03
E11/12 B7600/36000 batch_loss=1.0679e-03
E11/12 B7800/36000 batch_loss=1.6424e-03
E11/12 B8000/36000 batch_loss=1.9938e-03
E11/12 B8200/36000 batch_loss=1.1020e-03
E11/12 B8400/36000 batch_loss=1.2289e-03
E11/12 B8600/36000 batch_loss=1.0827e-03
E11/12 B8800/36000 batch_loss=1.8191e-03
E11/12 B9000/36000 batch_loss=1.0671e-03
E11/12 B9200/36000 batch_loss=1.8712e-03
E11/12 B9400/36000 batch_loss=1.5530e-03
E11/12 B9600/36000 batch_loss=1.7188e-03
E11/12 B9800/36000 batch_loss=1.7063e-03
E11/12 B10000/36000 batch_loss=1.7952e-03
E11/12 B10200/36000 batch_loss=1.7015e-03
E11/12 B10400/36000 batch_loss=1.9817e-03
E11/12 B10600/36000 batch_loss=1.0882e-03
E11/12 B10800/36000 batch_loss=1.0536e-03
E11/12 B11000/36000 batch_loss=1.7966e-03
E11/12 B11200/36000 batch_loss=1.9443e-03
E11/12 B11400/36000 batch_loss=1.0774e-03
E11/12 B11600/36000 batch_loss=1.0307e-03
E11/12 B11800/36000 batch_loss=1.8297e-03
E11/12 B12000/36000 batch_loss=9.9778e-04
E11/12 B12200/36000 batch_loss=1.0328e-03
E11/12 B12400/36000 batch_loss=1.6431e-03
E11/12 B12600/36000 batch_loss=1.0752e-03
E11/12 B12800/36000 batch_loss=1.8087e-03
E11/12 B13000/36000 batch_loss=1.3159e-03
E11/12 B13200/36000 batch_loss=1.8523e-03
E11/12 B13400/36000 batch_loss=1.0651e-03
E11/12 B13600/36000 batch_loss=1.1011e-03
E11/12 B13800/36000 batch_loss=1.1334e-03
E11/12 B14000/36000 batch_loss=2.0905e-03
E11/12 B14200/36000 batch_loss=1.6300e-03
E11/12 B14400/36000 batch_loss=1.1167e-03
E11/12 B14600/36000 batch_loss=1.7663e-03
E11/12 B14800/36000 batch_loss=1.1300e-03
E11/12 B15000/36000 batch_loss=1.8238e-03
E11/12 B15200/36000 batch_loss=9.6291e-04
E11/12 B15400/36000 batch_loss=1.1274e-03
E11/12 B15600/36000 batch_loss=1.2604e-03
E11/12 B15800/36000 batch_loss=1.1432e-03
E11/12 B16000/36000 batch_loss=1.7379e-03
E11/12 B16200/36000 batch_loss=1.2778e-03
E11/12 B16400/36000 batch_loss=1.7441e-03
E11/12 B16600/36000 batch_loss=2.0045e-03
E11/12 B16800/36000 batch_loss=1.7274e-03
E11/12 B17000/36000 batch_loss=1.7307e-03
E11/12 B17200/36000 batch_loss=1.7067e-03
E11/12 B17400/36000 batch_loss=9.3101e-04
E11/12 B17600/36000 batch_loss=1.4951e-03
E11/12 B17800/36000 batch_loss=1.1594e-03
E11/12 B18000/36000 batch_loss=1.7351e-03
E11/12 B18200/36000 batch_loss=1.7900e-03
E11/12 B18400/36000 batch_loss=1.8938e-03
E11/12 B18600/36000 batch_loss=1.8569e-03
E11/12 B18800/36000 batch_loss=1.1501e-03
E11/12 B19000/36000 batch_loss=1.0076e-03
E11/12 B19200/36000 batch_loss=9.8084e-04
E11/12 B19400/36000 batch_loss=1.7349e-03
E11/12 B19600/36000 batch_loss=9.1331e-04
E11/12 B19800/36000 batch_loss=1.7836e-03
E11/12 B20000/36000 batch_loss=1.0371e-03
E11/12 B20200/36000 batch_loss=9.9115e-04
E11/12 B20400/36000 batch_loss=1.8955e-03
E11/12 B20600/36000 batch_loss=1.8711e-03
E11/12 B20800/36000 batch_loss=1.7230e-03
E11/12 B21000/36000 batch_loss=1.7409e-03
E11/12 B21200/36000 batch_loss=8.9070e-04
E11/12 B21400/36000 batch_loss=1.0589e-03
E11/12 B21600/36000 batch_loss=1.1336e-03
E11/12 B21800/36000 batch_loss=1.6105e-03
E11/12 B22000/36000 batch_loss=1.0755e-03
E11/12 B22200/36000 batch_loss=1.6965e-03
E11/12 B22400/36000 batch_loss=1.0025e-03
E11/12 B22600/36000 batch_loss=1.6696e-03
E11/12 B22800/36000 batch_loss=1.0658e-03
E11/12 B23000/36000 batch_loss=1.7545e-03
E11/12 B23200/36000 batch_loss=1.2007e-03
E11/12 B23400/36000 batch_loss=1.8187e-03
E11/12 B23600/36000 batch_loss=1.0012e-03
E11/12 B23800/36000 batch_loss=1.5796e-03
E11/12 B24000/36000 batch_loss=1.8338e-03
E11/12 B24200/36000 batch_loss=1.0637e-03
E11/12 B24400/36000 batch_loss=1.7926e-03
E11/12 B24600/36000 batch_loss=1.8305e-03
E11/12 B24800/36000 batch_loss=1.2439e-03
E11/12 B25000/36000 batch_loss=9.7561e-04
E11/12 B25200/36000 batch_loss=1.0212e-03
E11/12 B25400/36000 batch_loss=1.8353e-03
E11/12 B25600/36000 batch_loss=1.7266e-03
E11/12 B25800/36000 batch_loss=1.8776e-03
E11/12 B26000/36000 batch_loss=1.8244e-03
E11/12 B26200/36000 batch_loss=1.6905e-03
E11/12 B26400/36000 batch_loss=1.8225e-03
E11/12 B26600/36000 batch_loss=1.9274e-03
E11/12 B26800/36000 batch_loss=1.9308e-03
E11/12 B27000/36000 batch_loss=1.0557e-03
E11/12 B27200/36000 batch_loss=1.0559e-03
E11/12 B27400/36000 batch_loss=1.0419e-03
E11/12 B27600/36000 batch_loss=1.7801e-03
E11/12 B27800/36000 batch_loss=9.5011e-04
E11/12 B28000/36000 batch_loss=1.1710e-03
E11/12 B28200/36000 batch_loss=1.8342e-03
E11/12 B28400/36000 batch_loss=1.0497e-03
E11/12 B28600/36000 batch_loss=1.7037e-03
E11/12 B28800/36000 batch_loss=1.1174e-03
E11/12 B29000/36000 batch_loss=1.7173e-03
E11/12 B29200/36000 batch_loss=1.9177e-03
E11/12 B29400/36000 batch_loss=1.7347e-03
E11/12 B29600/36000 batch_loss=1.1336e-03
E11/12 B29800/36000 batch_loss=1.0150e-03
E11/12 B30000/36000 batch_loss=1.7499e-03
E11/12 B30200/36000 batch_loss=1.0153e-03
E11/12 B30400/36000 batch_loss=1.6936e-03
E11/12 B30600/36000 batch_loss=1.1314e-03
E11/12 B30800/36000 batch_loss=9.6339e-04
E11/12 B31000/36000 batch_loss=1.1638e-03
E11/12 B31200/36000 batch_loss=1.0089e-03
E11/12 B31400/36000 batch_loss=1.5866e-03
E11/12 B31600/36000 batch_loss=9.2600e-04
E11/12 B31800/36000 batch_loss=1.7178e-03
E11/12 B32000/36000 batch_loss=1.8205e-03
E11/12 B32200/36000 batch_loss=1.8709e-03
E11/12 B32400/36000 batch_loss=1.8727e-03
E11/12 B32600/36000 batch_loss=1.1735e-03
E11/12 B32800/36000 batch_loss=1.2688e-03
E11/12 B33000/36000 batch_loss=1.8033e-03
E11/12 B33200/36000 batch_loss=1.0456e-03
E11/12 B33400/36000 batch_loss=1.1659e-03
E11/12 B33600/36000 batch_loss=9.9888e-04
E11/12 B33800/36000 batch_loss=9.5870e-04
E11/12 B34000/36000 batch_loss=1.9249e-03
E11/12 B34200/36000 batch_loss=8.6749e-04
E11/12 B34400/36000 batch_loss=1.1467e-03
E11/12 B34600/36000 batch_loss=1.2080e-03
E11/12 B34800/36000 batch_loss=1.0909e-03
E11/12 B35000/36000 batch_loss=1.9049e-03
E11/12 B35200/36000 batch_loss=9.2073e-04
E11/12 B35400/36000 batch_loss=1.6466e-03
E11/12 B35600/36000 batch_loss=1.0708e-03
E11/12 B35800/36000 batch_loss=1.6762e-03
E11/12 B36000/36000 batch_loss=1.8353e-03
2026-06-28 16:15:38,551 | INFO | Saved 10 diagnostic panel(s) under D:\Research\NO-2D-Metamaterials\MODELS\training_runs\NO_I3O5_BCF16_SL1_HC128_LR2e-03_WD0e+00_SS1_G9e-01_ch0u_260626\diagnostics\epoch_011
epoch=11/12 train_loss=1.432782e-03 val_loss=1.853127e-03 lr=6.276e-04 train_sps=1470.8
epoch=11/12 compare_loss(mse) train=3.763279e-05 val=5.148437e-05
epoch=11/12 ref_l1 train=1.747463e-03 val=2.172997e-03 ref_mse train=3.763279e-05 val=5.148437e-05
2026-06-28 16:15:39,992 | INFO | epoch=11/12 loss=smoothl1 train_ch_smoothl1=1.695e-04 1.537e-03 1.453e-03 2.088e-03 1.917e-03 val_ch_smoothl1=2.577e-04 2.029e-03 1.941e-03 2.612e-03 2.426e-03 train_loss=1.432782e-03 val_loss=1.853127e-03 lr=6.276e-04 train_sps=1470.8
2026-06-28 16:15:39,992 | INFO | epoch=11/12 compare_loss=mse train=3.763279e-05 val=5.148437e-05 train_ch_mse=7.222e-06 3.612e-05 3.384e-05 5.967e-05 5.131e-05 val_ch_mse=5.032e-06 5.313e-05 5.106e-05 7.852e-05 6.969e-05
2026-06-28 16:15:39,992 | INFO | epoch=11/12 ref_l1 train=1.747463e-03 val=2.172997e-03 ref_mse train=3.763279e-05 val=5.148437e-05
Epoch 11/12 done | train_loss=1.4328e-03 val_loss=1.8531e-03 lr=6.28e-04
E12/12 B200/36000 batch_loss=9.8399e-04
E12/12 B400/36000 batch_loss=1.8298e-03
E12/12 B600/36000 batch_loss=1.7478e-03
E12/12 B800/36000 batch_loss=1.7629e-03
E12/12 B1000/36000 batch_loss=1.7376e-03
E12/12 B1200/36000 batch_loss=1.0132e-03
E12/12 B1400/36000 batch_loss=1.0505e-03
E12/12 B1600/36000 batch_loss=1.7632e-03
E12/12 B1800/36000 batch_loss=1.7679e-03
E12/12 B2000/36000 batch_loss=1.0634e-03
E12/12 B2200/36000 batch_loss=1.7875e-03
E12/12 B2400/36000 batch_loss=1.6400e-03
E12/12 B2600/36000 batch_loss=8.1885e-04
E12/12 B2800/36000 batch_loss=1.8658e-03
E12/12 B3000/36000 batch_loss=1.1190e-03
E12/12 B3200/36000 batch_loss=1.9337e-03
E12/12 B3400/36000 batch_loss=1.9038e-03
E12/12 B3600/36000 batch_loss=9.1373e-04
E12/12 B3800/36000 batch_loss=1.8030e-03
E12/12 B4000/36000 batch_loss=1.7237e-03
E12/12 B4200/36000 batch_loss=1.8858e-03
E12/12 B4400/36000 batch_loss=1.0157e-03
E12/12 B4600/36000 batch_loss=1.8192e-03
E12/12 B4800/36000 batch_loss=1.6724e-03
E12/12 B5000/36000 batch_loss=9.5610e-04
E12/12 B5200/36000 batch_loss=9.3284e-04
E12/12 B5400/36000 batch_loss=1.6617e-03
E12/12 B5600/36000 batch_loss=1.0524e-03
E12/12 B5800/36000 batch_loss=9.5217e-04
E12/12 B6000/36000 batch_loss=1.0434e-03
E12/12 B6200/36000 batch_loss=1.0542e-03
E12/12 B6400/36000 batch_loss=1.7980e-03
E12/12 B6600/36000 batch_loss=1.1424e-03
E12/12 B6800/36000 batch_loss=9.7890e-04
E12/12 B7000/36000 batch_loss=1.5454e-03
E12/12 B7200/36000 batch_loss=9.6240e-04
E12/12 B7400/36000 batch_loss=1.0108e-03
E12/12 B7600/36000 batch_loss=1.1018e-03
E12/12 B7800/36000 batch_loss=1.0425e-03
E12/12 B8000/36000 batch_loss=1.1412e-03
E12/12 B8200/36000 batch_loss=1.8231e-03
E12/12 B8400/36000 batch_loss=1.6751e-03
E12/12 B8600/36000 batch_loss=9.8264e-04
E12/12 B8800/36000 batch_loss=1.1033e-03
E12/12 B9000/36000 batch_loss=1.7722e-03
E12/12 B9200/36000 batch_loss=1.0683e-03
E12/12 B9400/36000 batch_loss=1.9188e-03
E12/12 B9600/36000 batch_loss=1.9368e-03
E12/12 B9800/36000 batch_loss=1.8408e-03
E12/12 B10000/36000 batch_loss=9.4432e-04
E12/12 B10200/36000 batch_loss=9.1112e-04
E12/12 B10400/36000 batch_loss=9.6503e-04
E12/12 B10600/36000 batch_loss=9.9752e-04
E12/12 B10800/36000 batch_loss=1.6711e-03
E12/12 B11000/36000 batch_loss=9.0849e-04
E12/12 B11200/36000 batch_loss=9.4852e-04
E12/12 B11400/36000 batch_loss=1.7742e-03
E12/12 B11600/36000 batch_loss=9.5991e-04
E12/12 B11800/36000 batch_loss=1.6749e-03
E12/12 B12000/36000 batch_loss=1.8086e-03
E12/12 B12200/36000 batch_loss=1.7249e-03
E12/12 B12400/36000 batch_loss=1.7611e-03
E12/12 B12600/36000 batch_loss=1.0009e-03
E12/12 B12800/36000 batch_loss=9.2426e-04
E12/12 B13000/36000 batch_loss=8.8176e-04
E12/12 B13200/36000 batch_loss=1.2602e-03
E12/12 B13400/36000 batch_loss=1.7954e-03
E12/12 B13600/36000 batch_loss=1.0517e-03
E12/12 B13800/36000 batch_loss=1.0385e-03
E12/12 B14000/36000 batch_loss=1.8627e-03
E12/12 B14200/36000 batch_loss=1.1608e-03
E12/12 B14400/36000 batch_loss=1.9109e-03
E12/12 B14600/36000 batch_loss=1.2052e-03
E12/12 B14800/36000 batch_loss=9.9811e-04
E12/12 B15000/36000 batch_loss=1.6934e-03
E12/12 B15200/36000 batch_loss=1.7030e-03
E12/12 B15400/36000 batch_loss=1.9676e-03
E12/12 B15600/36000 batch_loss=1.0183e-03
E12/12 B15800/36000 batch_loss=1.7848e-03
E12/12 B16000/36000 batch_loss=1.0904e-03
E12/12 B16200/36000 batch_loss=1.6583e-03
E12/12 B16400/36000 batch_loss=1.2238e-03
E12/12 B16600/36000 batch_loss=1.7919e-03
E12/12 B16800/36000 batch_loss=1.9740e-03
E12/12 B17000/36000 batch_loss=1.0166e-03
E12/12 B17200/36000 batch_loss=1.7934e-03
E12/12 B17400/36000 batch_loss=1.0363e-03
E12/12 B17600/36000 batch_loss=1.6784e-03
E12/12 B17800/36000 batch_loss=1.0957e-03
E12/12 B18000/36000 batch_loss=1.9182e-03
E12/12 B18200/36000 batch_loss=1.0780e-03
E12/12 B18400/36000 batch_loss=2.0448e-03
E12/12 B18600/36000 batch_loss=1.8371e-03
E12/12 B18800/36000 batch_loss=1.7241e-03
E12/12 B19000/36000 batch_loss=1.7563e-03
E12/12 B19200/36000 batch_loss=9.3811e-04
E12/12 B19400/36000 batch_loss=1.0563e-03
E12/12 B19600/36000 batch_loss=9.7047e-04
E12/12 B19800/36000 batch_loss=9.6524e-04
E12/12 B20000/36000 batch_loss=2.3081e-03
E12/12 B20200/36000 batch_loss=1.0927e-03
E12/12 B20400/36000 batch_loss=1.6918e-03
E12/12 B20600/36000 batch_loss=1.6134e-03
E12/12 B20800/36000 batch_loss=1.6315e-03
E12/12 B21000/36000 batch_loss=1.0022e-03
E12/12 B21200/36000 batch_loss=1.8875e-03
E12/12 B21400/36000 batch_loss=9.4888e-04
E12/12 B21600/36000 batch_loss=1.1325e-03
E12/12 B21800/36000 batch_loss=9.6123e-04
E12/12 B22000/36000 batch_loss=1.6936e-03
E12/12 B22200/36000 batch_loss=9.1098e-04
E12/12 B22400/36000 batch_loss=1.7316e-03
E12/12 B22600/36000 batch_loss=9.5418e-04
E12/12 B22800/36000 batch_loss=1.0402e-03
E12/12 B23000/36000 batch_loss=1.7159e-03
E12/12 B23200/36000 batch_loss=9.3491e-04
E12/12 B23400/36000 batch_loss=1.1391e-03
E12/12 B23600/36000 batch_loss=1.1297e-03
E12/12 B23800/36000 batch_loss=1.6844e-03
E12/12 B24000/36000 batch_loss=1.7819e-03
E12/12 B24200/36000 batch_loss=9.9860e-04
E12/12 B24400/36000 batch_loss=1.7756e-03
E12/12 B24600/36000 batch_loss=9.6611e-04
E12/12 B24800/36000 batch_loss=1.7494e-03
E12/12 B25000/36000 batch_loss=1.8158e-03
E12/12 B25200/36000 batch_loss=1.7483e-03
E12/12 B25400/36000 batch_loss=1.8346e-03
E12/12 B25600/36000 batch_loss=1.0964e-03
E12/12 B25800/36000 batch_loss=1.0411e-03
E12/12 B26000/36000 batch_loss=9.5562e-04
E12/12 B26200/36000 batch_loss=1.1780e-03
E12/12 B26400/36000 batch_loss=9.9512e-04
E12/12 B26600/36000 batch_loss=1.8532e-03
E12/12 B26800/36000 batch_loss=1.0486e-03
E12/12 B27000/36000 batch_loss=1.6298e-03
E12/12 B27200/36000 batch_loss=1.7329e-03
E12/12 B27400/36000 batch_loss=1.0694e-03
E12/12 B27600/36000 batch_loss=8.9904e-04
E12/12 B27800/36000 batch_loss=1.1653e-03
E12/12 B28000/36000 batch_loss=2.0547e-03
E12/12 B28200/36000 batch_loss=1.8333e-03
E12/12 B28400/36000 batch_loss=9.6152e-04
E12/12 B28600/36000 batch_loss=1.8724e-03
E12/12 B28800/36000 batch_loss=1.7039e-03
E12/12 B29000/36000 batch_loss=1.7297e-03
E12/12 B29200/36000 batch_loss=1.0388e-03
E12/12 B29400/36000 batch_loss=9.4211e-04
E12/12 B29600/36000 batch_loss=1.7626e-03
E12/12 B29800/36000 batch_loss=1.0482e-03
E12/12 B30000/36000 batch_loss=1.6741e-03
E12/12 B30200/36000 batch_loss=1.7736e-03
E12/12 B30400/36000 batch_loss=9.1261e-04
E12/12 B30600/36000 batch_loss=1.6400e-03
E12/12 B30800/36000 batch_loss=9.8931e-04
E12/12 B31000/36000 batch_loss=1.0348e-03
E12/12 B31200/36000 batch_loss=1.5960e-03
E12/12 B31400/36000 batch_loss=1.8923e-03
E12/12 B31600/36000 batch_loss=1.7289e-03
E12/12 B31800/36000 batch_loss=1.7961e-03
E12/12 B32000/36000 batch_loss=9.9596e-04
E12/12 B32200/36000 batch_loss=1.0504e-03
E12/12 B32400/36000 batch_loss=8.5186e-04
E12/12 B32600/36000 batch_loss=8.9806e-04
E12/12 B32800/36000 batch_loss=1.8675e-03
E12/12 B33000/36000 batch_loss=1.0008e-03
E12/12 B33200/36000 batch_loss=1.1861e-03
E12/12 B33400/36000 batch_loss=1.9653e-03
E12/12 B33600/36000 batch_loss=1.8007e-03
E12/12 B33800/36000 batch_loss=1.0294e-03
E12/12 B34000/36000 batch_loss=1.0798e-03
E12/12 B34200/36000 batch_loss=1.0007e-03
E12/12 B34400/36000 batch_loss=1.1180e-03
E12/12 B34600/36000 batch_loss=1.0614e-03
E12/12 B34800/36000 batch_loss=1.7850e-03
E12/12 B35000/36000 batch_loss=1.8137e-03
E12/12 B35200/36000 batch_loss=1.7832e-03
E12/12 B35400/36000 batch_loss=8.2789e-04
E12/12 B35600/36000 batch_loss=8.9589e-04
E12/12 B35800/36000 batch_loss=1.7656e-03
E12/12 B36000/36000 batch_loss=1.0142e-03
2026-06-28 19:56:45,009 | INFO | Saved 10 diagnostic panel(s) under D:\Research\NO-2D-Metamaterials\MODELS\training_runs\NO_I3O5_BCF16_SL1_HC128_LR2e-03_WD0e+00_SS1_G9e-01_ch0u_260626\diagnostics\epoch_012
epoch=12/12 train_loss=1.392662e-03 val_loss=1.865979e-03 lr=5.649e-04 train_sps=1515.8
epoch=12/12 compare_loss(mse) train=3.624346e-05 val=5.505648e-05
epoch=12/12 ref_l1 train=1.703910e-03 val=2.181028e-03 ref_mse train=3.624346e-05 val=5.505648e-05
2026-06-28 19:56:46,127 | INFO | epoch=12/12 loss=smoothl1 train_ch_smoothl1=1.513e-04 1.493e-03 1.410e-03 2.039e-03 1.870e-03 val_ch_smoothl1=3.572e-04 2.024e-03 1.932e-03 2.600e-03 2.417e-03 train_loss=1.392662e-03 val_loss=1.865979e-03 lr=5.649e-04 train_sps=1515.8
2026-06-28 19:56:46,127 | INFO | epoch=12/12 compare_loss=mse train=3.624346e-05 val=5.505648e-05 train_ch_mse=5.380e-06 3.499e-05 3.274e-05 5.809e-05 5.002e-05 val_ch_mse=2.200e-05 5.321e-05 5.103e-05 7.924e-05 6.981e-05
2026-06-28 19:56:46,127 | INFO | epoch=12/12 ref_l1 train=1.703910e-03 val=2.181028e-03 ref_mse train=3.624346e-05 val=5.505648e-05
Epoch 12/12 done | train_loss=1.3927e-03 val_loss=1.8660e-03 lr=5.65e-04
2026-06-28 19:56:46,424 | INFO | Run complete | run_name=NO_I3O5_BCF16_SL1_HC128_LR2e-03_WD0e+00_SS1_G9e-01_ch0u_260626 run_id=NO_I3O5_BCF16_SL1_HC128_LR2e-03_WD0e+00_SS1_G9e-01_ch0u_260626 best_val_loss=1.853127e-03
2026-06-28 19:56:46,424 | INFO | Artifacts saved to: D:\Research\NO-2D-Metamaterials\MODELS\training_runs\NO_I3O5_BCF16_SL1_HC128_LR2e-03_WD0e+00_SS1_G9e-01_ch0u_260626
Run complete. run_name=NO_I3O5_BCF16_SL1_HC128_LR2e-03_WD0e+00_SS1_G9e-01_ch0u_260626 run_id=NO_I3O5_BCF16_SL1_HC128_LR2e-03_WD0e+00_SS1_G9e-01_ch0u_260626 best_val_loss=1.853127e-03
Artifacts saved to: D:\Research\NO-2D-Metamaterials\MODELS\training_runs\NO_I3O5_BCF16_SL1_HC128_LR2e-03_WD0e+00_SS1_G9e-01_ch0u_260626
