26/06/29  3:57:04.43 | === Huber 260626: +2 epochs (phase 1), then conditional +2 === 
26/06/29  3:57:04.43 | === extend +2 epochs (phase1) === 
2026-06-29 03:57:18,972 | INFO | Huber/SmoothL1 beta=1.000000e-03
2026-06-29 03:57:18,973 | INFO | Reference L1/MSE logging enabled | active_loss=smoothl1 compare_col=mse
D:\Research\NO-2D-Metamaterials\train_from_disk.py:1391: FutureWarning: `torch.cuda.amp.GradScaler(args...)` is deprecated. Please use `torch.amp.GradScaler('cuda', args...)` instead.
  scaler = torch.cuda.amp.GradScaler(enabled=(device.type == "cuda" and args.amp == "fp16"))
2026-06-29 03:57:20,318 | INFO | Resumed full state from D:\Research\NO-2D-Metamaterials\MODELS\training_runs\NO_I3O5_BCF16_SL1_HC128_LR2e-03_WD0e+00_SS1_G9e-01_ch0u_260626\training_state_latest.pt at epoch=12
2026-06-29 03:57:20,322 | INFO | Run started | run_name=NO_I3O5_BCF16_SL1_HC128_LR2e-03_WD0e+00_SS1_G9e-01_ch0u_260626 run_id=NO_I3O5_BCF16_SL1_HC128_LR2e-03_WD0e+00_SS1_G9e-01_ch0u_260626 device=cuda train_samples=18720000 test_samples=3900000 val_index_source=indices_full epoch_range=13..14
2026-06-29 03:57:20,322 | INFO | Fault diagnostics | main_fault_log=D:\Research\NO-2D-Metamaterials\MODELS\training_runs\NO_I3O5_BCF16_SL1_HC128_LR2e-03_WD0e+00_SS1_G9e-01_ch0u_260626\main_process_fault.log
E13/14 B200/36000 batch_loss=9.9612e-04
E13/14 B400/36000 batch_loss=1.8642e-03
E13/14 B600/36000 batch_loss=1.7836e-03
E13/14 B800/36000 batch_loss=1.1065e-03
E13/14 B1000/36000 batch_loss=1.7627e-03
E13/14 B1200/36000 batch_loss=1.4974e-03
E13/14 B1400/36000 batch_loss=1.1291e-03
E13/14 B1600/36000 batch_loss=9.8192e-04
E13/14 B1800/36000 batch_loss=1.7235e-03
E13/14 B2000/36000 batch_loss=1.5107e-03
E13/14 B2200/36000 batch_loss=8.9277e-04
E13/14 B2400/36000 batch_loss=1.6278e-03
E13/14 B2600/36000 batch_loss=1.5156e-03
E13/14 B2800/36000 batch_loss=1.0423e-03
E13/14 B3000/36000 batch_loss=1.8422e-03
E13/14 B3200/36000 batch_loss=1.6659e-03
E13/14 B3400/36000 batch_loss=1.0848e-03
E13/14 B3600/36000 batch_loss=1.0591e-03
E13/14 B3800/36000 batch_loss=1.8495e-03
E13/14 B4000/36000 batch_loss=1.0846e-03
E13/14 B4200/36000 batch_loss=9.1759e-04
E13/14 B4400/36000 batch_loss=8.6479e-04
E13/14 B4600/36000 batch_loss=1.7553e-03
E13/14 B4800/36000 batch_loss=1.5848e-03
E13/14 B5000/36000 batch_loss=1.2430e-03
E13/14 B5200/36000 batch_loss=1.5828e-03
E13/14 B5400/36000 batch_loss=1.0241e-03
E13/14 B5600/36000 batch_loss=1.1069e-03
E13/14 B5800/36000 batch_loss=1.2429e-03
E13/14 B6000/36000 batch_loss=1.1755e-03
E13/14 B6200/36000 batch_loss=1.6742e-03
E13/14 B6400/36000 batch_loss=8.2622e-04
E13/14 B6600/36000 batch_loss=1.0534e-03
E13/14 B6800/36000 batch_loss=9.5019e-04
E13/14 B7000/36000 batch_loss=1.7110e-03
E13/14 B7200/36000 batch_loss=9.6067e-04
E13/14 B7400/36000 batch_loss=1.5321e-03
E13/14 B7600/36000 batch_loss=9.5420e-04
E13/14 B7800/36000 batch_loss=9.9772e-04
E13/14 B8000/36000 batch_loss=1.7360e-03
E13/14 B8200/36000 batch_loss=1.8385e-03
E13/14 B8400/36000 batch_loss=1.7362e-03
E13/14 B8600/36000 batch_loss=1.5400e-03
E13/14 B8800/36000 batch_loss=1.2289e-03
E13/14 B9000/36000 batch_loss=1.0311e-03
E13/14 B9200/36000 batch_loss=9.3348e-04
E13/14 B9400/36000 batch_loss=1.7136e-03
E13/14 B9600/36000 batch_loss=9.9571e-04
E13/14 B9800/36000 batch_loss=1.8649e-03
E13/14 B10000/36000 batch_loss=1.5289e-03
E13/14 B10200/36000 batch_loss=1.0758e-03
E13/14 B10400/36000 batch_loss=9.8018e-04
E13/14 B10600/36000 batch_loss=1.7429e-03
E13/14 B10800/36000 batch_loss=1.0544e-03
E13/14 B11000/36000 batch_loss=9.8883e-04
E13/14 B11200/36000 batch_loss=1.7318e-03
E13/14 B11400/36000 batch_loss=8.7457e-04
E13/14 B11600/36000 batch_loss=1.5970e-03
E13/14 B11800/36000 batch_loss=1.0589e-03
E13/14 B12000/36000 batch_loss=1.0706e-03
E13/14 B12200/36000 batch_loss=1.6528e-03
E13/14 B12400/36000 batch_loss=1.7072e-03
E13/14 B12600/36000 batch_loss=1.8469e-03
E13/14 B12800/36000 batch_loss=1.0134e-03
E13/14 B13000/36000 batch_loss=1.6404e-03
E13/14 B13200/36000 batch_loss=1.7281e-03
E13/14 B13400/36000 batch_loss=8.8417e-04
E13/14 B13600/36000 batch_loss=9.0085e-04
E13/14 B13800/36000 batch_loss=1.5936e-03
E13/14 B14000/36000 batch_loss=1.7865e-03
E13/14 B14200/36000 batch_loss=2.0075e-03
E13/14 B14400/36000 batch_loss=1.7113e-03
E13/14 B14600/36000 batch_loss=1.6746e-03
E13/14 B14800/36000 batch_loss=1.0095e-03
E13/14 B15000/36000 batch_loss=8.0456e-04
E13/14 B15200/36000 batch_loss=1.0335e-03
E13/14 B15400/36000 batch_loss=1.2837e-03
E13/14 B15600/36000 batch_loss=1.7326e-03
E13/14 B15800/36000 batch_loss=1.0320e-03
E13/14 B16000/36000 batch_loss=1.7666e-03
E13/14 B16200/36000 batch_loss=9.6010e-04
E13/14 B16400/36000 batch_loss=9.6827e-04
E13/14 B16600/36000 batch_loss=1.6710e-03
E13/14 B16800/36000 batch_loss=1.8797e-03
E13/14 B17000/36000 batch_loss=9.1915e-04
E13/14 B17200/36000 batch_loss=1.0497e-03
E13/14 B17400/36000 batch_loss=1.1252e-03
E13/14 B17600/36000 batch_loss=1.6608e-03
E13/14 B17800/36000 batch_loss=9.2181e-04
E13/14 B18000/36000 batch_loss=9.6969e-04
E13/14 B18200/36000 batch_loss=1.1000e-03
E13/14 B18400/36000 batch_loss=9.3079e-04
E13/14 B18600/36000 batch_loss=1.0904e-03
E13/14 B18800/36000 batch_loss=1.7933e-03
E13/14 B19000/36000 batch_loss=1.1928e-03
E13/14 B19200/36000 batch_loss=1.8383e-03
E13/14 B19400/36000 batch_loss=1.1244e-03
E13/14 B19600/36000 batch_loss=1.9598e-03
E13/14 B19800/36000 batch_loss=9.6072e-04
E13/14 B20000/36000 batch_loss=1.6962e-03
E13/14 B20200/36000 batch_loss=1.8044e-03
E13/14 B20400/36000 batch_loss=1.0814e-03
E13/14 B20600/36000 batch_loss=1.7047e-03
E13/14 B20800/36000 batch_loss=1.6744e-03
E13/14 B21000/36000 batch_loss=1.8622e-03
E13/14 B21200/36000 batch_loss=1.5782e-03
E13/14 B21400/36000 batch_loss=1.7333e-03
E13/14 B21600/36000 batch_loss=8.8981e-04
E13/14 B21800/36000 batch_loss=1.0053e-03
E13/14 B22000/36000 batch_loss=9.9573e-04
E13/14 B22200/36000 batch_loss=1.0082e-03
E13/14 B22400/36000 batch_loss=1.7830e-03
E13/14 B22600/36000 batch_loss=9.8256e-04
E13/14 B22800/36000 batch_loss=1.0556e-03
E13/14 B23000/36000 batch_loss=1.0305e-03
E13/14 B23200/36000 batch_loss=9.5194e-04
E13/14 B23400/36000 batch_loss=1.7766e-03
E13/14 B23600/36000 batch_loss=1.0067e-03
E13/14 B23800/36000 batch_loss=1.0393e-03
E13/14 B24000/36000 batch_loss=1.6524e-03
E13/14 B24200/36000 batch_loss=1.7639e-03
E13/14 B24400/36000 batch_loss=1.7166e-03
E13/14 B24600/36000 batch_loss=1.7633e-03
E13/14 B24800/36000 batch_loss=9.5008e-04
E13/14 B25000/36000 batch_loss=1.7691e-03
E13/14 B25200/36000 batch_loss=8.6211e-04
E13/14 B25400/36000 batch_loss=8.0988e-04
E13/14 B25600/36000 batch_loss=1.5967e-03
E13/14 B25800/36000 batch_loss=1.6323e-03
E13/14 B26000/36000 batch_loss=1.0431e-03
E13/14 B26200/36000 batch_loss=1.6414e-03
E13/14 B26400/36000 batch_loss=8.7382e-04
E13/14 B26600/36000 batch_loss=1.6741e-03
E13/14 B26800/36000 batch_loss=9.8785e-04
E13/14 B27000/36000 batch_loss=1.7003e-03
E13/14 B27200/36000 batch_loss=1.6507e-03
E13/14 B27400/36000 batch_loss=9.8048e-04
E13/14 B27600/36000 batch_loss=1.8220e-03
E13/14 B27800/36000 batch_loss=8.0925e-04
E13/14 B28000/36000 batch_loss=1.8556e-03
E13/14 B28200/36000 batch_loss=1.7396e-03
E13/14 B28400/36000 batch_loss=1.0505e-03
E13/14 B28600/36000 batch_loss=1.2106e-03
E13/14 B28800/36000 batch_loss=1.6026e-03
E13/14 B29000/36000 batch_loss=1.1768e-03
E13/14 B29200/36000 batch_loss=9.4467e-04
E13/14 B29400/36000 batch_loss=9.0949e-04
E13/14 B29600/36000 batch_loss=1.2611e-03
E13/14 B29800/36000 batch_loss=1.9158e-03
E13/14 B30000/36000 batch_loss=1.0485e-03
E13/14 B30200/36000 batch_loss=1.6761e-03
E13/14 B30400/36000 batch_loss=1.0039e-03
E13/14 B30600/36000 batch_loss=1.7571e-03
E13/14 B30800/36000 batch_loss=9.6418e-04
E13/14 B31000/36000 batch_loss=9.8253e-04
E13/14 B31200/36000 batch_loss=1.2125e-03
E13/14 B31400/36000 batch_loss=1.6560e-03
E13/14 B31600/36000 batch_loss=1.0419e-03
E13/14 B31800/36000 batch_loss=1.7474e-03
E13/14 B32000/36000 batch_loss=1.0342e-03
E13/14 B32200/36000 batch_loss=1.8209e-03
E13/14 B32400/36000 batch_loss=1.7343e-03
E13/14 B32600/36000 batch_loss=1.6861e-03
E13/14 B32800/36000 batch_loss=9.9468e-04
E13/14 B33000/36000 batch_loss=1.9011e-03
E13/14 B33200/36000 batch_loss=1.6007e-03
E13/14 B33400/36000 batch_loss=1.6853e-03
E13/14 B33600/36000 batch_loss=1.7625e-03
E13/14 B33800/36000 batch_loss=9.4900e-04
E13/14 B34000/36000 batch_loss=1.8834e-03
E13/14 B34200/36000 batch_loss=9.9763e-04
E13/14 B34400/36000 batch_loss=1.7959e-03
E13/14 B34600/36000 batch_loss=1.6150e-03
E13/14 B34800/36000 batch_loss=1.5751e-03
E13/14 B35000/36000 batch_loss=1.1443e-03
E13/14 B35200/36000 batch_loss=1.1045e-03
E13/14 B35400/36000 batch_loss=1.8509e-03
E13/14 B35600/36000 batch_loss=1.6251e-03
E13/14 B35800/36000 batch_loss=1.7163e-03
E13/14 B36000/36000 batch_loss=1.0163e-03
2026-06-29 08:18:03,806 | INFO | Saved 10 diagnostic panel(s) under D:\Research\NO-2D-Metamaterials\MODELS\training_runs\NO_I3O5_BCF16_SL1_HC128_LR2e-03_WD0e+00_SS1_G9e-01_ch0u_260626\diagnostics\epoch_013
epoch=13/14 train_loss=1.356921e-03 val_loss=1.871391e-03 lr=5.084e-04 train_sps=1281.9
epoch=13/14 compare_loss(mse) train=3.532080e-05 val=5.719222e-05
epoch=13/14 ref_l1 train=1.664878e-03 val=2.198591e-03 ref_mse train=3.532080e-05 val=5.719222e-05
2026-06-29 08:18:05,048 | INFO | epoch=13/14 loss=smoothl1 train_ch_smoothl1=1.407e-04 1.453e-03 1.371e-03 1.992e-03 1.827e-03 val_ch_smoothl1=4.594e-04 2.003e-03 1.914e-03 2.574e-03 2.407e-03 train_loss=1.356921e-03 val_loss=1.871391e-03 lr=5.084e-04 train_sps=1281.9
2026-06-29 08:18:05,048 | INFO | epoch=13/14 compare_loss=mse train=3.532080e-05 val=5.719222e-05 train_ch_mse=5.308e-06 3.398e-05 3.172e-05 5.676e-05 4.884e-05 val_ch_mse=3.444e-05 5.267e-05 5.053e-05 7.900e-05 6.931e-05
2026-06-29 08:18:05,048 | INFO | epoch=13/14 ref_l1 train=1.664878e-03 val=2.198591e-03 ref_mse train=3.532080e-05 val=5.719222e-05
Epoch 13/14 done | train_loss=1.3569e-03 val_loss=1.8714e-03 lr=5.08e-04
E14/14 B200/36000 batch_loss=1.0610e-03
E14/14 B400/36000 batch_loss=9.4866e-04
E14/14 B600/36000 batch_loss=1.5663e-03
E14/14 B800/36000 batch_loss=9.4130e-04
E14/14 B1000/36000 batch_loss=1.8281e-03
E14/14 B1200/36000 batch_loss=1.6766e-03
E14/14 B1400/36000 batch_loss=1.7997e-03
E14/14 B1600/36000 batch_loss=1.7163e-03
E14/14 B1800/36000 batch_loss=1.0742e-03
E14/14 B2000/36000 batch_loss=1.0086e-03
E14/14 B2200/36000 batch_loss=1.7545e-03
E14/14 B2400/36000 batch_loss=1.8110e-03
E14/14 B2600/36000 batch_loss=8.9345e-04
E14/14 B2800/36000 batch_loss=1.5189e-03
E14/14 B3000/36000 batch_loss=1.6933e-03
E14/14 B3200/36000 batch_loss=1.6395e-03
E14/14 B3400/36000 batch_loss=1.5112e-03
E14/14 B3600/36000 batch_loss=1.6784e-03
E14/14 B3800/36000 batch_loss=1.5961e-03
E14/14 B4000/36000 batch_loss=1.6236e-03
E14/14 B4200/36000 batch_loss=1.6975e-03
E14/14 B4400/36000 batch_loss=1.5416e-03
E14/14 B4600/36000 batch_loss=1.0796e-03
E14/14 B4800/36000 batch_loss=1.5157e-03
E14/14 B5000/36000 batch_loss=9.8022e-04
E14/14 B5200/36000 batch_loss=1.7260e-03
E14/14 B5400/36000 batch_loss=9.5947e-04
E14/14 B5600/36000 batch_loss=8.8743e-04
E14/14 B5800/36000 batch_loss=1.0141e-03
E14/14 B6000/36000 batch_loss=1.0334e-03
E14/14 B6200/36000 batch_loss=9.1286e-04
E14/14 B6400/36000 batch_loss=1.5366e-03
E14/14 B6600/36000 batch_loss=8.7736e-04
E14/14 B6800/36000 batch_loss=8.6208e-04
E14/14 B7000/36000 batch_loss=1.7288e-03
E14/14 B7200/36000 batch_loss=1.0413e-03
E14/14 B7400/36000 batch_loss=1.7833e-03
E14/14 B7600/36000 batch_loss=8.6582e-04
E14/14 B7800/36000 batch_loss=1.0826e-03
E14/14 B8000/36000 batch_loss=1.4351e-03
E14/14 B8200/36000 batch_loss=1.5495e-03
E14/14 B8400/36000 batch_loss=1.6063e-03
E14/14 B8600/36000 batch_loss=1.6031e-03
E14/14 B8800/36000 batch_loss=8.5350e-04
E14/14 B9000/36000 batch_loss=1.7987e-03
E14/14 B9200/36000 batch_loss=1.1199e-03
E14/14 B9400/36000 batch_loss=1.5936e-03
E14/14 B9600/36000 batch_loss=1.6742e-03
E14/14 B9800/36000 batch_loss=1.0597e-03
E14/14 B10000/36000 batch_loss=1.6292e-03
E14/14 B10200/36000 batch_loss=1.0295e-03
E14/14 B10400/36000 batch_loss=1.8840e-03
E14/14 B10600/36000 batch_loss=1.0775e-03
E14/14 B10800/36000 batch_loss=1.0297e-03
E14/14 B11000/36000 batch_loss=9.4589e-04
E14/14 B11200/36000 batch_loss=9.6758e-04
E14/14 B11400/36000 batch_loss=1.7308e-03
E14/14 B11600/36000 batch_loss=9.1789e-04
E14/14 B11800/36000 batch_loss=1.5671e-03
E14/14 B12000/36000 batch_loss=1.0279e-03
E14/14 B12200/36000 batch_loss=9.7437e-04
E14/14 B12400/36000 batch_loss=1.7484e-03
E14/14 B12600/36000 batch_loss=1.6846e-03
E14/14 B12800/36000 batch_loss=1.6304e-03
E14/14 B13000/36000 batch_loss=1.6784e-03
E14/14 B13200/36000 batch_loss=9.4932e-04
E14/14 B13400/36000 batch_loss=1.6495e-03
E14/14 B13600/36000 batch_loss=9.7289e-04
E14/14 B13800/36000 batch_loss=9.3982e-04
E14/14 B14000/36000 batch_loss=8.5424e-04
E14/14 B14200/36000 batch_loss=1.7263e-03
E14/14 B14400/36000 batch_loss=1.0765e-03
E14/14 B14600/36000 batch_loss=1.6216e-03
E14/14 B14800/36000 batch_loss=1.8277e-03
E14/14 B15000/36000 batch_loss=1.6408e-03
E14/14 B15200/36000 batch_loss=1.6254e-03
E14/14 B15400/36000 batch_loss=9.8304e-04
E14/14 B15600/36000 batch_loss=1.7125e-03
E14/14 B15800/36000 batch_loss=1.7251e-03
E14/14 B16000/36000 batch_loss=1.1137e-03
E14/14 B16200/36000 batch_loss=1.6527e-03
E14/14 B16400/36000 batch_loss=1.6692e-03
E14/14 B16600/36000 batch_loss=1.0196e-03
E14/14 B16800/36000 batch_loss=1.4587e-03
E14/14 B17000/36000 batch_loss=1.8004e-03
E14/14 B17200/36000 batch_loss=1.7828e-03
E14/14 B17400/36000 batch_loss=1.6757e-03
E14/14 B17600/36000 batch_loss=1.1002e-03
E14/14 B17800/36000 batch_loss=9.9587e-04
E14/14 B18000/36000 batch_loss=1.5167e-03
E14/14 B18200/36000 batch_loss=8.7026e-04
E14/14 B18400/36000 batch_loss=1.5993e-03
E14/14 B18600/36000 batch_loss=1.6679e-03
E14/14 B18800/36000 batch_loss=9.6041e-04
E14/14 B19000/36000 batch_loss=1.0701e-03
E14/14 B19200/36000 batch_loss=1.3710e-03
E14/14 B19400/36000 batch_loss=1.8467e-03
E14/14 B19600/36000 batch_loss=1.6327e-03
E14/14 B19800/36000 batch_loss=9.5902e-04
E14/14 B20000/36000 batch_loss=1.7096e-03
E14/14 B20200/36000 batch_loss=1.7014e-03
E14/14 B20400/36000 batch_loss=1.6029e-03
E14/14 B20600/36000 batch_loss=1.7905e-03
E14/14 B20800/36000 batch_loss=1.0339e-03
E14/14 B21000/36000 batch_loss=1.7571e-03
E14/14 B21200/36000 batch_loss=1.6086e-03
E14/14 B21400/36000 batch_loss=9.4467e-04
E14/14 B21600/36000 batch_loss=9.3344e-04
E14/14 B21800/36000 batch_loss=1.0560e-03
E14/14 B22000/36000 batch_loss=9.8797e-04
E14/14 B22200/36000 batch_loss=1.6974e-03
E14/14 B22400/36000 batch_loss=1.6263e-03
E14/14 B22600/36000 batch_loss=1.0243e-03
E14/14 B22800/36000 batch_loss=1.6734e-03
E14/14 B23000/36000 batch_loss=1.5089e-03
E14/14 B23200/36000 batch_loss=1.5751e-03
E14/14 B23400/36000 batch_loss=1.6157e-03
E14/14 B23600/36000 batch_loss=1.5876e-03
E14/14 B23800/36000 batch_loss=1.5742e-03
E14/14 B24000/36000 batch_loss=8.1064e-04
E14/14 B24200/36000 batch_loss=1.7306e-03
E14/14 B24400/36000 batch_loss=1.7673e-03
E14/14 B24600/36000 batch_loss=8.6821e-04
E14/14 B24800/36000 batch_loss=8.8760e-04
E14/14 B25000/36000 batch_loss=1.0021e-03
E14/14 B25200/36000 batch_loss=1.8177e-03
E14/14 B25400/36000 batch_loss=1.6421e-03
E14/14 B25600/36000 batch_loss=9.6450e-04
E14/14 B25800/36000 batch_loss=9.5746e-04
E14/14 B26000/36000 batch_loss=1.0251e-03
E14/14 B26200/36000 batch_loss=7.9933e-04
E14/14 B26400/36000 batch_loss=1.6675e-03
E14/14 B26600/36000 batch_loss=8.8708e-04
E14/14 B26800/36000 batch_loss=9.9155e-04
E14/14 B27000/36000 batch_loss=1.6151e-03
E14/14 B27200/36000 batch_loss=9.5511e-04
E14/14 B27400/36000 batch_loss=1.0498e-03
E14/14 B27600/36000 batch_loss=1.8194e-03
E14/14 B27800/36000 batch_loss=8.2412e-04
E14/14 B28000/36000 batch_loss=1.0128e-03
E14/14 B28200/36000 batch_loss=9.6326e-04
E14/14 B28400/36000 batch_loss=1.0778e-03
E14/14 B28600/36000 batch_loss=1.5879e-03
E14/14 B28800/36000 batch_loss=1.8025e-03
E14/14 B29000/36000 batch_loss=1.0047e-03
E14/14 B29200/36000 batch_loss=1.4310e-03
E14/14 B29400/36000 batch_loss=1.6748e-03
E14/14 B29600/36000 batch_loss=9.2759e-04
E14/14 B29800/36000 batch_loss=9.1144e-04
E14/14 B30000/36000 batch_loss=1.0800e-03
E14/14 B30200/36000 batch_loss=1.7891e-03
E14/14 B30400/36000 batch_loss=1.6186e-03
E14/14 B30600/36000 batch_loss=1.8409e-03
E14/14 B30800/36000 batch_loss=1.0261e-03
E14/14 B31000/36000 batch_loss=1.6578e-03
E14/14 B31200/36000 batch_loss=1.6564e-03
E14/14 B31400/36000 batch_loss=1.6802e-03
E14/14 B31600/36000 batch_loss=1.7416e-03
E14/14 B31800/36000 batch_loss=9.1914e-04
E14/14 B32000/36000 batch_loss=1.5315e-03
E14/14 B32200/36000 batch_loss=9.8101e-04
E14/14 B32400/36000 batch_loss=1.7599e-03
E14/14 B32600/36000 batch_loss=1.6598e-03
E14/14 B32800/36000 batch_loss=1.6251e-03
E14/14 B33000/36000 batch_loss=9.1046e-04
E14/14 B33200/36000 batch_loss=8.4125e-04
E14/14 B33400/36000 batch_loss=1.0465e-03
E14/14 B33600/36000 batch_loss=8.7829e-04
E14/14 B33800/36000 batch_loss=9.1273e-04
E14/14 B34000/36000 batch_loss=1.7849e-03
E14/14 B34200/36000 batch_loss=1.0080e-03
E14/14 B34400/36000 batch_loss=1.6455e-03
E14/14 B34600/36000 batch_loss=1.7500e-03
E14/14 B34800/36000 batch_loss=9.8421e-04
E14/14 B35000/36000 batch_loss=1.5881e-03
E14/14 B35200/36000 batch_loss=1.8468e-03
E14/14 B35400/36000 batch_loss=1.5824e-03
E14/14 B35600/36000 batch_loss=1.7118e-03
E14/14 B35800/36000 batch_loss=1.0021e-03
E14/14 B36000/36000 batch_loss=9.8093e-04
2026-06-29 12:29:26,532 | INFO | Saved 10 diagnostic panel(s) under D:\Research\NO-2D-Metamaterials\MODELS\training_runs\NO_I3O5_BCF16_SL1_HC128_LR2e-03_WD0e+00_SS1_G9e-01_ch0u_260626\diagnostics\epoch_014
epoch=14/14 train_loss=1.325794e-03 val_loss=1.865004e-03 lr=4.575e-04 train_sps=1332.9
epoch=14/14 compare_loss(mse) train=3.449237e-05 val=5.639121e-05
epoch=14/14 ref_l1 train=1.630869e-03 val=2.190051e-03 ref_mse train=3.449237e-05 val=5.639121e-05
2026-06-29 12:29:27,729 | INFO | epoch=14/14 loss=smoothl1 train_ch_smoothl1=1.340e-04 1.418e-03 1.337e-03 1.950e-03 1.790e-03 val_ch_smoothl1=4.272e-04 1.998e-03 1.921e-03 2.583e-03 2.396e-03 train_loss=1.325794e-03 val_loss=1.865004e-03 lr=4.575e-04 train_sps=1332.9
2026-06-29 12:29:27,730 | INFO | epoch=14/14 compare_loss=mse train=3.449237e-05 val=5.639121e-05 train_ch_mse=5.300e-06 3.306e-05 3.082e-05 5.553e-05 4.776e-05 val_ch_mse=3.133e-05 5.266e-05 5.059e-05 7.849e-05 6.889e-05
2026-06-29 12:29:27,730 | INFO | epoch=14/14 ref_l1 train=1.630869e-03 val=2.190051e-03 ref_mse train=3.449237e-05 val=5.639121e-05
Epoch 14/14 done | train_loss=1.3258e-03 val_loss=1.8650e-03 lr=4.58e-04
2026-06-29 12:29:28,022 | INFO | Run complete | run_name=NO_I3O5_BCF16_SL1_HC128_LR2e-03_WD0e+00_SS1_G9e-01_ch0u_260626 run_id=NO_I3O5_BCF16_SL1_HC128_LR2e-03_WD0e+00_SS1_G9e-01_ch0u_260626 best_val_loss=1.853127e-03
2026-06-29 12:29:28,022 | INFO | Artifacts saved to: D:\Research\NO-2D-Metamaterials\MODELS\training_runs\NO_I3O5_BCF16_SL1_HC128_LR2e-03_WD0e+00_SS1_G9e-01_ch0u_260626
Run complete. run_name=NO_I3O5_BCF16_SL1_HC128_LR2e-03_WD0e+00_SS1_G9e-01_ch0u_260626 run_id=NO_I3O5_BCF16_SL1_HC128_LR2e-03_WD0e+00_SS1_G9e-01_ch0u_260626 best_val_loss=1.853127e-03
Artifacts saved to: D:\Research\NO-2D-Metamaterials\MODELS\training_runs\NO_I3O5_BCF16_SL1_HC128_LR2e-03_WD0e+00_SS1_G9e-01_ch0u_260626
26/06/29 12:29:31.04 | === evaluate plateau / overfit === 
Window epochs 11..14 (n=4)
  train Huber: ['1.433e-03', '1.393e-03', '1.357e-03', '1.326e-03']
  val   Huber: ['1.853e-03', '1.866e-03', '1.871e-03', '1.865e-03']
  train rel. drop over window: 7.47% (plateau if < 1.00%)
  val min in window: 1.853e-03; last: 1.865e-03
  plateaued=False; clear_overfit=False (vs_best=False, trend=False)
CONTINUE: train still improving and val does not show clear overfit.
