26/06/30  0:04:28.21 | === branch from 0626 E11, beta=1e-4, ep 12-15, LR=epoch-12 (5.649e-4) === 
26/06/30  0:04:28.22 | prior run (epochs 1-11): D:\Research\NO-2D-Metamaterials\MODELS\training_runs\NO_I3O5_BCF16_SL1_HC128_LR2e-03_WD0e+00_SS1_G9e-01_ch0u_260626 
2026-06-30 00:04:43,594 | INFO | Huber/SmoothL1 beta=1.000000e-04
2026-06-30 00:04:43,595 | INFO | Reference L1/MSE logging enabled | active_loss=smoothl1 compare_col=mse
D:\Research\NO-2D-Metamaterials\train_from_disk.py:1398: FutureWarning: `torch.cuda.amp.GradScaler(args...)` is deprecated. Please use `torch.amp.GradScaler('cuda', args...)` instead.
  scaler = torch.cuda.amp.GradScaler(enabled=(device.type == "cuda" and args.amp == "fp16"))
2026-06-30 00:04:44,146 | ERROR | Training failed
Traceback (most recent call last):
  File "D:\Research\NO-2D-Metamaterials\train_from_disk.py", line 1425, in main
    raise FileNotFoundError(f"--resume-from-epoch {ep_n}: missing checkpoint {ep_ckpt}")
FileNotFoundError: --resume-from-epoch 11: missing checkpoint D:\Research\NO-2D-Metamaterials\MODELS\training_runs\NO_I3O5_BCF16_SL1_HC128_LR2e-03_WD0e+00_SS1_G9e-01_ch0u_260626_b1e-4_e12-15\NO_I3O5_BCF16_SL1_HC128_LR2e-03_WD0e+00_SS1_G9e-01_ch0u_260626_b1e-4_e12-15_E11.pth
Traceback (most recent call last):
  File "D:\Research\NO-2D-Metamaterials\train_from_disk.py", line 2050, in <module>
    main()
  File "D:\Research\NO-2D-Metamaterials\train_from_disk.py", line 1425, in main
    raise FileNotFoundError(f"--resume-from-epoch {ep_n}: missing checkpoint {ep_ckpt}")
FileNotFoundError: --resume-from-epoch 11: missing checkpoint D:\Research\NO-2D-Metamaterials\MODELS\training_runs\NO_I3O5_BCF16_SL1_HC128_LR2e-03_WD0e+00_SS1_G9e-01_ch0u_260626_b1e-4_e12-15\NO_I3O5_BCF16_SL1_HC128_LR2e-03_WD0e+00_SS1_G9e-01_ch0u_260626_b1e-4_e12-15_E11.pth
26/06/30  0:04:44.84 | === finished exit=1 === 
26/06/30  0:06:30.90 | === branch from 0626 E11, beta=1e-4, ep 12-15, LR=epoch-12 (5.649e-4) === 
26/06/30  0:06:30.90 | prior run (epochs 1-11): D:\Research\NO-2D-Metamaterials\MODELS\training_runs\NO_I3O5_BCF16_SL1_HC128_LR2e-03_WD0e+00_SS1_G9e-01_ch0u_260626 
2026-06-30 00:06:46,071 | INFO | Huber/SmoothL1 beta=1.000000e-04
2026-06-30 00:06:46,072 | INFO | Reference L1/MSE logging enabled | active_loss=smoothl1 compare_col=mse
D:\Research\NO-2D-Metamaterials\train_from_disk.py:1405: FutureWarning: `torch.cuda.amp.GradScaler(args...)` is deprecated. Please use `torch.amp.GradScaler('cuda', args...)` instead.
  scaler = torch.cuda.amp.GradScaler(enabled=(device.type == "cuda" and args.amp == "fp16"))
2026-06-30 00:06:46,755 | INFO | Loaded weights from D:\Research\NO-2D-Metamaterials\MODELS\training_runs\NO_I3O5_BCF16_SL1_HC128_LR2e-03_WD0e+00_SS1_G9e-01_ch0u_260626_b1e-4_e12-15\NO_I3O5_BCF16_SL1_HC128_LR2e-03_WD0e+00_SS1_G9e-01_ch0u_260626_b1e-4_e12-15_E11.pth; continuing at epoch=12.
2026-06-30 00:06:46,756 | INFO | Branched run: epochs 1-11 checkpoints/metrics were copied from prior run D:\Research\NO-2D-Metamaterials\MODELS\training_runs\NO_I3O5_BCF16_SL1_HC128_LR2e-03_WD0e+00_SS1_G9e-01_ch0u_260626; epochs > 11 in this folder will be replaced by this continuation.
2026-06-30 00:06:46,758 | INFO | Run started | run_name=NO_I3O5_BCF16_SL1_HC128_LR2e-03_WD0e+00_SS1_G9e-01_ch0u_260626_b1e-4_e12-15 run_id=NO_I3O5_BCF16_SL1_HC128_LR2e-03_WD0e+00_SS1_G9e-01_ch0u_260626_b1e-4_e12-15 device=cuda train_samples=18720000 test_samples=3900000 val_index_source=indices_full epoch_range=12..15
2026-06-30 00:06:46,759 | INFO | Prior run reference | epochs 1-11 canonical location: D:\Research\NO-2D-Metamaterials\MODELS\training_runs\NO_I3O5_BCF16_SL1_HC128_LR2e-03_WD0e+00_SS1_G9e-01_ch0u_260626
2026-06-30 00:06:46,759 | INFO | Fault diagnostics | main_fault_log=D:\Research\NO-2D-Metamaterials\MODELS\training_runs\NO_I3O5_BCF16_SL1_HC128_LR2e-03_WD0e+00_SS1_G9e-01_ch0u_260626_b1e-4_e12-15\main_process_fault.log
E12/15 B200/36000 batch_loss=1.1956e-03
E12/15 B400/36000 batch_loss=2.0796e-03
E12/15 B600/36000 batch_loss=2.0610e-03
E12/15 B800/36000 batch_loss=2.0153e-03
E12/15 B1000/36000 batch_loss=2.0232e-03
E12/15 B1200/36000 batch_loss=1.2675e-03
E12/15 B1400/36000 batch_loss=1.3143e-03
E12/15 B1600/36000 batch_loss=2.0360e-03
E12/15 B1800/36000 batch_loss=2.0308e-03
E12/15 B2000/36000 batch_loss=1.2771e-03
E12/15 B2200/36000 batch_loss=2.0462e-03
E12/15 B2400/36000 batch_loss=1.8909e-03
E12/15 B2600/36000 batch_loss=1.0007e-03
E12/15 B2800/36000 batch_loss=2.1208e-03
E12/15 B3000/36000 batch_loss=1.3025e-03
E12/15 B3200/36000 batch_loss=2.1949e-03
E12/15 B3400/36000 batch_loss=2.1492e-03
E12/15 B3600/36000 batch_loss=1.1349e-03
E12/15 B3800/36000 batch_loss=2.0712e-03
E12/15 B4000/36000 batch_loss=1.9931e-03
E12/15 B4200/36000 batch_loss=2.1172e-03
E12/15 B4400/36000 batch_loss=1.2175e-03
E12/15 B4600/36000 batch_loss=2.0454e-03
E12/15 B4800/36000 batch_loss=1.9521e-03
E12/15 B5000/36000 batch_loss=1.1808e-03
E12/15 B5200/36000 batch_loss=1.1813e-03
E12/15 B5400/36000 batch_loss=1.8826e-03
E12/15 B5600/36000 batch_loss=1.2675e-03
E12/15 B5800/36000 batch_loss=1.1563e-03
E12/15 B6000/36000 batch_loss=1.2620e-03
E12/15 B6200/36000 batch_loss=1.2533e-03
E12/15 B6400/36000 batch_loss=2.0516e-03
E12/15 B6600/36000 batch_loss=1.3609e-03
E12/15 B6800/36000 batch_loss=1.2175e-03
E12/15 B7000/36000 batch_loss=1.8394e-03
E12/15 B7200/36000 batch_loss=1.1591e-03
E12/15 B7400/36000 batch_loss=1.1923e-03
E12/15 B7600/36000 batch_loss=1.3416e-03
E12/15 B7800/36000 batch_loss=1.2705e-03
E12/15 B8000/36000 batch_loss=1.3468e-03
E12/15 B8200/36000 batch_loss=2.2097e-03
E12/15 B8400/36000 batch_loss=1.9239e-03
E12/15 B8600/36000 batch_loss=1.2161e-03
E12/15 B8800/36000 batch_loss=1.3230e-03
E12/15 B9000/36000 batch_loss=2.0521e-03
E12/15 B9200/36000 batch_loss=1.2802e-03
E12/15 B9400/36000 batch_loss=2.1080e-03
E12/15 B9600/36000 batch_loss=2.2212e-03
E12/15 B9800/36000 batch_loss=2.1241e-03
E12/15 B10000/36000 batch_loss=1.1824e-03
E12/15 B10200/36000 batch_loss=1.1244e-03
E12/15 B10400/36000 batch_loss=1.1671e-03
E12/15 B10600/36000 batch_loss=1.2379e-03
E12/15 B10800/36000 batch_loss=1.9027e-03
E12/15 B11000/36000 batch_loss=1.1041e-03
E12/15 B11200/36000 batch_loss=1.1596e-03
E12/15 B11400/36000 batch_loss=2.0286e-03
E12/15 B11600/36000 batch_loss=1.1888e-03
E12/15 B11800/36000 batch_loss=1.9462e-03
E12/15 B12000/36000 batch_loss=2.0404e-03
E12/15 B12200/36000 batch_loss=1.9741e-03
E12/15 B12400/36000 batch_loss=2.0442e-03
E12/15 B12600/36000 batch_loss=1.2143e-03
E12/15 B12800/36000 batch_loss=1.1613e-03
E12/15 B13000/36000 batch_loss=1.0997e-03
E12/15 B13200/36000 batch_loss=1.4981e-03
E12/15 B13400/36000 batch_loss=2.0859e-03
E12/15 B13600/36000 batch_loss=1.2734e-03
E12/15 B13800/36000 batch_loss=1.3894e-03
E12/15 B14000/36000 batch_loss=2.1113e-03
E12/15 B14200/36000 batch_loss=1.3965e-03
E12/15 B14400/36000 batch_loss=2.1547e-03
E12/15 B14600/36000 batch_loss=1.4270e-03
E12/15 B14800/36000 batch_loss=1.2326e-03
E12/15 B15000/36000 batch_loss=1.9672e-03
E12/15 B15200/36000 batch_loss=1.9390e-03
E12/15 B15400/36000 batch_loss=2.2691e-03
E12/15 B15600/36000 batch_loss=1.2566e-03
E12/15 B15800/36000 batch_loss=2.0238e-03
E12/15 B16000/36000 batch_loss=1.3364e-03
E12/15 B16200/36000 batch_loss=1.9591e-03
E12/15 B16400/36000 batch_loss=1.4319e-03
E12/15 B16600/36000 batch_loss=2.0389e-03
E12/15 B16800/36000 batch_loss=2.2181e-03
E12/15 B17000/36000 batch_loss=1.2833e-03
E12/15 B17200/36000 batch_loss=2.0438e-03
E12/15 B17400/36000 batch_loss=1.2906e-03
E12/15 B17600/36000 batch_loss=1.9518e-03
E12/15 B17800/36000 batch_loss=1.3026e-03
E12/15 B18000/36000 batch_loss=2.1813e-03
E12/15 B18200/36000 batch_loss=1.3088e-03
E12/15 B18400/36000 batch_loss=2.3196e-03
E12/15 B18600/36000 batch_loss=2.1287e-03
E12/15 B18800/36000 batch_loss=1.9340e-03
E12/15 B19000/36000 batch_loss=2.1699e-03
E12/15 B19200/36000 batch_loss=1.1422e-03
E12/15 B19400/36000 batch_loss=1.2624e-03
E12/15 B19600/36000 batch_loss=1.1667e-03
E12/15 B19800/36000 batch_loss=1.2340e-03
E12/15 B20000/36000 batch_loss=2.5694e-03
E12/15 B20200/36000 batch_loss=1.2873e-03
E12/15 B20400/36000 batch_loss=1.9658e-03
E12/15 B20600/36000 batch_loss=1.8377e-03
E12/15 B20800/36000 batch_loss=1.9151e-03
E12/15 B21000/36000 batch_loss=1.2138e-03
E12/15 B21200/36000 batch_loss=2.2515e-03
E12/15 B21400/36000 batch_loss=1.1706e-03
E12/15 B21600/36000 batch_loss=1.3628e-03
E12/15 B21800/36000 batch_loss=1.1852e-03
E12/15 B22000/36000 batch_loss=1.9550e-03
E12/15 B22200/36000 batch_loss=1.0941e-03
E12/15 B22400/36000 batch_loss=1.9947e-03
E12/15 B22600/36000 batch_loss=1.1670e-03
E12/15 B22800/36000 batch_loss=1.2546e-03
E12/15 B23000/36000 batch_loss=1.9679e-03
E12/15 B23200/36000 batch_loss=1.1566e-03
E12/15 B23400/36000 batch_loss=1.3635e-03
E12/15 B23600/36000 batch_loss=1.4053e-03
E12/15 B23800/36000 batch_loss=1.9254e-03
E12/15 B24000/36000 batch_loss=2.0752e-03
E12/15 B24200/36000 batch_loss=1.2358e-03
E12/15 B24400/36000 batch_loss=2.0405e-03
E12/15 B24600/36000 batch_loss=1.1806e-03
E12/15 B24800/36000 batch_loss=2.0354e-03
E12/15 B25000/36000 batch_loss=2.0795e-03
E12/15 B25200/36000 batch_loss=1.9853e-03
E12/15 B25400/36000 batch_loss=2.0705e-03
E12/15 B25600/36000 batch_loss=1.3055e-03
E12/15 B25800/36000 batch_loss=1.2435e-03
E12/15 B26000/36000 batch_loss=1.1823e-03
E12/15 B26200/36000 batch_loss=1.2988e-03
E12/15 B26400/36000 batch_loss=1.2101e-03
E12/15 B26600/36000 batch_loss=2.1035e-03
E12/15 B26800/36000 batch_loss=1.2870e-03
E12/15 B27000/36000 batch_loss=1.8797e-03
E12/15 B27200/36000 batch_loss=2.1071e-03
E12/15 B27400/36000 batch_loss=1.2798e-03
E12/15 B27600/36000 batch_loss=1.1257e-03
E12/15 B27800/36000 batch_loss=1.3552e-03
E12/15 B28000/36000 batch_loss=2.3268e-03
E12/15 B28200/36000 batch_loss=2.0696e-03
E12/15 B28400/36000 batch_loss=1.2206e-03
E12/15 B28600/36000 batch_loss=2.1558e-03
E12/15 B28800/36000 batch_loss=1.9331e-03
E12/15 B29000/36000 batch_loss=1.9760e-03
E12/15 B29200/36000 batch_loss=1.2166e-03
E12/15 B29400/36000 batch_loss=1.1293e-03
E12/15 B29600/36000 batch_loss=2.0098e-03
E12/15 B29800/36000 batch_loss=1.2647e-03
E12/15 B30000/36000 batch_loss=1.9642e-03
E12/15 B30200/36000 batch_loss=2.0329e-03
E12/15 B30400/36000 batch_loss=1.1397e-03
E12/15 B30600/36000 batch_loss=1.9045e-03
E12/15 B30800/36000 batch_loss=1.2182e-03
E12/15 B31000/36000 batch_loss=1.2813e-03
E12/15 B31200/36000 batch_loss=1.8487e-03
E12/15 B31400/36000 batch_loss=2.2014e-03
E12/15 B31600/36000 batch_loss=1.9775e-03
E12/15 B31800/36000 batch_loss=2.0327e-03
E12/15 B32000/36000 batch_loss=1.2548e-03
E12/15 B32200/36000 batch_loss=1.2500e-03
E12/15 B32400/36000 batch_loss=1.0529e-03
E12/15 B32600/36000 batch_loss=1.0774e-03
E12/15 B32800/36000 batch_loss=2.1261e-03
E12/15 B33000/36000 batch_loss=1.2470e-03
E12/15 B33200/36000 batch_loss=1.3598e-03
E12/15 B33400/36000 batch_loss=2.2382e-03
E12/15 B33600/36000 batch_loss=2.1005e-03
E12/15 B33800/36000 batch_loss=1.2337e-03
E12/15 B34000/36000 batch_loss=1.2748e-03
E12/15 B34200/36000 batch_loss=1.2098e-03
E12/15 B34400/36000 batch_loss=1.3266e-03
E12/15 B34600/36000 batch_loss=1.2526e-03
E12/15 B34800/36000 batch_loss=2.0414e-03
E12/15 B35000/36000 batch_loss=2.0899e-03
E12/15 B35200/36000 batch_loss=2.1036e-03
E12/15 B35400/36000 batch_loss=1.0296e-03
E12/15 B35600/36000 batch_loss=1.1236e-03
E12/15 B35800/36000 batch_loss=2.0224e-03
E12/15 B36000/36000 batch_loss=1.1951e-03
2026-06-30 04:22:16,860 | INFO | Saved 10 diagnostic panel(s) under D:\Research\NO-2D-Metamaterials\MODELS\training_runs\NO_I3O5_BCF16_SL1_HC128_LR2e-03_WD0e+00_SS1_G9e-01_ch0u_260626_b1e-4_e12-15\diagnostics\epoch_012
epoch=12/15 train_loss=1.633033e-03 val_loss=2.107078e-03 lr=5.084e-04 train_sps=1301.3
epoch=12/15 compare_loss(mse) train=3.605393e-05 val=5.404770e-05
epoch=12/15 ref_l1 train=1.679827e-03 val=2.153825e-03 ref_mse train=3.605393e-05 val=5.404770e-05
2026-06-30 04:22:18,825 | INFO | epoch=12/15 loss=smoothl1 train_ch_smoothl1=3.187e-04 1.751e-03 1.665e-03 2.300e-03 2.129e-03 val_ch_smoothl1=5.017e-04 2.288e-03 2.198e-03 2.865e-03 2.682e-03 train_loss=1.633033e-03 val_loss=2.107078e-03 lr=5.084e-04 train_sps=1301.3
2026-06-30 04:22:18,826 | INFO | epoch=12/15 compare_loss=mse train=3.605393e-05 val=5.404770e-05 train_ch_mse=5.387e-06 3.482e-05 3.263e-05 5.772e-05 4.971e-05 val_ch_mse=1.855e-05 5.292e-05 5.074e-05 7.872e-05 6.931e-05
2026-06-30 04:22:18,827 | INFO | epoch=12/15 ref_l1 train=1.679827e-03 val=2.153825e-03 ref_mse train=3.605393e-05 val=5.404770e-05
Epoch 12/15 done | train_loss=1.6330e-03 val_loss=2.1071e-03 lr=5.08e-04
E13/15 B200/36000 batch_loss=1.2098e-03
E13/15 B400/36000 batch_loss=2.1092e-03
E13/15 B600/36000 batch_loss=2.0512e-03
E13/15 B800/36000 batch_loss=1.2822e-03
E13/15 B1000/36000 batch_loss=2.0407e-03
E13/15 B1200/36000 batch_loss=1.7605e-03
E13/15 B1400/36000 batch_loss=1.4019e-03
E13/15 B1600/36000 batch_loss=1.1884e-03
E13/15 B1800/36000 batch_loss=1.9817e-03
E13/15 B2000/36000 batch_loss=1.7696e-03
E13/15 B2200/36000 batch_loss=1.1181e-03
E13/15 B2400/36000 batch_loss=1.9064e-03
E13/15 B2600/36000 batch_loss=1.7578e-03
E13/15 B2800/36000 batch_loss=1.2799e-03
E13/15 B3000/36000 batch_loss=2.0947e-03
E13/15 B3200/36000 batch_loss=1.9401e-03
E13/15 B3400/36000 batch_loss=1.3065e-03
E13/15 B3600/36000 batch_loss=1.2971e-03
E13/15 B3800/36000 batch_loss=2.0648e-03
E13/15 B4000/36000 batch_loss=1.3543e-03
E13/15 B4200/36000 batch_loss=1.1206e-03
E13/15 B4400/36000 batch_loss=1.0334e-03
E13/15 B4600/36000 batch_loss=2.0136e-03
E13/15 B4800/36000 batch_loss=1.8479e-03
E13/15 B5000/36000 batch_loss=1.4687e-03
E13/15 B5200/36000 batch_loss=1.8611e-03
E13/15 B5400/36000 batch_loss=1.2442e-03
E13/15 B5600/36000 batch_loss=1.3379e-03
E13/15 B5800/36000 batch_loss=1.5260e-03
E13/15 B6000/36000 batch_loss=1.4558e-03
E13/15 B6200/36000 batch_loss=1.9128e-03
E13/15 B6400/36000 batch_loss=1.0450e-03
E13/15 B6600/36000 batch_loss=1.2857e-03
E13/15 B6800/36000 batch_loss=1.1566e-03
E13/15 B7000/36000 batch_loss=1.9653e-03
E13/15 B7200/36000 batch_loss=1.2156e-03
E13/15 B7400/36000 batch_loss=1.7827e-03
E13/15 B7600/36000 batch_loss=1.1869e-03
E13/15 B7800/36000 batch_loss=1.2251e-03
E13/15 B8000/36000 batch_loss=2.0152e-03
E13/15 B8200/36000 batch_loss=2.1212e-03
E13/15 B8400/36000 batch_loss=1.9994e-03
E13/15 B8600/36000 batch_loss=1.7993e-03
E13/15 B8800/36000 batch_loss=1.4810e-03
E13/15 B9000/36000 batch_loss=1.2453e-03
E13/15 B9200/36000 batch_loss=1.1258e-03
E13/15 B9400/36000 batch_loss=1.9852e-03
E13/15 B9600/36000 batch_loss=1.1945e-03
E13/15 B9800/36000 batch_loss=2.1391e-03
E13/15 B10000/36000 batch_loss=1.7869e-03
E13/15 B10200/36000 batch_loss=1.2520e-03
E13/15 B10400/36000 batch_loss=1.2885e-03
E13/15 B10600/36000 batch_loss=2.0005e-03
E13/15 B10800/36000 batch_loss=1.2086e-03
E13/15 B11000/36000 batch_loss=1.1942e-03
E13/15 B11200/36000 batch_loss=2.0027e-03
E13/15 B11400/36000 batch_loss=1.0773e-03
E13/15 B11600/36000 batch_loss=1.8571e-03
E13/15 B11800/36000 batch_loss=1.2879e-03
E13/15 B12000/36000 batch_loss=1.2797e-03
E13/15 B12200/36000 batch_loss=1.8879e-03
E13/15 B12400/36000 batch_loss=1.9616e-03
E13/15 B12600/36000 batch_loss=2.1048e-03
E13/15 B12800/36000 batch_loss=1.2054e-03
E13/15 B13000/36000 batch_loss=1.9243e-03
E13/15 B13200/36000 batch_loss=1.9814e-03
E13/15 B13400/36000 batch_loss=1.1235e-03
E13/15 B13600/36000 batch_loss=1.1457e-03
E13/15 B13800/36000 batch_loss=1.8274e-03
E13/15 B14000/36000 batch_loss=2.0409e-03
E13/15 B14200/36000 batch_loss=2.2492e-03
E13/15 B14400/36000 batch_loss=1.9792e-03
E13/15 B14600/36000 batch_loss=1.9316e-03
E13/15 B14800/36000 batch_loss=1.2077e-03
E13/15 B15000/36000 batch_loss=1.0502e-03
E13/15 B15200/36000 batch_loss=1.3717e-03
E13/15 B15400/36000 batch_loss=1.4622e-03
E13/15 B15600/36000 batch_loss=1.9980e-03
E13/15 B15800/36000 batch_loss=1.2216e-03
E13/15 B16000/36000 batch_loss=2.0300e-03
E13/15 B16200/36000 batch_loss=1.1709e-03
E13/15 B16400/36000 batch_loss=1.1207e-03
E13/15 B16600/36000 batch_loss=1.8935e-03
E13/15 B16800/36000 batch_loss=2.1568e-03
E13/15 B17000/36000 batch_loss=1.1430e-03
E13/15 B17200/36000 batch_loss=1.2990e-03
E13/15 B17400/36000 batch_loss=1.2696e-03
E13/15 B17600/36000 batch_loss=1.9135e-03
E13/15 B17800/36000 batch_loss=1.1186e-03
E13/15 B18000/36000 batch_loss=1.1214e-03
E13/15 B18200/36000 batch_loss=1.3263e-03
E13/15 B18400/36000 batch_loss=1.1470e-03
E13/15 B18600/36000 batch_loss=1.3206e-03
E13/15 B18800/36000 batch_loss=2.0769e-03
E13/15 B19000/36000 batch_loss=1.4139e-03
E13/15 B19200/36000 batch_loss=2.0994e-03
E13/15 B19400/36000 batch_loss=1.3482e-03
E13/15 B19600/36000 batch_loss=2.2402e-03
E13/15 B19800/36000 batch_loss=1.2133e-03
E13/15 B20000/36000 batch_loss=1.9577e-03
E13/15 B20200/36000 batch_loss=2.0488e-03
E13/15 B20400/36000 batch_loss=1.2840e-03
E13/15 B20600/36000 batch_loss=1.9271e-03
E13/15 B20800/36000 batch_loss=1.9220e-03
E13/15 B21000/36000 batch_loss=2.1271e-03
E13/15 B21200/36000 batch_loss=1.8043e-03
E13/15 B21400/36000 batch_loss=1.9898e-03
E13/15 B21600/36000 batch_loss=1.1175e-03
E13/15 B21800/36000 batch_loss=1.3419e-03
E13/15 B22000/36000 batch_loss=1.1911e-03
E13/15 B22200/36000 batch_loss=1.2250e-03
E13/15 B22400/36000 batch_loss=2.0451e-03
E13/15 B22600/36000 batch_loss=1.1631e-03
E13/15 B22800/36000 batch_loss=1.2744e-03
E13/15 B23000/36000 batch_loss=1.2189e-03
E13/15 B23200/36000 batch_loss=1.1888e-03
E13/15 B23400/36000 batch_loss=2.0171e-03
E13/15 B23600/36000 batch_loss=1.2937e-03
E13/15 B23800/36000 batch_loss=1.2309e-03
E13/15 B24000/36000 batch_loss=1.8962e-03
E13/15 B24200/36000 batch_loss=2.0196e-03
E13/15 B24400/36000 batch_loss=1.9745e-03
E13/15 B24600/36000 batch_loss=2.0040e-03
E13/15 B24800/36000 batch_loss=1.1265e-03
E13/15 B25000/36000 batch_loss=2.0825e-03
E13/15 B25200/36000 batch_loss=1.1040e-03
E13/15 B25400/36000 batch_loss=1.0150e-03
E13/15 B25600/36000 batch_loss=1.8617e-03
E13/15 B25800/36000 batch_loss=1.9506e-03
E13/15 B26000/36000 batch_loss=1.2279e-03
E13/15 B26200/36000 batch_loss=1.8991e-03
E13/15 B26400/36000 batch_loss=1.0846e-03
E13/15 B26600/36000 batch_loss=1.9187e-03
E13/15 B26800/36000 batch_loss=1.2025e-03
E13/15 B27000/36000 batch_loss=1.9581e-03
E13/15 B27200/36000 batch_loss=1.8981e-03
E13/15 B27400/36000 batch_loss=1.1959e-03
E13/15 B27600/36000 batch_loss=2.0945e-03
E13/15 B27800/36000 batch_loss=1.0219e-03
E13/15 B28000/36000 batch_loss=2.0930e-03
E13/15 B28200/36000 batch_loss=2.0195e-03
E13/15 B28400/36000 batch_loss=1.2646e-03
E13/15 B28600/36000 batch_loss=1.3987e-03
E13/15 B28800/36000 batch_loss=1.8634e-03
E13/15 B29000/36000 batch_loss=1.3548e-03
E13/15 B29200/36000 batch_loss=1.1442e-03
E13/15 B29400/36000 batch_loss=1.0951e-03
E13/15 B29600/36000 batch_loss=1.4836e-03
E13/15 B29800/36000 batch_loss=2.1670e-03
E13/15 B30000/36000 batch_loss=1.2773e-03
E13/15 B30200/36000 batch_loss=1.9594e-03
E13/15 B30400/36000 batch_loss=1.1963e-03
E13/15 B30600/36000 batch_loss=1.9690e-03
E13/15 B30800/36000 batch_loss=1.1467e-03
E13/15 B31000/36000 batch_loss=1.1777e-03
E13/15 B31200/36000 batch_loss=1.4070e-03
E13/15 B31400/36000 batch_loss=1.8792e-03
E13/15 B31600/36000 batch_loss=1.2283e-03
E13/15 B31800/36000 batch_loss=2.0050e-03
E13/15 B32000/36000 batch_loss=1.2457e-03
E13/15 B32200/36000 batch_loss=2.0866e-03
E13/15 B32400/36000 batch_loss=2.0036e-03
E13/15 B32600/36000 batch_loss=1.9584e-03
E13/15 B32800/36000 batch_loss=1.2204e-03
E13/15 B33000/36000 batch_loss=2.1906e-03
E13/15 B33200/36000 batch_loss=1.8583e-03
E13/15 B33400/36000 batch_loss=1.9590e-03
E13/15 B33600/36000 batch_loss=2.0245e-03
E13/15 B33800/36000 batch_loss=1.1687e-03
E13/15 B34000/36000 batch_loss=2.1256e-03
E13/15 B34200/36000 batch_loss=1.1983e-03
E13/15 B34400/36000 batch_loss=2.0789e-03
E13/15 B34600/36000 batch_loss=1.8825e-03
E13/15 B34800/36000 batch_loss=1.8330e-03
E13/15 B35000/36000 batch_loss=1.3451e-03
E13/15 B35200/36000 batch_loss=1.3048e-03
E13/15 B35400/36000 batch_loss=2.0800e-03
E13/15 B35600/36000 batch_loss=1.9041e-03
E13/15 B35800/36000 batch_loss=1.9725e-03
E13/15 B36000/36000 batch_loss=1.2270e-03
2026-06-30 09:09:42,917 | INFO | Saved 10 diagnostic panel(s) under D:\Research\NO-2D-Metamaterials\MODELS\training_runs\NO_I3O5_BCF16_SL1_HC128_LR2e-03_WD0e+00_SS1_G9e-01_ch0u_260626_b1e-4_e12-15\diagnostics\epoch_013
epoch=13/15 train_loss=1.593699e-03 val_loss=2.100262e-03 lr=4.575e-04 train_sps=1148.7
epoch=13/15 compare_loss(mse) train=3.517236e-05 val=5.783148e-05
epoch=13/15 ref_l1 train=1.640293e-03 val=2.146595e-03 ref_mse train=3.517236e-05 val=5.783148e-05
2026-06-30 09:09:45,002 | INFO | epoch=13/15 loss=smoothl1 train_ch_smoothl1=2.946e-04 1.710e-03 1.626e-03 2.253e-03 2.086e-03 val_ch_smoothl1=5.542e-04 2.266e-03 2.177e-03 2.845e-03 2.659e-03 train_loss=1.593699e-03 val_loss=2.100262e-03 lr=4.575e-04 train_sps=1148.7
2026-06-30 09:09:45,002 | INFO | epoch=13/15 compare_loss=mse train=3.517236e-05 val=5.783148e-05 train_ch_mse=5.277e-06 3.384e-05 3.157e-05 5.653e-05 4.864e-05 val_ch_mse=3.837e-05 5.261e-05 5.044e-05 7.865e-05 6.908e-05
2026-06-30 09:09:45,002 | INFO | epoch=13/15 ref_l1 train=1.640293e-03 val=2.146595e-03 ref_mse train=3.517236e-05 val=5.783148e-05
Epoch 13/15 done | train_loss=1.5937e-03 val_loss=2.1003e-03 lr=4.58e-04
E14/15 B200/36000 batch_loss=1.3146e-03
E14/15 B400/36000 batch_loss=1.1735e-03
E14/15 B600/36000 batch_loss=1.8375e-03
E14/15 B800/36000 batch_loss=1.1405e-03
E14/15 B1000/36000 batch_loss=2.1037e-03
E14/15 B1200/36000 batch_loss=1.9111e-03
E14/15 B1400/36000 batch_loss=2.0674e-03
E14/15 B1600/36000 batch_loss=2.0144e-03
E14/15 B1800/36000 batch_loss=1.2615e-03
E14/15 B2000/36000 batch_loss=1.2187e-03
E14/15 B2200/36000 batch_loss=2.0017e-03
E14/15 B2400/36000 batch_loss=2.0725e-03
E14/15 B2600/36000 batch_loss=1.1079e-03
E14/15 B2800/36000 batch_loss=1.7959e-03
E14/15 B3000/36000 batch_loss=1.9393e-03
E14/15 B3200/36000 batch_loss=1.8962e-03
E14/15 B3400/36000 batch_loss=1.7823e-03
E14/15 B3600/36000 batch_loss=1.9501e-03
E14/15 B3800/36000 batch_loss=1.8579e-03
E14/15 B4000/36000 batch_loss=1.8878e-03
E14/15 B4200/36000 batch_loss=1.9430e-03
E14/15 B4400/36000 batch_loss=1.7809e-03
E14/15 B4600/36000 batch_loss=1.2767e-03
E14/15 B4800/36000 batch_loss=1.7860e-03
E14/15 B5000/36000 batch_loss=1.1793e-03
E14/15 B5200/36000 batch_loss=1.9852e-03
E14/15 B5400/36000 batch_loss=1.1921e-03
E14/15 B5600/36000 batch_loss=1.0910e-03
E14/15 B5800/36000 batch_loss=1.2302e-03
E14/15 B6000/36000 batch_loss=1.2406e-03
E14/15 B6200/36000 batch_loss=1.1248e-03
E14/15 B6400/36000 batch_loss=1.7966e-03
E14/15 B6600/36000 batch_loss=1.0773e-03
E14/15 B6800/36000 batch_loss=1.0895e-03
E14/15 B7000/36000 batch_loss=1.9661e-03
E14/15 B7200/36000 batch_loss=1.2462e-03
E14/15 B7400/36000 batch_loss=2.0418e-03
E14/15 B7600/36000 batch_loss=1.0790e-03
E14/15 B7800/36000 batch_loss=1.2969e-03
E14/15 B8000/36000 batch_loss=1.6932e-03
E14/15 B8200/36000 batch_loss=1.7940e-03
E14/15 B8400/36000 batch_loss=1.8751e-03
E14/15 B8600/36000 batch_loss=1.8664e-03
E14/15 B8800/36000 batch_loss=1.1032e-03
E14/15 B9000/36000 batch_loss=2.0437e-03
E14/15 B9200/36000 batch_loss=1.3464e-03
E14/15 B9400/36000 batch_loss=1.8335e-03
E14/15 B9600/36000 batch_loss=1.9415e-03
E14/15 B9800/36000 batch_loss=1.2822e-03
E14/15 B10000/36000 batch_loss=1.8800e-03
E14/15 B10200/36000 batch_loss=1.2417e-03
E14/15 B10400/36000 batch_loss=2.1464e-03
E14/15 B10600/36000 batch_loss=1.2857e-03
E14/15 B10800/36000 batch_loss=1.2211e-03
E14/15 B11000/36000 batch_loss=1.1579e-03
E14/15 B11200/36000 batch_loss=1.1836e-03
E14/15 B11400/36000 batch_loss=1.9855e-03
E14/15 B11600/36000 batch_loss=1.1188e-03
E14/15 B11800/36000 batch_loss=1.8099e-03
E14/15 B12000/36000 batch_loss=1.1901e-03
E14/15 B12200/36000 batch_loss=1.1826e-03
E14/15 B12400/36000 batch_loss=2.0001e-03
E14/15 B12600/36000 batch_loss=1.9083e-03
E14/15 B12800/36000 batch_loss=1.8980e-03
E14/15 B13000/36000 batch_loss=1.9445e-03
E14/15 B13200/36000 batch_loss=1.1567e-03
E14/15 B13400/36000 batch_loss=1.9056e-03
E14/15 B13600/36000 batch_loss=1.1756e-03
E14/15 B13800/36000 batch_loss=1.1612e-03
E14/15 B14000/36000 batch_loss=1.0553e-03
E14/15 B14200/36000 batch_loss=1.9955e-03
E14/15 B14400/36000 batch_loss=1.3159e-03
E14/15 B14600/36000 batch_loss=1.8654e-03
E14/15 B14800/36000 batch_loss=2.0878e-03
E14/15 B15000/36000 batch_loss=1.8989e-03
E14/15 B15200/36000 batch_loss=1.8785e-03
E14/15 B15400/36000 batch_loss=1.2135e-03
E14/15 B15600/36000 batch_loss=1.9614e-03
E14/15 B15800/36000 batch_loss=1.9863e-03
E14/15 B16000/36000 batch_loss=1.3444e-03
E14/15 B16200/36000 batch_loss=1.8883e-03
E14/15 B16400/36000 batch_loss=1.9395e-03
E14/15 B16600/36000 batch_loss=1.2205e-03
E14/15 B16800/36000 batch_loss=1.7228e-03
E14/15 B17000/36000 batch_loss=2.0593e-03
E14/15 B17200/36000 batch_loss=2.0403e-03
E14/15 B17400/36000 batch_loss=1.9185e-03
E14/15 B17600/36000 batch_loss=1.2923e-03
E14/15 B17800/36000 batch_loss=1.2146e-03
E14/15 B18000/36000 batch_loss=1.7631e-03
E14/15 B18200/36000 batch_loss=1.0737e-03
E14/15 B18400/36000 batch_loss=1.8414e-03
E14/15 B18600/36000 batch_loss=1.9282e-03
E14/15 B18800/36000 batch_loss=1.1763e-03
E14/15 B19000/36000 batch_loss=1.2810e-03
E14/15 B19200/36000 batch_loss=1.6335e-03
E14/15 B19400/36000 batch_loss=2.0779e-03
E14/15 B19600/36000 batch_loss=1.8786e-03
E14/15 B19800/36000 batch_loss=1.1835e-03
E14/15 B20000/36000 batch_loss=1.9682e-03
E14/15 B20200/36000 batch_loss=1.9574e-03
E14/15 B20400/36000 batch_loss=1.8693e-03
E14/15 B20600/36000 batch_loss=2.0416e-03
E14/15 B20800/36000 batch_loss=1.2110e-03
E14/15 B21000/36000 batch_loss=2.0123e-03
E14/15 B21200/36000 batch_loss=1.8715e-03
E14/15 B21400/36000 batch_loss=1.1399e-03
E14/15 B21600/36000 batch_loss=1.1807e-03
E14/15 B21800/36000 batch_loss=1.2327e-03
E14/15 B22000/36000 batch_loss=1.1959e-03
E14/15 B22200/36000 batch_loss=1.9263e-03
E14/15 B22400/36000 batch_loss=1.8635e-03
E14/15 B22600/36000 batch_loss=1.2287e-03
E14/15 B22800/36000 batch_loss=1.9317e-03
E14/15 B23000/36000 batch_loss=1.7717e-03
E14/15 B23200/36000 batch_loss=1.8214e-03
E14/15 B23400/36000 batch_loss=1.8429e-03
E14/15 B23600/36000 batch_loss=1.8541e-03
E14/15 B23800/36000 batch_loss=1.8323e-03
E14/15 B24000/36000 batch_loss=1.0185e-03
E14/15 B24200/36000 batch_loss=1.9528e-03
E14/15 B24400/36000 batch_loss=2.0361e-03
E14/15 B24600/36000 batch_loss=1.0828e-03
E14/15 B24800/36000 batch_loss=1.1067e-03
E14/15 B25000/36000 batch_loss=1.2486e-03
E14/15 B25200/36000 batch_loss=2.0708e-03
E14/15 B25400/36000 batch_loss=1.8858e-03
E14/15 B25600/36000 batch_loss=1.1692e-03
E14/15 B25800/36000 batch_loss=1.1598e-03
E14/15 B26000/36000 batch_loss=1.2839e-03
E14/15 B26200/36000 batch_loss=1.0286e-03
E14/15 B26400/36000 batch_loss=1.9086e-03
E14/15 B26600/36000 batch_loss=1.0790e-03
E14/15 B26800/36000 batch_loss=1.2000e-03
E14/15 B27000/36000 batch_loss=1.8871e-03
E14/15 B27200/36000 batch_loss=1.1420e-03
E14/15 B27400/36000 batch_loss=1.2527e-03
E14/15 B27600/36000 batch_loss=2.0379e-03
E14/15 B27800/36000 batch_loss=1.0076e-03
E14/15 B28000/36000 batch_loss=1.2045e-03
E14/15 B28200/36000 batch_loss=1.1872e-03
E14/15 B28400/36000 batch_loss=1.3069e-03
E14/15 B28600/36000 batch_loss=1.8431e-03
E14/15 B28800/36000 batch_loss=2.0600e-03
E14/15 B29000/36000 batch_loss=1.1617e-03
E14/15 B29200/36000 batch_loss=1.6973e-03
E14/15 B29400/36000 batch_loss=1.9192e-03
E14/15 B29600/36000 batch_loss=1.1586e-03
E14/15 B29800/36000 batch_loss=1.1353e-03
E14/15 B30000/36000 batch_loss=1.2451e-03
E14/15 B30200/36000 batch_loss=2.0480e-03
E14/15 B30400/36000 batch_loss=1.8501e-03
E14/15 B30600/36000 batch_loss=2.0751e-03
E14/15 B30800/36000 batch_loss=1.2209e-03
E14/15 B31000/36000 batch_loss=1.9124e-03
E14/15 B31200/36000 batch_loss=1.8943e-03
E14/15 B31400/36000 batch_loss=1.9378e-03
E14/15 B31600/36000 batch_loss=2.0194e-03
E14/15 B31800/36000 batch_loss=1.1541e-03
E14/15 B32000/36000 batch_loss=1.7795e-03
E14/15 B32200/36000 batch_loss=1.1889e-03
E14/15 B32400/36000 batch_loss=2.0150e-03
E14/15 B32600/36000 batch_loss=1.9051e-03
E14/15 B32800/36000 batch_loss=1.8962e-03
E14/15 B33000/36000 batch_loss=1.0957e-03
E14/15 B33200/36000 batch_loss=1.0488e-03
E14/15 B33400/36000 batch_loss=1.2661e-03
E14/15 B33600/36000 batch_loss=1.1223e-03
E14/15 B33800/36000 batch_loss=1.1127e-03
E14/15 B34000/36000 batch_loss=2.0581e-03
E14/15 B34200/36000 batch_loss=1.2396e-03
E14/15 B34400/36000 batch_loss=1.9249e-03
E14/15 B34600/36000 batch_loss=2.0098e-03
E14/15 B34800/36000 batch_loss=1.1895e-03
E14/15 B35000/36000 batch_loss=1.8658e-03
E14/15 B35200/36000 batch_loss=2.1067e-03
E14/15 B35400/36000 batch_loss=1.8298e-03
E14/15 B35600/36000 batch_loss=1.9541e-03
E14/15 B35800/36000 batch_loss=1.1784e-03
E14/15 B36000/36000 batch_loss=1.1819e-03
2026-06-30 13:59:26,440 | INFO | Saved 10 diagnostic panel(s) under D:\Research\NO-2D-Metamaterials\MODELS\training_runs\NO_I3O5_BCF16_SL1_HC128_LR2e-03_WD0e+00_SS1_G9e-01_ch0u_260626_b1e-4_e12-15\diagnostics\epoch_014
epoch=14/15 train_loss=1.560981e-03 val_loss=2.115067e-03 lr=4.118e-04 train_sps=1139.2
epoch=14/15 compare_loss(mse) train=3.444776e-05 val=5.612987e-05
epoch=14/15 ref_l1 train=1.607427e-03 val=2.161684e-03 ref_mse train=3.444776e-05 val=5.612987e-05
2026-06-30 13:59:28,528 | INFO | epoch=14/15 loss=smoothl1 train_ch_smoothl1=2.782e-04 1.674e-03 1.592e-03 2.212e-03 2.049e-03 val_ch_smoothl1=6.525e-04 2.260e-03 2.172e-03 2.838e-03 2.653e-03 train_loss=1.560981e-03 val_loss=2.115067e-03 lr=4.118e-04 train_sps=1139.2
2026-06-30 13:59:28,528 | INFO | epoch=14/15 compare_loss=mse train=3.444776e-05 val=5.612987e-05 train_ch_mse=5.281e-06 3.303e-05 3.078e-05 5.545e-05 4.770e-05 val_ch_mse=3.033e-05 5.251e-05 5.034e-05 7.850e-05 6.896e-05
2026-06-30 13:59:28,528 | INFO | epoch=14/15 ref_l1 train=1.607427e-03 val=2.161684e-03 ref_mse train=3.444776e-05 val=5.612987e-05
Epoch 14/15 done | train_loss=1.5610e-03 val_loss=2.1151e-03 lr=4.12e-04
E15/15 B200/36000 batch_loss=1.1945e-03
E15/15 B400/36000 batch_loss=1.1522e-03
E15/15 B600/36000 batch_loss=1.1250e-03
E15/15 B800/36000 batch_loss=1.2862e-03
E15/15 B1000/36000 batch_loss=1.7243e-03
E15/15 B1200/36000 batch_loss=1.7697e-03
E15/15 B1400/36000 batch_loss=2.1660e-03
E15/15 B1600/36000 batch_loss=1.7515e-03
E15/15 B1800/36000 batch_loss=1.9514e-03
E15/15 B2000/36000 batch_loss=1.8738e-03
E15/15 B2200/36000 batch_loss=1.2148e-03
E15/15 B2400/36000 batch_loss=1.9532e-03
E15/15 B2600/36000 batch_loss=1.0807e-03
E15/15 B2800/36000 batch_loss=2.0955e-03
E15/15 B3000/36000 batch_loss=1.1018e-03
E15/15 B3200/36000 batch_loss=1.7856e-03
E15/15 B3400/36000 batch_loss=1.8476e-03
E15/15 B3600/36000 batch_loss=1.9118e-03
E15/15 B3800/36000 batch_loss=1.2432e-03
E15/15 B4000/36000 batch_loss=1.9016e-03
E15/15 B4200/36000 batch_loss=1.6881e-03
E15/15 B4400/36000 batch_loss=1.2374e-03
E15/15 B4600/36000 batch_loss=2.0966e-03
E15/15 B4800/36000 batch_loss=1.9942e-03
E15/15 B5000/36000 batch_loss=2.0056e-03
E15/15 B5200/36000 batch_loss=1.1945e-03
E15/15 B5400/36000 batch_loss=1.8604e-03
E15/15 B5600/36000 batch_loss=1.1755e-03
E15/15 B5800/36000 batch_loss=2.0334e-03
E15/15 B6000/36000 batch_loss=1.8863e-03
E15/15 B6200/36000 batch_loss=1.1980e-03
E15/15 B6400/36000 batch_loss=1.1128e-03
E15/15 B6600/36000 batch_loss=1.2603e-03
E15/15 B6800/36000 batch_loss=1.1503e-03
E15/15 B7000/36000 batch_loss=1.9398e-03
E15/15 B7200/36000 batch_loss=1.8504e-03
E15/15 B7400/36000 batch_loss=1.8460e-03
E15/15 B7600/36000 batch_loss=1.1834e-03
E15/15 B7800/36000 batch_loss=1.8448e-03
E15/15 B8000/36000 batch_loss=1.2561e-03
E15/15 B8200/36000 batch_loss=1.1606e-03
E15/15 B8400/36000 batch_loss=1.1289e-03
E15/15 B8600/36000 batch_loss=1.0925e-03
E15/15 B8800/36000 batch_loss=1.8392e-03
E15/15 B9000/36000 batch_loss=1.8333e-03
E15/15 B9200/36000 batch_loss=1.0836e-03
E15/15 B9400/36000 batch_loss=1.7470e-03
E15/15 B9600/36000 batch_loss=1.2567e-03
E15/15 B9800/36000 batch_loss=1.2008e-03
E15/15 B10000/36000 batch_loss=1.8781e-03
E15/15 B10200/36000 batch_loss=1.1253e-03
E15/15 B10400/36000 batch_loss=2.0866e-03
E15/15 B10600/36000 batch_loss=1.9728e-03
E15/15 B10800/36000 batch_loss=1.1164e-03
E15/15 B11000/36000 batch_loss=1.0398e-03
E15/15 B11200/36000 batch_loss=1.3161e-03
E15/15 B11400/36000 batch_loss=1.3509e-03
E15/15 B11600/36000 batch_loss=1.1819e-03
E15/15 B11800/36000 batch_loss=1.0259e-03
E15/15 B12000/36000 batch_loss=1.8093e-03
E15/15 B12200/36000 batch_loss=1.8675e-03
E15/15 B12400/36000 batch_loss=1.7470e-03
E15/15 B12600/36000 batch_loss=1.1597e-03
E15/15 B12800/36000 batch_loss=1.7940e-03
E15/15 B13000/36000 batch_loss=2.0437e-03
E15/15 B13200/36000 batch_loss=1.1763e-03
E15/15 B13400/36000 batch_loss=2.0605e-03
E15/15 B13600/36000 batch_loss=1.1063e-03
E15/15 B13800/36000 batch_loss=1.0166e-03
E15/15 B14000/36000 batch_loss=2.0061e-03
E15/15 B14200/36000 batch_loss=1.2223e-03
E15/15 B14400/36000 batch_loss=1.7837e-03
E15/15 B14600/36000 batch_loss=1.0577e-03
E15/15 B14800/36000 batch_loss=1.9865e-03
E15/15 B15000/36000 batch_loss=2.0866e-03
E15/15 B15200/36000 batch_loss=1.8666e-03
E15/15 B15400/36000 batch_loss=1.7213e-03
E15/15 B15600/36000 batch_loss=1.7843e-03
E15/15 B15800/36000 batch_loss=1.1221e-03
E15/15 B16000/36000 batch_loss=1.8198e-03
E15/15 B16200/36000 batch_loss=1.1272e-03
E15/15 B16400/36000 batch_loss=1.0601e-03
E15/15 B16600/36000 batch_loss=1.2901e-03
E15/15 B16800/36000 batch_loss=1.2055e-03
E15/15 B17000/36000 batch_loss=1.9285e-03
E15/15 B17200/36000 batch_loss=1.0694e-03
E15/15 B17400/36000 batch_loss=1.0973e-03
E15/15 B17600/36000 batch_loss=1.9452e-03
E15/15 B17800/36000 batch_loss=1.8650e-03
E15/15 B18000/36000 batch_loss=2.1211e-03
E15/15 B18200/36000 batch_loss=1.1379e-03
E15/15 B18400/36000 batch_loss=1.3277e-03
E15/15 B18600/36000 batch_loss=1.7700e-03
E15/15 B18800/36000 batch_loss=1.0915e-03
E15/15 B19000/36000 batch_loss=1.7263e-03
E15/15 B19200/36000 batch_loss=1.7914e-03
E15/15 B19400/36000 batch_loss=1.8966e-03
E15/15 B19600/36000 batch_loss=1.9615e-03
E15/15 B19800/36000 batch_loss=1.1932e-03
E15/15 B20000/36000 batch_loss=1.9334e-03
E15/15 B20200/36000 batch_loss=2.0865e-03
E15/15 B20400/36000 batch_loss=2.0457e-03
E15/15 B20600/36000 batch_loss=1.1295e-03
E15/15 B20800/36000 batch_loss=1.7868e-03
E15/15 B21000/36000 batch_loss=1.8942e-03
E15/15 B21200/36000 batch_loss=1.1725e-03
E15/15 B21400/36000 batch_loss=1.1447e-03
E15/15 B21600/36000 batch_loss=1.8910e-03
E15/15 B21800/36000 batch_loss=1.9543e-03
E15/15 B22000/36000 batch_loss=1.2072e-03
E15/15 B22200/36000 batch_loss=1.8466e-03
E15/15 B22400/36000 batch_loss=1.9147e-03
E15/15 B22600/36000 batch_loss=1.2073e-03
E15/15 B22800/36000 batch_loss=2.0000e-03
E15/15 B23000/36000 batch_loss=1.0822e-03
E15/15 B23200/36000 batch_loss=1.7639e-03
E15/15 B23400/36000 batch_loss=1.8900e-03
E15/15 B23600/36000 batch_loss=1.1415e-03
E15/15 B23800/36000 batch_loss=1.1390e-03
E15/15 B24000/36000 batch_loss=1.1923e-03
E15/15 B24200/36000 batch_loss=1.8077e-03
E15/15 B24400/36000 batch_loss=1.1506e-03
E15/15 B24600/36000 batch_loss=1.2017e-03
E15/15 B24800/36000 batch_loss=1.1269e-03
E15/15 B25000/36000 batch_loss=1.2515e-03
E15/15 B25200/36000 batch_loss=1.2565e-03
E15/15 B25400/36000 batch_loss=1.1389e-03
E15/15 B25600/36000 batch_loss=1.9201e-03
E15/15 B25800/36000 batch_loss=2.1018e-03
E15/15 B26000/36000 batch_loss=1.2511e-03
E15/15 B26200/36000 batch_loss=2.0040e-03
E15/15 B26400/36000 batch_loss=1.2284e-03
E15/15 B26600/36000 batch_loss=2.0209e-03
E15/15 B26800/36000 batch_loss=1.1189e-03
E15/15 B27000/36000 batch_loss=1.7380e-03
E15/15 B27200/36000 batch_loss=1.1344e-03
E15/15 B27400/36000 batch_loss=1.2294e-03
E15/15 B27600/36000 batch_loss=2.0446e-03
E15/15 B27800/36000 batch_loss=1.9126e-03
E15/15 B28000/36000 batch_loss=1.9666e-03
E15/15 B28200/36000 batch_loss=1.1557e-03
E15/15 B28400/36000 batch_loss=1.2735e-03
E15/15 B28600/36000 batch_loss=1.9798e-03
E15/15 B28800/36000 batch_loss=1.9973e-03
E15/15 B29000/36000 batch_loss=1.0754e-03
E15/15 B29200/36000 batch_loss=2.0285e-03
E15/15 B29400/36000 batch_loss=1.1815e-03
E15/15 B29600/36000 batch_loss=1.8375e-03
E15/15 B29800/36000 batch_loss=2.0055e-03
E15/15 B30000/36000 batch_loss=1.3290e-03
E15/15 B30200/36000 batch_loss=1.1508e-03
E15/15 B30400/36000 batch_loss=1.1441e-03
E15/15 B30600/36000 batch_loss=1.2186e-03
E15/15 B30800/36000 batch_loss=1.0330e-03
E15/15 B31000/36000 batch_loss=1.9580e-03
E15/15 B31200/36000 batch_loss=1.9051e-03
E15/15 B31400/36000 batch_loss=1.2075e-03
E15/15 B31600/36000 batch_loss=1.2561e-03
E15/15 B31800/36000 batch_loss=1.2251e-03
E15/15 B32000/36000 batch_loss=1.1588e-03
E15/15 B32200/36000 batch_loss=1.8872e-03
E15/15 B32400/36000 batch_loss=1.9938e-03
E15/15 B32600/36000 batch_loss=2.0581e-03
E15/15 B32800/36000 batch_loss=1.8047e-03
E15/15 B33000/36000 batch_loss=1.0690e-03
E15/15 B33200/36000 batch_loss=1.1107e-03
E15/15 B33400/36000 batch_loss=1.8645e-03
E15/15 B33600/36000 batch_loss=1.7847e-03
E15/15 B33800/36000 batch_loss=1.8355e-03
E15/15 B34000/36000 batch_loss=1.1226e-03
E15/15 B34200/36000 batch_loss=1.8538e-03
E15/15 B34400/36000 batch_loss=1.1887e-03
E15/15 B34600/36000 batch_loss=1.8569e-03
E15/15 B34800/36000 batch_loss=2.2086e-03
E15/15 B35000/36000 batch_loss=1.0731e-03
E15/15 B35200/36000 batch_loss=1.9478e-03
E15/15 B35400/36000 batch_loss=1.2620e-03
E15/15 B35600/36000 batch_loss=1.2403e-03
E15/15 B35800/36000 batch_loss=1.1782e-03
E15/15 B36000/36000 batch_loss=1.7146e-03
2026-06-30 18:39:41,236 | INFO | Saved 10 diagnostic panel(s) under D:\Research\NO-2D-Metamaterials\MODELS\training_runs\NO_I3O5_BCF16_SL1_HC128_LR2e-03_WD0e+00_SS1_G9e-01_ch0u_260626_b1e-4_e12-15\diagnostics\epoch_015
epoch=15/15 train_loss=1.532551e-03 val_loss=2.081523e-03 lr=3.706e-04 train_sps=1187.6
epoch=15/15 compare_loss(mse) train=3.853224e-05 val=5.205071e-05
epoch=15/15 ref_l1 train=1.578864e-03 val=2.128352e-03 ref_mse train=3.853224e-05 val=5.205071e-05
2026-06-30 18:39:42,595 | INFO | epoch=15/15 loss=smoothl1 train_ch_smoothl1=2.664e-04 1.645e-03 1.562e-03 2.175e-03 2.015e-03 val_ch_smoothl1=5.015e-04 2.258e-03 2.164e-03 2.836e-03 2.649e-03 train_loss=1.532551e-03 val_loss=2.081523e-03 lr=3.706e-04 train_sps=1187.6
2026-06-30 18:39:42,595 | INFO | epoch=15/15 compare_loss=mse train=3.853224e-05 val=5.205071e-05 train_ch_mse=5.375e-06 5.260e-05 3.018e-05 5.642e-05 4.809e-05 val_ch_mse=8.900e-06 5.269e-05 5.051e-05 7.890e-05 6.926e-05
2026-06-30 18:39:42,595 | INFO | epoch=15/15 ref_l1 train=1.578864e-03 val=2.128352e-03 ref_mse train=3.853224e-05 val=5.205071e-05
Epoch 15/15 done | train_loss=1.5326e-03 val_loss=2.0815e-03 lr=3.71e-04
2026-06-30 18:39:42,931 | INFO | Run complete | run_name=NO_I3O5_BCF16_SL1_HC128_LR2e-03_WD0e+00_SS1_G9e-01_ch0u_260626_b1e-4_e12-15 run_id=NO_I3O5_BCF16_SL1_HC128_LR2e-03_WD0e+00_SS1_G9e-01_ch0u_260626_b1e-4_e12-15 best_val_loss=1.853127e-03
2026-06-30 18:39:42,931 | INFO | Artifacts saved to: D:\Research\NO-2D-Metamaterials\MODELS\training_runs\NO_I3O5_BCF16_SL1_HC128_LR2e-03_WD0e+00_SS1_G9e-01_ch0u_260626_b1e-4_e12-15
Run complete. run_name=NO_I3O5_BCF16_SL1_HC128_LR2e-03_WD0e+00_SS1_G9e-01_ch0u_260626_b1e-4_e12-15 run_id=NO_I3O5_BCF16_SL1_HC128_LR2e-03_WD0e+00_SS1_G9e-01_ch0u_260626_b1e-4_e12-15 best_val_loss=1.853127e-03
Artifacts saved to: D:\Research\NO-2D-Metamaterials\MODELS\training_runs\NO_I3O5_BCF16_SL1_HC128_LR2e-03_WD0e+00_SS1_G9e-01_ch0u_260626_b1e-4_e12-15
26/06/30 18:39:46.69 | === finished exit=0 === 
