26/06/26 14:52:59.81 | === start Huber/SmoothL1 8-epoch run (random init, same as 260619 except loss) === 
2026-06-26 14:53:18,829 | INFO | Huber/SmoothL1 beta=1.000000e-03
D:\Research\NO-2D-Metamaterials\train_from_disk.py:1332: FutureWarning: `torch.cuda.amp.GradScaler(args...)` is deprecated. Please use `torch.amp.GradScaler('cuda', args...)` instead.
  scaler = torch.cuda.amp.GradScaler(enabled=(device.type == "cuda" and args.amp == "fp16"))
2026-06-26 14:53:19,478 | INFO | Run started | run_name=NO_I3O5_BCF16_SL1_HC128_LR2e-03_WD0e+00_SS1_G9e-01_ch0u_260626 run_id=NO_I3O5_BCF16_SL1_HC128_LR2e-03_WD0e+00_SS1_G9e-01_ch0u_260626 device=cuda train_samples=18720000 test_samples=3900000 val_index_source=indices_full epoch_range=1..8
2026-06-26 14:53:19,479 | INFO | Fault diagnostics | main_fault_log=D:\Research\NO-2D-Metamaterials\MODELS\training_runs\NO_I3O5_BCF16_SL1_HC128_LR2e-03_WD0e+00_SS1_G9e-01_ch0u_260626\main_process_fault.log
E1/8 B200/36000 batch_loss=7.9427e-03
E1/8 B400/36000 batch_loss=7.7617e-03
E1/8 B600/36000 batch_loss=7.6846e-03
E1/8 B800/36000 batch_loss=7.5654e-03
E1/8 B1000/36000 batch_loss=7.3693e-03
E1/8 B1200/36000 batch_loss=7.3930e-03
E1/8 B1400/36000 batch_loss=7.1756e-03
E1/8 B1600/36000 batch_loss=6.6888e-03
E1/8 B1800/36000 batch_loss=6.3776e-03
E1/8 B2000/36000 batch_loss=6.2326e-03
E1/8 B2200/36000 batch_loss=5.8846e-03
E1/8 B2400/36000 batch_loss=5.2042e-03
E1/8 B2600/36000 batch_loss=5.2199e-03
E1/8 B2800/36000 batch_loss=5.1197e-03
E1/8 B3000/36000 batch_loss=5.2371e-03
E1/8 B3200/36000 batch_loss=4.3121e-03
E1/8 B3400/36000 batch_loss=4.5622e-03
E1/8 B3600/36000 batch_loss=4.5815e-03
E1/8 B3800/36000 batch_loss=4.4575e-03
E1/8 B4000/36000 batch_loss=3.9829e-03
E1/8 B4200/36000 batch_loss=3.8855e-03
E1/8 B4400/36000 batch_loss=3.5990e-03
E1/8 B4600/36000 batch_loss=3.7441e-03
E1/8 B4800/36000 batch_loss=4.2602e-03
E1/8 B5000/36000 batch_loss=4.1855e-03
E1/8 B5200/36000 batch_loss=4.2278e-03
E1/8 B5400/36000 batch_loss=3.4688e-03
E1/8 B5600/36000 batch_loss=4.1559e-03
E1/8 B5800/36000 batch_loss=3.9465e-03
E1/8 B6000/36000 batch_loss=3.1020e-03
E1/8 B6200/36000 batch_loss=3.3980e-03
E1/8 B6400/36000 batch_loss=3.4168e-03
E1/8 B6600/36000 batch_loss=3.1586e-03
E1/8 B6800/36000 batch_loss=3.0947e-03
E1/8 B7000/36000 batch_loss=3.3313e-03
E1/8 B7200/36000 batch_loss=3.8452e-03
E1/8 B7400/36000 batch_loss=3.7308e-03
E1/8 B7600/36000 batch_loss=2.9452e-03
E1/8 B7800/36000 batch_loss=3.8566e-03
E1/8 B8000/36000 batch_loss=2.7331e-03
E1/8 B8200/36000 batch_loss=3.5680e-03
E1/8 B8400/36000 batch_loss=2.7075e-03
E1/8 B8600/36000 batch_loss=3.9473e-03
E1/8 B8800/36000 batch_loss=3.2964e-03
E1/8 B9000/36000 batch_loss=3.2345e-03
E1/8 B9200/36000 batch_loss=3.4532e-03
E1/8 B9400/36000 batch_loss=3.4733e-03
E1/8 B9600/36000 batch_loss=3.6190e-03
E1/8 B9800/36000 batch_loss=3.3346e-03
E1/8 B10000/36000 batch_loss=3.5742e-03
E1/8 B10200/36000 batch_loss=3.5730e-03
E1/8 B10400/36000 batch_loss=3.0171e-03
E1/8 B10600/36000 batch_loss=3.0367e-03
E1/8 B10800/36000 batch_loss=3.4497e-03
E1/8 B11000/36000 batch_loss=2.8242e-03
E1/8 B11200/36000 batch_loss=2.5589e-03
E1/8 B11400/36000 batch_loss=3.2553e-03
E1/8 B11600/36000 batch_loss=2.8153e-03
E1/8 B11800/36000 batch_loss=3.3024e-03
E1/8 B12000/36000 batch_loss=3.0381e-03
E1/8 B12200/36000 batch_loss=2.7730e-03
E1/8 B12400/36000 batch_loss=3.1344e-03
E1/8 B12600/36000 batch_loss=3.2007e-03
E1/8 B12800/36000 batch_loss=2.2940e-03
E1/8 B13000/36000 batch_loss=2.8859e-03
E1/8 B13200/36000 batch_loss=2.7962e-03
E1/8 B13400/36000 batch_loss=2.4063e-03
E1/8 B13600/36000 batch_loss=3.0396e-03
E1/8 B13800/36000 batch_loss=3.1483e-03
E1/8 B14000/36000 batch_loss=2.4261e-03
E1/8 B14200/36000 batch_loss=2.7423e-03
E1/8 B14400/36000 batch_loss=2.1465e-03
E1/8 B14600/36000 batch_loss=3.0562e-03
E1/8 B14800/36000 batch_loss=2.7458e-03
E1/8 B15000/36000 batch_loss=2.6889e-03
E1/8 B15200/36000 batch_loss=3.0947e-03
E1/8 B15400/36000 batch_loss=3.2013e-03
E1/8 B15600/36000 batch_loss=3.0828e-03
E1/8 B15800/36000 batch_loss=2.9402e-03
E1/8 B16000/36000 batch_loss=2.3566e-03
E1/8 B16200/36000 batch_loss=3.2610e-03
E1/8 B16400/36000 batch_loss=3.2066e-03
E1/8 B16600/36000 batch_loss=3.1995e-03
E1/8 B16800/36000 batch_loss=2.8798e-03
E1/8 B17000/36000 batch_loss=3.0750e-03
E1/8 B17200/36000 batch_loss=2.8920e-03
E1/8 B17400/36000 batch_loss=2.9547e-03
E1/8 B17600/36000 batch_loss=2.4349e-03
E1/8 B17800/36000 batch_loss=3.2197e-03
E1/8 B18000/36000 batch_loss=2.3110e-03
E1/8 B18200/36000 batch_loss=3.0137e-03
E1/8 B18400/36000 batch_loss=2.0817e-03
E1/8 B18600/36000 batch_loss=3.2375e-03
E1/8 B18800/36000 batch_loss=3.0508e-03
E1/8 B19000/36000 batch_loss=2.8252e-03
E1/8 B19200/36000 batch_loss=2.4604e-03
E1/8 B19400/36000 batch_loss=2.9886e-03
E1/8 B19600/36000 batch_loss=2.1759e-03
E1/8 B19800/36000 batch_loss=2.0272e-03
E1/8 B20000/36000 batch_loss=2.9672e-03
E1/8 B20200/36000 batch_loss=2.3326e-03
E1/8 B20400/36000 batch_loss=2.9850e-03
E1/8 B20600/36000 batch_loss=3.1450e-03
E1/8 B20800/36000 batch_loss=2.3320e-03
E1/8 B21000/36000 batch_loss=2.1773e-03
E1/8 B21200/36000 batch_loss=2.6981e-03
E1/8 B21400/36000 batch_loss=2.3487e-03
E1/8 B21600/36000 batch_loss=2.3298e-03
E1/8 B21800/36000 batch_loss=3.1109e-03
E1/8 B22000/36000 batch_loss=2.6484e-03
E1/8 B22200/36000 batch_loss=2.8231e-03
E1/8 B22400/36000 batch_loss=2.8560e-03
E1/8 B22600/36000 batch_loss=3.2518e-03
E1/8 B22800/36000 batch_loss=2.7594e-03
E1/8 B23000/36000 batch_loss=2.5815e-03
E1/8 B23200/36000 batch_loss=1.6455e-03
E1/8 B23400/36000 batch_loss=2.1728e-03
E1/8 B23600/36000 batch_loss=1.9785e-03
E1/8 B23800/36000 batch_loss=8.4295e-03
E1/8 B24000/36000 batch_loss=7.2172e-03
E1/8 B24200/36000 batch_loss=7.1286e-03
E1/8 B24400/36000 batch_loss=7.3005e-03
E1/8 B24600/36000 batch_loss=7.1187e-03
E1/8 B24800/36000 batch_loss=6.9248e-03
E1/8 B25000/36000 batch_loss=6.7125e-03
E1/8 B25200/36000 batch_loss=6.7419e-03
E1/8 B25400/36000 batch_loss=7.0203e-03
E1/8 B25600/36000 batch_loss=6.6838e-03
E1/8 B25800/36000 batch_loss=6.6895e-03
E1/8 B26000/36000 batch_loss=6.6825e-03
E1/8 B26200/36000 batch_loss=5.8920e-03
E1/8 B26400/36000 batch_loss=6.4810e-03
E1/8 B26600/36000 batch_loss=6.2998e-03
E1/8 B26800/36000 batch_loss=5.4878e-03
E1/8 B27000/36000 batch_loss=6.1498e-03
E1/8 B27200/36000 batch_loss=6.5718e-03
E1/8 B27400/36000 batch_loss=5.3451e-03
E1/8 B27600/36000 batch_loss=4.6913e-03
E1/8 B27800/36000 batch_loss=4.3183e-03
E1/8 B28000/36000 batch_loss=4.6793e-03
E1/8 B28200/36000 batch_loss=4.3592e-03
E1/8 B28400/36000 batch_loss=5.9049e-03
E1/8 B28600/36000 batch_loss=4.0949e-03
E1/8 B28800/36000 batch_loss=5.1615e-03
E1/8 B29000/36000 batch_loss=3.9263e-03
E1/8 B29200/36000 batch_loss=4.0378e-03
E1/8 B29400/36000 batch_loss=3.7083e-03
E1/8 B29600/36000 batch_loss=3.7350e-03
E1/8 B29800/36000 batch_loss=4.4466e-03
E1/8 B30000/36000 batch_loss=4.6127e-03
E1/8 B30200/36000 batch_loss=5.3062e-03
E1/8 B30400/36000 batch_loss=4.3393e-03
E1/8 B30600/36000 batch_loss=3.3878e-03
E1/8 B30800/36000 batch_loss=4.7599e-03
E1/8 B31000/36000 batch_loss=3.3696e-03
E1/8 B31200/36000 batch_loss=3.4911e-03
E1/8 B31400/36000 batch_loss=4.6760e-03
E1/8 B31600/36000 batch_loss=3.2298e-03
E1/8 B31800/36000 batch_loss=4.5665e-03
E1/8 B32000/36000 batch_loss=3.3140e-03
E1/8 B32200/36000 batch_loss=3.5389e-03
E1/8 B32400/36000 batch_loss=4.2322e-03
E1/8 B32600/36000 batch_loss=4.4146e-03
E1/8 B32800/36000 batch_loss=3.3284e-03
E1/8 B33000/36000 batch_loss=3.2267e-03
E1/8 B33200/36000 batch_loss=3.9160e-03
E1/8 B33400/36000 batch_loss=4.0149e-03
E1/8 B33600/36000 batch_loss=3.8405e-03
E1/8 B33800/36000 batch_loss=3.8286e-03
E1/8 B34000/36000 batch_loss=2.9952e-03
E1/8 B34200/36000 batch_loss=3.1279e-03
E1/8 B34400/36000 batch_loss=3.1486e-03
E1/8 B34600/36000 batch_loss=2.9836e-03
E1/8 B34800/36000 batch_loss=2.9810e-03
E1/8 B35000/36000 batch_loss=4.0881e-03
E1/8 B35200/36000 batch_loss=3.6480e-03
E1/8 B35400/36000 batch_loss=3.9181e-03
E1/8 B35600/36000 batch_loss=2.8360e-03
E1/8 B35800/36000 batch_loss=2.7389e-03
E1/8 B36000/36000 batch_loss=2.9138e-03
2026-06-26 18:42:03,166 | INFO | Saved 10 diagnostic panel(s) under D:\Research\NO-2D-Metamaterials\MODELS\training_runs\NO_I3O5_BCF16_SL1_HC128_LR2e-03_WD0e+00_SS1_G9e-01_ch0u_260626\diagnostics\epoch_001
epoch=1/8 train_loss=4.014389e-03 val_loss=3.463506e-03 lr=1.800e-03 train_sps=1461.8
2026-06-26 18:42:04,824 | INFO | epoch=1/8 loss=smoothl1 train_ch_smoothl1=1.092e-03 4.548e-03 4.396e-03 5.152e-03 4.883e-03 val_ch_smoothl1=7.459e-04 3.973e-03 3.859e-03 4.478e-03 4.261e-03 train_loss=4.014389e-03 val_loss=3.463506e-03 lr=1.800e-03 train_sps=1461.8
Epoch 1/8 done | train_loss=4.0144e-03 val_loss=3.4635e-03 lr=1.80e-03
E2/8 B200/36000 batch_loss=3.6630e-03
E2/8 B400/36000 batch_loss=3.5538e-03
E2/8 B600/36000 batch_loss=2.9585e-03
E2/8 B800/36000 batch_loss=2.8317e-03
E2/8 B1000/36000 batch_loss=2.8412e-03
E2/8 B1200/36000 batch_loss=3.0761e-03
E2/8 B1400/36000 batch_loss=2.8435e-03
E2/8 B1600/36000 batch_loss=3.6269e-03
E2/8 B1800/36000 batch_loss=2.6371e-03
E2/8 B2000/36000 batch_loss=3.5109e-03
E2/8 B2200/36000 batch_loss=3.3913e-03
E2/8 B2400/36000 batch_loss=3.4181e-03
E2/8 B2600/36000 batch_loss=3.6343e-03
E2/8 B2800/36000 batch_loss=2.6030e-03
E2/8 B3000/36000 batch_loss=3.3443e-03
E2/8 B3200/36000 batch_loss=2.7081e-03
E2/8 B3400/36000 batch_loss=3.4409e-03
E2/8 B3600/36000 batch_loss=2.6445e-03
E2/8 B3800/36000 batch_loss=3.2085e-03
E2/8 B4000/36000 batch_loss=2.5572e-03
E2/8 B4200/36000 batch_loss=2.3214e-03
E2/8 B4400/36000 batch_loss=3.3605e-03
E2/8 B4600/36000 batch_loss=3.3244e-03
E2/8 B4800/36000 batch_loss=3.3753e-03
E2/8 B5000/36000 batch_loss=3.1755e-03
E2/8 B5200/36000 batch_loss=3.6171e-03
E2/8 B5400/36000 batch_loss=2.5448e-03
E2/8 B5600/36000 batch_loss=2.7293e-03
E2/8 B5800/36000 batch_loss=2.5696e-03
E2/8 B6000/36000 batch_loss=3.3638e-03
E2/8 B6200/36000 batch_loss=3.3618e-03
E2/8 B6400/36000 batch_loss=2.4373e-03
E2/8 B6600/36000 batch_loss=3.3307e-03
E2/8 B6800/36000 batch_loss=2.6285e-03
E2/8 B7000/36000 batch_loss=2.3533e-03
E2/8 B7200/36000 batch_loss=2.3314e-03
E2/8 B7400/36000 batch_loss=2.5119e-03
E2/8 B7600/36000 batch_loss=2.4299e-03
E2/8 B7800/36000 batch_loss=3.3078e-03
E2/8 B8000/36000 batch_loss=2.1442e-03
E2/8 B8200/36000 batch_loss=3.1922e-03
E2/8 B8400/36000 batch_loss=2.7138e-03
E2/8 B8600/36000 batch_loss=2.3193e-03
E2/8 B8800/36000 batch_loss=3.4644e-03
E2/8 B9000/36000 batch_loss=2.5555e-03
E2/8 B9200/36000 batch_loss=3.1974e-03
E2/8 B9400/36000 batch_loss=2.9058e-03
E2/8 B9600/36000 batch_loss=3.1658e-03
E2/8 B9800/36000 batch_loss=3.1562e-03
E2/8 B10000/36000 batch_loss=2.4601e-03
E2/8 B10200/36000 batch_loss=2.5408e-03
E2/8 B10400/36000 batch_loss=2.4693e-03
E2/8 B10600/36000 batch_loss=3.1940e-03
E2/8 B10800/36000 batch_loss=3.4434e-03
E2/8 B11000/36000 batch_loss=3.1258e-03
E2/8 B11200/36000 batch_loss=3.2067e-03
E2/8 B11400/36000 batch_loss=2.4808e-03
E2/8 B11600/36000 batch_loss=2.5166e-03
E2/8 B11800/36000 batch_loss=2.3657e-03
E2/8 B12000/36000 batch_loss=3.1662e-03
E2/8 B12200/36000 batch_loss=2.2321e-03
E2/8 B12400/36000 batch_loss=2.2669e-03
E2/8 B12600/36000 batch_loss=2.2754e-03
E2/8 B12800/36000 batch_loss=2.2857e-03
E2/8 B13000/36000 batch_loss=3.2593e-03
E2/8 B13200/36000 batch_loss=2.1177e-03
E2/8 B13400/36000 batch_loss=2.3206e-03
E2/8 B13600/36000 batch_loss=2.1678e-03
E2/8 B13800/36000 batch_loss=2.4123e-03
E2/8 B14000/36000 batch_loss=2.9893e-03
E2/8 B14200/36000 batch_loss=3.1767e-03
E2/8 B14400/36000 batch_loss=2.1812e-03
E2/8 B14600/36000 batch_loss=3.2481e-03
E2/8 B14800/36000 batch_loss=3.2577e-03
E2/8 B15000/36000 batch_loss=2.9398e-03
E2/8 B15200/36000 batch_loss=2.3342e-03
E2/8 B15400/36000 batch_loss=3.2557e-03
E2/8 B15600/36000 batch_loss=2.2290e-03
E2/8 B15800/36000 batch_loss=2.3331e-03
E2/8 B16000/36000 batch_loss=2.1747e-03
E2/8 B16200/36000 batch_loss=3.0701e-03
E2/8 B16400/36000 batch_loss=3.2973e-03
E2/8 B16600/36000 batch_loss=3.2193e-03
E2/8 B16800/36000 batch_loss=2.0489e-03
E2/8 B17000/36000 batch_loss=2.2063e-03
E2/8 B17200/36000 batch_loss=2.3170e-03
E2/8 B17400/36000 batch_loss=2.2172e-03
E2/8 B17600/36000 batch_loss=2.9319e-03
E2/8 B17800/36000 batch_loss=2.9847e-03
E2/8 B18000/36000 batch_loss=3.2787e-03
E2/8 B18200/36000 batch_loss=3.1943e-03
E2/8 B18400/36000 batch_loss=2.0901e-03
E2/8 B18600/36000 batch_loss=1.9919e-03
E2/8 B18800/36000 batch_loss=2.2940e-03
E2/8 B19000/36000 batch_loss=3.0049e-03
E2/8 B19200/36000 batch_loss=3.0655e-03
E2/8 B19400/36000 batch_loss=2.9904e-03
E2/8 B19600/36000 batch_loss=2.3571e-03
E2/8 B19800/36000 batch_loss=2.9533e-03
E2/8 B20000/36000 batch_loss=2.8784e-03
E2/8 B20200/36000 batch_loss=2.1766e-03
E2/8 B20400/36000 batch_loss=2.1163e-03
E2/8 B20600/36000 batch_loss=3.2050e-03
E2/8 B20800/36000 batch_loss=3.2836e-03
E2/8 B21000/36000 batch_loss=2.7679e-03
E2/8 B21200/36000 batch_loss=2.6215e-03
E2/8 B21400/36000 batch_loss=2.2606e-03
E2/8 B21600/36000 batch_loss=2.8260e-03
E2/8 B21800/36000 batch_loss=3.1336e-03
E2/8 B22000/36000 batch_loss=3.1401e-03
E2/8 B22200/36000 batch_loss=2.0549e-03
E2/8 B22400/36000 batch_loss=2.0996e-03
E2/8 B22600/36000 batch_loss=1.8185e-03
E2/8 B22800/36000 batch_loss=1.8996e-03
E2/8 B23000/36000 batch_loss=2.8505e-03
E2/8 B23200/36000 batch_loss=3.2741e-03
E2/8 B23400/36000 batch_loss=2.8196e-03
E2/8 B23600/36000 batch_loss=3.0140e-03
E2/8 B23800/36000 batch_loss=2.2424e-03
E2/8 B24000/36000 batch_loss=1.9138e-03
E2/8 B24200/36000 batch_loss=1.8899e-03
E2/8 B24400/36000 batch_loss=3.0082e-03
E2/8 B24600/36000 batch_loss=2.9550e-03
E2/8 B24800/36000 batch_loss=1.9264e-03
E2/8 B25000/36000 batch_loss=1.9673e-03
E2/8 B25200/36000 batch_loss=2.0845e-03
E2/8 B25400/36000 batch_loss=2.1613e-03
E2/8 B25600/36000 batch_loss=2.6847e-03
E2/8 B25800/36000 batch_loss=2.8497e-03
E2/8 B26000/36000 batch_loss=3.1640e-03
E2/8 B26200/36000 batch_loss=2.9323e-03
E2/8 B26400/36000 batch_loss=3.4127e-03
E2/8 B26600/36000 batch_loss=2.9715e-03
E2/8 B26800/36000 batch_loss=1.8559e-03
E2/8 B27000/36000 batch_loss=1.9427e-03
E2/8 B27200/36000 batch_loss=2.8430e-03
E2/8 B27400/36000 batch_loss=2.9967e-03
E2/8 B27600/36000 batch_loss=2.0326e-03
E2/8 B27800/36000 batch_loss=1.9611e-03
E2/8 B28000/36000 batch_loss=2.0934e-03
E2/8 B28200/36000 batch_loss=2.1362e-03
E2/8 B28400/36000 batch_loss=3.1122e-03
E2/8 B28600/36000 batch_loss=3.1328e-03
E2/8 B28800/36000 batch_loss=2.2268e-03
E2/8 B29000/36000 batch_loss=3.0459e-03
E2/8 B29200/36000 batch_loss=2.0582e-03
E2/8 B29400/36000 batch_loss=2.6477e-03
E2/8 B29600/36000 batch_loss=2.9429e-03
E2/8 B29800/36000 batch_loss=2.8978e-03
E2/8 B30000/36000 batch_loss=1.8712e-03
E2/8 B30200/36000 batch_loss=2.0524e-03
E2/8 B30400/36000 batch_loss=4.9493e-03
E2/8 B30600/36000 batch_loss=1.9372e-03
E2/8 B30800/36000 batch_loss=2.1031e-03
E2/8 B31000/36000 batch_loss=2.7061e-03
E2/8 B31200/36000 batch_loss=1.9369e-03
E2/8 B31400/36000 batch_loss=2.8557e-03
E2/8 B31600/36000 batch_loss=2.9807e-03
E2/8 B31800/36000 batch_loss=2.2496e-03
E2/8 B32000/36000 batch_loss=1.9129e-03
E2/8 B32200/36000 batch_loss=1.8785e-03
E2/8 B32400/36000 batch_loss=2.0717e-03
E2/8 B32600/36000 batch_loss=2.8743e-03
E2/8 B32800/36000 batch_loss=1.9087e-03
E2/8 B33000/36000 batch_loss=2.6288e-03
E2/8 B33200/36000 batch_loss=2.8484e-03
E2/8 B33400/36000 batch_loss=2.2219e-03
E2/8 B33600/36000 batch_loss=3.0582e-03
E2/8 B33800/36000 batch_loss=3.1425e-03
E2/8 B34000/36000 batch_loss=1.7911e-03
E2/8 B34200/36000 batch_loss=2.7465e-03
E2/8 B34400/36000 batch_loss=3.0603e-03
E2/8 B34600/36000 batch_loss=1.9718e-03
E2/8 B34800/36000 batch_loss=2.2475e-03
E2/8 B35000/36000 batch_loss=2.7863e-03
E2/8 B35200/36000 batch_loss=2.9423e-03
E2/8 B35400/36000 batch_loss=2.5673e-03
E2/8 B35600/36000 batch_loss=2.8567e-03
E2/8 B35800/36000 batch_loss=2.7756e-03
E2/8 B36000/36000 batch_loss=1.8372e-03
2026-06-26 22:28:09,003 | INFO | Saved 10 diagnostic panel(s) under D:\Research\NO-2D-Metamaterials\MODELS\training_runs\NO_I3O5_BCF16_SL1_HC128_LR2e-03_WD0e+00_SS1_G9e-01_ch0u_260626\diagnostics\epoch_002
epoch=2/8 train_loss=2.681396e-03 val_loss=2.385209e-03 lr=1.620e-03 train_sps=1480.2
2026-06-26 22:28:10,405 | INFO | epoch=2/8 loss=smoothl1 train_ch_smoothl1=4.905e-04 3.007e-03 2.902e-03 3.607e-03 3.401e-03 val_ch_smoothl1=2.957e-04 2.687e-03 2.567e-03 3.284e-03 3.093e-03 train_loss=2.681396e-03 val_loss=2.385209e-03 lr=1.620e-03 train_sps=1480.2
Epoch 2/8 done | train_loss=2.6814e-03 val_loss=2.3852e-03 lr=1.62e-03
E3/8 B200/36000 batch_loss=2.5484e-03
E3/8 B400/36000 batch_loss=2.0569e-03
E3/8 B600/36000 batch_loss=2.7653e-03
E3/8 B800/36000 batch_loss=1.7178e-03
E3/8 B1000/36000 batch_loss=2.5678e-03
E3/8 B1200/36000 batch_loss=2.6597e-03
E3/8 B1400/36000 batch_loss=2.5723e-03
E3/8 B1600/36000 batch_loss=1.8766e-03
E3/8 B1800/36000 batch_loss=1.9998e-03
E3/8 B2000/36000 batch_loss=2.7229e-03
E3/8 B2200/36000 batch_loss=2.7430e-03
E3/8 B2400/36000 batch_loss=1.7731e-03
E3/8 B2600/36000 batch_loss=1.7883e-03
E3/8 B2800/36000 batch_loss=1.8227e-03
E3/8 B3000/36000 batch_loss=3.3014e-03
E3/8 B3200/36000 batch_loss=1.7551e-03
E3/8 B3400/36000 batch_loss=1.8365e-03
E3/8 B3600/36000 batch_loss=2.8557e-03
E3/8 B3800/36000 batch_loss=1.7018e-03
E3/8 B4000/36000 batch_loss=1.8368e-03
E3/8 B4200/36000 batch_loss=1.5133e-03
E3/8 B4400/36000 batch_loss=1.6770e-03
E3/8 B4600/36000 batch_loss=2.6863e-03
E3/8 B4800/36000 batch_loss=1.6210e-03
E3/8 B5000/36000 batch_loss=1.6709e-03
E3/8 B5200/36000 batch_loss=1.7655e-03
E3/8 B5400/36000 batch_loss=1.7676e-03
E3/8 B5600/36000 batch_loss=2.7103e-03
E3/8 B5800/36000 batch_loss=1.8368e-03
E3/8 B6000/36000 batch_loss=2.5878e-03
E3/8 B6200/36000 batch_loss=1.6546e-03
E3/8 B6400/36000 batch_loss=2.5282e-03
E3/8 B6600/36000 batch_loss=1.9273e-03
E3/8 B6800/36000 batch_loss=1.5581e-03
E3/8 B7000/36000 batch_loss=2.5345e-03
E3/8 B7200/36000 batch_loss=1.8458e-03
E3/8 B7400/36000 batch_loss=2.1072e-03
E3/8 B7600/36000 batch_loss=1.6879e-03
E3/8 B7800/36000 batch_loss=2.7864e-03
E3/8 B8000/36000 batch_loss=2.5188e-03
E3/8 B8200/36000 batch_loss=1.7409e-03
E3/8 B8400/36000 batch_loss=2.4559e-03
E3/8 B8600/36000 batch_loss=1.8155e-03
E3/8 B8800/36000 batch_loss=2.7945e-03
E3/8 B9000/36000 batch_loss=2.6499e-03
E3/8 B9200/36000 batch_loss=1.9262e-03
E3/8 B9400/36000 batch_loss=2.5528e-03
E3/8 B9600/36000 batch_loss=1.9493e-03
E3/8 B9800/36000 batch_loss=2.5203e-03
E3/8 B10000/36000 batch_loss=2.6740e-03
E3/8 B10200/36000 batch_loss=2.7429e-03
E3/8 B10400/36000 batch_loss=1.6849e-03
E3/8 B10600/36000 batch_loss=1.8824e-03
E3/8 B10800/36000 batch_loss=2.7730e-03
E3/8 B11000/36000 batch_loss=1.6055e-03
E3/8 B11200/36000 batch_loss=1.6527e-03
E3/8 B11400/36000 batch_loss=2.1693e-03
E3/8 B11600/36000 batch_loss=1.7123e-03
E3/8 B11800/36000 batch_loss=2.4126e-03
E3/8 B12000/36000 batch_loss=2.8964e-03
E3/8 B12200/36000 batch_loss=2.1555e-03
E3/8 B12400/36000 batch_loss=2.3757e-03
E3/8 B12600/36000 batch_loss=1.7838e-03
E3/8 B12800/36000 batch_loss=1.6569e-03
E3/8 B13000/36000 batch_loss=2.5751e-03
E3/8 B13200/36000 batch_loss=1.7675e-03
E3/8 B13400/36000 batch_loss=2.7673e-03
E3/8 B13600/36000 batch_loss=1.9468e-03
E3/8 B13800/36000 batch_loss=1.9444e-03
E3/8 B14000/36000 batch_loss=2.6990e-03
E3/8 B14200/36000 batch_loss=2.5056e-03
E3/8 B14400/36000 batch_loss=1.9688e-03
E3/8 B14600/36000 batch_loss=2.8580e-03
E3/8 B14800/36000 batch_loss=2.0607e-03
E3/8 B15000/36000 batch_loss=2.5763e-03
E3/8 B15200/36000 batch_loss=2.9020e-03
E3/8 B15400/36000 batch_loss=2.6627e-03
E3/8 B15600/36000 batch_loss=1.7653e-03
E3/8 B15800/36000 batch_loss=1.6906e-03
E3/8 B16000/36000 batch_loss=2.7245e-03
E3/8 B16200/36000 batch_loss=1.6370e-03
E3/8 B16400/36000 batch_loss=1.7429e-03
E3/8 B16600/36000 batch_loss=2.6998e-03
E3/8 B16800/36000 batch_loss=1.5462e-03
E3/8 B17000/36000 batch_loss=2.8250e-03
E3/8 B17200/36000 batch_loss=2.6516e-03
E3/8 B17400/36000 batch_loss=2.7919e-03
E3/8 B17600/36000 batch_loss=2.6282e-03
E3/8 B17800/36000 batch_loss=1.5664e-03
E3/8 B18000/36000 batch_loss=1.7515e-03
E3/8 B18200/36000 batch_loss=2.5120e-03
E3/8 B18400/36000 batch_loss=1.9094e-03
E3/8 B18600/36000 batch_loss=2.6190e-03
E3/8 B18800/36000 batch_loss=1.6772e-03
E3/8 B19000/36000 batch_loss=2.5059e-03
E3/8 B19200/36000 batch_loss=2.5852e-03
E3/8 B19400/36000 batch_loss=1.7866e-03
E3/8 B19600/36000 batch_loss=2.6132e-03
E3/8 B19800/36000 batch_loss=2.5455e-03
E3/8 B20000/36000 batch_loss=1.8672e-03
E3/8 B20200/36000 batch_loss=2.5778e-03
E3/8 B20400/36000 batch_loss=1.5592e-03
E3/8 B20600/36000 batch_loss=2.7201e-03
E3/8 B20800/36000 batch_loss=2.0643e-03
E3/8 B21000/36000 batch_loss=1.7362e-03
E3/8 B21200/36000 batch_loss=2.4352e-03
E3/8 B21400/36000 batch_loss=1.6431e-03
E3/8 B21600/36000 batch_loss=2.5204e-03
E3/8 B21800/36000 batch_loss=1.7877e-03
E3/8 B22000/36000 batch_loss=2.5646e-03
E3/8 B22200/36000 batch_loss=2.6049e-03
E3/8 B22400/36000 batch_loss=2.6422e-03
E3/8 B22600/36000 batch_loss=1.7402e-03
E3/8 B22800/36000 batch_loss=1.6834e-03
E3/8 B23000/36000 batch_loss=2.3251e-03
E3/8 B23200/36000 batch_loss=1.6881e-03
E3/8 B23400/36000 batch_loss=1.8312e-03
E3/8 B23600/36000 batch_loss=2.5569e-03
E3/8 B23800/36000 batch_loss=2.2262e-03
E3/8 B24000/36000 batch_loss=2.5324e-03
E3/8 B24200/36000 batch_loss=1.7019e-03
E3/8 B24400/36000 batch_loss=1.6350e-03
E3/8 B24600/36000 batch_loss=2.6832e-03
E3/8 B24800/36000 batch_loss=2.5419e-03
E3/8 B25000/36000 batch_loss=1.9267e-03
E3/8 B25200/36000 batch_loss=1.8638e-03
E3/8 B25400/36000 batch_loss=1.9417e-03
E3/8 B25600/36000 batch_loss=2.5654e-03
E3/8 B25800/36000 batch_loss=2.3770e-03
E3/8 B26000/36000 batch_loss=2.6941e-03
E3/8 B26200/36000 batch_loss=1.6377e-03
E3/8 B26400/36000 batch_loss=2.4305e-03
E3/8 B26600/36000 batch_loss=2.6423e-03
E3/8 B26800/36000 batch_loss=2.6815e-03
E3/8 B27000/36000 batch_loss=2.5957e-03
E3/8 B27200/36000 batch_loss=1.9158e-03
E3/8 B27400/36000 batch_loss=1.6906e-03
E3/8 B27600/36000 batch_loss=2.7855e-03
E3/8 B27800/36000 batch_loss=1.4815e-03
E3/8 B28000/36000 batch_loss=1.7022e-03
E3/8 B28200/36000 batch_loss=2.5733e-03
E3/8 B28400/36000 batch_loss=2.4461e-03
E3/8 B28600/36000 batch_loss=1.4494e-03
E3/8 B28800/36000 batch_loss=2.3035e-03
E3/8 B29000/36000 batch_loss=1.7600e-03
E3/8 B29200/36000 batch_loss=1.6613e-03
E3/8 B29400/36000 batch_loss=1.6516e-03
E3/8 B29600/36000 batch_loss=2.6528e-03
E3/8 B29800/36000 batch_loss=1.8425e-03
E3/8 B30000/36000 batch_loss=2.2063e-03
E3/8 B30200/36000 batch_loss=1.4253e-03
E3/8 B30400/36000 batch_loss=2.7147e-03
E3/8 B30600/36000 batch_loss=1.6812e-03
E3/8 B30800/36000 batch_loss=2.6949e-03
E3/8 B31000/36000 batch_loss=2.4399e-03
E3/8 B31200/36000 batch_loss=2.6161e-03
E3/8 B31400/36000 batch_loss=1.5785e-03
E3/8 B31600/36000 batch_loss=1.4845e-03
E3/8 B31800/36000 batch_loss=1.4954e-03
E3/8 B32000/36000 batch_loss=2.4056e-03
E3/8 B32200/36000 batch_loss=2.4978e-03
E3/8 B32400/36000 batch_loss=1.6531e-03
E3/8 B32600/36000 batch_loss=1.8847e-03
E3/8 B32800/36000 batch_loss=1.4894e-03
E3/8 B33000/36000 batch_loss=1.6849e-03
E3/8 B33200/36000 batch_loss=2.1362e-03
E3/8 B33400/36000 batch_loss=1.6310e-03
E3/8 B33600/36000 batch_loss=2.6578e-03
E3/8 B33800/36000 batch_loss=1.5860e-03
E3/8 B34000/36000 batch_loss=2.3670e-03
E3/8 B34200/36000 batch_loss=2.3417e-03
E3/8 B34400/36000 batch_loss=2.3333e-03
E3/8 B34600/36000 batch_loss=2.5459e-03
E3/8 B34800/36000 batch_loss=2.5484e-03
E3/8 B35000/36000 batch_loss=1.6508e-03
E3/8 B35200/36000 batch_loss=1.4880e-03
E3/8 B35400/36000 batch_loss=2.3138e-03
E3/8 B35600/36000 batch_loss=2.4284e-03
E3/8 B35800/36000 batch_loss=2.4997e-03
E3/8 B36000/36000 batch_loss=1.5920e-03
2026-06-27 02:28:29,475 | INFO | Saved 10 diagnostic panel(s) under D:\Research\NO-2D-Metamaterials\MODELS\training_runs\NO_I3O5_BCF16_SL1_HC128_LR2e-03_WD0e+00_SS1_G9e-01_ch0u_260626\diagnostics\epoch_003
epoch=3/8 train_loss=2.187985e-03 val_loss=2.147699e-03 lr=1.458e-03 train_sps=1395.0
2026-06-27 02:28:30,988 | INFO | epoch=3/8 loss=smoothl1 train_ch_smoothl1=3.762e-04 2.417e-03 2.319e-03 3.011e-03 2.817e-03 val_ch_smoothl1=2.350e-04 2.396e-03 2.303e-03 2.997e-03 2.807e-03 train_loss=2.187985e-03 val_loss=2.147699e-03 lr=1.458e-03 train_sps=1395.0
Epoch 3/8 done | train_loss=2.1880e-03 val_loss=2.1477e-03 lr=1.46e-03
E4/8 B200/36000 batch_loss=2.5117e-03
E4/8 B400/36000 batch_loss=2.2129e-03
E4/8 B600/36000 batch_loss=1.6219e-03
E4/8 B800/36000 batch_loss=1.6591e-03
E4/8 B1000/36000 batch_loss=2.2966e-03
E4/8 B1200/36000 batch_loss=1.7522e-03
E4/8 B1400/36000 batch_loss=1.5457e-03
E4/8 B1600/36000 batch_loss=2.3741e-03
E4/8 B1800/36000 batch_loss=2.4538e-03
E4/8 B2000/36000 batch_loss=2.3017e-03
E4/8 B2200/36000 batch_loss=2.0741e-03
E4/8 B2400/36000 batch_loss=2.2302e-03
E4/8 B2600/36000 batch_loss=1.8991e-03
E4/8 B2800/36000 batch_loss=1.4188e-03
E4/8 B3000/36000 batch_loss=1.5558e-03
E4/8 B3200/36000 batch_loss=1.5584e-03
E4/8 B3400/36000 batch_loss=2.3114e-03
E4/8 B3600/36000 batch_loss=1.6156e-03
E4/8 B3800/36000 batch_loss=2.7816e-03
E4/8 B4000/36000 batch_loss=2.4875e-03
E4/8 B4200/36000 batch_loss=2.5686e-03
E4/8 B4400/36000 batch_loss=2.2934e-03
E4/8 B4600/36000 batch_loss=1.5575e-03
E4/8 B4800/36000 batch_loss=1.7176e-03
E4/8 B5000/36000 batch_loss=2.6219e-03
E4/8 B5200/36000 batch_loss=1.6984e-03
E4/8 B5400/36000 batch_loss=2.2356e-03
E4/8 B5600/36000 batch_loss=2.3719e-03
E4/8 B5800/36000 batch_loss=2.4654e-03
E4/8 B6000/36000 batch_loss=2.0048e-03
E4/8 B6200/36000 batch_loss=1.8954e-03
E4/8 B6400/36000 batch_loss=1.4277e-03
E4/8 B6600/36000 batch_loss=1.7001e-03
E4/8 B6800/36000 batch_loss=1.9102e-03
E4/8 B7000/36000 batch_loss=2.4701e-03
E4/8 B7200/36000 batch_loss=2.5025e-03
E4/8 B7400/36000 batch_loss=1.5878e-03
E4/8 B7600/36000 batch_loss=1.4308e-03
E4/8 B7800/36000 batch_loss=1.5590e-03
E4/8 B8000/36000 batch_loss=2.4455e-03
E4/8 B8200/36000 batch_loss=2.5664e-03
E4/8 B8400/36000 batch_loss=1.5560e-03
E4/8 B8600/36000 batch_loss=1.5374e-03
E4/8 B8800/36000 batch_loss=2.4186e-03
E4/8 B9000/36000 batch_loss=2.4443e-03
E4/8 B9200/36000 batch_loss=2.3612e-03
E4/8 B9400/36000 batch_loss=2.3617e-03
E4/8 B9600/36000 batch_loss=1.5068e-03
E4/8 B9800/36000 batch_loss=1.7365e-03
E4/8 B10000/36000 batch_loss=2.2597e-03
E4/8 B10200/36000 batch_loss=1.6167e-03
E4/8 B10400/36000 batch_loss=1.5387e-03
E4/8 B10600/36000 batch_loss=2.4848e-03
E4/8 B10800/36000 batch_loss=2.5854e-03
E4/8 B11000/36000 batch_loss=1.5479e-03
E4/8 B11200/36000 batch_loss=2.5870e-03
E4/8 B11400/36000 batch_loss=2.3674e-03
E4/8 B11600/36000 batch_loss=2.5575e-03
E4/8 B11800/36000 batch_loss=2.3715e-03
E4/8 B12000/36000 batch_loss=1.9292e-03
E4/8 B12200/36000 batch_loss=1.6175e-03
E4/8 B12400/36000 batch_loss=1.5603e-03
E4/8 B12600/36000 batch_loss=2.5632e-03
E4/8 B12800/36000 batch_loss=2.3536e-03
E4/8 B13000/36000 batch_loss=1.5003e-03
E4/8 B13200/36000 batch_loss=1.6541e-03
E4/8 B13400/36000 batch_loss=2.1574e-03
E4/8 B13600/36000 batch_loss=1.4988e-03
E4/8 B13800/36000 batch_loss=2.3645e-03
E4/8 B14000/36000 batch_loss=1.5846e-03
E4/8 B14200/36000 batch_loss=2.1884e-03
E4/8 B14400/36000 batch_loss=2.3974e-03
E4/8 B14600/36000 batch_loss=2.3763e-03
E4/8 B14800/36000 batch_loss=1.6187e-03
E4/8 B15000/36000 batch_loss=2.4094e-03
E4/8 B15200/36000 batch_loss=2.4383e-03
E4/8 B15400/36000 batch_loss=2.3924e-03
E4/8 B15600/36000 batch_loss=1.6497e-03
E4/8 B15800/36000 batch_loss=1.4428e-03
E4/8 B16000/36000 batch_loss=1.4886e-03
E4/8 B16200/36000 batch_loss=1.4247e-03
E4/8 B16400/36000 batch_loss=1.6378e-03
E4/8 B16600/36000 batch_loss=1.5178e-03
E4/8 B16800/36000 batch_loss=1.5027e-03
E4/8 B17000/36000 batch_loss=1.5379e-03
E4/8 B17200/36000 batch_loss=1.4017e-03
E4/8 B17400/36000 batch_loss=1.4480e-03
E4/8 B17600/36000 batch_loss=1.2216e-03
E4/8 B17800/36000 batch_loss=1.4520e-03
E4/8 B18000/36000 batch_loss=1.4831e-03
E4/8 B18200/36000 batch_loss=1.4853e-03
E4/8 B18400/36000 batch_loss=2.3012e-03
E4/8 B18600/36000 batch_loss=2.0681e-03
E4/8 B18800/36000 batch_loss=2.6950e-03
E4/8 B19000/36000 batch_loss=1.7483e-03
E4/8 B19200/36000 batch_loss=2.3994e-03
E4/8 B19400/36000 batch_loss=1.5750e-03
E4/8 B19600/36000 batch_loss=1.4267e-03
E4/8 B19800/36000 batch_loss=2.1468e-03
E4/8 B20000/36000 batch_loss=2.3953e-03
E4/8 B20200/36000 batch_loss=2.3693e-03
E4/8 B20400/36000 batch_loss=1.5548e-03
E4/8 B20600/36000 batch_loss=1.2542e-03
E4/8 B20800/36000 batch_loss=1.4169e-03
E4/8 B21000/36000 batch_loss=1.5988e-03
E4/8 B21200/36000 batch_loss=1.4736e-03
E4/8 B21400/36000 batch_loss=1.7813e-03
E4/8 B21600/36000 batch_loss=2.4284e-03
E4/8 B21800/36000 batch_loss=2.4487e-03
E4/8 B22000/36000 batch_loss=2.1565e-03
E4/8 B22200/36000 batch_loss=2.9485e-03
E4/8 B22400/36000 batch_loss=1.3020e-03
E4/8 B22600/36000 batch_loss=2.4145e-03
E4/8 B22800/36000 batch_loss=2.4490e-03
E4/8 B23000/36000 batch_loss=2.3665e-03
E4/8 B23200/36000 batch_loss=1.4348e-03
E4/8 B23400/36000 batch_loss=2.2537e-03
E4/8 B23600/36000 batch_loss=2.6021e-03
E4/8 B23800/36000 batch_loss=1.8396e-03
E4/8 B24000/36000 batch_loss=1.4045e-03
E4/8 B24200/36000 batch_loss=1.4994e-03
E4/8 B24400/36000 batch_loss=1.6506e-03
E4/8 B24600/36000 batch_loss=2.4110e-03
E4/8 B24800/36000 batch_loss=2.4906e-03
E4/8 B25000/36000 batch_loss=2.3559e-03
E4/8 B25200/36000 batch_loss=1.6729e-03
E4/8 B25400/36000 batch_loss=2.4520e-03
E4/8 B25600/36000 batch_loss=2.2703e-03
E4/8 B25800/36000 batch_loss=2.6094e-03
E4/8 B26000/36000 batch_loss=1.5337e-03
E4/8 B26200/36000 batch_loss=2.4909e-03
E4/8 B26400/36000 batch_loss=1.6109e-03
E4/8 B26600/36000 batch_loss=2.4825e-03
E4/8 B26800/36000 batch_loss=1.5522e-03
E4/8 B27000/36000 batch_loss=1.7085e-03
E4/8 B27200/36000 batch_loss=1.3933e-03
E4/8 B27400/36000 batch_loss=1.4456e-03
E4/8 B27600/36000 batch_loss=2.4803e-03
E4/8 B27800/36000 batch_loss=1.6890e-03
E4/8 B28000/36000 batch_loss=2.3736e-03
E4/8 B28200/36000 batch_loss=2.2802e-03
E4/8 B28400/36000 batch_loss=2.2870e-03
E4/8 B28600/36000 batch_loss=1.3259e-03
E4/8 B28800/36000 batch_loss=1.3976e-03
E4/8 B29000/36000 batch_loss=2.2713e-03
E4/8 B29200/36000 batch_loss=2.2576e-03
E4/8 B29400/36000 batch_loss=1.6345e-03
E4/8 B29600/36000 batch_loss=1.3012e-03
E4/8 B29800/36000 batch_loss=2.5026e-03
E4/8 B30000/36000 batch_loss=1.4556e-03
E4/8 B30200/36000 batch_loss=2.3738e-03
E4/8 B30400/36000 batch_loss=1.5305e-03
E4/8 B30600/36000 batch_loss=1.3945e-03
E4/8 B30800/36000 batch_loss=1.5513e-03
E4/8 B31000/36000 batch_loss=1.3965e-03
E4/8 B31200/36000 batch_loss=1.6831e-03
E4/8 B31400/36000 batch_loss=2.4337e-03
E4/8 B31600/36000 batch_loss=1.4077e-03
E4/8 B31800/36000 batch_loss=2.4185e-03
E4/8 B32000/36000 batch_loss=1.5767e-03
E4/8 B32200/36000 batch_loss=2.2757e-03
E4/8 B32400/36000 batch_loss=2.5024e-03
E4/8 B32600/36000 batch_loss=2.8230e-03
E4/8 B32800/36000 batch_loss=2.2435e-03
E4/8 B33000/36000 batch_loss=2.2118e-03
E4/8 B33200/36000 batch_loss=2.4933e-03
E4/8 B33400/36000 batch_loss=2.1768e-03
E4/8 B33600/36000 batch_loss=1.7263e-03
E4/8 B33800/36000 batch_loss=1.5810e-03
E4/8 B34000/36000 batch_loss=2.2883e-03
E4/8 B34200/36000 batch_loss=1.4905e-03
E4/8 B34400/36000 batch_loss=1.3123e-03
E4/8 B34600/36000 batch_loss=1.4823e-03
E4/8 B34800/36000 batch_loss=1.4938e-03
E4/8 B35000/36000 batch_loss=2.3799e-03
E4/8 B35200/36000 batch_loss=2.5839e-03
E4/8 B35400/36000 batch_loss=1.4177e-03
E4/8 B35600/36000 batch_loss=2.3428e-03
E4/8 B35800/36000 batch_loss=1.6486e-03
E4/8 B36000/36000 batch_loss=2.3627e-03
2026-06-27 06:11:02,190 | INFO | Saved 10 diagnostic panel(s) under D:\Research\NO-2D-Metamaterials\MODELS\training_runs\NO_I3O5_BCF16_SL1_HC128_LR2e-03_WD0e+00_SS1_G9e-01_ch0u_260626\diagnostics\epoch_004
epoch=4/8 train_loss=1.975277e-03 val_loss=2.116987e-03 lr=1.312e-03 train_sps=1505.5
2026-06-27 06:11:03,638 | INFO | epoch=4/8 loss=smoothl1 train_ch_smoothl1=3.188e-04 2.166e-03 2.072e-03 2.754e-03 2.566e-03 val_ch_smoothl1=2.836e-04 2.371e-03 2.222e-03 2.943e-03 2.767e-03 train_loss=1.975277e-03 val_loss=2.116987e-03 lr=1.312e-03 train_sps=1505.5
Epoch 4/8 done | train_loss=1.9753e-03 val_loss=2.1170e-03 lr=1.31e-03
E5/8 B200/36000 batch_loss=2.2752e-03
E5/8 B400/36000 batch_loss=1.4670e-03
E5/8 B600/36000 batch_loss=2.3039e-03
E5/8 B800/36000 batch_loss=1.2658e-03
E5/8 B1000/36000 batch_loss=1.5079e-03
E5/8 B1200/36000 batch_loss=2.1199e-03
E5/8 B1400/36000 batch_loss=1.3875e-03
E5/8 B1600/36000 batch_loss=2.1415e-03
E5/8 B1800/36000 batch_loss=2.0267e-03
E5/8 B2000/36000 batch_loss=1.7709e-03
E5/8 B2200/36000 batch_loss=1.4523e-03
E5/8 B2400/36000 batch_loss=2.2634e-03
E5/8 B2600/36000 batch_loss=1.3039e-03
E5/8 B2800/36000 batch_loss=2.0500e-03
E5/8 B3000/36000 batch_loss=1.3255e-03
E5/8 B3200/36000 batch_loss=2.1442e-03
E5/8 B3400/36000 batch_loss=2.1614e-03
E5/8 B3600/36000 batch_loss=1.2723e-03
E5/8 B3800/36000 batch_loss=2.2144e-03
E5/8 B4000/36000 batch_loss=2.3307e-03
E5/8 B4200/36000 batch_loss=1.7996e-03
E5/8 B4400/36000 batch_loss=1.3596e-03
E5/8 B4600/36000 batch_loss=2.4558e-03
E5/8 B4800/36000 batch_loss=2.4025e-03
E5/8 B5000/36000 batch_loss=2.2709e-03
E5/8 B5200/36000 batch_loss=2.1012e-03
E5/8 B5400/36000 batch_loss=2.0866e-03
E5/8 B5600/36000 batch_loss=1.2500e-03
E5/8 B5800/36000 batch_loss=1.5165e-03
E5/8 B6000/36000 batch_loss=2.3133e-03
E5/8 B6200/36000 batch_loss=2.0977e-03
E5/8 B6400/36000 batch_loss=2.0031e-03
E5/8 B6600/36000 batch_loss=1.4093e-03
E5/8 B6800/36000 batch_loss=1.9356e-03
E5/8 B7000/36000 batch_loss=2.3973e-03
E5/8 B7200/36000 batch_loss=1.3611e-03
E5/8 B7400/36000 batch_loss=1.5075e-03
E5/8 B7600/36000 batch_loss=1.3492e-03
E5/8 B7800/36000 batch_loss=2.3387e-03
E5/8 B8000/36000 batch_loss=2.3754e-03
E5/8 B8200/36000 batch_loss=1.3984e-03
E5/8 B8400/36000 batch_loss=1.4452e-03
E5/8 B8600/36000 batch_loss=1.3783e-03
E5/8 B8800/36000 batch_loss=2.2822e-03
E5/8 B9000/36000 batch_loss=1.3557e-03
E5/8 B9200/36000 batch_loss=2.0969e-03
E5/8 B9400/36000 batch_loss=2.4298e-03
E5/8 B9600/36000 batch_loss=2.2549e-03
E5/8 B9800/36000 batch_loss=1.4225e-03
E5/8 B10000/36000 batch_loss=1.4430e-03
E5/8 B10200/36000 batch_loss=1.3367e-03
E5/8 B10400/36000 batch_loss=2.2357e-03
E5/8 B10600/36000 batch_loss=1.7068e-03
E5/8 B10800/36000 batch_loss=2.2595e-03
E5/8 B11000/36000 batch_loss=1.3499e-03
E5/8 B11200/36000 batch_loss=1.3123e-03
E5/8 B11400/36000 batch_loss=2.1736e-03
E5/8 B11600/36000 batch_loss=2.3886e-03
E5/8 B11800/36000 batch_loss=2.2701e-03
E5/8 B12000/36000 batch_loss=2.2179e-03
E5/8 B12200/36000 batch_loss=2.3197e-03
E5/8 B12400/36000 batch_loss=1.5006e-03
E5/8 B12600/36000 batch_loss=2.1766e-03
E5/8 B12800/36000 batch_loss=1.3878e-03
E5/8 B13000/36000 batch_loss=1.4763e-03
E5/8 B13200/36000 batch_loss=1.6815e-03
E5/8 B13400/36000 batch_loss=2.2045e-03
E5/8 B13600/36000 batch_loss=2.3347e-03
E5/8 B13800/36000 batch_loss=2.3699e-03
E5/8 B14000/36000 batch_loss=2.3286e-03
E5/8 B14200/36000 batch_loss=1.3939e-03
E5/8 B14400/36000 batch_loss=1.4518e-03
E5/8 B14600/36000 batch_loss=1.4253e-03
E5/8 B14800/36000 batch_loss=1.3542e-03
E5/8 B15000/36000 batch_loss=2.0421e-03
E5/8 B15200/36000 batch_loss=1.3891e-03
E5/8 B15400/36000 batch_loss=2.3115e-03
E5/8 B15600/36000 batch_loss=2.4020e-03
E5/8 B15800/36000 batch_loss=1.5106e-03
E5/8 B16000/36000 batch_loss=1.2954e-03
E5/8 B16200/36000 batch_loss=2.2204e-03
E5/8 B16400/36000 batch_loss=1.2565e-03
E5/8 B16600/36000 batch_loss=2.2836e-03
E5/8 B16800/36000 batch_loss=2.2312e-03
E5/8 B17000/36000 batch_loss=2.2811e-03
E5/8 B17200/36000 batch_loss=2.0526e-03
E5/8 B17400/36000 batch_loss=2.0974e-03
E5/8 B17600/36000 batch_loss=1.4891e-03
E5/8 B17800/36000 batch_loss=1.6347e-03
E5/8 B18000/36000 batch_loss=1.3667e-03
E5/8 B18200/36000 batch_loss=2.1825e-03
E5/8 B18400/36000 batch_loss=1.5551e-03
E5/8 B18600/36000 batch_loss=1.3346e-03
E5/8 B18800/36000 batch_loss=1.4762e-03
E5/8 B19000/36000 batch_loss=1.7649e-03
E5/8 B19200/36000 batch_loss=2.2407e-03
E5/8 B19400/36000 batch_loss=2.5372e-03
E5/8 B19600/36000 batch_loss=1.4548e-03
E5/8 B19800/36000 batch_loss=2.1924e-03
E5/8 B20000/36000 batch_loss=2.3609e-03
E5/8 B20200/36000 batch_loss=1.5691e-03
E5/8 B20400/36000 batch_loss=2.2227e-03
E5/8 B20600/36000 batch_loss=2.3685e-03
E5/8 B20800/36000 batch_loss=2.0637e-03
E5/8 B21000/36000 batch_loss=2.1495e-03
E5/8 B21200/36000 batch_loss=2.3348e-03
E5/8 B21400/36000 batch_loss=1.5131e-03
E5/8 B21600/36000 batch_loss=1.2428e-03
E5/8 B21800/36000 batch_loss=3.3820e-03
E5/8 B22000/36000 batch_loss=2.0433e-03
E5/8 B22200/36000 batch_loss=2.3962e-03
E5/8 B22400/36000 batch_loss=1.2927e-03
E5/8 B22600/36000 batch_loss=2.0285e-03
E5/8 B22800/36000 batch_loss=1.2130e-03
E5/8 B23000/36000 batch_loss=1.4779e-03
E5/8 B23200/36000 batch_loss=2.4245e-03
E5/8 B23400/36000 batch_loss=2.1490e-03
E5/8 B23600/36000 batch_loss=2.2726e-03
E5/8 B23800/36000 batch_loss=1.2390e-03
E5/8 B24000/36000 batch_loss=1.4897e-03
E5/8 B24200/36000 batch_loss=1.4860e-03
E5/8 B24400/36000 batch_loss=1.4924e-03
E5/8 B24600/36000 batch_loss=1.5828e-03
E5/8 B24800/36000 batch_loss=2.0203e-03
E5/8 B25000/36000 batch_loss=1.5981e-03
E5/8 B25200/36000 batch_loss=2.3209e-03
E5/8 B25400/36000 batch_loss=2.1646e-03
E5/8 B25600/36000 batch_loss=1.2624e-03
E5/8 B25800/36000 batch_loss=1.4235e-03
E5/8 B26000/36000 batch_loss=1.7049e-03
E5/8 B26200/36000 batch_loss=2.4720e-03
E5/8 B26400/36000 batch_loss=2.3743e-03
E5/8 B26600/36000 batch_loss=1.3728e-03
E5/8 B26800/36000 batch_loss=2.1203e-03
E5/8 B27000/36000 batch_loss=2.1399e-03
E5/8 B27200/36000 batch_loss=1.1969e-03
E5/8 B27400/36000 batch_loss=2.3861e-03
E5/8 B27600/36000 batch_loss=1.2623e-03
E5/8 B27800/36000 batch_loss=2.0786e-03
E5/8 B28000/36000 batch_loss=2.0359e-03
E5/8 B28200/36000 batch_loss=1.2268e-03
E5/8 B28400/36000 batch_loss=2.0477e-03
E5/8 B28600/36000 batch_loss=2.3432e-03
E5/8 B28800/36000 batch_loss=1.6207e-03
E5/8 B29000/36000 batch_loss=2.0532e-03
E5/8 B29200/36000 batch_loss=1.4553e-03
E5/8 B29400/36000 batch_loss=2.0102e-03
E5/8 B29600/36000 batch_loss=2.1939e-03
E5/8 B29800/36000 batch_loss=2.2934e-03
E5/8 B30000/36000 batch_loss=2.4474e-03
E5/8 B30200/36000 batch_loss=2.1133e-03
E5/8 B30400/36000 batch_loss=2.1907e-03
E5/8 B30600/36000 batch_loss=1.2593e-03
E5/8 B30800/36000 batch_loss=1.3276e-03
E5/8 B31000/36000 batch_loss=2.0719e-03
E5/8 B31200/36000 batch_loss=1.2563e-03
E5/8 B31400/36000 batch_loss=2.2048e-03
E5/8 B31600/36000 batch_loss=1.3752e-03
E5/8 B31800/36000 batch_loss=1.3645e-03
E5/8 B32000/36000 batch_loss=1.2355e-03
E5/8 B32200/36000 batch_loss=2.3055e-03
E5/8 B32400/36000 batch_loss=2.0901e-03
E5/8 B32600/36000 batch_loss=1.0982e-03
E5/8 B32800/36000 batch_loss=2.1418e-03
E5/8 B33000/36000 batch_loss=1.2729e-03
E5/8 B33200/36000 batch_loss=1.5937e-03
E5/8 B33400/36000 batch_loss=1.6797e-03
E5/8 B33600/36000 batch_loss=1.1883e-03
E5/8 B33800/36000 batch_loss=2.0231e-03
E5/8 B34000/36000 batch_loss=2.3178e-03
E5/8 B34200/36000 batch_loss=1.4655e-03
E5/8 B34400/36000 batch_loss=2.2392e-03
E5/8 B34600/36000 batch_loss=2.0394e-03
E5/8 B34800/36000 batch_loss=1.1354e-03
E5/8 B35000/36000 batch_loss=2.2702e-03
E5/8 B35200/36000 batch_loss=1.3799e-03
E5/8 B35400/36000 batch_loss=1.1335e-03
E5/8 B35600/36000 batch_loss=1.3883e-03
E5/8 B35800/36000 batch_loss=2.0366e-03
E5/8 B36000/36000 batch_loss=1.3242e-03
2026-06-27 09:50:33,551 | INFO | Saved 10 diagnostic panel(s) under D:\Research\NO-2D-Metamaterials\MODELS\training_runs\NO_I3O5_BCF16_SL1_HC128_LR2e-03_WD0e+00_SS1_G9e-01_ch0u_260626\diagnostics\epoch_005
epoch=5/8 train_loss=1.836508e-03 val_loss=2.001855e-03 lr=1.181e-03 train_sps=1527.5
2026-06-27 09:50:34,991 | INFO | epoch=5/8 loss=smoothl1 train_ch_smoothl1=2.816e-04 2.003e-03 1.912e-03 2.586e-03 2.400e-03 val_ch_smoothl1=2.235e-04 2.227e-03 2.127e-03 2.811e-03 2.621e-03 train_loss=1.836508e-03 val_loss=2.001855e-03 lr=1.181e-03 train_sps=1527.5
Epoch 5/8 done | train_loss=1.8365e-03 val_loss=2.0019e-03 lr=1.18e-03
E6/8 B200/36000 batch_loss=1.2683e-03
E6/8 B400/36000 batch_loss=2.1374e-03
E6/8 B600/36000 batch_loss=1.3446e-03
E6/8 B800/36000 batch_loss=1.2877e-03
E6/8 B1000/36000 batch_loss=1.3075e-03
E6/8 B1200/36000 batch_loss=2.3085e-03
E6/8 B1400/36000 batch_loss=1.1901e-03
E6/8 B1600/36000 batch_loss=2.0284e-03
E6/8 B1800/36000 batch_loss=2.3958e-03
E6/8 B2000/36000 batch_loss=1.7089e-03
E6/8 B2200/36000 batch_loss=1.4447e-03
E6/8 B2400/36000 batch_loss=1.2476e-03
E6/8 B2600/36000 batch_loss=2.0503e-03
E6/8 B2800/36000 batch_loss=1.1999e-03
E6/8 B3000/36000 batch_loss=2.2984e-03
E6/8 B3200/36000 batch_loss=1.3883e-03
E6/8 B3400/36000 batch_loss=2.2278e-03
E6/8 B3600/36000 batch_loss=1.3655e-03
E6/8 B3800/36000 batch_loss=1.1685e-03
E6/8 B4000/36000 batch_loss=1.2899e-03
E6/8 B4200/36000 batch_loss=1.4350e-03
E6/8 B4400/36000 batch_loss=1.3877e-03
E6/8 B4600/36000 batch_loss=2.0293e-03
E6/8 B4800/36000 batch_loss=2.1173e-03
E6/8 B5000/36000 batch_loss=1.2223e-03
E6/8 B5200/36000 batch_loss=2.2160e-03
E6/8 B5400/36000 batch_loss=2.1296e-03
E6/8 B5600/36000 batch_loss=1.2565e-03
E6/8 B5800/36000 batch_loss=1.2326e-03
E6/8 B6000/36000 batch_loss=2.1325e-03
E6/8 B6200/36000 batch_loss=1.2699e-03
E6/8 B6400/36000 batch_loss=2.3440e-03
E6/8 B6600/36000 batch_loss=2.2639e-03
E6/8 B6800/36000 batch_loss=2.1219e-03
E6/8 B7000/36000 batch_loss=1.1098e-03
E6/8 B7200/36000 batch_loss=2.0830e-03
E6/8 B7400/36000 batch_loss=2.1206e-03
E6/8 B7600/36000 batch_loss=1.4400e-03
E6/8 B7800/36000 batch_loss=2.0243e-03
E6/8 B8000/36000 batch_loss=1.3660e-03
E6/8 B8200/36000 batch_loss=1.1425e-03
E6/8 B8400/36000 batch_loss=1.2923e-03
E6/8 B8600/36000 batch_loss=2.1096e-03
E6/8 B8800/36000 batch_loss=1.3895e-03
E6/8 B9000/36000 batch_loss=1.9962e-03
E6/8 B9200/36000 batch_loss=1.3430e-03
E6/8 B9400/36000 batch_loss=1.4982e-03
E6/8 B9600/36000 batch_loss=2.1365e-03
E6/8 B9800/36000 batch_loss=2.2199e-03
E6/8 B10000/36000 batch_loss=1.3581e-03
E6/8 B10200/36000 batch_loss=1.2865e-03
E6/8 B10400/36000 batch_loss=2.2371e-03
E6/8 B10600/36000 batch_loss=1.1891e-03
E6/8 B10800/36000 batch_loss=2.0603e-03
E6/8 B11000/36000 batch_loss=1.0658e-03
E6/8 B11200/36000 batch_loss=1.9681e-03
E6/8 B11400/36000 batch_loss=1.3212e-03
E6/8 B11600/36000 batch_loss=1.9774e-03
E6/8 B11800/36000 batch_loss=1.4046e-03
E6/8 B12000/36000 batch_loss=1.3647e-03
E6/8 B12200/36000 batch_loss=2.2960e-03
E6/8 B12400/36000 batch_loss=1.3185e-03
E6/8 B12600/36000 batch_loss=1.3157e-03
E6/8 B12800/36000 batch_loss=1.2571e-03
E6/8 B13000/36000 batch_loss=1.2647e-03
E6/8 B13200/36000 batch_loss=1.9118e-03
E6/8 B13400/36000 batch_loss=2.1991e-03
E6/8 B13600/36000 batch_loss=2.3590e-03
E6/8 B13800/36000 batch_loss=2.2214e-03
E6/8 B14000/36000 batch_loss=2.0247e-03
E6/8 B14200/36000 batch_loss=1.9902e-03
E6/8 B14400/36000 batch_loss=1.9336e-03
E6/8 B14600/36000 batch_loss=1.2717e-03
E6/8 B14800/36000 batch_loss=2.0795e-03
E6/8 B15000/36000 batch_loss=1.2135e-03
E6/8 B15200/36000 batch_loss=1.3714e-03
E6/8 B15400/36000 batch_loss=2.0872e-03
E6/8 B15600/36000 batch_loss=1.2999e-03
E6/8 B15800/36000 batch_loss=1.2905e-03
E6/8 B16000/36000 batch_loss=1.9876e-03
E6/8 B16200/36000 batch_loss=1.9262e-03
E6/8 B16400/36000 batch_loss=1.3663e-03
E6/8 B16600/36000 batch_loss=2.0939e-03
E6/8 B16800/36000 batch_loss=1.7365e-03
E6/8 B17000/36000 batch_loss=2.3399e-03
E6/8 B17200/36000 batch_loss=1.1630e-03
E6/8 B17400/36000 batch_loss=2.1647e-03
E6/8 B17600/36000 batch_loss=1.3376e-03
E6/8 B17800/36000 batch_loss=1.4624e-03
E6/8 B18000/36000 batch_loss=2.0174e-03
E6/8 B18200/36000 batch_loss=2.1417e-03
E6/8 B18400/36000 batch_loss=1.4613e-03
E6/8 B18600/36000 batch_loss=1.3084e-03
E6/8 B18800/36000 batch_loss=1.2737e-03
E6/8 B19000/36000 batch_loss=1.3683e-03
E6/8 B19200/36000 batch_loss=1.3357e-03
E6/8 B19400/36000 batch_loss=1.9361e-03
E6/8 B19600/36000 batch_loss=2.2138e-03
E6/8 B19800/36000 batch_loss=1.4820e-03
E6/8 B20000/36000 batch_loss=1.9766e-03
E6/8 B20200/36000 batch_loss=2.0097e-03
E6/8 B20400/36000 batch_loss=1.3653e-03
E6/8 B20600/36000 batch_loss=1.8916e-03
E6/8 B20800/36000 batch_loss=1.9976e-03
E6/8 B21000/36000 batch_loss=1.4190e-03
E6/8 B21200/36000 batch_loss=2.1502e-03
E6/8 B21400/36000 batch_loss=1.2007e-03
E6/8 B21600/36000 batch_loss=1.4341e-03
E6/8 B21800/36000 batch_loss=1.4003e-03
E6/8 B22000/36000 batch_loss=1.4041e-03
E6/8 B22200/36000 batch_loss=2.1848e-03
E6/8 B22400/36000 batch_loss=2.2316e-03
E6/8 B22600/36000 batch_loss=1.4761e-03
E6/8 B22800/36000 batch_loss=1.4870e-03
E6/8 B23000/36000 batch_loss=2.1331e-03
E6/8 B23200/36000 batch_loss=1.3167e-03
E6/8 B23400/36000 batch_loss=2.2162e-03
E6/8 B23600/36000 batch_loss=1.2804e-03
E6/8 B23800/36000 batch_loss=1.4206e-03
E6/8 B24000/36000 batch_loss=1.9291e-03
E6/8 B24200/36000 batch_loss=2.1223e-03
E6/8 B24400/36000 batch_loss=1.2082e-03
E6/8 B24600/36000 batch_loss=1.3439e-03
E6/8 B24800/36000 batch_loss=1.9236e-03
E6/8 B25000/36000 batch_loss=2.0473e-03
E6/8 B25200/36000 batch_loss=1.2364e-03
E6/8 B25400/36000 batch_loss=2.1687e-03
E6/8 B25600/36000 batch_loss=1.4259e-03
E6/8 B25800/36000 batch_loss=2.1291e-03
E6/8 B26000/36000 batch_loss=1.3687e-03
E6/8 B26200/36000 batch_loss=1.3605e-03
E6/8 B26400/36000 batch_loss=1.2639e-03
E6/8 B26600/36000 batch_loss=2.2207e-03
E6/8 B26800/36000 batch_loss=1.2187e-03
E6/8 B27000/36000 batch_loss=1.5375e-03
E6/8 B27200/36000 batch_loss=2.2073e-03
E6/8 B27400/36000 batch_loss=1.2392e-03
E6/8 B27600/36000 batch_loss=1.4170e-03
E6/8 B27800/36000 batch_loss=1.5937e-03
E6/8 B28000/36000 batch_loss=1.2999e-03
E6/8 B28200/36000 batch_loss=2.1889e-03
E6/8 B28400/36000 batch_loss=1.8727e-03
E6/8 B28600/36000 batch_loss=1.2982e-03
E6/8 B28800/36000 batch_loss=1.4302e-03
E6/8 B29000/36000 batch_loss=1.2773e-03
E6/8 B29200/36000 batch_loss=1.9396e-03
E6/8 B29400/36000 batch_loss=1.2833e-03
E6/8 B29600/36000 batch_loss=1.3116e-03
E6/8 B29800/36000 batch_loss=1.3980e-03
E6/8 B30000/36000 batch_loss=1.9946e-03
E6/8 B30200/36000 batch_loss=1.5599e-03
E6/8 B30400/36000 batch_loss=1.3576e-03
E6/8 B30600/36000 batch_loss=2.0810e-03
E6/8 B30800/36000 batch_loss=2.1840e-03
E6/8 B31000/36000 batch_loss=2.5029e-03
E6/8 B31200/36000 batch_loss=1.3566e-03
E6/8 B31400/36000 batch_loss=1.2678e-03
E6/8 B31600/36000 batch_loss=2.1294e-03
E6/8 B31800/36000 batch_loss=2.0407e-03
E6/8 B32000/36000 batch_loss=2.0132e-03
E6/8 B32200/36000 batch_loss=2.0173e-03
E6/8 B32400/36000 batch_loss=9.9937e-04
E6/8 B32600/36000 batch_loss=1.9553e-03
E6/8 B32800/36000 batch_loss=2.0668e-03
E6/8 B33000/36000 batch_loss=1.1944e-03
E6/8 B33200/36000 batch_loss=1.3255e-03
E6/8 B33400/36000 batch_loss=2.0810e-03
E6/8 B33600/36000 batch_loss=1.3070e-03
E6/8 B33800/36000 batch_loss=1.3377e-03
E6/8 B34000/36000 batch_loss=2.1376e-03
E6/8 B34200/36000 batch_loss=1.1310e-03
E6/8 B34400/36000 batch_loss=2.0383e-03
E6/8 B34600/36000 batch_loss=2.0979e-03
E6/8 B34800/36000 batch_loss=2.0638e-03
E6/8 B35000/36000 batch_loss=1.3726e-03
E6/8 B35200/36000 batch_loss=1.1742e-03
E6/8 B35400/36000 batch_loss=1.8269e-03
E6/8 B35600/36000 batch_loss=1.1968e-03
E6/8 B35800/36000 batch_loss=1.2637e-03
E6/8 B36000/36000 batch_loss=1.5011e-03
2026-06-27 13:35:28,071 | INFO | Saved 10 diagnostic panel(s) under D:\Research\NO-2D-Metamaterials\MODELS\training_runs\NO_I3O5_BCF16_SL1_HC128_LR2e-03_WD0e+00_SS1_G9e-01_ch0u_260626\diagnostics\epoch_006
epoch=6/8 train_loss=1.730701e-03 val_loss=1.954865e-03 lr=1.063e-03 train_sps=1498.1
2026-06-27 13:35:29,624 | INFO | epoch=6/8 loss=smoothl1 train_ch_smoothl1=2.484e-04 1.880e-03 1.792e-03 2.459e-03 2.274e-03 val_ch_smoothl1=2.254e-04 2.155e-03 2.094e-03 2.737e-03 2.563e-03 train_loss=1.730701e-03 val_loss=1.954865e-03 lr=1.063e-03 train_sps=1498.1
Epoch 6/8 done | train_loss=1.7307e-03 val_loss=1.9549e-03 lr=1.06e-03
E7/8 B200/36000 batch_loss=1.0450e-03
E7/8 B400/36000 batch_loss=2.0799e-03
E7/8 B600/36000 batch_loss=1.3490e-03
E7/8 B800/36000 batch_loss=1.3132e-03
E7/8 B1000/36000 batch_loss=2.0008e-03
E7/8 B1200/36000 batch_loss=2.0944e-03
E7/8 B1400/36000 batch_loss=1.3038e-03
E7/8 B1600/36000 batch_loss=2.0888e-03
E7/8 B1800/36000 batch_loss=1.2863e-03
E7/8 B2000/36000 batch_loss=1.0590e-03
E7/8 B2200/36000 batch_loss=1.9101e-03
E7/8 B2400/36000 batch_loss=2.0867e-03
E7/8 B2600/36000 batch_loss=1.8624e-03
E7/8 B2800/36000 batch_loss=1.4334e-03
E7/8 B3000/36000 batch_loss=2.4858e-03
E7/8 B3200/36000 batch_loss=2.2019e-03
E7/8 B3400/36000 batch_loss=1.9976e-03
E7/8 B3600/36000 batch_loss=1.1218e-03
E7/8 B3800/36000 batch_loss=1.1180e-03
E7/8 B4000/36000 batch_loss=1.3106e-03
E7/8 B4200/36000 batch_loss=1.3762e-03
E7/8 B4400/36000 batch_loss=2.0114e-03
E7/8 B4600/36000 batch_loss=1.9842e-03
E7/8 B4800/36000 batch_loss=1.2056e-03
E7/8 B5000/36000 batch_loss=1.1296e-03
E7/8 B5200/36000 batch_loss=1.0390e-03
E7/8 B5400/36000 batch_loss=1.9622e-03
E7/8 B5600/36000 batch_loss=2.0394e-03
E7/8 B5800/36000 batch_loss=1.3518e-03
E7/8 B6000/36000 batch_loss=2.4295e-03
E7/8 B6200/36000 batch_loss=1.2001e-03
E7/8 B6400/36000 batch_loss=1.1987e-03
E7/8 B6600/36000 batch_loss=1.1606e-03
E7/8 B6800/36000 batch_loss=1.1381e-03
E7/8 B7000/36000 batch_loss=1.9965e-03
E7/8 B7200/36000 batch_loss=2.1258e-03
E7/8 B7400/36000 batch_loss=1.8535e-03
E7/8 B7600/36000 batch_loss=1.9302e-03
E7/8 B7800/36000 batch_loss=1.7428e-03
E7/8 B8000/36000 batch_loss=2.0349e-03
E7/8 B8200/36000 batch_loss=2.1538e-03
E7/8 B8400/36000 batch_loss=2.0464e-03
E7/8 B8600/36000 batch_loss=1.2091e-03
E7/8 B8800/36000 batch_loss=1.0735e-03
E7/8 B9000/36000 batch_loss=1.4874e-03
E7/8 B9200/36000 batch_loss=1.3594e-03
E7/8 B9400/36000 batch_loss=1.2128e-03
E7/8 B9600/36000 batch_loss=1.1264e-03
E7/8 B9800/36000 batch_loss=1.9042e-03
E7/8 B10000/36000 batch_loss=1.1500e-03
E7/8 B10200/36000 batch_loss=1.8910e-03
E7/8 B10400/36000 batch_loss=1.2665e-03
E7/8 B10600/36000 batch_loss=2.0843e-03
E7/8 B10800/36000 batch_loss=1.9500e-03
E7/8 B11000/36000 batch_loss=2.0509e-03
E7/8 B11200/36000 batch_loss=1.1303e-03
E7/8 B11400/36000 batch_loss=1.9844e-03
E7/8 B11600/36000 batch_loss=1.2758e-03
E7/8 B11800/36000 batch_loss=1.8982e-03
E7/8 B12000/36000 batch_loss=1.3142e-03
E7/8 B12200/36000 batch_loss=1.2195e-03
E7/8 B12400/36000 batch_loss=1.9826e-03
E7/8 B12600/36000 batch_loss=2.0646e-03
E7/8 B12800/36000 batch_loss=2.0324e-03
E7/8 B13000/36000 batch_loss=2.2527e-03
E7/8 B13200/36000 batch_loss=2.2598e-03
E7/8 B13400/36000 batch_loss=1.3047e-03
E7/8 B13600/36000 batch_loss=1.2372e-03
E7/8 B13800/36000 batch_loss=1.8277e-03
E7/8 B14000/36000 batch_loss=1.3150e-03
E7/8 B14200/36000 batch_loss=2.0414e-03
E7/8 B14400/36000 batch_loss=1.3197e-03
E7/8 B14600/36000 batch_loss=1.9490e-03
E7/8 B14800/36000 batch_loss=1.9474e-03
E7/8 B15000/36000 batch_loss=2.0984e-03
E7/8 B15200/36000 batch_loss=1.1985e-03
E7/8 B15400/36000 batch_loss=1.9983e-03
E7/8 B15600/36000 batch_loss=2.0371e-03
E7/8 B15800/36000 batch_loss=2.0375e-03
E7/8 B16000/36000 batch_loss=2.0276e-03
E7/8 B16200/36000 batch_loss=2.0488e-03
E7/8 B16400/36000 batch_loss=1.3762e-03
E7/8 B16600/36000 batch_loss=1.2093e-03
E7/8 B16800/36000 batch_loss=1.8288e-03
E7/8 B17000/36000 batch_loss=2.0243e-03
E7/8 B17200/36000 batch_loss=1.3515e-03
E7/8 B17400/36000 batch_loss=1.2072e-03
E7/8 B17600/36000 batch_loss=1.3255e-03
E7/8 B17800/36000 batch_loss=1.2462e-03
E7/8 B18000/36000 batch_loss=1.8617e-03
E7/8 B18200/36000 batch_loss=2.1412e-03
E7/8 B18400/36000 batch_loss=2.0350e-03
E7/8 B18600/36000 batch_loss=1.9433e-03
E7/8 B18800/36000 batch_loss=1.0448e-03
E7/8 B19000/36000 batch_loss=2.0573e-03
E7/8 B19200/36000 batch_loss=1.9149e-03
E7/8 B19400/36000 batch_loss=1.1481e-03
E7/8 B19600/36000 batch_loss=1.4102e-03
E7/8 B19800/36000 batch_loss=2.0203e-03
E7/8 B20000/36000 batch_loss=1.9681e-03
E7/8 B20200/36000 batch_loss=1.3336e-03
E7/8 B20400/36000 batch_loss=2.0014e-03
E7/8 B20600/36000 batch_loss=2.1901e-03
E7/8 B20800/36000 batch_loss=1.2397e-03
E7/8 B21000/36000 batch_loss=1.9065e-03
E7/8 B21200/36000 batch_loss=1.0495e-03
E7/8 B21400/36000 batch_loss=2.0814e-03
E7/8 B21600/36000 batch_loss=2.2864e-03
E7/8 B21800/36000 batch_loss=1.9880e-03
E7/8 B22000/36000 batch_loss=1.8393e-03
E7/8 B22200/36000 batch_loss=1.8849e-03
E7/8 B22400/36000 batch_loss=2.0087e-03
E7/8 B22600/36000 batch_loss=2.1415e-03
E7/8 B22800/36000 batch_loss=2.0962e-03
E7/8 B23000/36000 batch_loss=2.0811e-03
E7/8 B23200/36000 batch_loss=2.1505e-03
E7/8 B23400/36000 batch_loss=2.0651e-03
E7/8 B23600/36000 batch_loss=2.0529e-03
E7/8 B23800/36000 batch_loss=1.9984e-03
E7/8 B24000/36000 batch_loss=1.1534e-03
E7/8 B24200/36000 batch_loss=1.9018e-03
E7/8 B24400/36000 batch_loss=2.0551e-03
E7/8 B24600/36000 batch_loss=2.0914e-03
E7/8 B24800/36000 batch_loss=1.9364e-03
E7/8 B25000/36000 batch_loss=1.1917e-03
E7/8 B25200/36000 batch_loss=2.1390e-03
E7/8 B25400/36000 batch_loss=1.1951e-03
E7/8 B25600/36000 batch_loss=1.1967e-03
E7/8 B25800/36000 batch_loss=1.5665e-03
E7/8 B26000/36000 batch_loss=1.3896e-03
E7/8 B26200/36000 batch_loss=2.0645e-03
E7/8 B26400/36000 batch_loss=2.1519e-03
E7/8 B26600/36000 batch_loss=2.0804e-03
E7/8 B26800/36000 batch_loss=2.1623e-03
E7/8 B27000/36000 batch_loss=1.1073e-03
E7/8 B27200/36000 batch_loss=1.1758e-03
E7/8 B27400/36000 batch_loss=2.0410e-03
E7/8 B27600/36000 batch_loss=1.8891e-03
E7/8 B27800/36000 batch_loss=2.0402e-03
E7/8 B28000/36000 batch_loss=1.2045e-03
E7/8 B28200/36000 batch_loss=1.8767e-03
E7/8 B28400/36000 batch_loss=1.1741e-03
E7/8 B28600/36000 batch_loss=1.9813e-03
E7/8 B28800/36000 batch_loss=1.3732e-03
E7/8 B29000/36000 batch_loss=1.9550e-03
E7/8 B29200/36000 batch_loss=2.1491e-03
E7/8 B29400/36000 batch_loss=1.9165e-03
E7/8 B29600/36000 batch_loss=2.3248e-03
E7/8 B29800/36000 batch_loss=1.1689e-03
E7/8 B30000/36000 batch_loss=1.1945e-03
E7/8 B30200/36000 batch_loss=1.2675e-03
E7/8 B30400/36000 batch_loss=1.3181e-03
E7/8 B30600/36000 batch_loss=1.1896e-03
E7/8 B30800/36000 batch_loss=1.3859e-03
E7/8 B31000/36000 batch_loss=1.1986e-03
E7/8 B31200/36000 batch_loss=2.5766e-03
E7/8 B31400/36000 batch_loss=2.1247e-03
E7/8 B31600/36000 batch_loss=1.5997e-03
E7/8 B31800/36000 batch_loss=2.0906e-03
E7/8 B32000/36000 batch_loss=1.4346e-03
E7/8 B32200/36000 batch_loss=1.9290e-03
E7/8 B32400/36000 batch_loss=1.9201e-03
E7/8 B32600/36000 batch_loss=1.9622e-03
E7/8 B32800/36000 batch_loss=1.8901e-03
E7/8 B33000/36000 batch_loss=1.2141e-03
E7/8 B33200/36000 batch_loss=2.1623e-03
E7/8 B33400/36000 batch_loss=1.2324e-03
E7/8 B33600/36000 batch_loss=1.9637e-03
E7/8 B33800/36000 batch_loss=2.1072e-03
E7/8 B34000/36000 batch_loss=1.1252e-03
E7/8 B34200/36000 batch_loss=1.3725e-03
E7/8 B34400/36000 batch_loss=2.0841e-03
E7/8 B34600/36000 batch_loss=1.3910e-03
E7/8 B34800/36000 batch_loss=1.3298e-03
E7/8 B35000/36000 batch_loss=1.0419e-03
E7/8 B35200/36000 batch_loss=1.1547e-03
E7/8 B35400/36000 batch_loss=1.9032e-03
E7/8 B35600/36000 batch_loss=1.2308e-03
E7/8 B35800/36000 batch_loss=1.9975e-03
E7/8 B36000/36000 batch_loss=1.9474e-03
2026-06-27 17:36:01,086 | INFO | Saved 10 diagnostic panel(s) under D:\Research\NO-2D-Metamaterials\MODELS\training_runs\NO_I3O5_BCF16_SL1_HC128_LR2e-03_WD0e+00_SS1_G9e-01_ch0u_260626\diagnostics\epoch_007
epoch=7/8 train_loss=1.650082e-03 val_loss=1.969884e-03 lr=9.566e-04 train_sps=1393.2
2026-06-27 17:36:02,259 | INFO | epoch=7/8 loss=smoothl1 train_ch_smoothl1=2.301e-04 1.786e-03 1.698e-03 2.359e-03 2.177e-03 val_ch_smoothl1=2.479e-04 2.162e-03 2.110e-03 2.779e-03 2.550e-03 train_loss=1.650082e-03 val_loss=1.969884e-03 lr=9.566e-04 train_sps=1393.2
Epoch 7/8 done | train_loss=1.6501e-03 val_loss=1.9699e-03 lr=9.57e-04
E8/8 B200/36000 batch_loss=1.8776e-03
E8/8 B400/36000 batch_loss=1.8536e-03
E8/8 B600/36000 batch_loss=1.9180e-03
E8/8 B800/36000 batch_loss=1.9219e-03
E8/8 B1000/36000 batch_loss=1.1536e-03
E8/8 B1200/36000 batch_loss=1.8815e-03
E8/8 B1400/36000 batch_loss=1.8939e-03
E8/8 B1600/36000 batch_loss=1.7906e-03
E8/8 B1800/36000 batch_loss=2.0757e-03
E8/8 B2000/36000 batch_loss=1.2891e-03
E8/8 B2200/36000 batch_loss=1.0717e-03
E8/8 B2400/36000 batch_loss=2.1072e-03
E8/8 B2600/36000 batch_loss=2.0465e-03
E8/8 B2800/36000 batch_loss=1.9358e-03
E8/8 B3000/36000 batch_loss=1.3185e-03
E8/8 B3200/36000 batch_loss=2.1508e-03
E8/8 B3400/36000 batch_loss=1.9466e-03
E8/8 B3600/36000 batch_loss=1.9293e-03
E8/8 B3800/36000 batch_loss=2.2560e-03
E8/8 B4000/36000 batch_loss=2.0156e-03
E8/8 B4200/36000 batch_loss=1.9534e-03
E8/8 B4400/36000 batch_loss=1.8749e-03
E8/8 B4600/36000 batch_loss=2.0439e-03
E8/8 B4800/36000 batch_loss=1.2373e-03
E8/8 B5000/36000 batch_loss=2.0635e-03
E8/8 B5200/36000 batch_loss=1.0278e-03
E8/8 B5400/36000 batch_loss=1.7804e-03
E8/8 B5600/36000 batch_loss=2.0086e-03
E8/8 B5800/36000 batch_loss=9.4018e-04
E8/8 B6000/36000 batch_loss=2.2625e-03
E8/8 B6200/36000 batch_loss=1.0899e-03
E8/8 B6400/36000 batch_loss=1.7222e-03
E8/8 B6600/36000 batch_loss=2.0746e-03
E8/8 B6800/36000 batch_loss=1.6658e-03
E8/8 B7000/36000 batch_loss=1.1258e-03
E8/8 B7200/36000 batch_loss=1.9935e-03
E8/8 B7400/36000 batch_loss=1.0811e-03
E8/8 B7600/36000 batch_loss=1.1372e-03
E8/8 B7800/36000 batch_loss=1.8383e-03
E8/8 B8000/36000 batch_loss=2.3038e-03
E8/8 B8200/36000 batch_loss=1.9283e-03
E8/8 B8400/36000 batch_loss=2.1117e-03
E8/8 B8600/36000 batch_loss=2.1539e-03
E8/8 B8800/36000 batch_loss=1.1388e-03
E8/8 B9000/36000 batch_loss=1.8672e-03
E8/8 B9200/36000 batch_loss=1.2417e-03
E8/8 B9400/36000 batch_loss=2.0196e-03
E8/8 B9600/36000 batch_loss=1.1013e-03
E8/8 B9800/36000 batch_loss=1.9755e-03
E8/8 B10000/36000 batch_loss=2.0178e-03
E8/8 B10200/36000 batch_loss=1.0194e-03
E8/8 B10400/36000 batch_loss=1.3135e-03
E8/8 B10600/36000 batch_loss=1.8332e-03
E8/8 B10800/36000 batch_loss=1.9307e-03
E8/8 B11000/36000 batch_loss=1.8406e-03
E8/8 B11200/36000 batch_loss=2.2632e-03
E8/8 B11400/36000 batch_loss=1.2886e-03
E8/8 B11600/36000 batch_loss=1.9891e-03
E8/8 B11800/36000 batch_loss=1.3413e-03
E8/8 B12000/36000 batch_loss=1.0618e-03
E8/8 B12200/36000 batch_loss=2.1439e-03
E8/8 B12400/36000 batch_loss=1.2239e-03
E8/8 B12600/36000 batch_loss=1.1775e-03
E8/8 B12800/36000 batch_loss=1.2183e-03
E8/8 B13000/36000 batch_loss=1.0441e-03
E8/8 B13200/36000 batch_loss=2.1620e-03
E8/8 B13400/36000 batch_loss=1.9401e-03
E8/8 B13600/36000 batch_loss=2.0748e-03
E8/8 B13800/36000 batch_loss=1.3994e-03
E8/8 B14000/36000 batch_loss=2.1412e-03
E8/8 B14200/36000 batch_loss=1.1709e-03
E8/8 B14400/36000 batch_loss=1.1477e-03
E8/8 B14600/36000 batch_loss=1.9232e-03
E8/8 B14800/36000 batch_loss=1.9841e-03
E8/8 B15000/36000 batch_loss=2.0117e-03
E8/8 B15200/36000 batch_loss=1.9434e-03
E8/8 B15400/36000 batch_loss=1.9435e-03
E8/8 B15600/36000 batch_loss=1.8975e-03
E8/8 B15800/36000 batch_loss=1.9269e-03
E8/8 B16000/36000 batch_loss=1.0776e-03
E8/8 B16200/36000 batch_loss=1.0876e-03
E8/8 B16400/36000 batch_loss=1.9331e-03
E8/8 B16600/36000 batch_loss=2.1964e-03
E8/8 B16800/36000 batch_loss=1.7723e-03
E8/8 B17000/36000 batch_loss=1.8033e-03
E8/8 B17200/36000 batch_loss=1.1678e-03
E8/8 B17400/36000 batch_loss=2.0136e-03
E8/8 B17600/36000 batch_loss=1.1725e-03
E8/8 B17800/36000 batch_loss=1.2092e-03
E8/8 B18000/36000 batch_loss=1.9018e-03
E8/8 B18200/36000 batch_loss=1.9773e-03
E8/8 B18400/36000 batch_loss=1.3702e-03
E8/8 B18600/36000 batch_loss=1.9791e-03
E8/8 B18800/36000 batch_loss=1.1518e-03
E8/8 B19000/36000 batch_loss=1.2768e-03
E8/8 B19200/36000 batch_loss=2.0782e-03
E8/8 B19400/36000 batch_loss=1.2200e-03
E8/8 B19600/36000 batch_loss=1.3335e-03
E8/8 B19800/36000 batch_loss=1.1902e-03
E8/8 B20000/36000 batch_loss=1.0706e-03
E8/8 B20200/36000 batch_loss=1.2195e-03
E8/8 B20400/36000 batch_loss=1.3372e-03
E8/8 B20600/36000 batch_loss=1.1955e-03
E8/8 B20800/36000 batch_loss=1.9903e-03
E8/8 B21000/36000 batch_loss=1.2195e-03
E8/8 B21200/36000 batch_loss=1.8762e-03
E8/8 B21400/36000 batch_loss=1.0469e-03
E8/8 B21600/36000 batch_loss=1.2086e-03
E8/8 B21800/36000 batch_loss=1.2104e-03
E8/8 B22000/36000 batch_loss=1.1685e-03
E8/8 B22200/36000 batch_loss=1.9316e-03
E8/8 B22400/36000 batch_loss=2.0070e-03
E8/8 B22600/36000 batch_loss=1.9375e-03
E8/8 B22800/36000 batch_loss=1.0825e-03
E8/8 B23000/36000 batch_loss=1.9475e-03
E8/8 B23200/36000 batch_loss=1.8575e-03
E8/8 B23400/36000 batch_loss=1.8967e-03
E8/8 B23600/36000 batch_loss=1.9180e-03
E8/8 B23800/36000 batch_loss=2.1894e-03
E8/8 B24000/36000 batch_loss=1.2207e-03
E8/8 B24200/36000 batch_loss=1.9267e-03
E8/8 B24400/36000 batch_loss=1.9117e-03
E8/8 B24600/36000 batch_loss=2.0504e-03
E8/8 B24800/36000 batch_loss=1.8914e-03
E8/8 B25000/36000 batch_loss=2.0721e-03
E8/8 B25200/36000 batch_loss=1.3212e-03
E8/8 B25400/36000 batch_loss=1.9026e-03
E8/8 B25600/36000 batch_loss=1.9444e-03
E8/8 B25800/36000 batch_loss=1.9604e-03
E8/8 B26000/36000 batch_loss=1.1759e-03
E8/8 B26200/36000 batch_loss=2.0476e-03
E8/8 B26400/36000 batch_loss=1.2122e-03
E8/8 B26600/36000 batch_loss=1.1455e-03
E8/8 B26800/36000 batch_loss=2.0100e-03
E8/8 B27000/36000 batch_loss=1.0545e-03
E8/8 B27200/36000 batch_loss=2.0337e-03
E8/8 B27400/36000 batch_loss=1.9876e-03
E8/8 B27600/36000 batch_loss=1.9615e-03
E8/8 B27800/36000 batch_loss=1.9621e-03
E8/8 B28000/36000 batch_loss=1.8872e-03
E8/8 B28200/36000 batch_loss=1.9068e-03
E8/8 B28400/36000 batch_loss=1.9255e-03
E8/8 B28600/36000 batch_loss=1.2222e-03
E8/8 B28800/36000 batch_loss=1.2672e-03
E8/8 B29000/36000 batch_loss=1.1831e-03
E8/8 B29200/36000 batch_loss=1.9550e-03
E8/8 B29400/36000 batch_loss=1.8749e-03
E8/8 B29600/36000 batch_loss=1.2377e-03
E8/8 B29800/36000 batch_loss=1.0967e-03
E8/8 B30000/36000 batch_loss=1.1379e-03
E8/8 B30200/36000 batch_loss=1.1341e-03
E8/8 B30400/36000 batch_loss=1.1587e-03
E8/8 B30600/36000 batch_loss=1.2434e-03
E8/8 B30800/36000 batch_loss=1.0377e-03
E8/8 B31000/36000 batch_loss=1.1468e-03
E8/8 B31200/36000 batch_loss=1.3007e-03
E8/8 B31400/36000 batch_loss=1.1318e-03
E8/8 B31600/36000 batch_loss=1.2267e-03
E8/8 B31800/36000 batch_loss=1.1767e-03
E8/8 B32000/36000 batch_loss=2.0220e-03
E8/8 B32200/36000 batch_loss=1.1019e-03
E8/8 B32400/36000 batch_loss=1.8752e-03
E8/8 B32600/36000 batch_loss=1.1162e-03
E8/8 B32800/36000 batch_loss=2.0929e-03
E8/8 B33000/36000 batch_loss=1.9625e-03
E8/8 B33200/36000 batch_loss=1.9960e-03
E8/8 B33400/36000 batch_loss=1.2478e-03
E8/8 B33600/36000 batch_loss=9.9984e-04
E8/8 B33800/36000 batch_loss=1.3836e-03
E8/8 B34000/36000 batch_loss=1.9034e-03
E8/8 B34200/36000 batch_loss=1.7087e-03
E8/8 B34400/36000 batch_loss=2.1283e-03
E8/8 B34600/36000 batch_loss=1.8461e-03
E8/8 B34800/36000 batch_loss=1.1674e-03
E8/8 B35000/36000 batch_loss=1.9650e-03
E8/8 B35200/36000 batch_loss=9.7059e-04
E8/8 B35400/36000 batch_loss=1.7915e-03
E8/8 B35600/36000 batch_loss=1.9722e-03
E8/8 B35800/36000 batch_loss=1.3148e-03
E8/8 B36000/36000 batch_loss=1.3786e-03
2026-06-28 02:16:15,791 | INFO | Saved 10 diagnostic panel(s) under D:\Research\NO-2D-Metamaterials\MODELS\training_runs\NO_I3O5_BCF16_SL1_HC128_LR2e-03_WD0e+00_SS1_G9e-01_ch0u_260626\diagnostics\epoch_008
epoch=8/8 train_loss=1.582906e-03 val_loss=1.942628e-03 lr=8.609e-04 train_sps=620.0
2026-06-28 02:16:17,342 | INFO | epoch=8/8 loss=smoothl1 train_ch_smoothl1=2.138e-04 1.708e-03 1.621e-03 2.276e-03 2.096e-03 val_ch_smoothl1=3.642e-04 2.106e-03 2.053e-03 2.691e-03 2.499e-03 train_loss=1.582906e-03 val_loss=1.942628e-03 lr=8.609e-04 train_sps=620.0
Epoch 8/8 done | train_loss=1.5829e-03 val_loss=1.9426e-03 lr=8.61e-04
2026-06-28 02:16:17,648 | INFO | Run complete | run_name=NO_I3O5_BCF16_SL1_HC128_LR2e-03_WD0e+00_SS1_G9e-01_ch0u_260626 run_id=NO_I3O5_BCF16_SL1_HC128_LR2e-03_WD0e+00_SS1_G9e-01_ch0u_260626 best_val_loss=1.942628e-03
2026-06-28 02:16:17,648 | INFO | Artifacts saved to: D:\Research\NO-2D-Metamaterials\MODELS\training_runs\NO_I3O5_BCF16_SL1_HC128_LR2e-03_WD0e+00_SS1_G9e-01_ch0u_260626
Run complete. run_name=NO_I3O5_BCF16_SL1_HC128_LR2e-03_WD0e+00_SS1_G9e-01_ch0u_260626 run_id=NO_I3O5_BCF16_SL1_HC128_LR2e-03_WD0e+00_SS1_G9e-01_ch0u_260626 best_val_loss=1.942628e-03
Artifacts saved to: D:\Research\NO-2D-Metamaterials\MODELS\training_runs\NO_I3O5_BCF16_SL1_HC128_LR2e-03_WD0e+00_SS1_G9e-01_ch0u_260626
