26/06/29 13:31:28.51 | === resume Huber 260626: +2 epochs (15-16) === 
2026-06-29 13:31:46,350 | INFO | Huber/SmoothL1 beta=1.000000e-03
2026-06-29 13:31:46,351 | INFO | Reference L1/MSE logging enabled | active_loss=smoothl1 compare_col=mse
D:\Research\NO-2D-Metamaterials\train_from_disk.py:1391: FutureWarning: `torch.cuda.amp.GradScaler(args...)` is deprecated. Please use `torch.amp.GradScaler('cuda', args...)` instead.
  scaler = torch.cuda.amp.GradScaler(enabled=(device.type == "cuda" and args.amp == "fp16"))
2026-06-29 13:31:47,520 | INFO | Resumed full state from D:\Research\NO-2D-Metamaterials\MODELS\training_runs\NO_I3O5_BCF16_SL1_HC128_LR2e-03_WD0e+00_SS1_G9e-01_ch0u_260626\training_state_latest.pt at epoch=14
2026-06-29 13:31:47,526 | INFO | Run started | run_name=NO_I3O5_BCF16_SL1_HC128_LR2e-03_WD0e+00_SS1_G9e-01_ch0u_260626 run_id=NO_I3O5_BCF16_SL1_HC128_LR2e-03_WD0e+00_SS1_G9e-01_ch0u_260626 device=cuda train_samples=18720000 test_samples=3900000 val_index_source=indices_full epoch_range=15..16
2026-06-29 13:31:47,526 | INFO | Fault diagnostics | main_fault_log=D:\Research\NO-2D-Metamaterials\MODELS\training_runs\NO_I3O5_BCF16_SL1_HC128_LR2e-03_WD0e+00_SS1_G9e-01_ch0u_260626\main_process_fault.log
E15/16 B200/36000 batch_loss=9.8558e-04
E15/16 B400/36000 batch_loss=9.3876e-04
E15/16 B600/36000 batch_loss=9.1884e-04
E15/16 B800/36000 batch_loss=1.0678e-03
E15/16 B1000/36000 batch_loss=1.4675e-03
E15/16 B1200/36000 batch_loss=1.5416e-03
E15/16 B1400/36000 batch_loss=1.9168e-03
E15/16 B1600/36000 batch_loss=1.4769e-03
E15/16 B1800/36000 batch_loss=1.6813e-03
E15/16 B2000/36000 batch_loss=1.6367e-03
E15/16 B2200/36000 batch_loss=9.8840e-04
E15/16 B2400/36000 batch_loss=1.6844e-03
E15/16 B2600/36000 batch_loss=9.0040e-04
E15/16 B2800/36000 batch_loss=1.8380e-03
E15/16 B3000/36000 batch_loss=9.0031e-04
E15/16 B3200/36000 batch_loss=1.5554e-03
E15/16 B3400/36000 batch_loss=1.5667e-03
E15/16 B3600/36000 batch_loss=1.6651e-03
E15/16 B3800/36000 batch_loss=1.0463e-03
E15/16 B4000/36000 batch_loss=1.6528e-03
E15/16 B4200/36000 batch_loss=1.3893e-03
E15/16 B4400/36000 batch_loss=9.9833e-04
E15/16 B4600/36000 batch_loss=1.7896e-03
E15/16 B4800/36000 batch_loss=1.7320e-03
E15/16 B5000/36000 batch_loss=1.7437e-03
E15/16 B5200/36000 batch_loss=9.8096e-04
E15/16 B5400/36000 batch_loss=1.6114e-03
E15/16 B5600/36000 batch_loss=9.3805e-04
E15/16 B5800/36000 batch_loss=1.6899e-03
E15/16 B6000/36000 batch_loss=1.6415e-03
E15/16 B6200/36000 batch_loss=9.9676e-04
E15/16 B6400/36000 batch_loss=9.2600e-04
E15/16 B6600/36000 batch_loss=1.0022e-03
E15/16 B6800/36000 batch_loss=9.3275e-04
E15/16 B7000/36000 batch_loss=1.6555e-03
E15/16 B7200/36000 batch_loss=1.6004e-03
E15/16 B7400/36000 batch_loss=1.5595e-03
E15/16 B7600/36000 batch_loss=9.8468e-04
E15/16 B7800/36000 batch_loss=1.5858e-03
E15/16 B8000/36000 batch_loss=1.0694e-03
E15/16 B8200/36000 batch_loss=9.4326e-04
E15/16 B8400/36000 batch_loss=9.0632e-04
E15/16 B8600/36000 batch_loss=8.8944e-04
E15/16 B8800/36000 batch_loss=1.5865e-03
E15/16 B9000/36000 batch_loss=1.5683e-03
E15/16 B9200/36000 batch_loss=8.6601e-04
E15/16 B9400/36000 batch_loss=1.4904e-03
E15/16 B9600/36000 batch_loss=1.0480e-03
E15/16 B9800/36000 batch_loss=9.8758e-04
E15/16 B10000/36000 batch_loss=1.6124e-03
E15/16 B10200/36000 batch_loss=9.0998e-04
E15/16 B10400/36000 batch_loss=1.8206e-03
E15/16 B10600/36000 batch_loss=1.6951e-03
E15/16 B10800/36000 batch_loss=9.0602e-04
E15/16 B11000/36000 batch_loss=8.6091e-04
E15/16 B11200/36000 batch_loss=1.0871e-03
E15/16 B11400/36000 batch_loss=1.1319e-03
E15/16 B11600/36000 batch_loss=9.4595e-04
E15/16 B11800/36000 batch_loss=8.1031e-04
E15/16 B12000/36000 batch_loss=1.5435e-03
E15/16 B12200/36000 batch_loss=1.6001e-03
E15/16 B12400/36000 batch_loss=1.4890e-03
E15/16 B12600/36000 batch_loss=9.6785e-04
E15/16 B12800/36000 batch_loss=1.5418e-03
E15/16 B13000/36000 batch_loss=1.7910e-03
E15/16 B13200/36000 batch_loss=9.5633e-04
E15/16 B13400/36000 batch_loss=1.7933e-03
E15/16 B13600/36000 batch_loss=8.9478e-04
E15/16 B13800/36000 batch_loss=8.2225e-04
E15/16 B14000/36000 batch_loss=1.7547e-03
E15/16 B14200/36000 batch_loss=1.0012e-03
E15/16 B14400/36000 batch_loss=1.4977e-03
E15/16 B14600/36000 batch_loss=8.5247e-04
E15/16 B14800/36000 batch_loss=1.7271e-03
E15/16 B15000/36000 batch_loss=1.8450e-03
E15/16 B15200/36000 batch_loss=1.6140e-03
E15/16 B15400/36000 batch_loss=1.4670e-03
E15/16 B15600/36000 batch_loss=1.5250e-03
E15/16 B15800/36000 batch_loss=9.2356e-04
E15/16 B16000/36000 batch_loss=1.5857e-03
E15/16 B16200/36000 batch_loss=8.8785e-04
E15/16 B16400/36000 batch_loss=8.8070e-04
E15/16 B16600/36000 batch_loss=1.0498e-03
E15/16 B16800/36000 batch_loss=9.9109e-04
E15/16 B17000/36000 batch_loss=1.6720e-03
E15/16 B17200/36000 batch_loss=8.6998e-04
E15/16 B17400/36000 batch_loss=9.0890e-04
E15/16 B17600/36000 batch_loss=1.6772e-03
E15/16 B17800/36000 batch_loss=1.6040e-03
E15/16 B18000/36000 batch_loss=1.8435e-03
E15/16 B18200/36000 batch_loss=8.8816e-04
E15/16 B18400/36000 batch_loss=1.0928e-03
E15/16 B18600/36000 batch_loss=1.5150e-03
E15/16 B18800/36000 batch_loss=9.0891e-04
E15/16 B19000/36000 batch_loss=1.4560e-03
E15/16 B19200/36000 batch_loss=1.5379e-03
E15/16 B19400/36000 batch_loss=1.6424e-03
E15/16 B19600/36000 batch_loss=1.7049e-03
E15/16 B19800/36000 batch_loss=1.0002e-03
E15/16 B20000/36000 batch_loss=1.6710e-03
E15/16 B20200/36000 batch_loss=1.7882e-03
E15/16 B20400/36000 batch_loss=1.7809e-03
E15/16 B20600/36000 batch_loss=9.2965e-04
E15/16 B20800/36000 batch_loss=1.5319e-03
E15/16 B21000/36000 batch_loss=1.6303e-03
E15/16 B21200/36000 batch_loss=9.5921e-04
E15/16 B21400/36000 batch_loss=9.3980e-04
E15/16 B21600/36000 batch_loss=1.6393e-03
E15/16 B21800/36000 batch_loss=1.6742e-03
E15/16 B22000/36000 batch_loss=9.7145e-04
E15/16 B22200/36000 batch_loss=1.5828e-03
E15/16 B22400/36000 batch_loss=1.6506e-03
E15/16 B22600/36000 batch_loss=9.8559e-04
E15/16 B22800/36000 batch_loss=1.7812e-03
E15/16 B23000/36000 batch_loss=8.5840e-04
E15/16 B23200/36000 batch_loss=1.5106e-03
E15/16 B23400/36000 batch_loss=1.6339e-03
E15/16 B23600/36000 batch_loss=9.5639e-04
E15/16 B23800/36000 batch_loss=9.6469e-04
E15/16 B24000/36000 batch_loss=9.8708e-04
E15/16 B24200/36000 batch_loss=1.5414e-03
E15/16 B24400/36000 batch_loss=9.0137e-04
E15/16 B24600/36000 batch_loss=9.7906e-04
E15/16 B24800/36000 batch_loss=8.9051e-04
E15/16 B25000/36000 batch_loss=1.0125e-03
E15/16 B25200/36000 batch_loss=1.0899e-03
E15/16 B25400/36000 batch_loss=9.0822e-04
E15/16 B25600/36000 batch_loss=1.6447e-03
E15/16 B25800/36000 batch_loss=1.8891e-03
E15/16 B26000/36000 batch_loss=1.0814e-03
E15/16 B26200/36000 batch_loss=1.7582e-03
E15/16 B26400/36000 batch_loss=1.0116e-03
E15/16 B26600/36000 batch_loss=1.7417e-03
E15/16 B26800/36000 batch_loss=9.1604e-04
E15/16 B27000/36000 batch_loss=1.4894e-03
E15/16 B27200/36000 batch_loss=9.2024e-04
E15/16 B27400/36000 batch_loss=9.9953e-04
E15/16 B27600/36000 batch_loss=1.8009e-03
E15/16 B27800/36000 batch_loss=1.6725e-03
E15/16 B28000/36000 batch_loss=1.6882e-03
E15/16 B28200/36000 batch_loss=9.6249e-04
E15/16 B28400/36000 batch_loss=1.0588e-03
E15/16 B28600/36000 batch_loss=1.7036e-03
E15/16 B28800/36000 batch_loss=1.7342e-03
E15/16 B29000/36000 batch_loss=8.9245e-04
E15/16 B29200/36000 batch_loss=1.7864e-03
E15/16 B29400/36000 batch_loss=1.0030e-03
E15/16 B29600/36000 batch_loss=1.5896e-03
E15/16 B29800/36000 batch_loss=1.7564e-03
E15/16 B30000/36000 batch_loss=1.0694e-03
E15/16 B30200/36000 batch_loss=9.4693e-04
E15/16 B30400/36000 batch_loss=9.2774e-04
E15/16 B30600/36000 batch_loss=1.0142e-03
E15/16 B30800/36000 batch_loss=8.5731e-04
E15/16 B31000/36000 batch_loss=1.6943e-03
E15/16 B31200/36000 batch_loss=1.6182e-03
E15/16 B31400/36000 batch_loss=1.0043e-03
E15/16 B31600/36000 batch_loss=1.0298e-03
E15/16 B31800/36000 batch_loss=1.0499e-03
E15/16 B32000/36000 batch_loss=9.2775e-04
E15/16 B32200/36000 batch_loss=1.6620e-03
E15/16 B32400/36000 batch_loss=1.7391e-03
E15/16 B32600/36000 batch_loss=1.8071e-03
E15/16 B32800/36000 batch_loss=1.5321e-03
E15/16 B33000/36000 batch_loss=8.8166e-04
E15/16 B33200/36000 batch_loss=9.4498e-04
E15/16 B33400/36000 batch_loss=1.6156e-03
E15/16 B33600/36000 batch_loss=1.5480e-03
E15/16 B33800/36000 batch_loss=1.5836e-03
E15/16 B34000/36000 batch_loss=8.9413e-04
E15/16 B34200/36000 batch_loss=1.5906e-03
E15/16 B34400/36000 batch_loss=9.5969e-04
E15/16 B34600/36000 batch_loss=1.6519e-03
E15/16 B34800/36000 batch_loss=1.9481e-03
E15/16 B35000/36000 batch_loss=8.7952e-04
E15/16 B35200/36000 batch_loss=1.6936e-03
E15/16 B35400/36000 batch_loss=1.0533e-03
E15/16 B35600/36000 batch_loss=1.0206e-03
E15/16 B35800/36000 batch_loss=8.4791e-04
E15/16 B36000/36000 batch_loss=1.4684e-03
2026-06-29 17:24:29,743 | INFO | Saved 10 diagnostic panel(s) under D:\Research\NO-2D-Metamaterials\MODELS\training_runs\NO_I3O5_BCF16_SL1_HC128_LR2e-03_WD0e+00_SS1_G9e-01_ch0u_260626\diagnostics\epoch_015
epoch=15/16 train_loss=1.298263e-03 val_loss=1.853197e-03 lr=4.118e-04 train_sps=1435.6
epoch=15/16 compare_loss(mse) train=3.405320e-05 val=5.787591e-05
epoch=15/16 ref_l1 train=1.600793e-03 val=2.167455e-03 ref_mse train=3.405320e-05 val=5.787591e-05
2026-06-29 17:24:30,931 | INFO | epoch=15/16 loss=smoothl1 train_ch_smoothl1=1.293e-04 1.387e-03 1.307e-03 1.912e-03 1.755e-03 val_ch_smoothl1=4.086e-04 1.988e-03 1.906e-03 2.567e-03 2.397e-03 train_loss=1.298263e-03 val_loss=1.853197e-03 lr=4.118e-04 train_sps=1435.6
2026-06-29 17:24:30,931 | INFO | epoch=15/16 compare_loss=mse train=3.405320e-05 val=5.787591e-05 train_ch_mse=5.354e-06 3.295e-05 3.005e-05 5.492e-05 4.699e-05 val_ch_mse=3.765e-05 5.283e-05 5.069e-05 7.891e-05 6.930e-05
2026-06-29 17:24:30,931 | INFO | epoch=15/16 ref_l1 train=1.600793e-03 val=2.167455e-03 ref_mse train=3.405320e-05 val=5.787591e-05
Epoch 15/16 done | train_loss=1.2983e-03 val_loss=1.8532e-03 lr=4.12e-04
E16/16 B200/36000 batch_loss=8.5561e-04
E16/16 B400/36000 batch_loss=7.1039e-04
E16/16 B600/36000 batch_loss=9.8022e-04
E16/16 B800/36000 batch_loss=9.3159e-04
E16/16 B1000/36000 batch_loss=9.3822e-04
E16/16 B1200/36000 batch_loss=8.4326e-04
E16/16 B1400/36000 batch_loss=1.0849e-03
E16/16 B1600/36000 batch_loss=9.6181e-04
E16/16 B1800/36000 batch_loss=9.0542e-04
E16/16 B2000/36000 batch_loss=1.0613e-03
E16/16 B2200/36000 batch_loss=1.7940e-03
E16/16 B2400/36000 batch_loss=1.4052e-03
E16/16 B2600/36000 batch_loss=1.7897e-03
E16/16 B2800/36000 batch_loss=8.0328e-04
E16/16 B3000/36000 batch_loss=1.6141e-03
E16/16 B3200/36000 batch_loss=1.4695e-03
E16/16 B3400/36000 batch_loss=1.0266e-03
E16/16 B3600/36000 batch_loss=1.5638e-03
E16/16 B3800/36000 batch_loss=1.4715e-03
E16/16 B4000/36000 batch_loss=1.7586e-03
E16/16 B4200/36000 batch_loss=1.7466e-03
E16/16 B4400/36000 batch_loss=9.5811e-04
E16/16 B4600/36000 batch_loss=8.6432e-04
E16/16 B4800/36000 batch_loss=8.3387e-04
E16/16 B5000/36000 batch_loss=1.0790e-03
E16/16 B5200/36000 batch_loss=1.4616e-03
E16/16 B5400/36000 batch_loss=7.7866e-04
E16/16 B5600/36000 batch_loss=1.0331e-03
E16/16 B5800/36000 batch_loss=8.0849e-04
E16/16 B6000/36000 batch_loss=9.0727e-04
E16/16 B6200/36000 batch_loss=1.6354e-03
E16/16 B6400/36000 batch_loss=9.4652e-04
E16/16 B6600/36000 batch_loss=8.3985e-04
E16/16 B6800/36000 batch_loss=1.1022e-03
E16/16 B7000/36000 batch_loss=8.9852e-04
E16/16 B7200/36000 batch_loss=9.7822e-04
E16/16 B7400/36000 batch_loss=1.7583e-03
E16/16 B7600/36000 batch_loss=1.6686e-03
E16/16 B7800/36000 batch_loss=1.0587e-03
E16/16 B8000/36000 batch_loss=1.4396e-03
E16/16 B8200/36000 batch_loss=1.6830e-03
E16/16 B8400/36000 batch_loss=1.4517e-03
E16/16 B8600/36000 batch_loss=1.6077e-03
E16/16 B8800/36000 batch_loss=1.6431e-03
E16/16 B9000/36000 batch_loss=1.4674e-03
E16/16 B9200/36000 batch_loss=7.3974e-04
E16/16 B9400/36000 batch_loss=1.6708e-03
E16/16 B9600/36000 batch_loss=8.7424e-04
E16/16 B9800/36000 batch_loss=8.3009e-04
E16/16 B10000/36000 batch_loss=9.5340e-04
E16/16 B10200/36000 batch_loss=9.6957e-04
E16/16 B10400/36000 batch_loss=1.6608e-03
E16/16 B10600/36000 batch_loss=1.6072e-03
E16/16 B10800/36000 batch_loss=9.5377e-04
E16/16 B11000/36000 batch_loss=1.5754e-03
E16/16 B11200/36000 batch_loss=9.7816e-04
E16/16 B11400/36000 batch_loss=9.8960e-04
E16/16 B11600/36000 batch_loss=8.7077e-04
E16/16 B11800/36000 batch_loss=1.7121e-03
E16/16 B12000/36000 batch_loss=1.5428e-03
E16/16 B12200/36000 batch_loss=1.6907e-03
E16/16 B12400/36000 batch_loss=1.0488e-03
E16/16 B12600/36000 batch_loss=1.6290e-03
E16/16 B12800/36000 batch_loss=1.4563e-03
E16/16 B13000/36000 batch_loss=9.0285e-04
E16/16 B13200/36000 batch_loss=8.2124e-04
E16/16 B13400/36000 batch_loss=1.5692e-03
E16/16 B13600/36000 batch_loss=1.5116e-03
E16/16 B13800/36000 batch_loss=1.6195e-03
E16/16 B14000/36000 batch_loss=1.0449e-03
E16/16 B14200/36000 batch_loss=1.5516e-03
E16/16 B14400/36000 batch_loss=1.6641e-03
E16/16 B14600/36000 batch_loss=1.6095e-03
E16/16 B14800/36000 batch_loss=9.7951e-04
E16/16 B15000/36000 batch_loss=1.4805e-03
E16/16 B15200/36000 batch_loss=9.3008e-04
E16/16 B15400/36000 batch_loss=1.7847e-03
E16/16 B15600/36000 batch_loss=9.8170e-04
E16/16 B15800/36000 batch_loss=1.6392e-03
E16/16 B16000/36000 batch_loss=1.0058e-03
E16/16 B16200/36000 batch_loss=1.6757e-03
E16/16 B16400/36000 batch_loss=7.5752e-04
E16/16 B16600/36000 batch_loss=8.6268e-04
E16/16 B16800/36000 batch_loss=1.4700e-03
E16/16 B17000/36000 batch_loss=1.7156e-03
E16/16 B17200/36000 batch_loss=8.9965e-04
E16/16 B17400/36000 batch_loss=8.7152e-04
E16/16 B17600/36000 batch_loss=1.6205e-03
E16/16 B17800/36000 batch_loss=1.7261e-03
E16/16 B18000/36000 batch_loss=1.5151e-03
E16/16 B18200/36000 batch_loss=1.4745e-03
E16/16 B18400/36000 batch_loss=8.1929e-04
E16/16 B18600/36000 batch_loss=8.4160e-04
E16/16 B18800/36000 batch_loss=1.5009e-03
E16/16 B19000/36000 batch_loss=8.4984e-04
E16/16 B19200/36000 batch_loss=7.5867e-04
E16/16 B19400/36000 batch_loss=8.9022e-04
E16/16 B19600/36000 batch_loss=1.0137e-03
E16/16 B19800/36000 batch_loss=1.7838e-03
E16/16 B20000/36000 batch_loss=1.5080e-03
E16/16 B20200/36000 batch_loss=1.7069e-03
E16/16 B20400/36000 batch_loss=1.7213e-03
E16/16 B20600/36000 batch_loss=9.6785e-04
E16/16 B20800/36000 batch_loss=8.6273e-04
E16/16 B21000/36000 batch_loss=1.4614e-03
E16/16 B21200/36000 batch_loss=9.6911e-04
E16/16 B21400/36000 batch_loss=1.7167e-03
E16/16 B21600/36000 batch_loss=9.4382e-04
E16/16 B21800/36000 batch_loss=1.8153e-03
E16/16 B22000/36000 batch_loss=9.9566e-04
E16/16 B22200/36000 batch_loss=1.0798e-03
E16/16 B22400/36000 batch_loss=9.9784e-04
E16/16 B22600/36000 batch_loss=1.5613e-03
E16/16 B22800/36000 batch_loss=1.7698e-03
E16/16 B23000/36000 batch_loss=8.3734e-04
E16/16 B23200/36000 batch_loss=1.4293e-03
E16/16 B23400/36000 batch_loss=9.4042e-04
E16/16 B23600/36000 batch_loss=1.5398e-03
E16/16 B23800/36000 batch_loss=1.7319e-03
E16/16 B24000/36000 batch_loss=1.5745e-03
E16/16 B24200/36000 batch_loss=1.4941e-03
E16/16 B24400/36000 batch_loss=9.2464e-04
E16/16 B24600/36000 batch_loss=1.5744e-03
E16/16 B24800/36000 batch_loss=9.7119e-04
E16/16 B25000/36000 batch_loss=9.1411e-04
E16/16 B25200/36000 batch_loss=1.6367e-03
E16/16 B25400/36000 batch_loss=9.5762e-04
E16/16 B25600/36000 batch_loss=8.8194e-04
E16/16 B25800/36000 batch_loss=1.0220e-03
E16/16 B26000/36000 batch_loss=1.0167e-03
E16/16 B26200/36000 batch_loss=8.7212e-04
E16/16 B26400/36000 batch_loss=1.6120e-03
E16/16 B26600/36000 batch_loss=1.5280e-03
E16/16 B26800/36000 batch_loss=1.6818e-03
E16/16 B27000/36000 batch_loss=9.4359e-04
E16/16 B27200/36000 batch_loss=1.7277e-03
E16/16 B27400/36000 batch_loss=1.7656e-03
E16/16 B27600/36000 batch_loss=1.1131e-03
E16/16 B27800/36000 batch_loss=9.9620e-04
E16/16 B28000/36000 batch_loss=1.6348e-03
E16/16 B28200/36000 batch_loss=8.6276e-04
E16/16 B28400/36000 batch_loss=1.5560e-03
E16/16 B28600/36000 batch_loss=8.3372e-04
E16/16 B28800/36000 batch_loss=1.4204e-03
E16/16 B29000/36000 batch_loss=9.6364e-04
E16/16 B29200/36000 batch_loss=8.8839e-04
E16/16 B29400/36000 batch_loss=9.5835e-04
E16/16 B29600/36000 batch_loss=1.7660e-03
E16/16 B29800/36000 batch_loss=1.4597e-03
E16/16 B30000/36000 batch_loss=9.5020e-04
E16/16 B30200/36000 batch_loss=1.6657e-03
E16/16 B30400/36000 batch_loss=1.6047e-03
E16/16 B30600/36000 batch_loss=8.7037e-04
E16/16 B30800/36000 batch_loss=9.3437e-04
E16/16 B31000/36000 batch_loss=7.8454e-04
E16/16 B31200/36000 batch_loss=1.6788e-03
E16/16 B31400/36000 batch_loss=9.2223e-04
E16/16 B31600/36000 batch_loss=9.6416e-04
E16/16 B31800/36000 batch_loss=1.0260e-03
E16/16 B32000/36000 batch_loss=8.5818e-04
E16/16 B32200/36000 batch_loss=9.3968e-04
E16/16 B32400/36000 batch_loss=1.5594e-03
E16/16 B32600/36000 batch_loss=1.4290e-03
E16/16 B32800/36000 batch_loss=1.5835e-03
E16/16 B33000/36000 batch_loss=1.6892e-03
E16/16 B33200/36000 batch_loss=1.5720e-03
E16/16 B33400/36000 batch_loss=1.5341e-03
E16/16 B33600/36000 batch_loss=1.1019e-03
E16/16 B33800/36000 batch_loss=1.5313e-03
E16/16 B34000/36000 batch_loss=1.5848e-03
E16/16 B34200/36000 batch_loss=9.1829e-04
E16/16 B34400/36000 batch_loss=1.6968e-03
E16/16 B34600/36000 batch_loss=1.5935e-03
E16/16 B34800/36000 batch_loss=1.5865e-03
E16/16 B35000/36000 batch_loss=8.5713e-04
E16/16 B35200/36000 batch_loss=1.6298e-03
E16/16 B35400/36000 batch_loss=1.0622e-03
E16/16 B35600/36000 batch_loss=8.9915e-04
E16/16 B35800/36000 batch_loss=9.3147e-04
E16/16 B36000/36000 batch_loss=1.6673e-03
2026-06-29 21:48:17,597 | INFO | Saved 10 diagnostic panel(s) under D:\Research\NO-2D-Metamaterials\MODELS\training_runs\NO_I3O5_BCF16_SL1_HC128_LR2e-03_WD0e+00_SS1_G9e-01_ch0u_260626\diagnostics\epoch_016
epoch=16/16 train_loss=1.273004e-03 val_loss=1.849029e-03 lr=3.706e-04 train_sps=1266.5
epoch=16/16 compare_loss(mse) train=3.309776e-05 val=5.834353e-05
epoch=16/16 ref_l1 train=1.573065e-03 val=2.159776e-03 ref_mse train=3.309776e-05 val=5.834353e-05
2026-06-29 21:48:20,067 | INFO | epoch=16/16 loss=smoothl1 train_ch_smoothl1=1.256e-04 1.359e-03 1.280e-03 1.877e-03 1.724e-03 val_ch_smoothl1=4.034e-04 1.986e-03 1.900e-03 2.568e-03 2.388e-03 train_loss=1.273004e-03 val_loss=1.849029e-03 lr=3.706e-04 train_sps=1266.5
2026-06-29 21:48:20,067 | INFO | epoch=16/16 compare_loss=mse train=3.309776e-05 val=5.834353e-05 train_ch_mse=5.348e-06 3.156e-05 2.933e-05 5.334e-05 4.592e-05 val_ch_mse=3.920e-05 5.294e-05 5.084e-05 7.907e-05 6.967e-05
2026-06-29 21:48:20,067 | INFO | epoch=16/16 ref_l1 train=1.573065e-03 val=2.159776e-03 ref_mse train=3.309776e-05 val=5.834353e-05
Epoch 16/16 done | train_loss=1.2730e-03 val_loss=1.8490e-03 lr=3.71e-04
2026-06-29 21:48:20,558 | INFO | Run complete | run_name=NO_I3O5_BCF16_SL1_HC128_LR2e-03_WD0e+00_SS1_G9e-01_ch0u_260626 run_id=NO_I3O5_BCF16_SL1_HC128_LR2e-03_WD0e+00_SS1_G9e-01_ch0u_260626 best_val_loss=1.849029e-03
2026-06-29 21:48:20,559 | INFO | Artifacts saved to: D:\Research\NO-2D-Metamaterials\MODELS\training_runs\NO_I3O5_BCF16_SL1_HC128_LR2e-03_WD0e+00_SS1_G9e-01_ch0u_260626
Run complete. run_name=NO_I3O5_BCF16_SL1_HC128_LR2e-03_WD0e+00_SS1_G9e-01_ch0u_260626 run_id=NO_I3O5_BCF16_SL1_HC128_LR2e-03_WD0e+00_SS1_G9e-01_ch0u_260626 best_val_loss=1.849029e-03
Artifacts saved to: D:\Research\NO-2D-Metamaterials\MODELS\training_runs\NO_I3O5_BCF16_SL1_HC128_LR2e-03_WD0e+00_SS1_G9e-01_ch0u_260626
26/06/29 21:48:26.06 | === finished exit=0 === 
