2026-04-01 03:21:50,322 | INFO | Run started | run_name=NO_I3O5_BCF16_L1_HC128_LR2e-03_WD0e+00_SS1_G9e-01_ch0u_260401 run_id=NO_I3O5_BCF16_L1_HC128_LR2e-03_WD0e+00_SS1_G9e-01_ch0u_260401 device=cuda train_samples=18720000 test_samples=780000 epoch_range=1..6
2026-04-01 03:21:50,323 | INFO | Fault diagnostics | main_fault_log=D:\Research\NO-2D-Metamaterials\MODELS\training_runs_l1_rerun\NO_I3O5_BCF16_L1_HC128_LR2e-03_WD0e+00_SS1_G9e-01_ch0u_260401\main_process_fault.log
2026-04-01 10:22:20,139 | INFO | Saved 10 diagnostic panel(s) under D:\Research\NO-2D-Metamaterials\MODELS\training_runs_l1_rerun\NO_I3O5_BCF16_L1_HC128_LR2e-03_WD0e+00_SS1_G9e-01_ch0u_260401\diagnostics\epoch_001
2026-04-01 10:22:22,412 | INFO | epoch=1/6 train_loss=3.548185e-03 val_loss=2.747162e-03 train_ch_mse=1.751e-05 9.635e-05 9.188e-05 1.227e-04 1.105e-04 val_ch_mse=2.720e-06 6.903e-05 6.630e-05 9.685e-05 8.564e-05 lr=1.800e-03 train_sps=747.2
2026-04-01 17:25:43,927 | INFO | Saved 10 diagnostic panel(s) under D:\Research\NO-2D-Metamaterials\MODELS\training_runs_l1_rerun\NO_I3O5_BCF16_L1_HC128_LR2e-03_WD0e+00_SS1_G9e-01_ch0u_260401\diagnostics\epoch_002
2026-04-01 17:25:46,330 | INFO | epoch=2/6 train_loss=2.461584e-03 val_loss=2.626104e-03 train_ch_mse=1.234e-05 6.016e-05 5.787e-05 8.707e-05 7.690e-05 val_ch_mse=4.199e-06 6.153e-05 5.921e-05 8.839e-05 7.828e-05 lr=1.620e-03 train_sps=742.1
2026-04-02 00:41:06,794 | INFO | Saved 10 diagnostic panel(s) under D:\Research\NO-2D-Metamaterials\MODELS\training_runs_l1_rerun\NO_I3O5_BCF16_L1_HC128_LR2e-03_WD0e+00_SS1_G9e-01_ch0u_260401\diagnostics\epoch_003
2026-04-02 00:41:09,021 | INFO | epoch=3/6 train_loss=2.232758e-03 val_loss=2.345775e-03 train_ch_mse=1.206e-05 5.233e-05 5.026e-05 7.828e-05 6.878e-05 val_ch_mse=2.220e-06 5.743e-05 5.591e-05 8.359e-05 7.389e-05 lr=1.458e-03 train_sps=721.7
2026-04-02 11:46:11,270 | ERROR | Training failed
Traceback (most recent call last):
  File "D:\Research\NO-2D-Metamaterials\train_from_disk.py", line 764, in main
    model.load_state_dict(state_blob["model_state_dict"])
  File "C:\ProgramData\anaconda3\envs\NO_2D_Metamaterials\Lib\site-packages\torch\nn\modules\module.py", line 2584, in load_state_dict
    raise RuntimeError(
RuntimeError: Error(s) in loading state_dict for FourierNeuralOperator:
	Unexpected key(s) in state_dict: "_metadata". 
2026-04-02 11:46:24,647 | ERROR | Training failed
Traceback (most recent call last):
  File "D:\Research\NO-2D-Metamaterials\train_from_disk.py", line 764, in main
    model.load_state_dict(state_blob["model_state_dict"])
  File "C:\ProgramData\anaconda3\envs\NO_2D_Metamaterials\Lib\site-packages\torch\nn\modules\module.py", line 2584, in load_state_dict
    raise RuntimeError(
RuntimeError: Error(s) in loading state_dict for FourierNeuralOperator:
	Unexpected key(s) in state_dict: "_metadata". 
2026-04-02 11:47:01,490 | INFO | Resumed full state from D:\Research\NO-2D-Metamaterials\MODELS\training_runs_l1_rerun\NO_I3O5_BCF16_L1_HC128_LR2e-03_WD0e+00_SS1_G9e-01_ch0u_260401\training_state_latest.pt at epoch=3
2026-04-02 11:47:01,493 | INFO | Run started | run_name=NO_I3O5_BCF16_L1_HC128_LR2e-03_WD0e+00_SS1_G9e-01_ch0u_260401 run_id=NO_I3O5_BCF16_L1_HC128_LR2e-03_WD0e+00_SS1_G9e-01_ch0u_260401 device=cuda train_samples=18720000 test_samples=780000 epoch_range=4..6
2026-04-02 11:47:01,493 | INFO | Fault diagnostics | main_fault_log=D:\Research\NO-2D-Metamaterials\MODELS\training_runs_l1_rerun\NO_I3O5_BCF16_L1_HC128_LR2e-03_WD0e+00_SS1_G9e-01_ch0u_260401\main_process_fault.log
2026-04-02 11:50:12,704 | INFO | Resumed full state from D:\Research\NO-2D-Metamaterials\MODELS\training_runs_l1_rerun\NO_I3O5_BCF16_L1_HC128_LR2e-03_WD0e+00_SS1_G9e-01_ch0u_260401\training_state_latest.pt at epoch=3
2026-04-02 11:50:12,707 | INFO | Run started | run_name=NO_I3O5_BCF16_L1_HC128_LR2e-03_WD0e+00_SS1_G9e-01_ch0u_260401 run_id=NO_I3O5_BCF16_L1_HC128_LR2e-03_WD0e+00_SS1_G9e-01_ch0u_260401 device=cuda train_samples=18720000 test_samples=780000 epoch_range=4..6
2026-04-02 11:50:12,707 | INFO | Fault diagnostics | main_fault_log=D:\Research\NO-2D-Metamaterials\MODELS\training_runs_l1_rerun\NO_I3O5_BCF16_L1_HC128_LR2e-03_WD0e+00_SS1_G9e-01_ch0u_260401\main_process_fault.log
2026-04-02 15:16:06,552 | INFO | Saved 10 diagnostic panel(s) under D:\Research\NO-2D-Metamaterials\MODELS\training_runs_l1_rerun\NO_I3O5_BCF16_L1_HC128_LR2e-03_WD0e+00_SS1_G9e-01_ch0u_260401\diagnostics\epoch_004
2026-04-02 15:16:07,704 | INFO | epoch=4/6 train_loss=2.086257e-03 val_loss=2.352938e-03 train_ch_mse=1.171e-05 4.755e-05 4.555e-05 7.270e-05 6.373e-05 val_ch_mse=2.414e-06 5.594e-05 5.373e-05 8.220e-05 7.264e-05 lr=1.312e-03 train_sps=1538.7
2026-04-02 18:51:59,850 | INFO | Saved 10 diagnostic panel(s) under D:\Research\NO-2D-Metamaterials\MODELS\training_runs_l1_rerun\NO_I3O5_BCF16_L1_HC128_LR2e-03_WD0e+00_SS1_G9e-01_ch0u_260401\diagnostics\epoch_005
2026-04-02 18:52:01,369 | INFO | epoch=5/6 train_loss=1.979658e-03 val_loss=2.218772e-03 train_ch_mse=1.093e-05 4.412e-05 4.211e-05 6.864e-05 6.003e-05 val_ch_mse=2.504e-06 5.444e-05 5.256e-05 8.063e-05 7.134e-05 lr=1.181e-03 train_sps=1466.4
2026-04-02 22:19:49,754 | INFO | Saved 10 diagnostic panel(s) under D:\Research\NO-2D-Metamaterials\MODELS\training_runs_l1_rerun\NO_I3O5_BCF16_L1_HC128_LR2e-03_WD0e+00_SS1_G9e-01_ch0u_260401\diagnostics\epoch_006
2026-04-02 22:19:50,956 | INFO | epoch=6/6 train_loss=1.888316e-03 val_loss=2.334104e-03 train_ch_mse=6.223e-06 4.145e-05 3.937e-05 6.546e-05 5.706e-05 val_ch_mse=3.475e-05 5.389e-05 5.173e-05 8.014e-05 7.061e-05 lr=1.063e-03 train_sps=1524.9
2026-04-02 22:19:51,290 | INFO | Run complete | run_name=NO_I3O5_BCF16_L1_HC128_LR2e-03_WD0e+00_SS1_G9e-01_ch0u_260401 run_id=NO_I3O5_BCF16_L1_HC128_LR2e-03_WD0e+00_SS1_G9e-01_ch0u_260401 best_val_loss=2.218772e-03
2026-04-02 22:19:51,290 | INFO | Artifacts saved to: D:\Research\NO-2D-Metamaterials\MODELS\training_runs_l1_rerun\NO_I3O5_BCF16_L1_HC128_LR2e-03_WD0e+00_SS1_G9e-01_ch0u_260401
2026-04-03 20:38:22,703 | INFO | Resumed full state from D:\Research\NO-2D-Metamaterials\MODELS\training_runs_l1_rerun\NO_I3O5_BCF16_L1_HC128_LR2e-03_WD0e+00_SS1_G9e-01_ch0u_260401\training_state_latest.pt at epoch=6
2026-04-03 20:38:22,706 | INFO | Run started | run_name=NO_I3O5_BCF16_L1_HC128_LR2e-03_WD0e+00_SS1_G9e-01_ch0u_260401 run_id=NO_I3O5_BCF16_L1_HC128_LR2e-03_WD0e+00_SS1_G9e-01_ch0u_260401 device=cuda train_samples=18720000 test_samples=780000 epoch_range=7..10
2026-04-03 20:38:22,707 | INFO | Fault diagnostics | main_fault_log=D:\Research\NO-2D-Metamaterials\MODELS\training_runs_l1_rerun\NO_I3O5_BCF16_L1_HC128_LR2e-03_WD0e+00_SS1_G9e-01_ch0u_260401\main_process_fault.log
2026-04-04 00:05:32,336 | INFO | Saved 10 diagnostic panel(s) under D:\Research\NO-2D-Metamaterials\MODELS\training_runs_l1_rerun\NO_I3O5_BCF16_L1_HC128_LR2e-03_WD0e+00_SS1_G9e-01_ch0u_260401\diagnostics\epoch_007
2026-04-04 00:05:33,515 | INFO | epoch=7/10 train_loss=1.810392e-03 val_loss=2.256909e-03 train_ch_mse=5.469e-06 3.923e-05 3.710e-05 6.278e-05 5.458e-05 val_ch_mse=3.160e-05 5.320e-05 5.107e-05 7.909e-05 6.979e-05 lr=9.566e-04 train_sps=1529.3
2026-04-04 03:33:07,168 | INFO | Saved 10 diagnostic panel(s) under D:\Research\NO-2D-Metamaterials\MODELS\training_runs_l1_rerun\NO_I3O5_BCF16_L1_HC128_LR2e-03_WD0e+00_SS1_G9e-01_ch0u_260401\diagnostics\epoch_008
2026-04-04 03:33:08,638 | INFO | epoch=8/10 train_loss=1.747095e-03 val_loss=2.183927e-03 train_ch_mse=5.450e-06 3.738e-05 3.517e-05 6.048e-05 5.244e-05 val_ch_mse=4.217e-05 5.262e-05 5.036e-05 7.939e-05 6.942e-05 lr=8.609e-04 train_sps=1526.1
2026-04-04 07:00:18,063 | INFO | Saved 10 diagnostic panel(s) under D:\Research\NO-2D-Metamaterials\MODELS\training_runs_l1_rerun\NO_I3O5_BCF16_L1_HC128_LR2e-03_WD0e+00_SS1_G9e-01_ch0u_260401\diagnostics\epoch_009
2026-04-04 07:00:19,553 | INFO | epoch=9/10 train_loss=1.689959e-03 val_loss=2.152510e-03 train_ch_mse=5.388e-06 3.578e-05 3.354e-05 5.840e-05 5.057e-05 val_ch_mse=3.810e-05 5.252e-05 5.031e-05 7.890e-05 6.922e-05 lr=7.748e-04 train_sps=1529.1
2026-04-04 10:28:12,727 | INFO | Saved 10 diagnostic panel(s) under D:\Research\NO-2D-Metamaterials\MODELS\training_runs_l1_rerun\NO_I3O5_BCF16_L1_HC128_LR2e-03_WD0e+00_SS1_G9e-01_ch0u_260401\diagnostics\epoch_010
2026-04-04 10:28:14,185 | INFO | epoch=10/10 train_loss=1.641418e-03 val_loss=2.126860e-03 train_ch_mse=5.367e-06 3.440e-05 3.212e-05 5.653e-05 4.892e-05 val_ch_mse=4.046e-05 5.219e-05 5.010e-05 7.876e-05 6.895e-05 lr=6.974e-04 train_sps=1523.6
2026-04-04 10:28:14,468 | INFO | Run complete | run_name=NO_I3O5_BCF16_L1_HC128_LR2e-03_WD0e+00_SS1_G9e-01_ch0u_260401 run_id=NO_I3O5_BCF16_L1_HC128_LR2e-03_WD0e+00_SS1_G9e-01_ch0u_260401 best_val_loss=2.126860e-03
2026-04-04 10:28:14,468 | INFO | Artifacts saved to: D:\Research\NO-2D-Metamaterials\MODELS\training_runs_l1_rerun\NO_I3O5_BCF16_L1_HC128_LR2e-03_WD0e+00_SS1_G9e-01_ch0u_260401
2026-04-08 15:10:34,963 | INFO | Dual-loss logging enabled | active_loss=mse compare_loss=l1
2026-04-08 15:10:36,064 | WARNING | State dict mismatch while loading D:\Research\NO-2D-Metamaterials\MODELS\training_runs\NO_I3O5_BCF16_L1&L2_HC128_LR2e-03_WD0e+00_SS1_G9e-01_ch0u_260401\training_state_latest.pt; used compat checkpoint D:\Research\NO-2D-Metamaterials\MODELS\training_runs\NO_I3O5_BCF16_L1&L2_HC128_LR2e-03_WD0e+00_SS1_G9e-01_ch0u_260401\NO_I3O5_BCF16_L1_HC128_LR2e-03_WD0e+00_SS1_G9e-01_ch0u_260401_best_fno2d_compat.pth and switched to warm-start at epoch=10.
2026-04-08 15:10:36,067 | INFO | Run started | run_name=NO_I3O5_BCF16_L1&L2_HC128_LR2e-03_WD0e+00_SS1_G9e-01_ch0u_260401 run_id=NO_I3O5_BCF16_L1&L2_HC128_LR2e-03_WD0e+00_SS1_G9e-01_ch0u_260401 device=cuda train_samples=18720000 test_samples=780000 epoch_range=11..16
2026-04-08 15:10:36,067 | INFO | Fault diagnostics | main_fault_log=D:\Research\NO-2D-Metamaterials\MODELS\training_runs\NO_I3O5_BCF16_L1&L2_HC128_LR2e-03_WD0e+00_SS1_G9e-01_ch0u_260401\main_process_fault.log
2026-04-08 18:39:21,069 | INFO | Saved 10 diagnostic panel(s) under D:\Research\NO-2D-Metamaterials\MODELS\training_runs\NO_I3O5_BCF16_L1&L2_HC128_LR2e-03_WD0e+00_SS1_G9e-01_ch0u_260401\diagnostics\epoch_011
2026-04-08 18:39:22,600 | INFO | epoch=11/16 loss=mse train_loss=1.131106e-04 val_loss=1.145068e-04 train_ch_mse=1.737e-05 1.245e-04 1.229e-04 1.556e-04 1.452e-04 val_ch_mse=1.375e-05 1.239e-04 1.253e-04 1.588e-04 1.508e-04 lr=1.800e-03 train_sps=1517.4
2026-04-08 18:39:22,600 | INFO | epoch=11/16 compare_loss=l1 train_loss=5.051047e-03 val_loss=5.359564e-03
2026-04-08 22:05:13,441 | INFO | Saved 10 diagnostic panel(s) under D:\Research\NO-2D-Metamaterials\MODELS\training_runs\NO_I3O5_BCF16_L1&L2_HC128_LR2e-03_WD0e+00_SS1_G9e-01_ch0u_260401\diagnostics\epoch_012
2026-04-08 22:05:14,938 | INFO | epoch=12/16 loss=mse train_loss=1.017460e-04 val_loss=9.341763e-05 train_ch_mse=1.046e-05 1.104e-04 1.114e-04 1.424e-04 1.341e-04 val_ch_mse=8.493e-06 1.025e-04 1.016e-04 1.317e-04 1.228e-04 lr=1.620e-03 train_sps=1538.9
2026-04-08 22:05:14,938 | INFO | epoch=12/16 compare_loss=l1 train_loss=5.030375e-03 val_loss=4.871917e-03
2026-04-09 01:31:08,940 | INFO | Saved 10 diagnostic panel(s) under D:\Research\NO-2D-Metamaterials\MODELS\training_runs\NO_I3O5_BCF16_L1&L2_HC128_LR2e-03_WD0e+00_SS1_G9e-01_ch0u_260401\diagnostics\epoch_013
2026-04-09 01:31:10,437 | INFO | epoch=13/16 loss=mse train_loss=8.651480e-05 val_loss=8.406132e-05 train_ch_mse=8.569e-06 9.374e-05 9.324e-05 1.231e-04 1.140e-04 val_ch_mse=2.426e-05 8.707e-05 8.485e-05 1.182e-04 1.059e-04 lr=1.458e-03 train_sps=1538.6
2026-04-09 01:31:10,438 | INFO | epoch=13/16 compare_loss=l1 train_loss=4.487971e-03 val_loss=4.247206e-03
2026-04-09 04:57:21,674 | INFO | Saved 10 diagnostic panel(s) under D:\Research\NO-2D-Metamaterials\MODELS\training_runs\NO_I3O5_BCF16_L1&L2_HC128_LR2e-03_WD0e+00_SS1_G9e-01_ch0u_260401\diagnostics\epoch_014
2026-04-09 04:57:23,186 | INFO | epoch=14/16 loss=mse train_loss=7.403657e-05 val_loss=7.567411e-05 train_ch_mse=7.546e-06 7.969e-05 7.790e-05 1.072e-04 9.786e-05 val_ch_mse=1.899e-05 7.909e-05 7.719e-05 1.062e-04 9.692e-05 lr=1.312e-03 train_sps=1536.4
2026-04-09 04:57:23,187 | INFO | epoch=14/16 compare_loss=l1 train_loss=3.959539e-03 val_loss=3.906362e-03
2026-04-09 08:23:18,861 | INFO | Saved 10 diagnostic panel(s) under D:\Research\NO-2D-Metamaterials\MODELS\training_runs\NO_I3O5_BCF16_L1&L2_HC128_LR2e-03_WD0e+00_SS1_G9e-01_ch0u_260401\diagnostics\epoch_015
2026-04-09 08:23:20,378 | INFO | epoch=15/16 loss=mse train_loss=6.629017e-05 val_loss=7.211729e-05 train_ch_mse=6.496e-06 7.082e-05 6.877e-05 9.713e-05 8.825e-05 val_ch_mse=2.949e-05 7.229e-05 7.030e-05 9.891e-05 8.959e-05 lr=1.181e-03 train_sps=1538.3
2026-04-09 08:23:20,378 | INFO | epoch=15/16 compare_loss=l1 train_loss=3.634378e-03 val_loss=3.640692e-03
2026-04-09 11:49:33,178 | INFO | Saved 10 diagnostic panel(s) under D:\Research\NO-2D-Metamaterials\MODELS\training_runs\NO_I3O5_BCF16_L1&L2_HC128_LR2e-03_WD0e+00_SS1_G9e-01_ch0u_260401\diagnostics\epoch_016
2026-04-09 11:49:34,701 | INFO | epoch=16/16 loss=mse train_loss=6.189849e-05 val_loss=6.965038e-05 train_ch_mse=6.233e-06 6.570e-05 6.354e-05 9.135e-05 8.267e-05 val_ch_mse=2.969e-05 6.970e-05 6.705e-05 9.544e-05 8.637e-05 lr=1.063e-03 train_sps=1536.3
2026-04-09 11:49:34,701 | INFO | epoch=16/16 compare_loss=l1 train_loss=3.456309e-03 val_loss=3.544756e-03
2026-04-09 11:49:34,991 | INFO | Run complete | run_name=NO_I3O5_BCF16_L1&L2_HC128_LR2e-03_WD0e+00_SS1_G9e-01_ch0u_260401 run_id=NO_I3O5_BCF16_L1&L2_HC128_LR2e-03_WD0e+00_SS1_G9e-01_ch0u_260401 best_val_loss=6.965038e-05
2026-04-09 11:49:34,991 | INFO | Artifacts saved to: D:\Research\NO-2D-Metamaterials\MODELS\training_runs\NO_I3O5_BCF16_L1&L2_HC128_LR2e-03_WD0e+00_SS1_G9e-01_ch0u_260401
2026-04-09 15:14:30,286 | INFO | Resumed full state from D:\Research\NO-2D-Metamaterials\MODELS\training_runs\NO_I3O5_BCF16_L1&L2_HC128_LR2e-03_WD0e+00_SS1_G9e-01_ch0u_260401\training_state_latest.pt at epoch=16
2026-04-09 15:14:30,289 | INFO | Run started | run_name=NO_I3O5_BCF16_L1_HC128_LR2e-03_WD0e+00_SS1_G9e-01_ch0u_260401 run_id=NO_I3O5_BCF16_L1_HC128_LR2e-03_WD0e+00_SS1_G9e-01_ch0u_260401 device=cuda train_samples=18720000 test_samples=780000 epoch_range=17..20
2026-04-09 15:14:30,290 | INFO | Fault diagnostics | main_fault_log=D:\Research\NO-2D-Metamaterials\MODELS\training_runs\NO_I3O5_BCF16_L1&L2_HC128_LR2e-03_WD0e+00_SS1_G9e-01_ch0u_260401\main_process_fault.log
2026-04-09 18:43:19,080 | INFO | Saved 10 diagnostic panel(s) under D:\Research\NO-2D-Metamaterials\MODELS\training_runs\NO_I3O5_BCF16_L1&L2_HC128_LR2e-03_WD0e+00_SS1_G9e-01_ch0u_260401\diagnostics\epoch_017
2026-04-09 18:43:20,606 | INFO | epoch=17/20 loss=mse train_loss=5.854983e-05 val_loss=6.909213e-05 train_ch_mse=6.069e-06 6.178e-05 5.955e-05 8.692e-05 7.843e-05 val_ch_mse=3.311e-05 6.886e-05 6.571e-05 9.327e-05 8.450e-05 lr=9.566e-04 train_sps=1517.2
2026-04-09 22:44:55,345 | INFO | Saved 10 diagnostic panel(s) under D:\Research\NO-2D-Metamaterials\MODELS\training_runs\NO_I3O5_BCF16_L1&L2_HC128_LR2e-03_WD0e+00_SS1_G9e-01_ch0u_260401\diagnostics\epoch_018
2026-04-09 22:44:57,501 | INFO | epoch=18/20 loss=mse train_loss=5.618963e-05 val_loss=6.636111e-05 train_ch_mse=5.784e-06 5.910e-05 5.680e-05 8.382e-05 7.545e-05 val_ch_mse=2.890e-05 6.589e-05 6.319e-05 9.141e-05 8.241e-05 lr=8.609e-04 train_sps=1310.1
2026-04-10 03:13:02,871 | INFO | Saved 10 diagnostic panel(s) under D:\Research\NO-2D-Metamaterials\MODELS\training_runs\NO_I3O5_BCF16_L1&L2_HC128_LR2e-03_WD0e+00_SS1_G9e-01_ch0u_260401\diagnostics\epoch_019
2026-04-10 03:13:05,048 | INFO | epoch=19/20 loss=mse train_loss=5.419532e-05 val_loss=6.502681e-05 train_ch_mse=5.647e-06 5.682e-05 5.446e-05 8.114e-05 7.291e-05 val_ch_mse=2.546e-05 6.499e-05 6.239e-05 9.069e-05 8.160e-05 lr=7.748e-04 train_sps=1178.3
2026-04-10 07:40:41,598 | INFO | Saved 10 diagnostic panel(s) under D:\Research\NO-2D-Metamaterials\MODELS\training_runs\NO_I3O5_BCF16_L1&L2_HC128_LR2e-03_WD0e+00_SS1_G9e-01_ch0u_260401\diagnostics\epoch_020
2026-04-10 07:40:43,801 | INFO | epoch=20/20 loss=mse train_loss=5.247377e-05 val_loss=6.475687e-05 train_ch_mse=5.598e-06 5.483e-05 5.244e-05 7.880e-05 7.070e-05 val_ch_mse=2.726e-05 6.410e-05 6.165e-05 8.966e-05 8.111e-05 lr=6.974e-04 train_sps=1180.4
2026-04-10 07:40:44,234 | INFO | Run complete | run_name=NO_I3O5_BCF16_L1_HC128_LR2e-03_WD0e+00_SS1_G9e-01_ch0u_260401 run_id=NO_I3O5_BCF16_L1_HC128_LR2e-03_WD0e+00_SS1_G9e-01_ch0u_260401 best_val_loss=6.475687e-05
2026-04-10 07:40:44,235 | INFO | Artifacts saved to: D:\Research\NO-2D-Metamaterials\MODELS\training_runs\NO_I3O5_BCF16_L1&L2_HC128_LR2e-03_WD0e+00_SS1_G9e-01_ch0u_260401
2026-04-10 18:55:10,676 | INFO | Resumed full state from D:\Research\NO-2D-Metamaterials\MODELS\training_runs\NO_I3O5_BCF16_L1&L2_HC128_LR2e-03_WD0e+00_SS1_G9e-01_ch0u_260401\training_state_latest.pt at epoch=20
2026-04-10 18:55:10,679 | INFO | Run started | run_name=NO_I3O5_BCF16_L1_HC128_LR2e-03_WD0e+00_SS1_G9e-01_ch0u_260401 run_id=NO_I3O5_BCF16_L1_HC128_LR2e-03_WD0e+00_SS1_G9e-01_ch0u_260401 device=cuda train_samples=18720000 test_samples=780000 epoch_range=21..24
2026-04-10 18:55:10,679 | INFO | Fault diagnostics | main_fault_log=D:\Research\NO-2D-Metamaterials\MODELS\training_runs\NO_I3O5_BCF16_L1&L2_HC128_LR2e-03_WD0e+00_SS1_G9e-01_ch0u_260401\main_process_fault.log
2026-04-10 22:23:35,433 | INFO | Saved 10 diagnostic panel(s) under D:\Research\NO-2D-Metamaterials\MODELS\training_runs\NO_I3O5_BCF16_L1&L2_HC128_LR2e-03_WD0e+00_SS1_G9e-01_ch0u_260401\diagnostics\epoch_021
2026-04-10 22:23:36,968 | INFO | epoch=21/24 loss=mse train_ch_mse=5.387e-06 5.320e-05 5.077e-05 7.682e-05 6.886e-05 val_ch_mse=2.386e-05 6.410e-05 6.140e-05 8.910e-05 8.033e-05 train_loss=5.100587e-05 val_loss=6.375752e-05 lr=6.276e-04 train_sps=1520.1
2026-04-11 01:50:49,302 | INFO | Saved 10 diagnostic panel(s) under D:\Research\NO-2D-Metamaterials\MODELS\training_runs\NO_I3O5_BCF16_L1&L2_HC128_LR2e-03_WD0e+00_SS1_G9e-01_ch0u_260401\diagnostics\epoch_022
2026-04-11 01:50:50,763 | INFO | epoch=22/24 loss=mse train_ch_mse=5.336e-06 5.177e-05 4.932e-05 7.509e-05 6.724e-05 val_ch_mse=2.371e-05 6.283e-05 6.043e-05 8.946e-05 7.980e-05 train_loss=4.975184e-05 val_loss=6.324627e-05 lr=5.649e-04 train_sps=1528.8
2026-04-11 05:17:49,588 | INFO | Saved 10 diagnostic panel(s) under D:\Research\NO-2D-Metamaterials\MODELS\training_runs\NO_I3O5_BCF16_L1&L2_HC128_LR2e-03_WD0e+00_SS1_G9e-01_ch0u_260401\diagnostics\epoch_023
2026-04-11 05:17:51,862 | INFO | epoch=23/24 loss=mse train_ch_mse=5.351e-06 5.049e-05 4.801e-05 7.353e-05 6.577e-05 val_ch_mse=2.414e-05 6.279e-05 6.058e-05 8.837e-05 7.946e-05 train_loss=4.863007e-05 val_loss=6.306643e-05 lr=5.084e-04 train_sps=1528.9
2026-04-11 16:03:25,659 | INFO | Resumed full state from D:\Research\NO-2D-Metamaterials\MODELS\training_runs\NO_I3O5_BCF16_L1&L2_HC128_LR2e-03_WD0e+00_SS1_G9e-01_ch0u_260401\training_state_latest.pt at epoch=23
2026-04-11 16:03:25,664 | INFO | Run started | run_name=NO_I3O5_BCF16_L1&L2_HC128_LR2e-03_WD0e+00_SS1_G9e-01_ch0u_260401 run_id=NO_I3O5_BCF16_L1&L2_HC128_LR2e-03_WD0e+00_SS1_G9e-01_ch0u_260401 device=cuda train_samples=18720000 test_samples=780000 epoch_range=24..24
2026-04-11 16:03:25,664 | INFO | Fault diagnostics | main_fault_log=D:\Research\NO-2D-Metamaterials\MODELS\training_runs\NO_I3O5_BCF16_L1&L2_HC128_LR2e-03_WD0e+00_SS1_G9e-01_ch0u_260401\main_process_fault.log
2026-04-11 16:08:37,640 | INFO | Resumed full state from D:\Research\NO-2D-Metamaterials\MODELS\training_runs\NO_I3O5_BCF16_L1&L2_HC128_LR2e-03_WD0e+00_SS1_G9e-01_ch0u_260401\training_state_latest.pt at epoch=23
2026-04-11 16:08:37,643 | INFO | Run started | run_name=NO_I3O5_BCF16_L1&L2_HC128_LR2e-03_WD0e+00_SS1_G9e-01_ch0u_260401 run_id=NO_I3O5_BCF16_L1&L2_HC128_LR2e-03_WD0e+00_SS1_G9e-01_ch0u_260401 device=cuda train_samples=18720000 test_samples=780000 epoch_range=24..24
2026-04-11 16:08:37,644 | INFO | Fault diagnostics | main_fault_log=D:\Research\NO-2D-Metamaterials\MODELS\training_runs\NO_I3O5_BCF16_L1&L2_HC128_LR2e-03_WD0e+00_SS1_G9e-01_ch0u_260401\main_process_fault.log
2026-04-11 19:35:48,100 | INFO | Saved 10 diagnostic panel(s) under D:\Research\NO-2D-Metamaterials\MODELS\training_runs\NO_I3O5_BCF16_L1&L2_HC128_LR2e-03_WD0e+00_SS1_G9e-01_ch0u_260401\diagnostics\epoch_024
2026-04-11 19:35:49,601 | INFO | epoch=24/24 loss=mse train_ch_mse=5.189e-06 4.942e-05 4.690e-05 7.221e-05 6.453e-05 val_ch_mse=2.320e-05 6.267e-05 6.006e-05 8.780e-05 7.915e-05 train_loss=4.764857e-05 val_loss=6.257606e-05 lr=4.575e-04 train_sps=1529.2
2026-04-11 19:35:49,885 | INFO | Run complete | run_name=NO_I3O5_BCF16_L1&L2_HC128_LR2e-03_WD0e+00_SS1_G9e-01_ch0u_260401 run_id=NO_I3O5_BCF16_L1&L2_HC128_LR2e-03_WD0e+00_SS1_G9e-01_ch0u_260401 best_val_loss=6.257606e-05
2026-04-11 19:35:49,885 | INFO | Artifacts saved to: D:\Research\NO-2D-Metamaterials\MODELS\training_runs\NO_I3O5_BCF16_L1&L2_HC128_LR2e-03_WD0e+00_SS1_G9e-01_ch0u_260401
2026-04-11 20:12:19,096 | INFO | Resumed full state from D:\Research\NO-2D-Metamaterials\MODELS\training_runs\NO_I3O5_BCF16_L1&L2_HC128_LR2e-03_WD0e+00_SS1_G9e-01_ch0u_260401\training_state_latest.pt at epoch=24
2026-04-11 20:12:19,099 | INFO | Run started | run_name=NO_I3O5_BCF16_L1&L2_HC128_LR2e-03_WD0e+00_SS1_G9e-01_ch0u_260401 run_id=NO_I3O5_BCF16_L1&L2_HC128_LR2e-03_WD0e+00_SS1_G9e-01_ch0u_260401 device=cuda train_samples=18720000 test_samples=780000 epoch_range=25..30
2026-04-11 20:12:19,100 | INFO | Fault diagnostics | main_fault_log=D:\Research\NO-2D-Metamaterials\MODELS\training_runs\NO_I3O5_BCF16_L1&L2_HC128_LR2e-03_WD0e+00_SS1_G9e-01_ch0u_260401\main_process_fault.log
2026-04-11 23:40:51,355 | INFO | Saved 10 diagnostic panel(s) under D:\Research\NO-2D-Metamaterials\MODELS\training_runs\NO_I3O5_BCF16_L1&L2_HC128_LR2e-03_WD0e+00_SS1_G9e-01_ch0u_260401\diagnostics\epoch_025
2026-04-11 23:40:52,818 | INFO | epoch=25/30 loss=mse train_ch_mse=5.151e-06 4.857e-05 4.602e-05 7.115e-05 6.354e-05 val_ch_mse=2.220e-05 6.235e-05 6.012e-05 8.769e-05 7.911e-05 train_loss=4.688585e-05 val_loss=6.229425e-05 lr=4.118e-04 train_sps=1519.7
2026-04-12 03:08:56,214 | INFO | Saved 10 diagnostic panel(s) under D:\Research\NO-2D-Metamaterials\MODELS\training_runs\NO_I3O5_BCF16_L1&L2_HC128_LR2e-03_WD0e+00_SS1_G9e-01_ch0u_260401\diagnostics\epoch_026
2026-04-12 03:08:57,372 | INFO | epoch=26/30 loss=mse train_ch_mse=5.068e-06 4.751e-05 4.492e-05 6.983e-05 6.229e-05 val_ch_mse=2.495e-05 6.188e-05 5.941e-05 8.790e-05 7.909e-05 train_loss=4.592451e-05 val_loss=6.264725e-05 lr=3.706e-04 train_sps=1522.4
2026-04-12 06:36:45,041 | INFO | Saved 10 diagnostic panel(s) under D:\Research\NO-2D-Metamaterials\MODELS\training_runs\NO_I3O5_BCF16_L1&L2_HC128_LR2e-03_WD0e+00_SS1_G9e-01_ch0u_260401\diagnostics\epoch_027
2026-04-12 06:36:46,211 | INFO | epoch=27/30 loss=mse train_ch_mse=5.328e-06 4.927e-05 5.015e-05 1.009e-04 6.747e-05 val_ch_mse=2.313e-05 6.236e-05 6.004e-05 8.771e-05 7.883e-05 train_loss=5.461996e-05 val_loss=6.241470e-05 lr=3.335e-04 train_sps=1524.4
2026-04-12 10:03:57,617 | INFO | Saved 10 diagnostic panel(s) under D:\Research\NO-2D-Metamaterials\MODELS\training_runs\NO_I3O5_BCF16_L1&L2_HC128_LR2e-03_WD0e+00_SS1_G9e-01_ch0u_260401\diagnostics\epoch_028
2026-04-12 10:03:58,810 | INFO | epoch=28/30 loss=mse train_ch_mse=4.995e-06 4.650e-05 4.388e-05 6.855e-05 6.106e-05 val_ch_mse=2.691e-05 6.164e-05 5.924e-05 8.742e-05 7.822e-05 train_loss=4.499670e-05 val_loss=6.268710e-05 lr=3.002e-04 train_sps=1529.0
2026-04-12 13:38:54,000 | INFO | Saved 10 diagnostic panel(s) under D:\Research\NO-2D-Metamaterials\MODELS\training_runs\NO_I3O5_BCF16_L1&L2_HC128_LR2e-03_WD0e+00_SS1_G9e-01_ch0u_260401\diagnostics\epoch_029
2026-04-12 13:38:55,525 | INFO | epoch=29/30 loss=mse train_ch_mse=4.953e-06 4.554e-05 4.289e-05 6.737e-05 5.996e-05 val_ch_mse=2.320e-05 6.180e-05 5.913e-05 8.712e-05 7.812e-05 train_loss=4.414239e-05 val_loss=6.187444e-05 lr=2.702e-04 train_sps=1475.1
2026-04-12 17:23:47,934 | INFO | Saved 10 diagnostic panel(s) under D:\Research\NO-2D-Metamaterials\MODELS\training_runs\NO_I3O5_BCF16_L1&L2_HC128_LR2e-03_WD0e+00_SS1_G9e-01_ch0u_260401\diagnostics\epoch_030
2026-04-12 17:23:49,144 | INFO | epoch=30/30 loss=mse train_ch_mse=4.886e-06 4.486e-05 4.217e-05 6.648e-05 5.914e-05 val_ch_mse=2.431e-05 6.162e-05 5.912e-05 8.712e-05 7.830e-05 train_loss=4.350760e-05 val_loss=6.209647e-05 lr=2.432e-04 train_sps=1407.0
2026-04-12 17:23:49,452 | INFO | Run complete | run_name=NO_I3O5_BCF16_L1&L2_HC128_LR2e-03_WD0e+00_SS1_G9e-01_ch0u_260401 run_id=NO_I3O5_BCF16_L1&L2_HC128_LR2e-03_WD0e+00_SS1_G9e-01_ch0u_260401 best_val_loss=6.187444e-05
2026-04-12 17:23:49,453 | INFO | Artifacts saved to: D:\Research\NO-2D-Metamaterials\MODELS\training_runs\NO_I3O5_BCF16_L1&L2_HC128_LR2e-03_WD0e+00_SS1_G9e-01_ch0u_260401
2026-04-13 17:25:19,236 | WARNING | Existing metrics.csv has no compare-loss columns; disabling compare-loss logging for this resume.
2026-04-13 17:25:20,306 | WARNING | Resuming with active loss=l1 but last logged primary loss in train.log was mse; resetting best checkpoint tracking so *_best.pth uses the new validation metric.
2026-04-13 17:25:20,306 | INFO | Resumed full state from D:\Research\NO-2D-Metamaterials\MODELS\training_runs\NO_I3O5_BCF16_L1&L2_HC128_LR2e-03_WD0e+00_SS1_G9e-01_ch0u_260401\training_state_latest.pt at epoch=30
2026-04-13 17:25:20,309 | INFO | Run started | run_name=NO_I3O5_BCF16_L1&L2_HC128_LR2e-03_WD0e+00_SS1_G9e-01_ch0u_260401 run_id=NO_I3O5_BCF16_L1&L2_HC128_LR2e-03_WD0e+00_SS1_G9e-01_ch0u_260401 device=cuda train_samples=18720000 test_samples=780000 epoch_range=31..32
2026-04-13 17:25:20,309 | INFO | Fault diagnostics | main_fault_log=D:\Research\NO-2D-Metamaterials\MODELS\training_runs\NO_I3O5_BCF16_L1&L2_HC128_LR2e-03_WD0e+00_SS1_G9e-01_ch0u_260401\main_process_fault.log
2026-04-13 20:55:53,696 | INFO | Saved 10 diagnostic panel(s) under D:\Research\NO-2D-Metamaterials\MODELS\training_runs\NO_I3O5_BCF16_L1&L2_HC128_LR2e-03_WD0e+00_SS1_G9e-01_ch0u_260401\diagnostics\epoch_031
2026-04-13 20:55:55,183 | INFO | epoch=31/32 loss=l1 train_ch_l1=6.093e-04 2.788e-03 2.680e-03 3.355e-03 3.164e-03 val_ch_l1=7.761e-04 3.004e-03 2.887e-03 3.587e-03 3.399e-03 train_loss=2.519433e-03 val_loss=2.730496e-03 lr=2.188e-04 train_sps=1504.3
2026-04-14 00:23:17,869 | INFO | Saved 10 diagnostic panel(s) under D:\Research\NO-2D-Metamaterials\MODELS\training_runs\NO_I3O5_BCF16_L1&L2_HC128_LR2e-03_WD0e+00_SS1_G9e-01_ch0u_260401\diagnostics\epoch_032
2026-04-14 00:23:19,319 | INFO | epoch=32/32 loss=l1 train_ch_l1=5.233e-04 2.630e-03 2.523e-03 3.198e-03 3.008e-03 val_ch_l1=7.601e-04 2.918e-03 2.811e-03 3.519e-03 3.318e-03 train_loss=2.376321e-03 val_loss=2.665346e-03 lr=1.970e-04 train_sps=1527.4
2026-04-14 00:23:19,612 | INFO | Run complete | run_name=NO_I3O5_BCF16_L1&L2_HC128_LR2e-03_WD0e+00_SS1_G9e-01_ch0u_260401 run_id=NO_I3O5_BCF16_L1&L2_HC128_LR2e-03_WD0e+00_SS1_G9e-01_ch0u_260401 best_val_loss=2.665346e-03
2026-04-14 00:23:19,613 | INFO | Artifacts saved to: D:\Research\NO-2D-Metamaterials\MODELS\training_runs\NO_I3O5_BCF16_L1&L2_HC128_LR2e-03_WD0e+00_SS1_G9e-01_ch0u_260401
2026-04-14 13:54:02,352 | INFO | evaluation_from_disk | epoch=31 checkpoint=NO_I3O5_BCF16_L1&L2_HC128_LR2e-03_WD0e+00_SS1_G9e-01_ch0u_260401_E31.pth num_test_samples=780000 trained_loss='l1'
2026-04-14 13:54:02,353 | INFO | evaluation_from_disk | epoch=31 loss=mse avg_pixel_loss=6.421333e-05 avg_sample_loss=6.421333e-05
2026-04-14 13:54:02,359 | INFO | evaluation_from_disk | epoch=31 metrics_csv rows_updated=1 migrated_to_dual_header=True
2026-04-14 13:58:35,270 | INFO | evaluation_from_disk | epoch=32 checkpoint=NO_I3O5_BCF16_L1&L2_HC128_LR2e-03_WD0e+00_SS1_G9e-01_ch0u_260401_E32.pth num_test_samples=780000 trained_loss='l1'
2026-04-14 13:58:35,271 | INFO | evaluation_from_disk | epoch=32 loss=mse avg_pixel_loss=6.358959e-05 avg_sample_loss=6.358959e-05
2026-04-14 13:58:35,276 | INFO | evaluation_from_disk | epoch=32 metrics_csv rows_updated=1 migrated_to_dual_header=False
