SUCCESS: Successfully imported functions from the new Python dispersion library
SUCCESS: Using dispersion_with_matrix_save_opt (the correct function!)
SUCCESS: Successfully imported functions from the new Python dispersion library
SUCCESS: Using dispersion_with_matrix_save_opt (the correct function!)
SUCCESS: Successfully imported functions from the new Python dispersion library
SUCCESS: Using dispersion_with_matrix_save_opt (the correct function!)
SUCCESS: Successfully imported functions from the new Python dispersion library
SUCCESS: Using dispersion_with_matrix_save_opt (the correct function!)
SUCCESS: Successfully imported functions from the new Python dispersion library
SUCCESS: Using dispersion_with_matrix_save_opt (the correct function!)
SUCCESS: Successfully imported functions from the new Python dispersion library
SUCCESS: Using dispersion_with_matrix_save_opt (the correct function!)
SUCCESS: Successfully imported functions from the new Python dispersion library
SUCCESS: Using dispersion_with_matrix_save_opt (the correct function!)
SUCCESS: Successfully imported functions from the new Python dispersion library
SUCCESS: Using dispersion_with_matrix_save_opt (the correct function!)
SUCCESS: Successfully imported functions from the new Python dispersion library
SUCCESS: Using dispersion_with_matrix_save_opt (the correct function!)
SUCCESS: Successfully imported functions from the new Python dispersion library
SUCCESS: Using dispersion_with_matrix_save_opt (the correct function!)
SUCCESS: Successfully imported functions from the new Python dispersion library
SUCCESS: Using dispersion_with_matrix_save_opt (the correct function!)
SUCCESS: Successfully imported functions from the new Python dispersion library
SUCCESS: Using dispersion_with_matrix_save_opt (the correct function!)
SUCCESS: Successfully imported functions from the new Python dispersion library
SUCCESS: Using dispersion_with_matrix_save_opt (the correct function!)
SUCCESS: Successfully imported functions from the new Python dispersion library
SUCCESS: Using dispersion_with_matrix_save_opt (the correct function!)
SUCCESS: Successfully imported functions from the new Python dispersion library
SUCCESS: Using dispersion_with_matrix_save_opt (the correct function!)
SUCCESS: Successfully imported functions from the new Python dispersion library
SUCCESS: Using dispersion_with_matrix_save_opt (the correct function!)
SUCCESS: Successfully imported functions from the new Python dispersion library
SUCCESS: Using dispersion_with_matrix_save_opt (the correct function!)
================================================================================
GENERATING DISPERSION DATASET WITH PYTHON LIBRARY
================================================================================
Generating wavevectors for [25, 13] grid...
Generated 325 wavevectors
Initializing storage arrays...
SUCCESS: Constants validation passed

Generating 1000 structures...
Parallel workers: 16 (enabled)
PROGRESS: 1/1000 (0.1%) elapsed=90.5s rate=0.01/s eta=90423.5s
PROGRESS: 100/1000 (10.0%) elapsed=637.1s rate=0.16/s eta=5734.3s
PROGRESS: 200/1000 (20.0%) elapsed=1205.5s rate=0.17/s eta=4821.9s
PROGRESS: 300/1000 (30.0%) elapsed=1779.2s rate=0.17/s eta=4151.4s
PROGRESS: 400/1000 (40.0%) elapsed=2354.4s rate=0.17/s eta=3531.6s
PROGRESS: 500/1000 (50.0%) elapsed=2939.7s rate=0.17/s eta=2939.7s
PROGRESS: 600/1000 (60.0%) elapsed=3528.7s rate=0.17/s eta=2352.5s
PROGRESS: 700/1000 (70.0%) elapsed=4089.4s rate=0.17/s eta=1752.6s
PROGRESS: 800/1000 (80.0%) elapsed=4661.2s rate=0.17/s eta=1165.3s
PROGRESS: 900/1000 (90.0%) elapsed=5235.7s rate=0.17/s eta=581.7s
PROGRESS: 1000/1000 (100.0%) elapsed=5773.6s rate=0.17/s eta=0.0s
c1 shape: (325,) c2 shape: (325,)
SUCCESS: PyTorch dataset bundle saved to: D:\Research\NO-2D-Metamaterials\OUTPUT/output_2026-03-04_09-41-10\continuous_2026-03-04_09-41-10_pt

================================================================================
DATASET GENERATION SUMMARY
================================================================================
SUCCESS: Generated 1000 structures
SUCCESS: Computed dispersion for 325 wavevectors
SUCCESS: Design size: 32x32 pixels
SUCCESS: Number of eigenvalues: 6
SUCCESS: Frequency range: 0.000 - 3894.000 Hz
SUCCESS: Design type: continuous
SUCCESS: Eigenvectors saved: (2048, 325, 6, 1000)
================================================================================

COMPLETED: Script completed successfully!
The generated dataset is compatible with both MATLAB and Python workflows.
