26/06/24 13:07:51.84 | === resume from ep10, L1, reset LR/gamma === 
2026-06-24 13:08:08,247 | INFO | Dual-loss train/val logging | active_loss=l1 compare_loss=mse
D:\Research\NO-2D-Metamaterials\train_from_disk.py:983: FutureWarning: `torch.cuda.amp.GradScaler(args...)` is deprecated. Please use `torch.amp.GradScaler('cuda', args...)` instead.
  scaler = torch.cuda.amp.GradScaler(enabled=(device.type == "cuda" and args.amp == "fp16"))
D:\Research\NO-2D-Metamaterials\train_from_disk.py:1014: FutureWarning: `torch.cuda.amp.GradScaler(args...)` is deprecated. Please use `torch.amp.GradScaler('cuda', args...)` instead.
  scaler = torch.cuda.amp.GradScaler(
2026-06-24 13:08:09,542 | INFO | Reset optimizer/scheduler on resume | lr=4.0000e-03 step_size=1 gamma=0.80
2026-06-24 13:08:09,544 | INFO | Resumed full state from D:\Research\NO-2D-Metamaterials\MODELS\training_runs\NO_I3O5_BCF16_L1_HC128_LR4e-03_WD0e+00_SS1_G8e-01_ch0u_260622\training_state_latest.pt at epoch=10
2026-06-24 13:08:09,546 | INFO | Run started | run_name=NO_I3O5_BCF16_L1_HC128_LR4e-03_WD0e+00_SS1_G8e-01_ch0u_260622 run_id=NO_I3O5_BCF16_L1_HC128_LR4e-03_WD0e+00_SS1_G8e-01_ch0u_260622 device=cuda train_samples=18720000 test_samples=780000 epoch_range=11..12
2026-06-24 13:08:09,547 | INFO | Fault diagnostics | main_fault_log=D:\Research\NO-2D-Metamaterials\MODELS\training_runs\NO_I3O5_BCF16_L1_HC128_LR4e-03_WD0e+00_SS1_G8e-01_ch0u_260622\main_process_fault.log
26/06/25  4:09:33.39 | === resume from ep10, L1, reset LR/gamma === 
2026-06-25 04:10:32,500 | INFO | Dual-loss train/val logging | active_loss=l1 compare_loss=mse
D:\Research\NO-2D-Metamaterials\train_from_disk.py:983: FutureWarning: `torch.cuda.amp.GradScaler(args...)` is deprecated. Please use `torch.amp.GradScaler('cuda', args...)` instead.
  scaler = torch.cuda.amp.GradScaler(enabled=(device.type == "cuda" and args.amp == "fp16"))
D:\Research\NO-2D-Metamaterials\train_from_disk.py:1014: FutureWarning: `torch.cuda.amp.GradScaler(args...)` is deprecated. Please use `torch.amp.GradScaler('cuda', args...)` instead.
  scaler = torch.cuda.amp.GradScaler(
2026-06-25 04:10:39,030 | INFO | Reset optimizer/scheduler on resume | lr=4.0000e-03 step_size=1 gamma=0.80
2026-06-25 04:10:39,030 | INFO | Resumed full state from D:\Research\NO-2D-Metamaterials\MODELS\training_runs\NO_I3O5_BCF16_L1_HC128_LR4e-03_WD0e+00_SS1_G8e-01_ch0u_260622\training_state_latest.pt at epoch=10
2026-06-25 04:10:39,042 | INFO | Run started | run_name=NO_I3O5_BCF16_L1_HC128_LR4e-03_WD0e+00_SS1_G8e-01_ch0u_260622 run_id=NO_I3O5_BCF16_L1_HC128_LR4e-03_WD0e+00_SS1_G8e-01_ch0u_260622 device=cuda train_samples=18720000 test_samples=780000 epoch_range=11..12
2026-06-25 04:10:39,044 | INFO | Fault diagnostics | main_fault_log=D:\Research\NO-2D-Metamaterials\MODELS\training_runs\NO_I3O5_BCF16_L1_HC128_LR4e-03_WD0e+00_SS1_G8e-01_ch0u_260622\main_process_fault.log
E11/12 B200/36000 batch_loss=2.2429e-03
E11/12 B400/36000 batch_loss=3.2020e-03
E11/12 B600/36000 batch_loss=7.5308e-03
E11/12 B800/36000 batch_loss=7.4774e-03
E11/12 B1000/36000 batch_loss=7.7242e-03
E11/12 B1200/36000 batch_loss=6.8162e-03
E11/12 B1400/36000 batch_loss=5.9869e-03
E11/12 B1600/36000 batch_loss=6.5304e-03
E11/12 B1800/36000 batch_loss=5.5347e-03
E11/12 B2000/36000 batch_loss=5.9078e-03
E11/12 B2200/36000 batch_loss=4.9275e-03
E11/12 B2400/36000 batch_loss=6.3235e-03
E11/12 B2600/36000 batch_loss=8.3874e-03
E11/12 B2800/36000 batch_loss=8.3108e-03
E11/12 B3000/36000 batch_loss=7.6673e-03
E11/12 B3200/36000 batch_loss=7.5059e-03
E11/12 B3400/36000 batch_loss=7.4198e-03
E11/12 B3600/36000 batch_loss=7.5084e-03
E11/12 B3800/36000 batch_loss=7.4727e-03
E11/12 B4000/36000 batch_loss=6.9059e-03
E11/12 B4200/36000 batch_loss=7.3262e-03
E11/12 B4400/36000 batch_loss=7.0610e-03
E11/12 B4600/36000 batch_loss=7.0950e-03
E11/12 B4800/36000 batch_loss=6.6520e-03
E11/12 B5000/36000 batch_loss=6.3574e-03
E11/12 B5200/36000 batch_loss=7.0488e-03
E11/12 B5400/36000 batch_loss=6.3054e-03
E11/12 B5600/36000 batch_loss=5.7257e-03
E11/12 B5800/36000 batch_loss=6.7703e-03
E11/12 B6000/36000 batch_loss=5.8774e-03
E11/12 B6200/36000 batch_loss=6.4159e-03
E11/12 B6400/36000 batch_loss=6.1902e-03
E11/12 B6600/36000 batch_loss=6.2690e-03
E11/12 B6800/36000 batch_loss=6.2739e-03
E11/12 B7000/36000 batch_loss=5.5323e-03
E11/12 B7200/36000 batch_loss=5.8716e-03
E11/12 B7400/36000 batch_loss=5.9708e-03
E11/12 B7600/36000 batch_loss=1.1685e-02
E11/12 B7800/36000 batch_loss=1.0758e-02
E11/12 B8000/36000 batch_loss=9.4934e-03
E11/12 B8200/36000 batch_loss=8.8257e-03
E11/12 B8400/36000 batch_loss=8.7064e-03
E11/12 B8600/36000 batch_loss=8.0105e-03
E11/12 B8800/36000 batch_loss=1.0335e-02
E11/12 B9000/36000 batch_loss=8.2616e-03
E11/12 B9200/36000 batch_loss=9.0913e-03
E11/12 B9400/36000 batch_loss=1.0997e-02
E11/12 B9600/36000 batch_loss=1.0406e-02
E11/12 B9800/36000 batch_loss=1.0901e-02
E11/12 B10000/36000 batch_loss=9.2147e-03
E11/12 B10200/36000 batch_loss=8.8611e-03
E11/12 B10400/36000 batch_loss=9.0855e-03
E11/12 B10600/36000 batch_loss=1.0071e-02
E11/12 B10800/36000 batch_loss=8.1961e-03
E11/12 B11000/36000 batch_loss=1.0284e-02
E11/12 B11200/36000 batch_loss=9.1812e-03
E11/12 B11400/36000 batch_loss=8.6439e-03
E11/12 B11600/36000 batch_loss=9.8063e-03
E11/12 B11800/36000 batch_loss=9.5928e-03
E11/12 B12000/36000 batch_loss=8.7555e-03
E11/12 B12200/36000 batch_loss=9.3069e-03
E11/12 B12400/36000 batch_loss=9.7143e-03
E11/12 B12600/36000 batch_loss=9.5153e-03
E11/12 B12800/36000 batch_loss=9.2840e-03
E11/12 B13000/36000 batch_loss=8.4824e-03
E11/12 B13200/36000 batch_loss=8.6009e-03
E11/12 B13400/36000 batch_loss=9.4212e-03
E11/12 B13600/36000 batch_loss=8.9805e-03
E11/12 B13800/36000 batch_loss=8.3336e-03
E11/12 B14000/36000 batch_loss=8.9592e-03
E11/12 B14200/36000 batch_loss=8.6343e-03
E11/12 B14400/36000 batch_loss=8.2282e-03
E11/12 B14600/36000 batch_loss=9.9337e-03
E11/12 B14800/36000 batch_loss=8.3336e-03
E11/12 B15000/36000 batch_loss=8.6879e-03
E11/12 B15200/36000 batch_loss=9.0275e-03
E11/12 B15400/36000 batch_loss=9.3781e-03
E11/12 B15600/36000 batch_loss=8.1158e-03
E11/12 B15800/36000 batch_loss=9.1550e-03
E11/12 B16000/36000 batch_loss=1.0722e-02
E11/12 B16200/36000 batch_loss=8.3723e-03
E11/12 B16400/36000 batch_loss=9.4161e-03
E11/12 B16600/36000 batch_loss=9.8511e-03
E11/12 B16800/36000 batch_loss=1.0243e-02
E11/12 B17000/36000 batch_loss=8.9672e-03
E11/12 B17200/36000 batch_loss=8.7181e-03
E11/12 B17400/36000 batch_loss=8.9638e-03
E11/12 B17600/36000 batch_loss=9.1014e-03
E11/12 B17800/36000 batch_loss=8.9818e-03
E11/12 B18000/36000 batch_loss=9.8563e-03
E11/12 B18200/36000 batch_loss=8.9701e-03
E11/12 B18400/36000 batch_loss=8.6530e-03
E11/12 B18600/36000 batch_loss=9.5070e-03
E11/12 B18800/36000 batch_loss=8.8144e-03
E11/12 B19000/36000 batch_loss=9.2276e-03
E11/12 B19200/36000 batch_loss=9.5944e-03
E11/12 B19400/36000 batch_loss=8.9557e-03
E11/12 B19600/36000 batch_loss=8.9595e-03
E11/12 B19800/36000 batch_loss=1.0553e-02
E11/12 B20000/36000 batch_loss=8.0457e-03
E11/12 B20200/36000 batch_loss=9.8505e-03
E11/12 B20400/36000 batch_loss=8.9803e-03
E11/12 B20600/36000 batch_loss=9.3201e-03
E11/12 B20800/36000 batch_loss=8.7416e-03
E11/12 B21000/36000 batch_loss=9.2969e-03
E11/12 B21200/36000 batch_loss=8.5037e-03
E11/12 B21400/36000 batch_loss=8.5109e-03
E11/12 B21600/36000 batch_loss=9.6458e-03
E11/12 B21800/36000 batch_loss=8.9690e-03
E11/12 B22000/36000 batch_loss=9.3402e-03
E11/12 B22200/36000 batch_loss=8.3012e-03
E11/12 B22400/36000 batch_loss=8.7202e-03
E11/12 B22600/36000 batch_loss=9.3820e-03
E11/12 B22800/36000 batch_loss=8.6165e-03
E11/12 B23000/36000 batch_loss=8.7294e-03
E11/12 B23200/36000 batch_loss=8.9670e-03
E11/12 B23400/36000 batch_loss=1.0630e-02
E11/12 B23600/36000 batch_loss=9.0964e-03
E11/12 B23800/36000 batch_loss=1.0283e-02
E11/12 B24000/36000 batch_loss=9.2228e-03
E11/12 B24200/36000 batch_loss=8.7047e-03
E11/12 B24400/36000 batch_loss=9.4833e-03
E11/12 B24600/36000 batch_loss=9.3836e-03
E11/12 B24800/36000 batch_loss=9.3661e-03
E11/12 B25000/36000 batch_loss=8.5581e-03
E11/12 B25200/36000 batch_loss=8.5231e-03
E11/12 B25400/36000 batch_loss=9.0175e-03
E11/12 B25600/36000 batch_loss=9.6954e-03
E11/12 B25800/36000 batch_loss=9.9892e-03
E11/12 B26000/36000 batch_loss=9.8845e-03
E11/12 B26200/36000 batch_loss=9.7757e-03
E11/12 B26400/36000 batch_loss=1.0473e-02
E11/12 B26600/36000 batch_loss=9.8868e-03
E11/12 B26800/36000 batch_loss=9.4174e-03
E11/12 B27000/36000 batch_loss=8.2469e-03
E11/12 B27200/36000 batch_loss=9.5250e-03
E11/12 B27400/36000 batch_loss=8.8146e-03
E11/12 B27600/36000 batch_loss=8.8297e-03
E11/12 B27800/36000 batch_loss=8.1766e-03
E11/12 B28000/36000 batch_loss=9.8459e-03
E11/12 B28200/36000 batch_loss=1.0075e-02
E11/12 B28400/36000 batch_loss=9.6994e-03
E11/12 B28600/36000 batch_loss=9.2817e-03
E11/12 B28800/36000 batch_loss=8.7996e-03
E11/12 B29000/36000 batch_loss=8.8326e-03
E11/12 B29200/36000 batch_loss=1.0129e-02
E11/12 B29400/36000 batch_loss=9.4026e-03
E11/12 B29600/36000 batch_loss=8.6966e-03
E11/12 B29800/36000 batch_loss=8.4586e-03
E11/12 B30000/36000 batch_loss=9.1568e-03
E11/12 B30200/36000 batch_loss=8.3789e-03
E11/12 B30400/36000 batch_loss=9.3172e-03
E11/12 B30600/36000 batch_loss=8.2896e-03
E11/12 B30800/36000 batch_loss=8.5498e-03
E11/12 B31000/36000 batch_loss=9.1070e-03
E11/12 B31200/36000 batch_loss=9.5428e-03
E11/12 B31400/36000 batch_loss=8.6864e-03
E11/12 B31600/36000 batch_loss=9.0945e-03
E11/12 B31800/36000 batch_loss=9.0428e-03
E11/12 B32000/36000 batch_loss=9.2943e-03
E11/12 B32200/36000 batch_loss=8.4283e-03
E11/12 B32400/36000 batch_loss=9.0443e-03
E11/12 B32600/36000 batch_loss=8.4786e-03
E11/12 B32800/36000 batch_loss=9.3642e-03
E11/12 B33000/36000 batch_loss=8.4954e-03
E11/12 B33200/36000 batch_loss=8.9908e-03
E11/12 B33400/36000 batch_loss=8.5124e-03
E11/12 B33600/36000 batch_loss=9.2787e-03
E11/12 B33800/36000 batch_loss=8.3555e-03
E11/12 B34000/36000 batch_loss=9.1723e-03
E11/12 B34200/36000 batch_loss=8.8018e-03
E11/12 B34400/36000 batch_loss=9.1362e-03
E11/12 B34600/36000 batch_loss=8.6705e-03
E11/12 B34800/36000 batch_loss=9.0020e-03
E11/12 B35000/36000 batch_loss=9.2577e-03
E11/12 B35200/36000 batch_loss=8.4289e-03
E11/12 B35400/36000 batch_loss=9.4319e-03
E11/12 B35600/36000 batch_loss=8.4163e-03
E11/12 B35800/36000 batch_loss=1.0089e-02
E11/12 B36000/36000 batch_loss=9.0817e-03
2026-06-25 08:24:22,354 | INFO | Saved 10 diagnostic panel(s) under D:\Research\NO-2D-Metamaterials\MODELS\training_runs\NO_I3O5_BCF16_L1_HC128_LR4e-03_WD0e+00_SS1_G8e-01_ch0u_260622\diagnostics\epoch_011
epoch=11/12 train_loss=8.598969e-03 val_loss=8.852235e-03 lr=3.200e-03 train_sps=1245.2
epoch=11/12 compare_loss(mse) train=7.108930e-03 val=2.215219e-04
2026-06-25 08:24:23,553 | INFO | epoch=11/12 loss=l1 train_ch_l1=7.864e-03 8.975e-03 8.433e-03 9.097e-03 8.625e-03 val_ch_l1=8.568e-03 9.194e-03 8.547e-03 9.157e-03 8.795e-03 train_loss=8.598969e-03 val_loss=8.852235e-03 lr=3.200e-03 train_sps=1245.2
2026-06-25 08:24:23,553 | INFO | epoch=11/12 compare_loss=mse train_ch_mse=1.225e-02 1.151e-02 5.253e-03 2.594e-03 3.935e-03 val_ch_mse=1.318e-04 2.594e-04 2.279e-04 2.567e-04 2.318e-04 train_loss=7.108930e-03 val_loss=2.215219e-04
Epoch 11/12 done | train_loss=8.5990e-03 val_loss=8.8522e-03 lr=3.20e-03
E12/12 B200/36000 batch_loss=7.9177e-03
E12/12 B400/36000 batch_loss=9.4225e-03
E12/12 B600/36000 batch_loss=8.6215e-03
E12/12 B800/36000 batch_loss=9.0225e-03
E12/12 B1000/36000 batch_loss=9.1185e-03
E12/12 B1200/36000 batch_loss=8.0750e-03
E12/12 B1400/36000 batch_loss=8.0856e-03
E12/12 B1600/36000 batch_loss=8.7061e-03
E12/12 B1800/36000 batch_loss=8.7465e-03
E12/12 B2000/36000 batch_loss=8.6431e-03
E12/12 B2200/36000 batch_loss=8.6218e-03
E12/12 B2400/36000 batch_loss=8.7855e-03
E12/12 B2600/36000 batch_loss=1.0485e-02
E12/12 B2800/36000 batch_loss=9.4342e-03
E12/12 B3000/36000 batch_loss=8.7314e-03
E12/12 B3200/36000 batch_loss=8.8774e-03
E12/12 B3400/36000 batch_loss=9.1420e-03
E12/12 B3600/36000 batch_loss=8.5986e-03
E12/12 B3800/36000 batch_loss=9.5036e-03
E12/12 B4000/36000 batch_loss=9.1880e-03
E12/12 B4200/36000 batch_loss=8.6110e-03
E12/12 B4400/36000 batch_loss=8.5266e-03
E12/12 B4600/36000 batch_loss=8.7371e-03
E12/12 B4800/36000 batch_loss=9.7411e-03
E12/12 B5000/36000 batch_loss=8.9673e-03
E12/12 B5200/36000 batch_loss=8.6696e-03
E12/12 B5400/36000 batch_loss=8.8411e-03
E12/12 B5600/36000 batch_loss=8.8505e-03
E12/12 B5800/36000 batch_loss=8.0327e-03
E12/12 B6000/36000 batch_loss=8.3083e-03
E12/12 B6200/36000 batch_loss=8.7599e-03
E12/12 B6400/36000 batch_loss=9.0864e-03
E12/12 B6600/36000 batch_loss=8.2510e-03
E12/12 B6800/36000 batch_loss=8.8677e-03
E12/12 B7000/36000 batch_loss=8.9427e-03
E12/12 B7200/36000 batch_loss=8.3636e-03
E12/12 B7400/36000 batch_loss=9.6864e-03
E12/12 B7600/36000 batch_loss=9.4216e-03
E12/12 B7800/36000 batch_loss=9.4640e-03
E12/12 B8000/36000 batch_loss=8.7038e-03
E12/12 B8200/36000 batch_loss=9.0169e-03
E12/12 B8400/36000 batch_loss=9.0102e-03
E12/12 B8600/36000 batch_loss=8.6880e-03
E12/12 B8800/36000 batch_loss=8.8982e-03
E12/12 B9000/36000 batch_loss=9.5977e-03
E12/12 B9200/36000 batch_loss=8.5505e-03
E12/12 B9400/36000 batch_loss=9.2220e-03
E12/12 B9600/36000 batch_loss=9.6503e-03
E12/12 B9800/36000 batch_loss=9.4209e-03
E12/12 B10000/36000 batch_loss=8.7764e-03
E12/12 B10200/36000 batch_loss=8.3230e-03
E12/12 B10400/36000 batch_loss=1.0084e-02
E12/12 B10600/36000 batch_loss=8.8678e-03
E12/12 B10800/36000 batch_loss=9.1454e-03
E12/12 B11000/36000 batch_loss=8.6187e-03
E12/12 B11200/36000 batch_loss=9.1427e-03
E12/12 B11400/36000 batch_loss=9.0140e-03
E12/12 B11600/36000 batch_loss=9.6077e-03
E12/12 B11800/36000 batch_loss=9.6332e-03
E12/12 B12000/36000 batch_loss=9.1043e-03
E12/12 B12200/36000 batch_loss=9.4511e-03
E12/12 B12400/36000 batch_loss=9.3256e-03
E12/12 B12600/36000 batch_loss=9.0009e-03
E12/12 B12800/36000 batch_loss=8.8928e-03
E12/12 B13000/36000 batch_loss=8.3625e-03
E12/12 B13200/36000 batch_loss=8.4668e-03
E12/12 B13400/36000 batch_loss=9.5274e-03
E12/12 B13600/36000 batch_loss=8.8469e-03
E12/12 B13800/36000 batch_loss=8.2836e-03
E12/12 B14000/36000 batch_loss=8.7290e-03
E12/12 B14200/36000 batch_loss=8.4839e-03
E12/12 B14400/36000 batch_loss=9.9401e-03
E12/12 B14600/36000 batch_loss=9.0950e-03
E12/12 B14800/36000 batch_loss=8.1127e-03
E12/12 B15000/36000 batch_loss=8.6368e-03
E12/12 B15200/36000 batch_loss=9.4312e-03
E12/12 B15400/36000 batch_loss=9.2313e-03
E12/12 B15600/36000 batch_loss=8.5097e-03
E12/12 B15800/36000 batch_loss=9.5216e-03
E12/12 B16000/36000 batch_loss=9.8212e-03
E12/12 B16200/36000 batch_loss=9.2522e-03
E12/12 B16400/36000 batch_loss=8.8346e-03
E12/12 B16600/36000 batch_loss=9.0921e-03
E12/12 B16800/36000 batch_loss=9.0323e-03
E12/12 B17000/36000 batch_loss=8.2302e-03
E12/12 B17200/36000 batch_loss=9.3125e-03
E12/12 B17400/36000 batch_loss=8.3346e-03
E12/12 B17600/36000 batch_loss=9.7634e-03
E12/12 B17800/36000 batch_loss=1.0153e-02
E12/12 B18000/36000 batch_loss=9.2372e-03
E12/12 B18200/36000 batch_loss=9.3967e-03
E12/12 B18400/36000 batch_loss=8.8394e-03
E12/12 B18600/36000 batch_loss=8.7801e-03
E12/12 B18800/36000 batch_loss=9.2961e-03
E12/12 B19000/36000 batch_loss=9.0846e-03
E12/12 B19200/36000 batch_loss=9.0788e-03
E12/12 B19400/36000 batch_loss=1.1681e-02
E12/12 B19600/36000 batch_loss=8.4273e-03
E12/12 B19800/36000 batch_loss=9.2186e-03
E12/12 B20000/36000 batch_loss=9.2000e-03
E12/12 B20200/36000 batch_loss=8.3688e-03
E12/12 B20400/36000 batch_loss=8.8137e-03
E12/12 B20600/36000 batch_loss=9.4296e-03
E12/12 B20800/36000 batch_loss=9.0799e-03
E12/12 B21000/36000 batch_loss=9.3510e-03
E12/12 B21200/36000 batch_loss=8.7552e-03
E12/12 B21400/36000 batch_loss=9.6928e-03
E12/12 B21600/36000 batch_loss=8.5511e-03
E12/12 B21800/36000 batch_loss=8.6809e-03
E12/12 B22000/36000 batch_loss=9.5548e-03
E12/12 B22200/36000 batch_loss=9.3675e-03
E12/12 B22400/36000 batch_loss=8.8209e-03
E12/12 B22600/36000 batch_loss=8.2844e-03
E12/12 B22800/36000 batch_loss=8.3379e-03
E12/12 B23000/36000 batch_loss=9.2078e-03
E12/12 B23200/36000 batch_loss=8.7859e-03
E12/12 B23400/36000 batch_loss=8.4130e-03
E12/12 B23600/36000 batch_loss=8.7504e-03
E12/12 B23800/36000 batch_loss=1.0048e-02
E12/12 B24000/36000 batch_loss=8.8725e-03
E12/12 B24200/36000 batch_loss=8.6470e-03
E12/12 B24400/36000 batch_loss=8.7787e-03
E12/12 B24600/36000 batch_loss=8.3603e-03
E12/12 B24800/36000 batch_loss=9.3273e-03
E12/12 B25000/36000 batch_loss=8.8551e-03
E12/12 B25200/36000 batch_loss=8.6444e-03
E12/12 B25400/36000 batch_loss=9.8438e-03
E12/12 B25600/36000 batch_loss=9.0883e-03
E12/12 B25800/36000 batch_loss=7.9539e-03
E12/12 B26000/36000 batch_loss=9.8904e-03
E12/12 B26200/36000 batch_loss=8.5650e-03
E12/12 B26400/36000 batch_loss=8.3834e-03
E12/12 B26600/36000 batch_loss=8.7117e-03
E12/12 B26800/36000 batch_loss=9.0035e-03
E12/12 B27000/36000 batch_loss=9.0741e-03
E12/12 B27200/36000 batch_loss=8.6019e-03
E12/12 B27400/36000 batch_loss=8.1942e-03
E12/12 B27600/36000 batch_loss=9.1291e-03
E12/12 B27800/36000 batch_loss=8.5475e-03
E12/12 B28000/36000 batch_loss=9.4358e-03
E12/12 B28200/36000 batch_loss=9.2412e-03
E12/12 B28400/36000 batch_loss=8.7526e-03
E12/12 B28600/36000 batch_loss=8.8554e-03
E12/12 B28800/36000 batch_loss=8.5858e-03
E12/12 B29000/36000 batch_loss=9.7862e-03
E12/12 B29200/36000 batch_loss=7.9473e-03
E12/12 B29400/36000 batch_loss=8.7881e-03
E12/12 B29600/36000 batch_loss=8.8957e-03
E12/12 B29800/36000 batch_loss=9.6907e-03
E12/12 B30000/36000 batch_loss=9.3971e-03
E12/12 B30200/36000 batch_loss=9.5205e-03
E12/12 B30400/36000 batch_loss=8.1840e-03
E12/12 B30600/36000 batch_loss=9.1451e-03
E12/12 B30800/36000 batch_loss=8.6187e-03
E12/12 B31000/36000 batch_loss=9.9559e-03
E12/12 B31200/36000 batch_loss=9.2632e-03
E12/12 B31400/36000 batch_loss=8.7199e-03
E12/12 B31600/36000 batch_loss=1.0064e-02
E12/12 B31800/36000 batch_loss=8.6283e-03
E12/12 B32000/36000 batch_loss=8.9309e-03
E12/12 B32200/36000 batch_loss=8.7746e-03
E12/12 B32400/36000 batch_loss=8.5204e-03
E12/12 B32600/36000 batch_loss=8.8709e-03
E12/12 B32800/36000 batch_loss=8.8877e-03
E12/12 B33000/36000 batch_loss=8.8398e-03
E12/12 B33200/36000 batch_loss=8.3692e-03
E12/12 B33400/36000 batch_loss=8.8762e-03
E12/12 B33600/36000 batch_loss=1.0455e-02
E12/12 B33800/36000 batch_loss=8.5283e-03
E12/12 B34000/36000 batch_loss=9.2277e-03
E12/12 B34200/36000 batch_loss=8.5769e-03
E12/12 B34400/36000 batch_loss=8.8455e-03
E12/12 B34600/36000 batch_loss=9.4900e-03
E12/12 B34800/36000 batch_loss=8.6802e-03
E12/12 B35000/36000 batch_loss=9.4105e-03
E12/12 B35200/36000 batch_loss=8.7637e-03
E12/12 B35400/36000 batch_loss=8.3052e-03
E12/12 B35600/36000 batch_loss=9.0351e-03
E12/12 B35800/36000 batch_loss=9.0071e-03
E12/12 B36000/36000 batch_loss=8.7782e-03
2026-06-25 11:51:12,746 | INFO | Saved 10 diagnostic panel(s) under D:\Research\NO-2D-Metamaterials\MODELS\training_runs\NO_I3O5_BCF16_L1_HC128_LR4e-03_WD0e+00_SS1_G8e-01_ch0u_260622\diagnostics\epoch_012
epoch=12/12 train_loss=9.028106e-03 val_loss=9.500093e-03 lr=2.560e-03 train_sps=1531.6
epoch=12/12 compare_loss(mse) train=2.279028e-04 val=2.415722e-04
2026-06-25 11:51:13,939 | INFO | epoch=12/12 loss=l1 train_ch_l1=9.155e-03 9.300e-03 8.654e-03 9.266e-03 8.766e-03 val_ch_l1=1.075e-02 9.211e-03 8.589e-03 1.027e-02 8.679e-03 train_loss=9.028106e-03 val_loss=9.500093e-03 lr=2.560e-03 train_sps=1531.6
2026-06-25 11:51:13,939 | INFO | epoch=12/12 compare_loss=mse train_ch_mse=1.621e-04 2.595e-04 2.287e-04 2.565e-04 2.328e-04 val_ch_mse=2.198e-04 2.587e-04 2.272e-04 2.696e-04 2.326e-04 train_loss=2.279028e-04 val_loss=2.415722e-04
Epoch 12/12 done | train_loss=9.0281e-03 val_loss=9.5001e-03 lr=2.56e-03
2026-06-25 11:51:14,247 | INFO | Run complete | run_name=NO_I3O5_BCF16_L1_HC128_LR4e-03_WD0e+00_SS1_G8e-01_ch0u_260622 run_id=NO_I3O5_BCF16_L1_HC128_LR4e-03_WD0e+00_SS1_G8e-01_ch0u_260622 best_val_loss=2.449827e-03
2026-06-25 11:51:14,247 | INFO | Artifacts saved to: D:\Research\NO-2D-Metamaterials\MODELS\training_runs\NO_I3O5_BCF16_L1_HC128_LR4e-03_WD0e+00_SS1_G8e-01_ch0u_260622
Run complete. run_name=NO_I3O5_BCF16_L1_HC128_LR4e-03_WD0e+00_SS1_G8e-01_ch0u_260622 run_id=NO_I3O5_BCF16_L1_HC128_LR4e-03_WD0e+00_SS1_G8e-01_ch0u_260622 best_val_loss=2.449827e-03
Artifacts saved to: D:\Research\NO-2D-Metamaterials\MODELS\training_runs\NO_I3O5_BCF16_L1_HC128_LR4e-03_WD0e+00_SS1_G8e-01_ch0u_260622
26/06/25 11:51:16.63 | === finished exit=0 === 
26/06/25 14:19:22.57 | === resume from ep10, L1, reset lr/gamma to e1 === 
2026-06-25 14:19:35,610 | INFO | Dual-loss train/val logging | active_loss=l1 compare_loss=mse
D:\Research\NO-2D-Metamaterials\train_from_disk.py:983: FutureWarning: `torch.cuda.amp.GradScaler(args...)` is deprecated. Please use `torch.amp.GradScaler('cuda', args...)` instead.
  scaler = torch.cuda.amp.GradScaler(enabled=(device.type == "cuda" and args.amp == "fp16"))
2026-06-25 14:19:36,549 | INFO | Resumed model weights from D:\Research\NO-2D-Metamaterials\MODELS\training_runs\NO_I3O5_BCF16_L1_HC128_LR4e-03_WD0e+00_SS1_G8e-01_ch0u_260622\training_state_latest.pt at epoch=12; reset optimizer/scheduler to lr=4.000e-03 gamma=0.8 (not restoring saved optimizer state).
2026-06-25 14:19:36,552 | INFO | Run started | run_name=NO_I3O5_BCF16_L1_HC128_LR4e-03_WD0e+00_SS1_G8e-01_ch0u_260622 run_id=NO_I3O5_BCF16_L1_HC128_LR4e-03_WD0e+00_SS1_G8e-01_ch0u_260622 device=cuda train_samples=18720000 test_samples=780000 epoch_range=13..14
2026-06-25 14:19:36,552 | INFO | Fault diagnostics | main_fault_log=D:\Research\NO-2D-Metamaterials\MODELS\training_runs\NO_I3O5_BCF16_L1_HC128_LR4e-03_WD0e+00_SS1_G8e-01_ch0u_260622\main_process_fault.log
26/06/25 14:20:07.01 | === finished exit=1 === 
26/06/25 14:20:51.27 | === resume from E10 checkpoint, L1, reset lr/gamma to e1 === 
2026-06-25 14:21:01,461 | INFO | Dual-loss train/val logging | active_loss=l1 compare_loss=mse
D:\Research\NO-2D-Metamaterials\train_from_disk.py:1019: FutureWarning: `torch.cuda.amp.GradScaler(args...)` is deprecated. Please use `torch.amp.GradScaler('cuda', args...)` instead.
  scaler = torch.cuda.amp.GradScaler(enabled=(device.type == "cuda" and args.amp == "fp16"))
2026-06-25 14:21:01,943 | INFO | Loaded weights from D:\Research\NO-2D-Metamaterials\MODELS\training_runs\NO_I3O5_BCF16_L1_HC128_LR4e-03_WD0e+00_SS1_G8e-01_ch0u_260622\NO_I3O5_BCF16_L1_HC128_LR4e-03_WD0e+00_SS1_G8e-01_ch0u_260622_E10.pth; reset optimizer/scheduler to lr=4.000e-03 gamma=0.8; continuing at epoch=11.
2026-06-25 14:21:01,946 | INFO | Run started | run_name=NO_I3O5_BCF16_L1_HC128_LR4e-03_WD0e+00_SS1_G8e-01_ch0u_260622 run_id=NO_I3O5_BCF16_L1_HC128_LR4e-03_WD0e+00_SS1_G8e-01_ch0u_260622 device=cuda train_samples=18720000 test_samples=780000 epoch_range=11..12
2026-06-25 14:21:01,946 | INFO | Fault diagnostics | main_fault_log=D:\Research\NO-2D-Metamaterials\MODELS\training_runs\NO_I3O5_BCF16_L1_HC128_LR4e-03_WD0e+00_SS1_G8e-01_ch0u_260622\main_process_fault.log
E11/12 B200/36000 batch_loss=2.2429e-03
E11/12 B400/36000 batch_loss=3.2020e-03
E11/12 B600/36000 batch_loss=7.5308e-03
E11/12 B800/36000 batch_loss=7.4774e-03
E11/12 B1000/36000 batch_loss=7.7242e-03
E11/12 B1200/36000 batch_loss=6.8162e-03
E11/12 B1400/36000 batch_loss=5.9869e-03
E11/12 B1600/36000 batch_loss=6.5304e-03
E11/12 B1800/36000 batch_loss=5.5347e-03
E11/12 B2000/36000 batch_loss=5.9078e-03
E11/12 B2200/36000 batch_loss=4.9275e-03
E11/12 B2400/36000 batch_loss=6.3235e-03
E11/12 B2600/36000 batch_loss=8.3874e-03
E11/12 B2800/36000 batch_loss=8.3108e-03
E11/12 B3000/36000 batch_loss=7.6673e-03
E11/12 B3200/36000 batch_loss=7.5059e-03
E11/12 B3400/36000 batch_loss=7.4198e-03
E11/12 B3600/36000 batch_loss=7.5084e-03
E11/12 B3800/36000 batch_loss=7.4727e-03
E11/12 B4000/36000 batch_loss=6.9059e-03
E11/12 B4200/36000 batch_loss=7.3262e-03
E11/12 B4400/36000 batch_loss=7.0610e-03
E11/12 B4600/36000 batch_loss=7.0950e-03
E11/12 B4800/36000 batch_loss=6.6520e-03
E11/12 B5000/36000 batch_loss=6.3574e-03
E11/12 B5200/36000 batch_loss=7.0488e-03
E11/12 B5400/36000 batch_loss=6.3054e-03
E11/12 B5600/36000 batch_loss=5.7257e-03
E11/12 B5800/36000 batch_loss=6.7703e-03
E11/12 B6000/36000 batch_loss=5.8774e-03
E11/12 B6200/36000 batch_loss=6.4159e-03
E11/12 B6400/36000 batch_loss=6.1902e-03
E11/12 B6600/36000 batch_loss=6.2690e-03
E11/12 B6800/36000 batch_loss=6.2739e-03
E11/12 B7000/36000 batch_loss=5.5323e-03
E11/12 B7200/36000 batch_loss=5.8716e-03
E11/12 B7400/36000 batch_loss=5.9708e-03
E11/12 B7600/36000 batch_loss=1.1685e-02
E11/12 B7800/36000 batch_loss=1.0758e-02
E11/12 B8000/36000 batch_loss=9.4934e-03
E11/12 B8200/36000 batch_loss=8.8257e-03
E11/12 B8400/36000 batch_loss=8.7064e-03
E11/12 B8600/36000 batch_loss=8.0105e-03
E11/12 B8800/36000 batch_loss=1.0335e-02
E11/12 B9000/36000 batch_loss=8.2616e-03
E11/12 B9200/36000 batch_loss=9.0913e-03
E11/12 B9400/36000 batch_loss=1.0997e-02
E11/12 B9600/36000 batch_loss=1.0406e-02
E11/12 B9800/36000 batch_loss=1.0901e-02
E11/12 B10000/36000 batch_loss=9.2147e-03
E11/12 B10200/36000 batch_loss=8.8611e-03
E11/12 B10400/36000 batch_loss=9.0855e-03
E11/12 B10600/36000 batch_loss=1.0071e-02
E11/12 B10800/36000 batch_loss=8.1961e-03
E11/12 B11000/36000 batch_loss=1.0284e-02
E11/12 B11200/36000 batch_loss=9.1812e-03
E11/12 B11400/36000 batch_loss=8.6439e-03
E11/12 B11600/36000 batch_loss=9.8063e-03
E11/12 B11800/36000 batch_loss=9.5928e-03
E11/12 B12000/36000 batch_loss=8.7555e-03
E11/12 B12200/36000 batch_loss=9.3069e-03
E11/12 B12400/36000 batch_loss=9.7143e-03
E11/12 B12600/36000 batch_loss=9.5153e-03
E11/12 B12800/36000 batch_loss=9.2840e-03
E11/12 B13000/36000 batch_loss=8.4824e-03
E11/12 B13200/36000 batch_loss=8.6009e-03
E11/12 B13400/36000 batch_loss=9.4212e-03
E11/12 B13600/36000 batch_loss=8.9805e-03
E11/12 B13800/36000 batch_loss=8.3336e-03
E11/12 B14000/36000 batch_loss=8.9592e-03
E11/12 B14200/36000 batch_loss=8.6343e-03
E11/12 B14400/36000 batch_loss=8.2282e-03
E11/12 B14600/36000 batch_loss=9.9337e-03
E11/12 B14800/36000 batch_loss=8.3336e-03
E11/12 B15000/36000 batch_loss=8.6879e-03
E11/12 B15200/36000 batch_loss=9.0275e-03
E11/12 B15400/36000 batch_loss=9.3781e-03
E11/12 B15600/36000 batch_loss=8.1158e-03
E11/12 B15800/36000 batch_loss=9.1550e-03
E11/12 B16000/36000 batch_loss=1.0722e-02
E11/12 B16200/36000 batch_loss=8.3723e-03
E11/12 B16400/36000 batch_loss=9.4161e-03
E11/12 B16600/36000 batch_loss=9.8511e-03
E11/12 B16800/36000 batch_loss=1.0243e-02
E11/12 B17000/36000 batch_loss=8.9672e-03
E11/12 B17200/36000 batch_loss=8.7181e-03
E11/12 B17400/36000 batch_loss=8.9638e-03
E11/12 B17600/36000 batch_loss=9.1014e-03
E11/12 B17800/36000 batch_loss=8.9818e-03
E11/12 B18000/36000 batch_loss=9.8563e-03
E11/12 B18200/36000 batch_loss=8.9701e-03
E11/12 B18400/36000 batch_loss=8.6530e-03
E11/12 B18600/36000 batch_loss=9.5070e-03
E11/12 B18800/36000 batch_loss=8.8144e-03
E11/12 B19000/36000 batch_loss=9.2276e-03
E11/12 B19200/36000 batch_loss=9.5944e-03
E11/12 B19400/36000 batch_loss=8.9557e-03
E11/12 B19600/36000 batch_loss=8.9595e-03
E11/12 B19800/36000 batch_loss=1.0553e-02
E11/12 B20000/36000 batch_loss=8.0457e-03
E11/12 B20200/36000 batch_loss=9.8505e-03
E11/12 B20400/36000 batch_loss=8.9803e-03
E11/12 B20600/36000 batch_loss=9.3201e-03
E11/12 B20800/36000 batch_loss=8.7416e-03
E11/12 B21000/36000 batch_loss=9.2969e-03
E11/12 B21200/36000 batch_loss=8.5037e-03
E11/12 B21400/36000 batch_loss=8.5109e-03
E11/12 B21600/36000 batch_loss=9.6458e-03
E11/12 B21800/36000 batch_loss=8.9690e-03
E11/12 B22000/36000 batch_loss=9.3402e-03
E11/12 B22200/36000 batch_loss=8.3012e-03
E11/12 B22400/36000 batch_loss=8.7202e-03
E11/12 B22600/36000 batch_loss=9.3820e-03
E11/12 B22800/36000 batch_loss=8.6165e-03
E11/12 B23000/36000 batch_loss=8.7294e-03
E11/12 B23200/36000 batch_loss=8.9670e-03
E11/12 B23400/36000 batch_loss=1.0630e-02
E11/12 B23600/36000 batch_loss=9.0964e-03
E11/12 B23800/36000 batch_loss=1.0283e-02
E11/12 B24000/36000 batch_loss=9.2228e-03
E11/12 B24200/36000 batch_loss=8.7047e-03
E11/12 B24400/36000 batch_loss=9.4833e-03
E11/12 B24600/36000 batch_loss=9.3836e-03
E11/12 B24800/36000 batch_loss=9.3661e-03
E11/12 B25000/36000 batch_loss=8.5581e-03
E11/12 B25200/36000 batch_loss=8.5231e-03
E11/12 B25400/36000 batch_loss=9.0175e-03
E11/12 B25600/36000 batch_loss=9.6954e-03
E11/12 B25800/36000 batch_loss=9.9892e-03
E11/12 B26000/36000 batch_loss=9.8845e-03
E11/12 B26200/36000 batch_loss=9.7757e-03
E11/12 B26400/36000 batch_loss=1.0473e-02
E11/12 B26600/36000 batch_loss=9.8868e-03
E11/12 B26800/36000 batch_loss=9.4174e-03
E11/12 B27000/36000 batch_loss=8.2469e-03
E11/12 B27200/36000 batch_loss=9.5250e-03
E11/12 B27400/36000 batch_loss=8.8146e-03
E11/12 B27600/36000 batch_loss=8.8297e-03
E11/12 B27800/36000 batch_loss=8.1766e-03
E11/12 B28000/36000 batch_loss=9.8459e-03
E11/12 B28200/36000 batch_loss=1.0075e-02
E11/12 B28400/36000 batch_loss=9.6994e-03
E11/12 B28600/36000 batch_loss=9.2817e-03
E11/12 B28800/36000 batch_loss=8.7996e-03
E11/12 B29000/36000 batch_loss=8.8326e-03
E11/12 B29200/36000 batch_loss=1.0129e-02
E11/12 B29400/36000 batch_loss=9.4026e-03
E11/12 B29600/36000 batch_loss=8.6966e-03
E11/12 B29800/36000 batch_loss=8.4586e-03
E11/12 B30000/36000 batch_loss=9.1568e-03
E11/12 B30200/36000 batch_loss=8.3789e-03
E11/12 B30400/36000 batch_loss=9.3172e-03
E11/12 B30600/36000 batch_loss=8.2896e-03
E11/12 B30800/36000 batch_loss=8.5498e-03
E11/12 B31000/36000 batch_loss=9.1070e-03
E11/12 B31200/36000 batch_loss=9.5428e-03
E11/12 B31400/36000 batch_loss=8.6864e-03
E11/12 B31600/36000 batch_loss=9.0945e-03
E11/12 B31800/36000 batch_loss=9.0428e-03
E11/12 B32000/36000 batch_loss=9.2943e-03
E11/12 B32200/36000 batch_loss=8.4283e-03
E11/12 B32400/36000 batch_loss=9.0443e-03
E11/12 B32600/36000 batch_loss=8.4786e-03
E11/12 B32800/36000 batch_loss=9.3642e-03
E11/12 B33000/36000 batch_loss=8.4954e-03
E11/12 B33200/36000 batch_loss=8.9908e-03
E11/12 B33400/36000 batch_loss=8.5124e-03
E11/12 B33600/36000 batch_loss=9.2787e-03
E11/12 B33800/36000 batch_loss=8.3555e-03
E11/12 B34000/36000 batch_loss=9.1723e-03
E11/12 B34200/36000 batch_loss=8.8018e-03
E11/12 B34400/36000 batch_loss=9.1362e-03
E11/12 B34600/36000 batch_loss=8.6705e-03
E11/12 B34800/36000 batch_loss=9.0020e-03
E11/12 B35000/36000 batch_loss=9.2577e-03
E11/12 B35200/36000 batch_loss=8.4289e-03
E11/12 B35400/36000 batch_loss=9.4319e-03
E11/12 B35600/36000 batch_loss=8.4163e-03
E11/12 B35800/36000 batch_loss=1.0089e-02
E11/12 B36000/36000 batch_loss=9.0817e-03
2026-06-25 18:16:42,369 | INFO | Saved 10 diagnostic panel(s) under D:\Research\NO-2D-Metamaterials\MODELS\training_runs\NO_I3O5_BCF16_L1_HC128_LR4e-03_WD0e+00_SS1_G8e-01_ch0u_260622\diagnostics\epoch_011
epoch=11/12 train_loss=8.598969e-03 val_loss=8.852235e-03 lr=3.200e-03 train_sps=1344.0
epoch=11/12 compare_loss(mse) train=7.108930e-03 val=2.215219e-04
2026-06-25 18:16:43,708 | INFO | epoch=11/12 loss=l1 train_ch_l1=7.864e-03 8.975e-03 8.433e-03 9.097e-03 8.625e-03 val_ch_l1=8.568e-03 9.194e-03 8.547e-03 9.157e-03 8.795e-03 train_loss=8.598969e-03 val_loss=8.852235e-03 lr=3.200e-03 train_sps=1344.0
2026-06-25 18:16:43,708 | INFO | epoch=11/12 compare_loss=mse train_ch_mse=1.225e-02 1.151e-02 5.253e-03 2.594e-03 3.935e-03 val_ch_mse=1.318e-04 2.594e-04 2.279e-04 2.567e-04 2.318e-04 train_loss=7.108930e-03 val_loss=2.215219e-04
Epoch 11/12 done | train_loss=8.5990e-03 val_loss=8.8522e-03 lr=3.20e-03
E12/12 B200/36000 batch_loss=7.9177e-03
E12/12 B400/36000 batch_loss=9.4225e-03
E12/12 B600/36000 batch_loss=8.6215e-03
E12/12 B800/36000 batch_loss=9.0225e-03
E12/12 B1000/36000 batch_loss=9.1185e-03
E12/12 B1200/36000 batch_loss=8.0750e-03
E12/12 B1400/36000 batch_loss=8.0856e-03
E12/12 B1600/36000 batch_loss=8.7061e-03
E12/12 B1800/36000 batch_loss=8.7465e-03
E12/12 B2000/36000 batch_loss=8.6431e-03
E12/12 B2200/36000 batch_loss=8.6218e-03
E12/12 B2400/36000 batch_loss=8.7855e-03
E12/12 B2600/36000 batch_loss=1.0485e-02
E12/12 B2800/36000 batch_loss=9.4342e-03
E12/12 B3000/36000 batch_loss=8.7314e-03
E12/12 B3200/36000 batch_loss=8.8774e-03
E12/12 B3400/36000 batch_loss=9.1420e-03
E12/12 B3600/36000 batch_loss=8.5986e-03
E12/12 B3800/36000 batch_loss=9.5036e-03
E12/12 B4000/36000 batch_loss=9.1880e-03
E12/12 B4200/36000 batch_loss=8.6110e-03
E12/12 B4400/36000 batch_loss=8.5266e-03
E12/12 B4600/36000 batch_loss=8.7371e-03
E12/12 B4800/36000 batch_loss=9.7411e-03
E12/12 B5000/36000 batch_loss=8.9673e-03
E12/12 B5200/36000 batch_loss=8.6696e-03
E12/12 B5400/36000 batch_loss=8.8411e-03
E12/12 B5600/36000 batch_loss=8.8505e-03
E12/12 B5800/36000 batch_loss=8.0327e-03
E12/12 B6000/36000 batch_loss=8.3083e-03
E12/12 B6200/36000 batch_loss=8.7599e-03
E12/12 B6400/36000 batch_loss=9.0864e-03
E12/12 B6600/36000 batch_loss=8.2510e-03
E12/12 B6800/36000 batch_loss=8.8677e-03
E12/12 B7000/36000 batch_loss=8.9427e-03
E12/12 B7200/36000 batch_loss=8.3636e-03
E12/12 B7400/36000 batch_loss=9.6864e-03
E12/12 B7600/36000 batch_loss=9.4216e-03
E12/12 B7800/36000 batch_loss=9.4640e-03
E12/12 B8000/36000 batch_loss=8.7038e-03
E12/12 B8200/36000 batch_loss=9.0169e-03
E12/12 B8400/36000 batch_loss=9.0102e-03
E12/12 B8600/36000 batch_loss=8.6880e-03
E12/12 B8800/36000 batch_loss=8.8982e-03
E12/12 B9000/36000 batch_loss=9.5977e-03
E12/12 B9200/36000 batch_loss=8.5505e-03
E12/12 B9400/36000 batch_loss=9.2220e-03
E12/12 B9600/36000 batch_loss=9.6503e-03
E12/12 B9800/36000 batch_loss=9.4209e-03
E12/12 B10000/36000 batch_loss=8.7764e-03
E12/12 B10200/36000 batch_loss=8.3230e-03
E12/12 B10400/36000 batch_loss=1.0084e-02
E12/12 B10600/36000 batch_loss=8.8678e-03
E12/12 B10800/36000 batch_loss=9.1454e-03
E12/12 B11000/36000 batch_loss=8.6187e-03
E12/12 B11200/36000 batch_loss=9.1427e-03
E12/12 B11400/36000 batch_loss=9.0140e-03
E12/12 B11600/36000 batch_loss=9.6077e-03
E12/12 B11800/36000 batch_loss=9.6332e-03
E12/12 B12000/36000 batch_loss=9.1043e-03
E12/12 B12200/36000 batch_loss=9.4511e-03
E12/12 B12400/36000 batch_loss=9.3256e-03
E12/12 B12600/36000 batch_loss=9.0009e-03
E12/12 B12800/36000 batch_loss=8.8928e-03
E12/12 B13000/36000 batch_loss=8.3625e-03
E12/12 B13200/36000 batch_loss=8.4668e-03
E12/12 B13400/36000 batch_loss=9.5274e-03
E12/12 B13600/36000 batch_loss=8.8469e-03
E12/12 B13800/36000 batch_loss=8.2836e-03
E12/12 B14000/36000 batch_loss=8.7290e-03
E12/12 B14200/36000 batch_loss=8.4839e-03
E12/12 B14400/36000 batch_loss=9.9401e-03
E12/12 B14600/36000 batch_loss=9.0950e-03
E12/12 B14800/36000 batch_loss=8.1127e-03
E12/12 B15000/36000 batch_loss=8.6368e-03
E12/12 B15200/36000 batch_loss=9.4312e-03
E12/12 B15400/36000 batch_loss=9.2313e-03
E12/12 B15600/36000 batch_loss=8.5097e-03
E12/12 B15800/36000 batch_loss=9.5216e-03
E12/12 B16000/36000 batch_loss=9.8212e-03
E12/12 B16200/36000 batch_loss=9.2522e-03
E12/12 B16400/36000 batch_loss=8.8346e-03
E12/12 B16600/36000 batch_loss=9.0921e-03
E12/12 B16800/36000 batch_loss=9.0323e-03
E12/12 B17000/36000 batch_loss=8.2302e-03
E12/12 B17200/36000 batch_loss=9.3125e-03
E12/12 B17400/36000 batch_loss=8.3346e-03
E12/12 B17600/36000 batch_loss=9.7634e-03
E12/12 B17800/36000 batch_loss=1.0153e-02
E12/12 B18000/36000 batch_loss=9.2372e-03
E12/12 B18200/36000 batch_loss=9.3967e-03
E12/12 B18400/36000 batch_loss=8.8394e-03
E12/12 B18600/36000 batch_loss=8.7801e-03
E12/12 B18800/36000 batch_loss=9.2961e-03
E12/12 B19000/36000 batch_loss=9.0846e-03
E12/12 B19200/36000 batch_loss=9.0788e-03
E12/12 B19400/36000 batch_loss=1.1681e-02
E12/12 B19600/36000 batch_loss=8.4273e-03
E12/12 B19800/36000 batch_loss=9.2186e-03
E12/12 B20000/36000 batch_loss=9.2000e-03
E12/12 B20200/36000 batch_loss=8.3688e-03
E12/12 B20400/36000 batch_loss=8.8137e-03
E12/12 B20600/36000 batch_loss=9.4296e-03
E12/12 B20800/36000 batch_loss=9.0799e-03
E12/12 B21000/36000 batch_loss=9.3510e-03
E12/12 B21200/36000 batch_loss=8.7552e-03
E12/12 B21400/36000 batch_loss=9.6928e-03
E12/12 B21600/36000 batch_loss=8.5511e-03
E12/12 B21800/36000 batch_loss=8.6809e-03
E12/12 B22000/36000 batch_loss=9.5548e-03
E12/12 B22200/36000 batch_loss=9.3675e-03
E12/12 B22400/36000 batch_loss=8.8209e-03
E12/12 B22600/36000 batch_loss=8.2844e-03
E12/12 B22800/36000 batch_loss=8.3379e-03
E12/12 B23000/36000 batch_loss=9.2078e-03
E12/12 B23200/36000 batch_loss=8.7859e-03
E12/12 B23400/36000 batch_loss=8.4130e-03
E12/12 B23600/36000 batch_loss=8.7504e-03
E12/12 B23800/36000 batch_loss=1.0048e-02
E12/12 B24000/36000 batch_loss=8.8725e-03
E12/12 B24200/36000 batch_loss=8.6470e-03
E12/12 B24400/36000 batch_loss=8.7787e-03
E12/12 B24600/36000 batch_loss=8.3603e-03
E12/12 B24800/36000 batch_loss=9.3273e-03
E12/12 B25000/36000 batch_loss=8.8551e-03
E12/12 B25200/36000 batch_loss=8.6444e-03
E12/12 B25400/36000 batch_loss=9.8438e-03
E12/12 B25600/36000 batch_loss=9.0883e-03
E12/12 B25800/36000 batch_loss=7.9539e-03
E12/12 B26000/36000 batch_loss=9.8904e-03
E12/12 B26200/36000 batch_loss=8.5650e-03
E12/12 B26400/36000 batch_loss=8.3834e-03
E12/12 B26600/36000 batch_loss=8.7117e-03
E12/12 B26800/36000 batch_loss=9.0035e-03
E12/12 B27000/36000 batch_loss=9.0741e-03
E12/12 B27200/36000 batch_loss=8.6019e-03
E12/12 B27400/36000 batch_loss=8.1942e-03
E12/12 B27600/36000 batch_loss=9.1291e-03
E12/12 B27800/36000 batch_loss=8.5475e-03
E12/12 B28000/36000 batch_loss=9.4358e-03
E12/12 B28200/36000 batch_loss=9.2412e-03
E12/12 B28400/36000 batch_loss=8.7526e-03
E12/12 B28600/36000 batch_loss=8.8554e-03
E12/12 B28800/36000 batch_loss=8.5858e-03
E12/12 B29000/36000 batch_loss=9.7862e-03
E12/12 B29200/36000 batch_loss=7.9473e-03
E12/12 B29400/36000 batch_loss=8.7881e-03
E12/12 B29600/36000 batch_loss=8.8957e-03
E12/12 B29800/36000 batch_loss=9.6907e-03
E12/12 B30000/36000 batch_loss=9.3971e-03
E12/12 B30200/36000 batch_loss=9.5205e-03
E12/12 B30400/36000 batch_loss=8.1840e-03
E12/12 B30600/36000 batch_loss=9.1451e-03
E12/12 B30800/36000 batch_loss=8.6187e-03
E12/12 B31000/36000 batch_loss=9.9559e-03
E12/12 B31200/36000 batch_loss=9.2632e-03
E12/12 B31400/36000 batch_loss=8.7199e-03
E12/12 B31600/36000 batch_loss=1.0064e-02
E12/12 B31800/36000 batch_loss=8.6283e-03
E12/12 B32000/36000 batch_loss=8.9309e-03
E12/12 B32200/36000 batch_loss=8.7746e-03
E12/12 B32400/36000 batch_loss=8.5204e-03
E12/12 B32600/36000 batch_loss=8.8709e-03
E12/12 B32800/36000 batch_loss=8.8877e-03
E12/12 B33000/36000 batch_loss=8.8398e-03
E12/12 B33200/36000 batch_loss=8.3692e-03
E12/12 B33400/36000 batch_loss=8.8762e-03
E12/12 B33600/36000 batch_loss=1.0455e-02
E12/12 B33800/36000 batch_loss=8.5283e-03
E12/12 B34000/36000 batch_loss=9.2277e-03
E12/12 B34200/36000 batch_loss=8.5769e-03
E12/12 B34400/36000 batch_loss=8.8455e-03
E12/12 B34600/36000 batch_loss=9.4900e-03
E12/12 B34800/36000 batch_loss=8.6802e-03
E12/12 B35000/36000 batch_loss=9.4105e-03
E12/12 B35200/36000 batch_loss=8.7637e-03
E12/12 B35400/36000 batch_loss=8.3052e-03
E12/12 B35600/36000 batch_loss=9.0351e-03
E12/12 B35800/36000 batch_loss=9.0071e-03
E12/12 B36000/36000 batch_loss=8.7782e-03
2026-06-25 21:54:32,044 | INFO | Saved 10 diagnostic panel(s) under D:\Research\NO-2D-Metamaterials\MODELS\training_runs\NO_I3O5_BCF16_L1_HC128_LR4e-03_WD0e+00_SS1_G8e-01_ch0u_260622\diagnostics\epoch_012
epoch=12/12 train_loss=9.028106e-03 val_loss=9.500093e-03 lr=2.560e-03 train_sps=1454.4
epoch=12/12 compare_loss(mse) train=2.279028e-04 val=2.415722e-04
2026-06-25 21:54:33,238 | INFO | epoch=12/12 loss=l1 train_ch_l1=9.155e-03 9.300e-03 8.654e-03 9.266e-03 8.766e-03 val_ch_l1=1.075e-02 9.211e-03 8.589e-03 1.027e-02 8.679e-03 train_loss=9.028106e-03 val_loss=9.500093e-03 lr=2.560e-03 train_sps=1454.4
2026-06-25 21:54:33,239 | INFO | epoch=12/12 compare_loss=mse train_ch_mse=1.621e-04 2.595e-04 2.287e-04 2.565e-04 2.328e-04 val_ch_mse=2.198e-04 2.587e-04 2.272e-04 2.696e-04 2.326e-04 train_loss=2.279028e-04 val_loss=2.415722e-04
Epoch 12/12 done | train_loss=9.0281e-03 val_loss=9.5001e-03 lr=2.56e-03
2026-06-25 21:54:33,537 | INFO | Run complete | run_name=NO_I3O5_BCF16_L1_HC128_LR4e-03_WD0e+00_SS1_G8e-01_ch0u_260622 run_id=NO_I3O5_BCF16_L1_HC128_LR4e-03_WD0e+00_SS1_G8e-01_ch0u_260622 best_val_loss=2.449827e-03
2026-06-25 21:54:33,537 | INFO | Artifacts saved to: D:\Research\NO-2D-Metamaterials\MODELS\training_runs\NO_I3O5_BCF16_L1_HC128_LR4e-03_WD0e+00_SS1_G8e-01_ch0u_260622
Run complete. run_name=NO_I3O5_BCF16_L1_HC128_LR4e-03_WD0e+00_SS1_G8e-01_ch0u_260622 run_id=NO_I3O5_BCF16_L1_HC128_LR4e-03_WD0e+00_SS1_G8e-01_ch0u_260622 best_val_loss=2.449827e-03
Artifacts saved to: D:\Research\NO-2D-Metamaterials\MODELS\training_runs\NO_I3O5_BCF16_L1_HC128_LR4e-03_WD0e+00_SS1_G8e-01_ch0u_260622
26/06/25 21:54:35.76 | === finished exit=0 === 
