2026-06-22 21:45:34,444 | INFO | Dual-loss train/val logging | active_loss=l1 compare_loss=mse
2026-06-22 21:45:34,989 | INFO | Run started | run_name=NO_I3O5_BCF16_L1_HC128_LR4e-03_WD0e+00_SS1_G8e-01_ch0u_260622 run_id=NO_I3O5_BCF16_L1_HC128_LR4e-03_WD0e+00_SS1_G8e-01_ch0u_260622 device=cuda train_samples=18720000 test_samples=780000 epoch_range=1..12
2026-06-22 21:45:34,990 | INFO | Fault diagnostics | main_fault_log=D:\Research\NO-2D-Metamaterials\MODELS\training_runs\NO_I3O5_BCF16_L1_HC128_LR4e-03_WD0e+00_SS1_G8e-01_ch0u_260622\main_process_fault.log
2026-06-23 01:56:19,279 | INFO | Saved 10 diagnostic panel(s) under D:\Research\NO-2D-Metamaterials\MODELS\training_runs\NO_I3O5_BCF16_L1_HC128_LR4e-03_WD0e+00_SS1_G8e-01_ch0u_260622\diagnostics\epoch_001
2026-06-23 01:56:21,575 | INFO | epoch=1/12 loss=l1 train_ch_l1=2.524e-03 6.173e-03 6.159e-03 7.038e-03 6.634e-03 val_ch_l1=9.247e-04 3.971e-03 3.892e-03 4.599e-03 4.390e-03 train_loss=5.705588e-03 val_loss=3.555362e-03 lr=3.200e-03 train_sps=1260.9
2026-06-23 01:56:21,575 | INFO | epoch=1/12 compare_loss=mse train_ch_mse=5.451e-04 4.027e-04 9.753e-04 3.899e-04 4.657e-04 val_ch_mse=3.223e-06 9.131e-05 8.922e-05 1.196e-04 1.084e-04 train_loss=5.557448e-04 val_loss=8.234928e-05
2026-06-23 06:04:01,607 | INFO | Saved 10 diagnostic panel(s) under D:\Research\NO-2D-Metamaterials\MODELS\training_runs\NO_I3O5_BCF16_L1_HC128_LR4e-03_WD0e+00_SS1_G8e-01_ch0u_260622\diagnostics\epoch_002
2026-06-23 06:04:04,302 | INFO | epoch=2/12 loss=l1 train_ch_l1=9.831e-04 3.543e-03 3.443e-03 4.150e-03 3.944e-03 val_ch_l1=9.759e-04 3.334e-03 3.236e-03 3.940e-03 3.833e-03 train_loss=3.212583e-03 val_loss=3.063799e-03 lr=2.560e-03 train_sps=1276.6
2026-06-23 06:04:04,303 | INFO | epoch=2/12 compare_loss=mse train_ch_mse=1.333e-05 7.849e-05 7.672e-05 1.057e-04 9.579e-05 val_ch_mse=3.249e-06 7.459e-05 7.219e-05 1.008e-04 9.204e-05 train_loss=7.400570e-05 val_loss=6.857969e-05
2026-06-23 10:14:00,026 | INFO | Saved 10 diagnostic panel(s) under D:\Research\NO-2D-Metamaterials\MODELS\training_runs\NO_I3O5_BCF16_L1_HC128_LR4e-03_WD0e+00_SS1_G8e-01_ch0u_260622\diagnostics\epoch_003
2026-06-23 10:14:02,510 | INFO | epoch=3/12 loss=l1 train_ch_l1=7.755e-04 3.068e-03 2.968e-03 3.664e-03 3.458e-03 val_ch_l1=7.220e-04 3.066e-03 2.953e-03 3.662e-03 3.445e-03 train_loss=2.786489e-03 val_loss=2.769356e-03 lr=2.048e-03 train_sps=1264.9
2026-06-23 10:14:02,511 | INFO | epoch=3/12 compare_loss=mse train_ch_mse=1.251e-05 6.615e-05 6.407e-05 9.183e-05 8.287e-05 val_ch_mse=2.677e-06 6.863e-05 6.626e-05 9.453e-05 8.503e-05 train_loss=6.348580e-05 val_loss=6.342735e-05
2026-06-23 14:20:06,188 | INFO | Saved 10 diagnostic panel(s) under D:\Research\NO-2D-Metamaterials\MODELS\training_runs\NO_I3O5_BCF16_L1_HC128_LR4e-03_WD0e+00_SS1_G8e-01_ch0u_260622\diagnostics\epoch_004
2026-06-23 14:20:07,867 | INFO | epoch=4/12 loss=l1 train_ch_l1=6.631e-04 2.818e-03 2.716e-03 3.407e-03 3.204e-03 val_ch_l1=7.090e-04 2.963e-03 3.068e-03 3.572e-03 3.467e-03 train_loss=2.561440e-03 val_loss=2.755693e-03 lr=1.638e-03 train_sps=1285.8
2026-06-23 14:20:07,867 | INFO | epoch=4/12 compare_loss=mse train_ch_mse=1.432e-05 6.342e-05 5.909e-05 9.544e-05 8.322e-05 val_ch_mse=2.758e-06 6.608e-05 6.409e-05 9.138e-05 8.254e-05 train_loss=6.309610e-05 val_loss=6.136920e-05
2026-06-23 17:53:18,735 | INFO | Saved 10 diagnostic panel(s) under D:\Research\NO-2D-Metamaterials\MODELS\training_runs\NO_I3O5_BCF16_L1_HC128_LR4e-03_WD0e+00_SS1_G8e-01_ch0u_260622\diagnostics\epoch_005
2026-06-23 17:53:20,451 | INFO | epoch=5/12 loss=l1 train_ch_l1=5.758e-04 2.655e-03 2.547e-03 3.234e-03 3.032e-03 val_ch_l1=5.406e-04 2.871e-03 2.758e-03 3.443e-03 3.284e-03 train_loss=2.408659e-03 val_loss=2.579333e-03 lr=1.311e-03 train_sps=1485.3
2026-06-23 17:53:20,451 | INFO | epoch=5/12 compare_loss=mse train_ch_mse=1.202e-05 5.561e-05 5.382e-05 8.107e-05 7.211e-05 val_ch_mse=2.259e-06 6.409e-05 6.172e-05 8.930e-05 8.062e-05 train_loss=5.492629e-05 val_loss=5.959782e-05
2026-06-23 21:26:30,692 | INFO | Saved 10 diagnostic panel(s) under D:\Research\NO-2D-Metamaterials\MODELS\training_runs\NO_I3O5_BCF16_L1_HC128_LR4e-03_WD0e+00_SS1_G8e-01_ch0u_260622\diagnostics\epoch_006
2026-06-23 21:26:32,191 | INFO | epoch=6/12 loss=l1 train_ch_l1=5.036e-04 2.521e-03 2.416e-03 3.099e-03 2.899e-03 val_ch_l1=6.241e-04 2.829e-03 2.710e-03 3.398e-03 3.203e-03 train_loss=2.287443e-03 val_loss=2.552714e-03 lr=1.049e-03 train_sps=1486.0
2026-06-23 21:26:32,192 | INFO | epoch=6/12 compare_loss=mse train_ch_mse=1.123e-05 5.225e-05 4.993e-05 7.718e-05 6.829e-05 val_ch_mse=2.715e-06 6.339e-05 6.024e-05 8.888e-05 7.924e-05 train_loss=5.177405e-05 val_loss=5.889335e-05
2026-06-24 01:10:16,272 | INFO | Saved 10 diagnostic panel(s) under D:\Research\NO-2D-Metamaterials\MODELS\training_runs\NO_I3O5_BCF16_L1_HC128_LR4e-03_WD0e+00_SS1_G8e-01_ch0u_260622\diagnostics\epoch_007
2026-06-24 01:10:17,813 | INFO | epoch=7/12 loss=l1 train_ch_l1=4.502e-04 2.423e-03 2.316e-03 2.995e-03 2.798e-03 val_ch_l1=5.733e-04 2.807e-03 2.653e-03 3.347e-03 3.158e-03 train_loss=2.196386e-03 val_loss=2.507525e-03 lr=8.389e-04 train_sps=1416.0
2026-06-24 01:10:17,813 | INFO | epoch=7/12 compare_loss=mse train_ch_mse=9.703e-06 5.057e-05 4.787e-05 8.614e-05 9.075e-05 val_ch_mse=2.263e-06 6.201e-05 5.964e-05 8.805e-05 7.867e-05 train_loss=5.700786e-05 val_loss=5.812726e-05
2026-06-24 04:42:53,347 | INFO | Saved 10 diagnostic panel(s) under D:\Research\NO-2D-Metamaterials\MODELS\training_runs\NO_I3O5_BCF16_L1_HC128_LR4e-03_WD0e+00_SS1_G8e-01_ch0u_260622\diagnostics\epoch_008
2026-06-24 04:42:54,953 | INFO | epoch=8/12 loss=l1 train_ch_l1=4.169e-04 2.346e-03 2.238e-03 2.911e-03 2.716e-03 val_ch_l1=5.384e-04 2.729e-03 2.616e-03 3.322e-03 3.112e-03 train_loss=2.125486e-03 val_loss=2.463555e-03 lr=6.711e-04 train_sps=1489.5
2026-06-24 04:42:54,953 | INFO | epoch=8/12 compare_loss=mse train_ch_mse=1.339e-05 2.441e-04 1.102e-04 1.110e-04 6.885e-05 val_ch_mse=2.436e-06 7.164e-05 7.077e-05 1.030e-04 8.905e-05 train_loss=1.094887e-04 val_loss=6.738031e-05
2026-06-24 08:09:32,593 | INFO | Saved 10 diagnostic panel(s) under D:\Research\NO-2D-Metamaterials\MODELS\training_runs\NO_I3O5_BCF16_L1_HC128_LR4e-03_WD0e+00_SS1_G8e-01_ch0u_260622\diagnostics\epoch_009
2026-06-24 08:09:33,764 | INFO | epoch=9/12 loss=l1 train_ch_l1=3.816e-04 2.282e-03 2.172e-03 2.842e-03 2.646e-03 val_ch_l1=7.422e-04 2.684e-03 2.575e-03 3.287e-03 3.066e-03 train_loss=2.064856e-03 val_loss=2.470826e-03 lr=5.369e-04 train_sps=1533.1
2026-06-24 08:09:33,764 | INFO | epoch=9/12 compare_loss=mse train_ch_mse=1.134e-05 1.347e-02 1.000e-02 1.276e-02 7.867e-03 val_ch_mse=5.519e-05 6.115e-05 5.875e-05 8.697e-05 7.756e-05 train_loss=8.822753e-03 val_loss=6.792405e-05
2026-06-24 11:36:35,269 | INFO | Saved 10 diagnostic panel(s) under D:\Research\NO-2D-Metamaterials\MODELS\training_runs\NO_I3O5_BCF16_L1_HC128_LR4e-03_WD0e+00_SS1_G8e-01_ch0u_260622\diagnostics\epoch_010
2026-06-24 11:36:36,728 | INFO | epoch=10/12 loss=l1 train_ch_l1=3.430e-04 2.195e-03 2.086e-03 2.754e-03 2.561e-03 val_ch_l1=7.383e-04 2.653e-03 2.540e-03 3.275e-03 3.043e-03 train_loss=1.987935e-03 val_loss=2.449827e-03 lr=4.295e-04 train_sps=1530.0
2026-06-24 11:36:36,728 | INFO | epoch=10/12 compare_loss=mse train_ch_mse=5.544e-06 4.504e-05 4.249e-05 6.898e-05 6.052e-05 val_ch_mse=5.112e-05 6.104e-05 5.861e-05 8.701e-05 7.759e-05 train_loss=4.451543e-05 val_loss=6.707215e-05
2026-06-24 13:08:08,247 | INFO | Dual-loss train/val logging | active_loss=l1 compare_loss=mse
2026-06-24 13:08:09,542 | INFO | Reset optimizer/scheduler on resume | lr=4.0000e-03 step_size=1 gamma=0.80
2026-06-24 13:08:09,544 | INFO | Resumed full state from D:\Research\NO-2D-Metamaterials\MODELS\training_runs\NO_I3O5_BCF16_L1_HC128_LR4e-03_WD0e+00_SS1_G8e-01_ch0u_260622\training_state_latest.pt at epoch=10
2026-06-24 13:08:09,546 | INFO | Run started | run_name=NO_I3O5_BCF16_L1_HC128_LR4e-03_WD0e+00_SS1_G8e-01_ch0u_260622 run_id=NO_I3O5_BCF16_L1_HC128_LR4e-03_WD0e+00_SS1_G8e-01_ch0u_260622 device=cuda train_samples=18720000 test_samples=780000 epoch_range=11..12
2026-06-24 13:08:09,547 | INFO | Fault diagnostics | main_fault_log=D:\Research\NO-2D-Metamaterials\MODELS\training_runs\NO_I3O5_BCF16_L1_HC128_LR4e-03_WD0e+00_SS1_G8e-01_ch0u_260622\main_process_fault.log
2026-06-25 04:10:32,500 | INFO | Dual-loss train/val logging | active_loss=l1 compare_loss=mse
2026-06-25 04:10:39,030 | INFO | Reset optimizer/scheduler on resume | lr=4.0000e-03 step_size=1 gamma=0.80
2026-06-25 04:10:39,030 | INFO | Resumed full state from D:\Research\NO-2D-Metamaterials\MODELS\training_runs\NO_I3O5_BCF16_L1_HC128_LR4e-03_WD0e+00_SS1_G8e-01_ch0u_260622\training_state_latest.pt at epoch=10
2026-06-25 04:10:39,042 | INFO | Run started | run_name=NO_I3O5_BCF16_L1_HC128_LR4e-03_WD0e+00_SS1_G8e-01_ch0u_260622 run_id=NO_I3O5_BCF16_L1_HC128_LR4e-03_WD0e+00_SS1_G8e-01_ch0u_260622 device=cuda train_samples=18720000 test_samples=780000 epoch_range=11..12
2026-06-25 04:10:39,044 | INFO | Fault diagnostics | main_fault_log=D:\Research\NO-2D-Metamaterials\MODELS\training_runs\NO_I3O5_BCF16_L1_HC128_LR4e-03_WD0e+00_SS1_G8e-01_ch0u_260622\main_process_fault.log
2026-06-25 08:24:22,354 | INFO | Saved 10 diagnostic panel(s) under D:\Research\NO-2D-Metamaterials\MODELS\training_runs\NO_I3O5_BCF16_L1_HC128_LR4e-03_WD0e+00_SS1_G8e-01_ch0u_260622\diagnostics\epoch_011
2026-06-25 08:24:23,553 | INFO | epoch=11/12 loss=l1 train_ch_l1=7.864e-03 8.975e-03 8.433e-03 9.097e-03 8.625e-03 val_ch_l1=8.568e-03 9.194e-03 8.547e-03 9.157e-03 8.795e-03 train_loss=8.598969e-03 val_loss=8.852235e-03 lr=3.200e-03 train_sps=1245.2
2026-06-25 08:24:23,553 | INFO | epoch=11/12 compare_loss=mse train_ch_mse=1.225e-02 1.151e-02 5.253e-03 2.594e-03 3.935e-03 val_ch_mse=1.318e-04 2.594e-04 2.279e-04 2.567e-04 2.318e-04 train_loss=7.108930e-03 val_loss=2.215219e-04
2026-06-25 11:51:12,746 | INFO | Saved 10 diagnostic panel(s) under D:\Research\NO-2D-Metamaterials\MODELS\training_runs\NO_I3O5_BCF16_L1_HC128_LR4e-03_WD0e+00_SS1_G8e-01_ch0u_260622\diagnostics\epoch_012
2026-06-25 11:51:13,939 | INFO | epoch=12/12 loss=l1 train_ch_l1=9.155e-03 9.300e-03 8.654e-03 9.266e-03 8.766e-03 val_ch_l1=1.075e-02 9.211e-03 8.589e-03 1.027e-02 8.679e-03 train_loss=9.028106e-03 val_loss=9.500093e-03 lr=2.560e-03 train_sps=1531.6
2026-06-25 11:51:13,939 | INFO | epoch=12/12 compare_loss=mse train_ch_mse=1.621e-04 2.595e-04 2.287e-04 2.565e-04 2.328e-04 val_ch_mse=2.198e-04 2.587e-04 2.272e-04 2.696e-04 2.326e-04 train_loss=2.279028e-04 val_loss=2.415722e-04
2026-06-25 11:51:14,247 | INFO | Run complete | run_name=NO_I3O5_BCF16_L1_HC128_LR4e-03_WD0e+00_SS1_G8e-01_ch0u_260622 run_id=NO_I3O5_BCF16_L1_HC128_LR4e-03_WD0e+00_SS1_G8e-01_ch0u_260622 best_val_loss=2.449827e-03
2026-06-25 11:51:14,247 | INFO | Artifacts saved to: D:\Research\NO-2D-Metamaterials\MODELS\training_runs\NO_I3O5_BCF16_L1_HC128_LR4e-03_WD0e+00_SS1_G8e-01_ch0u_260622
2026-06-25 14:19:35,610 | INFO | Dual-loss train/val logging | active_loss=l1 compare_loss=mse
2026-06-25 14:19:36,549 | INFO | Resumed model weights from D:\Research\NO-2D-Metamaterials\MODELS\training_runs\NO_I3O5_BCF16_L1_HC128_LR4e-03_WD0e+00_SS1_G8e-01_ch0u_260622\training_state_latest.pt at epoch=12; reset optimizer/scheduler to lr=4.000e-03 gamma=0.8 (not restoring saved optimizer state).
2026-06-25 14:19:36,552 | INFO | Run started | run_name=NO_I3O5_BCF16_L1_HC128_LR4e-03_WD0e+00_SS1_G8e-01_ch0u_260622 run_id=NO_I3O5_BCF16_L1_HC128_LR4e-03_WD0e+00_SS1_G8e-01_ch0u_260622 device=cuda train_samples=18720000 test_samples=780000 epoch_range=13..14
2026-06-25 14:19:36,552 | INFO | Fault diagnostics | main_fault_log=D:\Research\NO-2D-Metamaterials\MODELS\training_runs\NO_I3O5_BCF16_L1_HC128_LR4e-03_WD0e+00_SS1_G8e-01_ch0u_260622\main_process_fault.log
2026-06-25 14:21:01,461 | INFO | Dual-loss train/val logging | active_loss=l1 compare_loss=mse
2026-06-25 14:21:01,943 | INFO | Loaded weights from D:\Research\NO-2D-Metamaterials\MODELS\training_runs\NO_I3O5_BCF16_L1_HC128_LR4e-03_WD0e+00_SS1_G8e-01_ch0u_260622\NO_I3O5_BCF16_L1_HC128_LR4e-03_WD0e+00_SS1_G8e-01_ch0u_260622_E10.pth; reset optimizer/scheduler to lr=4.000e-03 gamma=0.8; continuing at epoch=11.
2026-06-25 14:21:01,946 | INFO | Run started | run_name=NO_I3O5_BCF16_L1_HC128_LR4e-03_WD0e+00_SS1_G8e-01_ch0u_260622 run_id=NO_I3O5_BCF16_L1_HC128_LR4e-03_WD0e+00_SS1_G8e-01_ch0u_260622 device=cuda train_samples=18720000 test_samples=780000 epoch_range=11..12
2026-06-25 14:21:01,946 | INFO | Fault diagnostics | main_fault_log=D:\Research\NO-2D-Metamaterials\MODELS\training_runs\NO_I3O5_BCF16_L1_HC128_LR4e-03_WD0e+00_SS1_G8e-01_ch0u_260622\main_process_fault.log
2026-06-25 18:16:42,369 | INFO | Saved 10 diagnostic panel(s) under D:\Research\NO-2D-Metamaterials\MODELS\training_runs\NO_I3O5_BCF16_L1_HC128_LR4e-03_WD0e+00_SS1_G8e-01_ch0u_260622\diagnostics\epoch_011
2026-06-25 18:16:43,708 | INFO | epoch=11/12 loss=l1 train_ch_l1=7.864e-03 8.975e-03 8.433e-03 9.097e-03 8.625e-03 val_ch_l1=8.568e-03 9.194e-03 8.547e-03 9.157e-03 8.795e-03 train_loss=8.598969e-03 val_loss=8.852235e-03 lr=3.200e-03 train_sps=1344.0
2026-06-25 18:16:43,708 | INFO | epoch=11/12 compare_loss=mse train_ch_mse=1.225e-02 1.151e-02 5.253e-03 2.594e-03 3.935e-03 val_ch_mse=1.318e-04 2.594e-04 2.279e-04 2.567e-04 2.318e-04 train_loss=7.108930e-03 val_loss=2.215219e-04
2026-06-25 21:54:32,044 | INFO | Saved 10 diagnostic panel(s) under D:\Research\NO-2D-Metamaterials\MODELS\training_runs\NO_I3O5_BCF16_L1_HC128_LR4e-03_WD0e+00_SS1_G8e-01_ch0u_260622\diagnostics\epoch_012
2026-06-25 21:54:33,238 | INFO | epoch=12/12 loss=l1 train_ch_l1=9.155e-03 9.300e-03 8.654e-03 9.266e-03 8.766e-03 val_ch_l1=1.075e-02 9.211e-03 8.589e-03 1.027e-02 8.679e-03 train_loss=9.028106e-03 val_loss=9.500093e-03 lr=2.560e-03 train_sps=1454.4
2026-06-25 21:54:33,239 | INFO | epoch=12/12 compare_loss=mse train_ch_mse=1.621e-04 2.595e-04 2.287e-04 2.565e-04 2.328e-04 val_ch_mse=2.198e-04 2.587e-04 2.272e-04 2.696e-04 2.326e-04 train_loss=2.279028e-04 val_loss=2.415722e-04
2026-06-25 21:54:33,537 | INFO | Run complete | run_name=NO_I3O5_BCF16_L1_HC128_LR4e-03_WD0e+00_SS1_G8e-01_ch0u_260622 run_id=NO_I3O5_BCF16_L1_HC128_LR4e-03_WD0e+00_SS1_G8e-01_ch0u_260622 best_val_loss=2.449827e-03
2026-06-25 21:54:33,537 | INFO | Artifacts saved to: D:\Research\NO-2D-Metamaterials\MODELS\training_runs\NO_I3O5_BCF16_L1_HC128_LR4e-03_WD0e+00_SS1_G8e-01_ch0u_260622
2026-06-26 11:58:34,658 | INFO | backfill_val_dual_loss | epoch=1 trained_loss=l1 val_l1=3.556263e-03 val_mse=8.241785e-05 rows_updated=1 migrated=False
2026-06-26 12:13:52,013 | INFO | backfill_val_dual_loss | epoch=2 trained_loss=l1 val_l1=3.062932e-03 val_mse=6.862345e-05 rows_updated=1 migrated=False
2026-06-26 12:29:09,339 | INFO | backfill_val_dual_loss | epoch=3 trained_loss=l1 val_l1=2.769000e-03 val_mse=6.351214e-05 rows_updated=1 migrated=False
2026-06-26 12:44:29,798 | INFO | backfill_val_dual_loss | epoch=4 trained_loss=l1 val_l1=2.754308e-03 val_mse=6.138512e-05 rows_updated=1 migrated=False
2026-06-26 12:59:47,168 | INFO | backfill_val_dual_loss | epoch=5 trained_loss=l1 val_l1=2.579462e-03 val_mse=5.969080e-05 rows_updated=1 migrated=False
2026-06-26 13:15:04,471 | INFO | backfill_val_dual_loss | epoch=6 trained_loss=l1 val_l1=2.552403e-03 val_mse=5.886731e-05 rows_updated=1 migrated=False
2026-06-26 13:30:22,073 | INFO | backfill_val_dual_loss | epoch=7 trained_loss=l1 val_l1=2.506653e-03 val_mse=5.812860e-05 rows_updated=1 migrated=False
2026-06-26 13:45:53,415 | INFO | backfill_val_dual_loss | epoch=8 trained_loss=l1 val_l1=2.463027e-03 val_mse=6.704743e-05 rows_updated=1 migrated=False
2026-06-26 14:02:06,228 | INFO | backfill_val_dual_loss | epoch=9 trained_loss=l1 val_l1=2.470211e-03 val_mse=6.800044e-05 rows_updated=1 migrated=False
2026-06-26 14:19:28,695 | INFO | backfill_val_dual_loss | epoch=10 trained_loss=l1 val_l1=2.448615e-03 val_mse=6.711404e-05 rows_updated=1 migrated=False
2026-06-26 14:36:52,272 | INFO | backfill_val_dual_loss | epoch=11 trained_loss=l1 val_l1=8.850409e-03 val_mse=2.215825e-04 rows_updated=1 migrated=False
2026-06-26 14:52:58,810 | INFO | backfill_val_dual_loss | epoch=12 trained_loss=l1 val_l1=9.498512e-03 val_mse=2.416310e-04 rows_updated=1 migrated=False
