2026-06-20 15:26:29 | === start epochs 5-8 L1 ===
26/06/20 15:29:06.80 | === start epochs 5-8 L1 === 
D:\Research\NO-2D-Metamaterials\train_from_disk.py:960: FutureWarning: `torch.cuda.amp.GradScaler(args...)` is deprecated. Please use `torch.amp.GradScaler('cuda', args...)` instead.
  scaler = torch.cuda.amp.GradScaler(enabled=(device.type == "cuda" and args.amp == "fp16"))
2026-06-20 15:29:18,917 | INFO | Resumed full state from D:\Research\NO-2D-Metamaterials\MODELS\training_runs\NO_I3O5_BCF16_L1_HC128_LR2e-03_WD0e+00_SS1_G9e-01_ch0u_260619\training_state_latest.pt at epoch=4
2026-06-20 15:29:18,920 | INFO | Run started | run_name=NO_I3O5_BCF16_L1_HC128_LR2e-03_WD0e+00_SS1_G9e-01_ch0u_260619 run_id=NO_I3O5_BCF16_L1_HC128_LR2e-03_WD0e+00_SS1_G9e-01_ch0u_260619 device=cuda train_samples=18720000 test_samples=780000 epoch_range=5..8
2026-06-20 15:29:18,921 | INFO | Fault diagnostics | main_fault_log=D:\Research\NO-2D-Metamaterials\MODELS\training_runs\NO_I3O5_BCF16_L1_HC128_LR2e-03_WD0e+00_SS1_G9e-01_ch0u_260619\main_process_fault.log
E5/8 B200/36000 batch_loss=2.4411e-03
E5/8 B400/36000 batch_loss=1.6172e-03
E5/8 B600/36000 batch_loss=2.3908e-03
E5/8 B800/36000 batch_loss=1.3455e-03
E5/8 B1000/36000 batch_loss=1.7992e-03
E5/8 B1200/36000 batch_loss=2.3278e-03
E5/8 B1400/36000 batch_loss=1.5182e-03
E5/8 B1600/36000 batch_loss=2.2394e-03
E5/8 B1800/36000 batch_loss=2.1620e-03
E5/8 B2000/36000 batch_loss=1.9347e-03
E5/8 B2200/36000 batch_loss=1.5885e-03
E5/8 B2400/36000 batch_loss=2.2843e-03
E5/8 B2600/36000 batch_loss=1.5511e-03
E5/8 B2800/36000 batch_loss=2.1298e-03
E5/8 B3000/36000 batch_loss=1.4522e-03
E5/8 B3200/36000 batch_loss=2.2156e-03
E5/8 B3400/36000 batch_loss=2.3318e-03
E5/8 B3600/36000 batch_loss=1.3964e-03
E5/8 B3800/36000 batch_loss=2.2991e-03
E5/8 B4000/36000 batch_loss=2.4086e-03
E5/8 B4200/36000 batch_loss=1.8166e-03
E5/8 B4400/36000 batch_loss=1.6072e-03
E5/8 B4600/36000 batch_loss=2.5003e-03
E5/8 B4800/36000 batch_loss=2.5330e-03
E5/8 B5000/36000 batch_loss=2.3407e-03
E5/8 B5200/36000 batch_loss=2.2134e-03
E5/8 B5400/36000 batch_loss=2.1000e-03
E5/8 B5600/36000 batch_loss=1.3975e-03
E5/8 B5800/36000 batch_loss=1.6136e-03
E5/8 B6000/36000 batch_loss=2.3981e-03
E5/8 B6200/36000 batch_loss=2.1487e-03
E5/8 B6400/36000 batch_loss=2.1377e-03
E5/8 B6600/36000 batch_loss=1.5434e-03
E5/8 B6800/36000 batch_loss=2.0771e-03
E5/8 B7000/36000 batch_loss=2.4355e-03
E5/8 B7200/36000 batch_loss=1.4858e-03
E5/8 B7400/36000 batch_loss=1.8149e-03
E5/8 B7600/36000 batch_loss=1.4959e-03
E5/8 B7800/36000 batch_loss=2.4152e-03
E5/8 B8000/36000 batch_loss=2.4731e-03
E5/8 B8200/36000 batch_loss=1.5237e-03
E5/8 B8400/36000 batch_loss=1.5713e-03
E5/8 B8600/36000 batch_loss=1.5675e-03
E5/8 B8800/36000 batch_loss=2.3153e-03
E5/8 B9000/36000 batch_loss=1.5271e-03
E5/8 B9200/36000 batch_loss=2.2670e-03
E5/8 B9400/36000 batch_loss=2.5080e-03
E5/8 B9600/36000 batch_loss=2.3718e-03
E5/8 B9800/36000 batch_loss=1.6084e-03
E5/8 B10000/36000 batch_loss=1.5752e-03
E5/8 B10200/36000 batch_loss=1.5883e-03
E5/8 B10400/36000 batch_loss=2.2614e-03
E5/8 B10600/36000 batch_loss=1.5975e-03
E5/8 B10800/36000 batch_loss=2.3785e-03
E5/8 B11000/36000 batch_loss=1.5497e-03
E5/8 B11200/36000 batch_loss=1.4799e-03
E5/8 B11400/36000 batch_loss=2.3827e-03
E5/8 B11600/36000 batch_loss=2.4872e-03
E5/8 B11800/36000 batch_loss=2.3521e-03
E5/8 B12000/36000 batch_loss=2.2694e-03
E5/8 B12200/36000 batch_loss=2.5030e-03
E5/8 B12400/36000 batch_loss=1.6148e-03
E5/8 B12600/36000 batch_loss=2.3036e-03
E5/8 B12800/36000 batch_loss=1.7078e-03
E5/8 B13000/36000 batch_loss=1.7861e-03
E5/8 B13200/36000 batch_loss=1.8837e-03
E5/8 B13400/36000 batch_loss=2.3741e-03
E5/8 B13600/36000 batch_loss=2.3190e-03
E5/8 B13800/36000 batch_loss=2.4318e-03
E5/8 B14000/36000 batch_loss=2.3713e-03
E5/8 B14200/36000 batch_loss=1.6253e-03
E5/8 B14400/36000 batch_loss=1.6807e-03
E5/8 B14600/36000 batch_loss=1.5857e-03
E5/8 B14800/36000 batch_loss=1.5237e-03
E5/8 B15000/36000 batch_loss=2.2852e-03
E5/8 B15200/36000 batch_loss=1.7144e-03
E5/8 B15400/36000 batch_loss=2.2777e-03
E5/8 B15600/36000 batch_loss=2.6393e-03
E5/8 B15800/36000 batch_loss=1.5773e-03
E5/8 B16000/36000 batch_loss=1.5321e-03
E5/8 B16200/36000 batch_loss=2.2503e-03
E5/8 B16400/36000 batch_loss=1.3475e-03
E5/8 B16600/36000 batch_loss=2.3674e-03
E5/8 B16800/36000 batch_loss=2.2432e-03
E5/8 B17000/36000 batch_loss=2.3076e-03
E5/8 B17200/36000 batch_loss=2.1975e-03
E5/8 B17400/36000 batch_loss=2.3107e-03
E5/8 B17600/36000 batch_loss=1.6230e-03
E5/8 B17800/36000 batch_loss=1.5239e-03
E5/8 B18000/36000 batch_loss=1.5060e-03
E5/8 B18200/36000 batch_loss=2.4943e-03
E5/8 B18400/36000 batch_loss=1.6586e-03
E5/8 B18600/36000 batch_loss=1.5549e-03
E5/8 B18800/36000 batch_loss=1.6908e-03
E5/8 B19000/36000 batch_loss=1.8219e-03
E5/8 B19200/36000 batch_loss=2.4340e-03
E5/8 B19400/36000 batch_loss=2.5755e-03
E5/8 B19600/36000 batch_loss=1.6654e-03
E5/8 B19800/36000 batch_loss=2.3126e-03
E5/8 B20000/36000 batch_loss=2.5452e-03
E5/8 B20200/36000 batch_loss=1.7591e-03
E5/8 B20400/36000 batch_loss=2.3481e-03
E5/8 B20600/36000 batch_loss=2.3323e-03
E5/8 B20800/36000 batch_loss=2.2500e-03
E5/8 B21000/36000 batch_loss=2.3323e-03
E5/8 B21200/36000 batch_loss=2.4038e-03
E5/8 B21400/36000 batch_loss=1.6937e-03
E5/8 B21600/36000 batch_loss=1.3874e-03
E5/8 B21800/36000 batch_loss=2.2937e-03
E5/8 B22000/36000 batch_loss=2.1129e-03
E5/8 B22200/36000 batch_loss=2.4693e-03
E5/8 B22400/36000 batch_loss=1.4946e-03
E5/8 B22600/36000 batch_loss=2.1654e-03
E5/8 B22800/36000 batch_loss=1.5080e-03
E5/8 B23000/36000 batch_loss=1.6070e-03
E5/8 B23200/36000 batch_loss=2.5280e-03
E5/8 B23400/36000 batch_loss=2.2680e-03
E5/8 B23600/36000 batch_loss=2.3913e-03
E5/8 B23800/36000 batch_loss=1.4131e-03
E5/8 B24000/36000 batch_loss=1.7198e-03
E5/8 B24200/36000 batch_loss=1.6582e-03
E5/8 B24400/36000 batch_loss=1.6566e-03
E5/8 B24600/36000 batch_loss=1.7945e-03
E5/8 B24800/36000 batch_loss=2.1677e-03
E5/8 B25000/36000 batch_loss=1.8947e-03
E5/8 B25200/36000 batch_loss=2.3573e-03
E5/8 B25400/36000 batch_loss=2.3052e-03
E5/8 B25600/36000 batch_loss=1.5348e-03
E5/8 B25800/36000 batch_loss=1.6078e-03
E5/8 B26000/36000 batch_loss=1.8777e-03
E5/8 B26200/36000 batch_loss=2.6371e-03
E5/8 B26400/36000 batch_loss=2.3027e-03
E5/8 B26600/36000 batch_loss=1.5597e-03
E5/8 B26800/36000 batch_loss=2.1290e-03
E5/8 B27000/36000 batch_loss=2.3096e-03
E5/8 B27200/36000 batch_loss=1.3801e-03
E5/8 B27400/36000 batch_loss=2.5095e-03
E5/8 B27600/36000 batch_loss=1.3620e-03
E5/8 B27800/36000 batch_loss=2.2594e-03
E5/8 B28000/36000 batch_loss=2.1325e-03
E5/8 B28200/36000 batch_loss=1.5465e-03
E5/8 B28400/36000 batch_loss=2.1966e-03
E5/8 B28600/36000 batch_loss=2.2856e-03
E5/8 B28800/36000 batch_loss=1.7540e-03
E5/8 B29000/36000 batch_loss=2.0567e-03
E5/8 B29200/36000 batch_loss=1.6009e-03
E5/8 B29400/36000 batch_loss=2.0531e-03
E5/8 B29600/36000 batch_loss=2.2920e-03
E5/8 B29800/36000 batch_loss=2.4834e-03
E5/8 B30000/36000 batch_loss=2.5195e-03
E5/8 B30200/36000 batch_loss=2.2405e-03
E5/8 B30400/36000 batch_loss=2.2919e-03
E5/8 B30600/36000 batch_loss=1.4044e-03
E5/8 B30800/36000 batch_loss=1.5321e-03
E5/8 B31000/36000 batch_loss=2.1059e-03
E5/8 B31200/36000 batch_loss=1.4229e-03
E5/8 B31400/36000 batch_loss=2.2411e-03
E5/8 B31600/36000 batch_loss=1.6050e-03
E5/8 B31800/36000 batch_loss=1.5402e-03
E5/8 B32000/36000 batch_loss=1.4358e-03
E5/8 B32200/36000 batch_loss=2.3432e-03
E5/8 B32400/36000 batch_loss=2.2681e-03
E5/8 B32600/36000 batch_loss=1.3198e-03
E5/8 B32800/36000 batch_loss=2.2243e-03
E5/8 B33000/36000 batch_loss=1.4462e-03
E5/8 B33200/36000 batch_loss=1.8149e-03
E5/8 B33400/36000 batch_loss=1.8263e-03
E5/8 B33600/36000 batch_loss=1.5656e-03
E5/8 B33800/36000 batch_loss=2.1409e-03
E5/8 B34000/36000 batch_loss=2.3781e-03
E5/8 B34200/36000 batch_loss=1.6238e-03
E5/8 B34400/36000 batch_loss=2.4266e-03
E5/8 B34600/36000 batch_loss=2.0982e-03
E5/8 B34800/36000 batch_loss=1.2969e-03
E5/8 B35000/36000 batch_loss=2.3279e-03
E5/8 B35200/36000 batch_loss=1.4858e-03
E5/8 B35400/36000 batch_loss=1.3366e-03
E5/8 B35600/36000 batch_loss=1.5879e-03
E5/8 B35800/36000 batch_loss=2.1917e-03
E5/8 B36000/36000 batch_loss=1.4246e-03
2026-06-20 18:56:30,427 | INFO | Saved 10 diagnostic panel(s) under D:\Research\NO-2D-Metamaterials\MODELS\training_runs\NO_I3O5_BCF16_L1_HC128_LR2e-03_WD0e+00_SS1_G9e-01_ch0u_260619\diagnostics\epoch_005
epoch=5/8 train_loss=1.966827e-03 val_loss=2.233350e-03 lr=1.181e-03 train_sps=1529.2
2026-06-20 18:56:31,926 | INFO | epoch=5/8 loss=l1 train_ch_l1=5.544e-04 2.109e-03 2.005e-03 2.679e-03 2.487e-03 val_ch_l1=5.548e-04 2.418e-03 2.309e-03 3.062e-03 2.823e-03 train_loss=1.966827e-03 val_loss=2.233350e-03 lr=1.181e-03 train_sps=1529.2
Epoch 5/8 done | train_loss=1.9668e-03 val_loss=2.2334e-03 lr=1.18e-03
E6/8 B200/36000 batch_loss=1.4418e-03
E6/8 B400/36000 batch_loss=2.2740e-03
E6/8 B600/36000 batch_loss=1.5221e-03
E6/8 B800/36000 batch_loss=1.5041e-03
E6/8 B1000/36000 batch_loss=1.4850e-03
E6/8 B1200/36000 batch_loss=2.2427e-03
E6/8 B1400/36000 batch_loss=1.2431e-03
E6/8 B1600/36000 batch_loss=2.1398e-03
E6/8 B1800/36000 batch_loss=2.2272e-03
E6/8 B2000/36000 batch_loss=1.8745e-03
E6/8 B2200/36000 batch_loss=1.6747e-03
E6/8 B2400/36000 batch_loss=1.5246e-03
E6/8 B2600/36000 batch_loss=2.1393e-03
E6/8 B2800/36000 batch_loss=1.4231e-03
E6/8 B3000/36000 batch_loss=2.3742e-03
E6/8 B3200/36000 batch_loss=1.4722e-03
E6/8 B3400/36000 batch_loss=2.3572e-03
E6/8 B3600/36000 batch_loss=1.5136e-03
E6/8 B3800/36000 batch_loss=1.4821e-03
E6/8 B4000/36000 batch_loss=1.4849e-03
E6/8 B4200/36000 batch_loss=1.5392e-03
E6/8 B4400/36000 batch_loss=1.5239e-03
E6/8 B4600/36000 batch_loss=2.2064e-03
E6/8 B4800/36000 batch_loss=2.3240e-03
E6/8 B5000/36000 batch_loss=1.4323e-03
E6/8 B5200/36000 batch_loss=2.2928e-03
E6/8 B5400/36000 batch_loss=2.2387e-03
E6/8 B5600/36000 batch_loss=1.4029e-03
E6/8 B5800/36000 batch_loss=1.4036e-03
E6/8 B6000/36000 batch_loss=2.2627e-03
E6/8 B6200/36000 batch_loss=1.4869e-03
E6/8 B6400/36000 batch_loss=2.4536e-03
E6/8 B6600/36000 batch_loss=2.2799e-03
E6/8 B6800/36000 batch_loss=2.1666e-03
E6/8 B7000/36000 batch_loss=1.2885e-03
E6/8 B7200/36000 batch_loss=2.1479e-03
E6/8 B7400/36000 batch_loss=2.2023e-03
E6/8 B7600/36000 batch_loss=1.5855e-03
E6/8 B7800/36000 batch_loss=2.1567e-03
E6/8 B8000/36000 batch_loss=1.5597e-03
E6/8 B8200/36000 batch_loss=1.3142e-03
E6/8 B8400/36000 batch_loss=1.4984e-03
E6/8 B8600/36000 batch_loss=2.1314e-03
E6/8 B8800/36000 batch_loss=1.5626e-03
E6/8 B9000/36000 batch_loss=2.0382e-03
E6/8 B9200/36000 batch_loss=1.3737e-03
E6/8 B9400/36000 batch_loss=1.6094e-03
E6/8 B9600/36000 batch_loss=2.2726e-03
E6/8 B9800/36000 batch_loss=2.2964e-03
E6/8 B10000/36000 batch_loss=1.4995e-03
E6/8 B10200/36000 batch_loss=1.5495e-03
E6/8 B10400/36000 batch_loss=2.2568e-03
E6/8 B10600/36000 batch_loss=1.4273e-03
E6/8 B10800/36000 batch_loss=2.1948e-03
E6/8 B11000/36000 batch_loss=1.2583e-03
E6/8 B11200/36000 batch_loss=2.0817e-03
E6/8 B11400/36000 batch_loss=1.5938e-03
E6/8 B11600/36000 batch_loss=2.1167e-03
E6/8 B11800/36000 batch_loss=1.6930e-03
E6/8 B12000/36000 batch_loss=1.6828e-03
E6/8 B12200/36000 batch_loss=2.3925e-03
E6/8 B12400/36000 batch_loss=1.5242e-03
E6/8 B12600/36000 batch_loss=1.4959e-03
E6/8 B12800/36000 batch_loss=1.3999e-03
E6/8 B13000/36000 batch_loss=1.5526e-03
E6/8 B13200/36000 batch_loss=2.0628e-03
E6/8 B13400/36000 batch_loss=2.2798e-03
E6/8 B13600/36000 batch_loss=2.4092e-03
E6/8 B13800/36000 batch_loss=2.4149e-03
E6/8 B14000/36000 batch_loss=2.0969e-03
E6/8 B14200/36000 batch_loss=2.1331e-03
E6/8 B14400/36000 batch_loss=2.0834e-03
E6/8 B14600/36000 batch_loss=1.4674e-03
E6/8 B14800/36000 batch_loss=2.2869e-03
E6/8 B15000/36000 batch_loss=1.3821e-03
E6/8 B15200/36000 batch_loss=1.6048e-03
E6/8 B15400/36000 batch_loss=2.2341e-03
E6/8 B15600/36000 batch_loss=1.4638e-03
E6/8 B15800/36000 batch_loss=1.3939e-03
E6/8 B16000/36000 batch_loss=2.1794e-03
E6/8 B16200/36000 batch_loss=2.0925e-03
E6/8 B16400/36000 batch_loss=1.5748e-03
E6/8 B16600/36000 batch_loss=2.3021e-03
E6/8 B16800/36000 batch_loss=1.7472e-03
E6/8 B17000/36000 batch_loss=2.4239e-03
E6/8 B17200/36000 batch_loss=1.3084e-03
E6/8 B17400/36000 batch_loss=2.2216e-03
E6/8 B17600/36000 batch_loss=1.5199e-03
E6/8 B17800/36000 batch_loss=1.6146e-03
E6/8 B18000/36000 batch_loss=2.1382e-03
E6/8 B18200/36000 batch_loss=2.3044e-03
E6/8 B18400/36000 batch_loss=1.4790e-03
E6/8 B18600/36000 batch_loss=1.5286e-03
E6/8 B18800/36000 batch_loss=1.3924e-03
E6/8 B19000/36000 batch_loss=1.4993e-03
E6/8 B19200/36000 batch_loss=1.4137e-03
E6/8 B19400/36000 batch_loss=2.1164e-03
E6/8 B19600/36000 batch_loss=2.3373e-03
E6/8 B19800/36000 batch_loss=1.6602e-03
E6/8 B20000/36000 batch_loss=2.0912e-03
E6/8 B20200/36000 batch_loss=2.0652e-03
E6/8 B20400/36000 batch_loss=1.4867e-03
E6/8 B20600/36000 batch_loss=2.0985e-03
E6/8 B20800/36000 batch_loss=2.2050e-03
E6/8 B21000/36000 batch_loss=1.5179e-03
E6/8 B21200/36000 batch_loss=2.2179e-03
E6/8 B21400/36000 batch_loss=1.3927e-03
E6/8 B21600/36000 batch_loss=1.6029e-03
E6/8 B21800/36000 batch_loss=1.5512e-03
E6/8 B22000/36000 batch_loss=1.6174e-03
E6/8 B22200/36000 batch_loss=2.2440e-03
E6/8 B22400/36000 batch_loss=2.3451e-03
E6/8 B22600/36000 batch_loss=1.6994e-03
E6/8 B22800/36000 batch_loss=1.6597e-03
E6/8 B23000/36000 batch_loss=2.2603e-03
E6/8 B23200/36000 batch_loss=1.4019e-03
E6/8 B23400/36000 batch_loss=2.3228e-03
E6/8 B23600/36000 batch_loss=1.3882e-03
E6/8 B23800/36000 batch_loss=1.6295e-03
E6/8 B24000/36000 batch_loss=2.0711e-03
E6/8 B24200/36000 batch_loss=2.2302e-03
E6/8 B24400/36000 batch_loss=1.4167e-03
E6/8 B24600/36000 batch_loss=1.5712e-03
E6/8 B24800/36000 batch_loss=2.0270e-03
E6/8 B25000/36000 batch_loss=2.1574e-03
E6/8 B25200/36000 batch_loss=1.5228e-03
E6/8 B25400/36000 batch_loss=2.2165e-03
E6/8 B25600/36000 batch_loss=1.5246e-03
E6/8 B25800/36000 batch_loss=2.2887e-03
E6/8 B26000/36000 batch_loss=1.5370e-03
E6/8 B26200/36000 batch_loss=1.5557e-03
E6/8 B26400/36000 batch_loss=1.4689e-03
E6/8 B26600/36000 batch_loss=2.3799e-03
E6/8 B26800/36000 batch_loss=1.3873e-03
E6/8 B27000/36000 batch_loss=1.6761e-03
E6/8 B27200/36000 batch_loss=2.2512e-03
E6/8 B27400/36000 batch_loss=1.4633e-03
E6/8 B27600/36000 batch_loss=1.5881e-03
E6/8 B27800/36000 batch_loss=1.6492e-03
E6/8 B28000/36000 batch_loss=1.5948e-03
E6/8 B28200/36000 batch_loss=2.2200e-03
E6/8 B28400/36000 batch_loss=1.9997e-03
E6/8 B28600/36000 batch_loss=1.5195e-03
E6/8 B28800/36000 batch_loss=1.6490e-03
E6/8 B29000/36000 batch_loss=1.3540e-03
E6/8 B29200/36000 batch_loss=2.1628e-03
E6/8 B29400/36000 batch_loss=1.4199e-03
E6/8 B29600/36000 batch_loss=1.4478e-03
E6/8 B29800/36000 batch_loss=1.6099e-03
E6/8 B30000/36000 batch_loss=2.1540e-03
E6/8 B30200/36000 batch_loss=1.7393e-03
E6/8 B30400/36000 batch_loss=1.5520e-03
E6/8 B30600/36000 batch_loss=2.1920e-03
E6/8 B30800/36000 batch_loss=2.3254e-03
E6/8 B31000/36000 batch_loss=2.5318e-03
E6/8 B31200/36000 batch_loss=1.4467e-03
E6/8 B31400/36000 batch_loss=1.6720e-03
E6/8 B31600/36000 batch_loss=2.2547e-03
E6/8 B31800/36000 batch_loss=2.0458e-03
E6/8 B32000/36000 batch_loss=2.2316e-03
E6/8 B32200/36000 batch_loss=2.1368e-03
E6/8 B32400/36000 batch_loss=1.1856e-03
E6/8 B32600/36000 batch_loss=2.0038e-03
E6/8 B32800/36000 batch_loss=2.1811e-03
E6/8 B33000/36000 batch_loss=1.3960e-03
E6/8 B33200/36000 batch_loss=1.4511e-03
E6/8 B33400/36000 batch_loss=2.2191e-03
E6/8 B33600/36000 batch_loss=1.5569e-03
E6/8 B33800/36000 batch_loss=1.5916e-03
E6/8 B34000/36000 batch_loss=2.1782e-03
E6/8 B34200/36000 batch_loss=1.2681e-03
E6/8 B34400/36000 batch_loss=2.2170e-03
E6/8 B34600/36000 batch_loss=2.1819e-03
E6/8 B34800/36000 batch_loss=2.2114e-03
E6/8 B35000/36000 batch_loss=1.5044e-03
E6/8 B35200/36000 batch_loss=1.4591e-03
E6/8 B35400/36000 batch_loss=1.8868e-03
E6/8 B35600/36000 batch_loss=1.3964e-03
E6/8 B35800/36000 batch_loss=1.4994e-03
E6/8 B36000/36000 batch_loss=1.6980e-03
2026-06-20 22:23:39,521 | INFO | Saved 10 diagnostic panel(s) under D:\Research\NO-2D-Metamaterials\MODELS\training_runs\NO_I3O5_BCF16_L1_HC128_LR2e-03_WD0e+00_SS1_G9e-01_ch0u_260619\diagnostics\epoch_006
epoch=6/8 train_loss=1.876798e-03 val_loss=2.212018e-03 lr=1.063e-03 train_sps=1529.4
2026-06-20 22:23:40,990 | INFO | epoch=6/8 loss=l1 train_ch_l1=5.126e-04 2.010e-03 1.907e-03 2.572e-03 2.382e-03 val_ch_l1=6.406e-04 2.377e-03 2.274e-03 2.965e-03 2.803e-03 train_loss=1.876798e-03 val_loss=2.212018e-03 lr=1.063e-03 train_sps=1529.4
Epoch 6/8 done | train_loss=1.8768e-03 val_loss=2.2120e-03 lr=1.06e-03
E7/8 B200/36000 batch_loss=1.2902e-03
E7/8 B400/36000 batch_loss=2.2382e-03
E7/8 B600/36000 batch_loss=1.5386e-03
E7/8 B800/36000 batch_loss=1.5583e-03
E7/8 B1000/36000 batch_loss=2.0810e-03
E7/8 B1200/36000 batch_loss=2.1095e-03
E7/8 B1400/36000 batch_loss=1.3869e-03
E7/8 B1600/36000 batch_loss=2.2013e-03
E7/8 B1800/36000 batch_loss=1.5130e-03
E7/8 B2000/36000 batch_loss=1.2226e-03
E7/8 B2200/36000 batch_loss=2.1167e-03
E7/8 B2400/36000 batch_loss=2.1587e-03
E7/8 B2600/36000 batch_loss=1.9279e-03
E7/8 B2800/36000 batch_loss=1.5754e-03
E7/8 B3000/36000 batch_loss=2.3075e-03
E7/8 B3200/36000 batch_loss=2.2374e-03
E7/8 B3400/36000 batch_loss=2.1272e-03
E7/8 B3600/36000 batch_loss=1.2957e-03
E7/8 B3800/36000 batch_loss=1.3103e-03
E7/8 B4000/36000 batch_loss=1.4359e-03
E7/8 B4200/36000 batch_loss=1.4235e-03
E7/8 B4400/36000 batch_loss=2.0639e-03
E7/8 B4600/36000 batch_loss=2.0584e-03
E7/8 B4800/36000 batch_loss=1.3444e-03
E7/8 B5000/36000 batch_loss=1.3605e-03
E7/8 B5200/36000 batch_loss=1.1675e-03
E7/8 B5400/36000 batch_loss=2.0418e-03
E7/8 B5600/36000 batch_loss=2.1957e-03
E7/8 B5800/36000 batch_loss=1.5600e-03
E7/8 B6000/36000 batch_loss=2.5836e-03
E7/8 B6200/36000 batch_loss=1.3687e-03
E7/8 B6400/36000 batch_loss=1.3694e-03
E7/8 B6600/36000 batch_loss=1.3665e-03
E7/8 B6800/36000 batch_loss=1.3288e-03
E7/8 B7000/36000 batch_loss=2.0694e-03
E7/8 B7200/36000 batch_loss=2.2842e-03
E7/8 B7400/36000 batch_loss=1.9954e-03
E7/8 B7600/36000 batch_loss=2.0427e-03
E7/8 B7800/36000 batch_loss=1.8944e-03
E7/8 B8000/36000 batch_loss=2.1155e-03
E7/8 B8200/36000 batch_loss=2.3083e-03
E7/8 B8400/36000 batch_loss=2.1218e-03
E7/8 B8600/36000 batch_loss=1.3940e-03
E7/8 B8800/36000 batch_loss=1.2849e-03
E7/8 B9000/36000 batch_loss=1.6320e-03
E7/8 B9200/36000 batch_loss=1.4799e-03
E7/8 B9400/36000 batch_loss=1.3696e-03
E7/8 B9600/36000 batch_loss=1.3149e-03
E7/8 B9800/36000 batch_loss=2.0440e-03
E7/8 B10000/36000 batch_loss=1.4269e-03
E7/8 B10200/36000 batch_loss=1.9946e-03
E7/8 B10400/36000 batch_loss=1.3638e-03
E7/8 B10600/36000 batch_loss=2.1794e-03
E7/8 B10800/36000 batch_loss=2.0989e-03
E7/8 B11000/36000 batch_loss=2.0939e-03
E7/8 B11200/36000 batch_loss=1.2881e-03
E7/8 B11400/36000 batch_loss=2.0665e-03
E7/8 B11600/36000 batch_loss=1.5705e-03
E7/8 B11800/36000 batch_loss=2.1649e-03
E7/8 B12000/36000 batch_loss=1.4671e-03
E7/8 B12200/36000 batch_loss=1.4340e-03
E7/8 B12400/36000 batch_loss=2.1692e-03
E7/8 B12600/36000 batch_loss=2.1336e-03
E7/8 B12800/36000 batch_loss=2.0634e-03
E7/8 B13000/36000 batch_loss=2.3847e-03
E7/8 B13200/36000 batch_loss=2.3034e-03
E7/8 B13400/36000 batch_loss=1.4287e-03
E7/8 B13600/36000 batch_loss=1.3722e-03
E7/8 B13800/36000 batch_loss=2.1486e-03
E7/8 B14000/36000 batch_loss=1.4829e-03
E7/8 B14200/36000 batch_loss=2.1976e-03
E7/8 B14400/36000 batch_loss=1.4229e-03
E7/8 B14600/36000 batch_loss=2.1371e-03
E7/8 B14800/36000 batch_loss=2.1614e-03
E7/8 B15000/36000 batch_loss=2.2439e-03
E7/8 B15200/36000 batch_loss=1.3989e-03
E7/8 B15400/36000 batch_loss=2.0592e-03
E7/8 B15600/36000 batch_loss=2.1419e-03
E7/8 B15800/36000 batch_loss=2.1965e-03
E7/8 B16000/36000 batch_loss=2.1214e-03
E7/8 B16200/36000 batch_loss=2.1204e-03
E7/8 B16400/36000 batch_loss=1.6083e-03
E7/8 B16600/36000 batch_loss=1.5155e-03
E7/8 B16800/36000 batch_loss=1.8983e-03
E7/8 B17000/36000 batch_loss=2.1258e-03
E7/8 B17200/36000 batch_loss=1.5592e-03
E7/8 B17400/36000 batch_loss=1.3830e-03
E7/8 B17600/36000 batch_loss=1.4307e-03
E7/8 B17800/36000 batch_loss=1.4210e-03
E7/8 B18000/36000 batch_loss=1.6819e-03
E7/8 B18200/36000 batch_loss=2.2339e-03
E7/8 B18400/36000 batch_loss=2.1655e-03
E7/8 B18600/36000 batch_loss=2.0682e-03
E7/8 B18800/36000 batch_loss=1.2916e-03
E7/8 B19000/36000 batch_loss=2.1685e-03
E7/8 B19200/36000 batch_loss=1.9325e-03
E7/8 B19400/36000 batch_loss=1.3185e-03
E7/8 B19600/36000 batch_loss=1.5725e-03
E7/8 B19800/36000 batch_loss=2.2331e-03
E7/8 B20000/36000 batch_loss=2.0667e-03
E7/8 B20200/36000 batch_loss=1.4515e-03
E7/8 B20400/36000 batch_loss=2.1412e-03
E7/8 B20600/36000 batch_loss=2.3128e-03
E7/8 B20800/36000 batch_loss=1.4145e-03
E7/8 B21000/36000 batch_loss=2.0531e-03
E7/8 B21200/36000 batch_loss=1.2263e-03
E7/8 B21400/36000 batch_loss=2.2757e-03
E7/8 B21600/36000 batch_loss=2.4415e-03
E7/8 B21800/36000 batch_loss=2.1525e-03
E7/8 B22000/36000 batch_loss=1.9643e-03
E7/8 B22200/36000 batch_loss=2.0445e-03
E7/8 B22400/36000 batch_loss=2.1002e-03
E7/8 B22600/36000 batch_loss=2.3086e-03
E7/8 B22800/36000 batch_loss=2.2322e-03
E7/8 B23000/36000 batch_loss=2.1566e-03
E7/8 B23200/36000 batch_loss=2.1562e-03
E7/8 B23400/36000 batch_loss=2.0995e-03
E7/8 B23600/36000 batch_loss=2.0834e-03
E7/8 B23800/36000 batch_loss=2.0893e-03
E7/8 B24000/36000 batch_loss=1.3021e-03
E7/8 B24200/36000 batch_loss=2.0382e-03
E7/8 B24400/36000 batch_loss=2.1531e-03
E7/8 B24600/36000 batch_loss=2.1698e-03
E7/8 B24800/36000 batch_loss=2.0225e-03
E7/8 B25000/36000 batch_loss=1.3847e-03
E7/8 B25200/36000 batch_loss=2.1830e-03
E7/8 B25400/36000 batch_loss=1.3321e-03
E7/8 B25600/36000 batch_loss=1.4974e-03
E7/8 B25800/36000 batch_loss=1.7541e-03
E7/8 B26000/36000 batch_loss=1.6741e-03
E7/8 B26200/36000 batch_loss=2.1781e-03
E7/8 B26400/36000 batch_loss=2.3279e-03
E7/8 B26600/36000 batch_loss=2.1312e-03
E7/8 B26800/36000 batch_loss=2.3606e-03
E7/8 B27000/36000 batch_loss=1.3582e-03
E7/8 B27200/36000 batch_loss=1.3210e-03
E7/8 B27400/36000 batch_loss=2.0693e-03
E7/8 B27600/36000 batch_loss=2.0096e-03
E7/8 B27800/36000 batch_loss=2.1060e-03
E7/8 B28000/36000 batch_loss=1.4293e-03
E7/8 B28200/36000 batch_loss=1.9653e-03
E7/8 B28400/36000 batch_loss=1.3828e-03
E7/8 B28600/36000 batch_loss=2.2299e-03
E7/8 B28800/36000 batch_loss=1.4900e-03
E7/8 B29000/36000 batch_loss=2.1276e-03
E7/8 B29200/36000 batch_loss=2.1927e-03
E7/8 B29400/36000 batch_loss=2.0911e-03
E7/8 B29600/36000 batch_loss=2.4322e-03
E7/8 B29800/36000 batch_loss=1.4245e-03
E7/8 B30000/36000 batch_loss=1.3967e-03
E7/8 B30200/36000 batch_loss=1.5231e-03
E7/8 B30400/36000 batch_loss=1.4870e-03
E7/8 B30600/36000 batch_loss=1.3793e-03
E7/8 B30800/36000 batch_loss=1.5475e-03
E7/8 B31000/36000 batch_loss=1.3569e-03
E7/8 B31200/36000 batch_loss=2.3427e-03
E7/8 B31400/36000 batch_loss=2.1786e-03
E7/8 B31600/36000 batch_loss=1.9209e-03
E7/8 B31800/36000 batch_loss=2.2085e-03
E7/8 B32000/36000 batch_loss=1.6544e-03
E7/8 B32200/36000 batch_loss=2.2121e-03
E7/8 B32400/36000 batch_loss=2.0347e-03
E7/8 B32600/36000 batch_loss=2.1042e-03
E7/8 B32800/36000 batch_loss=2.0317e-03
E7/8 B33000/36000 batch_loss=1.3497e-03
E7/8 B33200/36000 batch_loss=2.2050e-03
E7/8 B33400/36000 batch_loss=1.4513e-03
E7/8 B33600/36000 batch_loss=2.0542e-03
E7/8 B33800/36000 batch_loss=2.2077e-03
E7/8 B34000/36000 batch_loss=1.2894e-03
E7/8 B34200/36000 batch_loss=1.6333e-03
E7/8 B34400/36000 batch_loss=2.1757e-03
E7/8 B34600/36000 batch_loss=1.5505e-03
E7/8 B34800/36000 batch_loss=1.6422e-03
E7/8 B35000/36000 batch_loss=1.2695e-03
E7/8 B35200/36000 batch_loss=1.3275e-03
E7/8 B35400/36000 batch_loss=2.0136e-03
E7/8 B35600/36000 batch_loss=1.3274e-03
E7/8 B35800/36000 batch_loss=2.2405e-03
E7/8 B36000/36000 batch_loss=2.0826e-03
2026-06-21 01:50:47,109 | INFO | Saved 10 diagnostic panel(s) under D:\Research\NO-2D-Metamaterials\MODELS\training_runs\NO_I3O5_BCF16_L1_HC128_LR2e-03_WD0e+00_SS1_G9e-01_ch0u_260619\diagnostics\epoch_007
epoch=7/8 train_loss=1.801643e-03 val_loss=2.200591e-03 lr=9.566e-04 train_sps=1529.6
2026-06-21 01:50:48,587 | INFO | epoch=7/8 loss=l1 train_ch_l1=4.789e-04 1.927e-03 1.826e-03 2.481e-03 2.295e-03 val_ch_l1=6.716e-04 2.365e-03 2.264e-03 2.951e-03 2.752e-03 train_loss=1.801643e-03 val_loss=2.200591e-03 lr=9.566e-04 train_sps=1529.6
Epoch 7/8 done | train_loss=1.8016e-03 val_loss=2.2006e-03 lr=9.57e-04
E8/8 B200/36000 batch_loss=2.0513e-03
E8/8 B400/36000 batch_loss=1.9759e-03
E8/8 B600/36000 batch_loss=2.0236e-03
E8/8 B800/36000 batch_loss=2.0231e-03
E8/8 B1000/36000 batch_loss=1.4479e-03
E8/8 B1200/36000 batch_loss=2.0684e-03
E8/8 B1400/36000 batch_loss=1.9459e-03
E8/8 B1600/36000 batch_loss=1.9122e-03
E8/8 B1800/36000 batch_loss=2.1657e-03
E8/8 B2000/36000 batch_loss=1.4521e-03
E8/8 B2200/36000 batch_loss=1.2685e-03
E8/8 B2400/36000 batch_loss=2.1739e-03
E8/8 B2600/36000 batch_loss=2.3789e-03
E8/8 B2800/36000 batch_loss=2.0334e-03
E8/8 B3000/36000 batch_loss=1.5120e-03
E8/8 B3200/36000 batch_loss=2.2886e-03
E8/8 B3400/36000 batch_loss=2.0933e-03
E8/8 B3600/36000 batch_loss=2.1493e-03
E8/8 B3800/36000 batch_loss=2.2838e-03
E8/8 B4000/36000 batch_loss=2.1065e-03
E8/8 B4200/36000 batch_loss=2.0648e-03
E8/8 B4400/36000 batch_loss=1.9979e-03
E8/8 B4600/36000 batch_loss=2.1244e-03
E8/8 B4800/36000 batch_loss=1.3875e-03
E8/8 B5000/36000 batch_loss=2.1726e-03
E8/8 B5200/36000 batch_loss=1.1229e-03
E8/8 B5400/36000 batch_loss=1.8837e-03
E8/8 B5600/36000 batch_loss=2.0957e-03
E8/8 B5800/36000 batch_loss=1.1821e-03
E8/8 B6000/36000 batch_loss=2.3311e-03
E8/8 B6200/36000 batch_loss=1.3061e-03
E8/8 B6400/36000 batch_loss=1.8720e-03
E8/8 B6600/36000 batch_loss=2.0058e-03
E8/8 B6800/36000 batch_loss=1.8168e-03
E8/8 B7000/36000 batch_loss=1.3461e-03
E8/8 B7200/36000 batch_loss=2.1041e-03
E8/8 B7400/36000 batch_loss=1.3027e-03
E8/8 B7600/36000 batch_loss=1.2898e-03
E8/8 B7800/36000 batch_loss=2.0065e-03
E8/8 B8000/36000 batch_loss=2.3444e-03
E8/8 B8200/36000 batch_loss=2.1144e-03
E8/8 B8400/36000 batch_loss=2.2264e-03
E8/8 B8600/36000 batch_loss=2.3324e-03
E8/8 B8800/36000 batch_loss=1.3945e-03
E8/8 B9000/36000 batch_loss=2.0567e-03
E8/8 B9200/36000 batch_loss=1.3823e-03
E8/8 B9400/36000 batch_loss=2.0737e-03
E8/8 B9600/36000 batch_loss=1.2609e-03
E8/8 B9800/36000 batch_loss=1.9773e-03
E8/8 B10000/36000 batch_loss=2.0124e-03
E8/8 B10200/36000 batch_loss=1.1924e-03
E8/8 B10400/36000 batch_loss=1.4695e-03
E8/8 B10600/36000 batch_loss=1.9151e-03
E8/8 B10800/36000 batch_loss=2.0336e-03
E8/8 B11000/36000 batch_loss=1.9980e-03
E8/8 B11200/36000 batch_loss=2.2682e-03
E8/8 B11400/36000 batch_loss=1.5512e-03
E8/8 B11600/36000 batch_loss=2.0400e-03
E8/8 B11800/36000 batch_loss=1.4575e-03
E8/8 B12000/36000 batch_loss=1.3243e-03
E8/8 B12200/36000 batch_loss=2.2835e-03
E8/8 B12400/36000 batch_loss=1.3996e-03
E8/8 B12600/36000 batch_loss=1.4036e-03
E8/8 B12800/36000 batch_loss=1.5002e-03
E8/8 B13000/36000 batch_loss=1.2615e-03
E8/8 B13200/36000 batch_loss=2.3471e-03
E8/8 B13400/36000 batch_loss=2.0893e-03
E8/8 B13600/36000 batch_loss=2.1587e-03
E8/8 B13800/36000 batch_loss=1.4973e-03
E8/8 B14000/36000 batch_loss=2.2834e-03
E8/8 B14200/36000 batch_loss=1.3602e-03
E8/8 B14400/36000 batch_loss=1.2726e-03
E8/8 B14600/36000 batch_loss=2.0220e-03
E8/8 B14800/36000 batch_loss=2.1381e-03
E8/8 B15000/36000 batch_loss=2.1312e-03
E8/8 B15200/36000 batch_loss=2.0084e-03
E8/8 B15400/36000 batch_loss=2.0077e-03
E8/8 B15600/36000 batch_loss=1.9656e-03
E8/8 B15800/36000 batch_loss=2.0014e-03
E8/8 B16000/36000 batch_loss=1.2825e-03
E8/8 B16200/36000 batch_loss=1.2745e-03
E8/8 B16400/36000 batch_loss=2.1212e-03
E8/8 B16600/36000 batch_loss=2.2944e-03
E8/8 B16800/36000 batch_loss=2.0441e-03
E8/8 B17000/36000 batch_loss=1.9198e-03
E8/8 B17200/36000 batch_loss=1.3241e-03
E8/8 B17400/36000 batch_loss=2.0815e-03
E8/8 B17600/36000 batch_loss=1.3356e-03
E8/8 B17800/36000 batch_loss=1.4341e-03
E8/8 B18000/36000 batch_loss=2.0077e-03
E8/8 B18200/36000 batch_loss=2.1184e-03
E8/8 B18400/36000 batch_loss=1.2993e-03
E8/8 B18600/36000 batch_loss=2.1019e-03
E8/8 B18800/36000 batch_loss=1.2989e-03
E8/8 B19000/36000 batch_loss=1.4926e-03
E8/8 B19200/36000 batch_loss=2.2137e-03
E8/8 B19400/36000 batch_loss=1.4676e-03
E8/8 B19600/36000 batch_loss=1.4578e-03
E8/8 B19800/36000 batch_loss=1.4039e-03
E8/8 B20000/36000 batch_loss=1.3443e-03
E8/8 B20200/36000 batch_loss=1.3039e-03
E8/8 B20400/36000 batch_loss=1.4257e-03
E8/8 B20600/36000 batch_loss=1.3670e-03
E8/8 B20800/36000 batch_loss=2.1705e-03
E8/8 B21000/36000 batch_loss=1.4291e-03
E8/8 B21200/36000 batch_loss=1.3637e-03
E8/8 B21400/36000 batch_loss=1.2546e-03
E8/8 B21600/36000 batch_loss=1.4854e-03
E8/8 B21800/36000 batch_loss=1.4085e-03
E8/8 B22000/36000 batch_loss=1.3399e-03
E8/8 B22200/36000 batch_loss=2.0469e-03
E8/8 B22400/36000 batch_loss=2.1117e-03
E8/8 B22600/36000 batch_loss=2.0486e-03
E8/8 B22800/36000 batch_loss=1.2734e-03
E8/8 B23000/36000 batch_loss=2.0656e-03
E8/8 B23200/36000 batch_loss=1.9121e-03
E8/8 B23400/36000 batch_loss=2.0137e-03
E8/8 B23600/36000 batch_loss=2.0514e-03
E8/8 B23800/36000 batch_loss=2.4239e-03
E8/8 B24000/36000 batch_loss=1.3539e-03
E8/8 B24200/36000 batch_loss=2.0674e-03
E8/8 B24400/36000 batch_loss=1.9377e-03
E8/8 B24600/36000 batch_loss=2.4379e-03
E8/8 B24800/36000 batch_loss=2.0149e-03
E8/8 B25000/36000 batch_loss=2.1707e-03
E8/8 B25200/36000 batch_loss=1.4660e-03
E8/8 B25400/36000 batch_loss=2.1105e-03
E8/8 B25600/36000 batch_loss=2.0758e-03
E8/8 B25800/36000 batch_loss=2.0404e-03
E8/8 B26000/36000 batch_loss=1.3211e-03
E8/8 B26200/36000 batch_loss=2.1564e-03
E8/8 B26400/36000 batch_loss=1.3622e-03
E8/8 B26600/36000 batch_loss=1.3354e-03
E8/8 B26800/36000 batch_loss=2.1148e-03
E8/8 B27000/36000 batch_loss=1.2906e-03
E8/8 B27200/36000 batch_loss=2.1685e-03
E8/8 B27400/36000 batch_loss=2.1350e-03
E8/8 B27600/36000 batch_loss=2.0916e-03
E8/8 B27800/36000 batch_loss=2.0630e-03
E8/8 B28000/36000 batch_loss=2.1988e-03
E8/8 B28200/36000 batch_loss=2.0506e-03
E8/8 B28400/36000 batch_loss=1.9680e-03
E8/8 B28600/36000 batch_loss=1.4030e-03
E8/8 B28800/36000 batch_loss=1.3498e-03
E8/8 B29000/36000 batch_loss=1.5179e-03
E8/8 B29200/36000 batch_loss=2.0543e-03
E8/8 B29400/36000 batch_loss=1.9429e-03
E8/8 B29600/36000 batch_loss=1.4198e-03
E8/8 B29800/36000 batch_loss=1.2951e-03
E8/8 B30000/36000 batch_loss=1.3224e-03
E8/8 B30200/36000 batch_loss=1.4105e-03
E8/8 B30400/36000 batch_loss=1.3033e-03
E8/8 B30600/36000 batch_loss=1.3595e-03
E8/8 B30800/36000 batch_loss=1.2908e-03
E8/8 B31000/36000 batch_loss=1.2786e-03
E8/8 B31200/36000 batch_loss=1.5379e-03
E8/8 B31400/36000 batch_loss=1.3599e-03
E8/8 B31600/36000 batch_loss=1.3967e-03
E8/8 B31800/36000 batch_loss=1.3143e-03
E8/8 B32000/36000 batch_loss=2.1153e-03
E8/8 B32200/36000 batch_loss=1.3573e-03
E8/8 B32400/36000 batch_loss=2.0525e-03
E8/8 B32600/36000 batch_loss=1.3188e-03
E8/8 B32800/36000 batch_loss=2.2136e-03
E8/8 B33000/36000 batch_loss=2.0956e-03
E8/8 B33200/36000 batch_loss=2.0107e-03
E8/8 B33400/36000 batch_loss=1.4964e-03
E8/8 B33600/36000 batch_loss=1.1803e-03
E8/8 B33800/36000 batch_loss=1.5965e-03
E8/8 B34000/36000 batch_loss=1.9923e-03
E8/8 B34200/36000 batch_loss=1.9069e-03
E8/8 B34400/36000 batch_loss=2.2814e-03
E8/8 B34600/36000 batch_loss=1.9892e-03
E8/8 B34800/36000 batch_loss=1.2991e-03
E8/8 B35000/36000 batch_loss=2.0877e-03
E8/8 B35200/36000 batch_loss=1.1324e-03
E8/8 B35400/36000 batch_loss=1.9450e-03
E8/8 B35600/36000 batch_loss=2.0708e-03
E8/8 B35800/36000 batch_loss=1.4822e-03
E8/8 B36000/36000 batch_loss=1.4932e-03
2026-06-21 05:17:56,984 | INFO | Saved 10 diagnostic panel(s) under D:\Research\NO-2D-Metamaterials\MODELS\training_runs\NO_I3O5_BCF16_L1_HC128_LR2e-03_WD0e+00_SS1_G9e-01_ch0u_260619\diagnostics\epoch_008
epoch=8/8 train_loss=1.736137e-03 val_loss=2.134537e-03 lr=8.609e-04 train_sps=1529.3
2026-06-21 05:17:58,471 | INFO | epoch=8/8 loss=l1 train_ch_l1=4.475e-04 1.856e-03 1.757e-03 2.401e-03 2.219e-03 val_ch_l1=4.976e-04 2.321e-03 2.215e-03 2.915e-03 2.724e-03 train_loss=1.736137e-03 val_loss=2.134537e-03 lr=8.609e-04 train_sps=1529.3
Epoch 8/8 done | train_loss=1.7361e-03 val_loss=2.1345e-03 lr=8.61e-04
2026-06-21 05:17:58,757 | INFO | Run complete | run_name=NO_I3O5_BCF16_L1_HC128_LR2e-03_WD0e+00_SS1_G9e-01_ch0u_260619 run_id=NO_I3O5_BCF16_L1_HC128_LR2e-03_WD0e+00_SS1_G9e-01_ch0u_260619 best_val_loss=2.134537e-03
2026-06-21 05:17:58,757 | INFO | Artifacts saved to: D:\Research\NO-2D-Metamaterials\MODELS\training_runs\NO_I3O5_BCF16_L1_HC128_LR2e-03_WD0e+00_SS1_G9e-01_ch0u_260619
Run complete. run_name=NO_I3O5_BCF16_L1_HC128_LR2e-03_WD0e+00_SS1_G9e-01_ch0u_260619 run_id=NO_I3O5_BCF16_L1_HC128_LR2e-03_WD0e+00_SS1_G9e-01_ch0u_260619 best_val_loss=2.134537e-03
Artifacts saved to: D:\Research\NO-2D-Metamaterials\MODELS\training_runs\NO_I3O5_BCF16_L1_HC128_LR2e-03_WD0e+00_SS1_G9e-01_ch0u_260619
26/06/21  5:18:01.13 | === start epochs 9-12 MSE === 
2026-06-21 05:18:13,217 | INFO | Dual-loss logging enabled | active_loss=mse compare_loss=l1
D:\Research\NO-2D-Metamaterials\train_from_disk.py:960: FutureWarning: `torch.cuda.amp.GradScaler(args...)` is deprecated. Please use `torch.amp.GradScaler('cuda', args...)` instead.
  scaler = torch.cuda.amp.GradScaler(enabled=(device.type == "cuda" and args.amp == "fp16"))
2026-06-21 05:18:14,229 | INFO | Resumed full state from D:\Research\NO-2D-Metamaterials\MODELS\training_runs\NO_I3O5_BCF16_L1_HC128_LR2e-03_WD0e+00_SS1_G9e-01_ch0u_260619\training_state_latest.pt at epoch=8
2026-06-21 05:18:14,233 | INFO | Run started | run_name=NO_I3O5_BCF16_L1_HC128_LR2e-03_WD0e+00_SS1_G9e-01_ch0u_260619 run_id=NO_I3O5_BCF16_L1_HC128_LR2e-03_WD0e+00_SS1_G9e-01_ch0u_260619 device=cuda train_samples=18720000 test_samples=780000 epoch_range=9..12
2026-06-21 05:18:14,233 | INFO | Fault diagnostics | main_fault_log=D:\Research\NO-2D-Metamaterials\MODELS\training_runs\NO_I3O5_BCF16_L1_HC128_LR2e-03_WD0e+00_SS1_G9e-01_ch0u_260619\main_process_fault.log
E9/12 B200/36000 batch_loss=2.6346e-05
E9/12 B400/36000 batch_loss=5.3469e-05
E9/12 B600/36000 batch_loss=4.2606e-05
E9/12 B800/36000 batch_loss=3.3579e-05
E9/12 B1000/36000 batch_loss=4.9414e-05
E9/12 B1200/36000 batch_loss=2.9082e-05
E9/12 B1400/36000 batch_loss=4.0596e-05
E9/12 B1600/36000 batch_loss=3.9469e-05
E9/12 B1800/36000 batch_loss=2.3603e-05
E9/12 B2000/36000 batch_loss=4.2252e-05
E9/12 B2200/36000 batch_loss=3.2351e-05
E9/12 B2400/36000 batch_loss=2.9089e-05
E9/12 B2600/36000 batch_loss=3.7862e-05
E9/12 B2800/36000 batch_loss=2.5157e-05
E9/12 B3000/36000 batch_loss=3.2199e-05
E9/12 B3200/36000 batch_loss=3.7427e-05
E9/12 B3400/36000 batch_loss=4.4649e-05
E9/12 B3600/36000 batch_loss=2.6675e-05
E9/12 B3800/36000 batch_loss=4.2716e-05
E9/12 B4000/36000 batch_loss=2.7750e-05
E9/12 B4200/36000 batch_loss=2.6052e-05
E9/12 B4400/36000 batch_loss=2.9267e-05
E9/12 B4600/36000 batch_loss=2.5475e-05
E9/12 B4800/36000 batch_loss=4.4074e-05
E9/12 B5000/36000 batch_loss=2.7960e-05
E9/12 B5200/36000 batch_loss=4.5283e-05
E9/12 B5400/36000 batch_loss=4.5817e-05
E9/12 B5600/36000 batch_loss=2.9525e-05
E9/12 B5800/36000 batch_loss=2.7630e-05
E9/12 B6000/36000 batch_loss=3.7639e-05
E9/12 B6200/36000 batch_loss=4.3076e-05
E9/12 B6400/36000 batch_loss=1.9828e-05
E9/12 B6600/36000 batch_loss=2.5828e-05
E9/12 B6800/36000 batch_loss=4.1368e-05
E9/12 B7000/36000 batch_loss=2.3944e-05
E9/12 B7200/36000 batch_loss=3.2923e-05
E9/12 B7400/36000 batch_loss=3.9791e-05
E9/12 B7600/36000 batch_loss=3.6034e-05
E9/12 B7800/36000 batch_loss=3.8527e-05
E9/12 B8000/36000 batch_loss=2.6463e-05
E9/12 B8200/36000 batch_loss=4.1514e-05
E9/12 B8400/36000 batch_loss=3.1520e-05
E9/12 B8600/36000 batch_loss=5.3136e-05
E9/12 B8800/36000 batch_loss=4.1647e-05
E9/12 B9000/36000 batch_loss=2.8304e-05
E9/12 B9200/36000 batch_loss=3.4678e-05
E9/12 B9400/36000 batch_loss=4.0796e-05
E9/12 B9600/36000 batch_loss=4.0124e-05
E9/12 B9800/36000 batch_loss=3.5648e-05
E9/12 B10000/36000 batch_loss=2.6556e-05
E9/12 B10200/36000 batch_loss=2.5528e-05
E9/12 B10400/36000 batch_loss=2.7939e-05
E9/12 B10600/36000 batch_loss=2.4914e-05
E9/12 B10800/36000 batch_loss=2.9625e-05
E9/12 B11000/36000 batch_loss=5.7347e-05
E9/12 B11200/36000 batch_loss=3.8253e-05
E9/12 B11400/36000 batch_loss=2.7959e-05
E9/12 B11600/36000 batch_loss=2.4992e-05
E9/12 B11800/36000 batch_loss=2.4037e-05
E9/12 B12000/36000 batch_loss=2.7322e-05
E9/12 B12200/36000 batch_loss=3.9475e-05
E9/12 B12400/36000 batch_loss=3.0411e-05
E9/12 B12600/36000 batch_loss=2.8645e-05
E9/12 B12800/36000 batch_loss=4.5462e-05
E9/12 B13000/36000 batch_loss=3.9769e-05
E9/12 B13200/36000 batch_loss=3.9171e-05
E9/12 B13400/36000 batch_loss=3.8339e-05
E9/12 B13600/36000 batch_loss=4.2717e-05
E9/12 B13800/36000 batch_loss=3.6287e-05
E9/12 B14000/36000 batch_loss=3.5645e-05
E9/12 B14200/36000 batch_loss=3.9778e-05
E9/12 B14400/36000 batch_loss=2.6372e-05
E9/12 B14600/36000 batch_loss=2.2794e-05
E9/12 B14800/36000 batch_loss=2.3589e-05
E9/12 B15000/36000 batch_loss=4.7697e-05
E9/12 B15200/36000 batch_loss=3.4447e-05
E9/12 B15400/36000 batch_loss=3.5272e-05
E9/12 B15600/36000 batch_loss=2.7851e-05
E9/12 B15800/36000 batch_loss=2.4005e-05
E9/12 B16000/36000 batch_loss=2.5792e-05
E9/12 B16200/36000 batch_loss=3.7555e-05
E9/12 B16400/36000 batch_loss=2.9552e-05
E9/12 B16600/36000 batch_loss=2.5131e-05
E9/12 B16800/36000 batch_loss=3.3172e-05
E9/12 B17000/36000 batch_loss=3.8087e-05
E9/12 B17200/36000 batch_loss=3.9309e-05
E9/12 B17400/36000 batch_loss=5.1218e-05
E9/12 B17600/36000 batch_loss=4.0459e-05
E9/12 B17800/36000 batch_loss=3.2078e-05
E9/12 B18000/36000 batch_loss=2.6794e-05
E9/12 B18200/36000 batch_loss=2.6738e-05
E9/12 B18400/36000 batch_loss=4.6853e-05
E9/12 B18600/36000 batch_loss=2.4502e-05
E9/12 B18800/36000 batch_loss=3.2233e-05
E9/12 B19000/36000 batch_loss=4.7336e-05
E9/12 B19200/36000 batch_loss=4.5657e-05
E9/12 B19400/36000 batch_loss=3.4009e-05
E9/12 B19600/36000 batch_loss=2.8761e-05
E9/12 B19800/36000 batch_loss=4.9058e-05
E9/12 B20000/36000 batch_loss=4.4358e-05
E9/12 B20200/36000 batch_loss=2.0817e-05
E9/12 B20400/36000 batch_loss=4.8769e-05
E9/12 B20600/36000 batch_loss=2.7850e-05
E9/12 B20800/36000 batch_loss=3.6041e-05
E9/12 B21000/36000 batch_loss=3.3153e-05
E9/12 B21200/36000 batch_loss=2.3120e-05
E9/12 B21400/36000 batch_loss=4.7301e-05
E9/12 B21600/36000 batch_loss=3.1643e-05
E9/12 B21800/36000 batch_loss=3.5506e-05
E9/12 B22000/36000 batch_loss=3.9209e-05
E9/12 B22200/36000 batch_loss=2.1807e-05
E9/12 B22400/36000 batch_loss=2.7510e-05
E9/12 B22600/36000 batch_loss=4.2198e-05
E9/12 B22800/36000 batch_loss=2.2672e-05
E9/12 B23000/36000 batch_loss=4.0525e-05
E9/12 B23200/36000 batch_loss=2.9951e-05
E9/12 B23400/36000 batch_loss=4.2551e-05
E9/12 B23600/36000 batch_loss=2.5767e-05
E9/12 B23800/36000 batch_loss=2.2310e-05
E9/12 B24000/36000 batch_loss=2.4806e-05
E9/12 B24200/36000 batch_loss=2.5487e-05
E9/12 B24400/36000 batch_loss=3.7616e-05
E9/12 B24600/36000 batch_loss=4.2653e-05
E9/12 B24800/36000 batch_loss=2.5878e-05
E9/12 B25000/36000 batch_loss=3.5490e-05
E9/12 B25200/36000 batch_loss=3.5690e-05
E9/12 B25400/36000 batch_loss=4.4939e-05
E9/12 B25600/36000 batch_loss=4.0675e-05
E9/12 B25800/36000 batch_loss=3.7029e-05
E9/12 B26000/36000 batch_loss=2.7824e-05
E9/12 B26200/36000 batch_loss=2.3831e-05
E9/12 B26400/36000 batch_loss=3.8611e-05
E9/12 B26600/36000 batch_loss=4.7784e-05
E9/12 B26800/36000 batch_loss=4.0060e-05
E9/12 B27000/36000 batch_loss=2.7000e-05
E9/12 B27200/36000 batch_loss=2.1009e-05
E9/12 B27400/36000 batch_loss=3.6535e-05
E9/12 B27600/36000 batch_loss=3.6015e-05
E9/12 B27800/36000 batch_loss=2.5401e-05
E9/12 B28000/36000 batch_loss=2.3967e-05
E9/12 B28200/36000 batch_loss=3.1417e-05
E9/12 B28400/36000 batch_loss=3.0260e-05
E9/12 B28600/36000 batch_loss=2.4363e-05
E9/12 B28800/36000 batch_loss=3.6671e-05
E9/12 B29000/36000 batch_loss=5.2699e-05
E9/12 B29200/36000 batch_loss=3.2435e-05
E9/12 B29400/36000 batch_loss=2.8190e-05
E9/12 B29600/36000 batch_loss=2.5769e-05
E9/12 B29800/36000 batch_loss=2.3185e-05
E9/12 B30000/36000 batch_loss=2.9336e-05
E9/12 B30200/36000 batch_loss=3.0211e-05
E9/12 B30400/36000 batch_loss=4.2008e-05
E9/12 B30600/36000 batch_loss=3.5174e-05
E9/12 B30800/36000 batch_loss=3.2428e-05
E9/12 B31000/36000 batch_loss=3.6566e-05
E9/12 B31200/36000 batch_loss=3.7900e-05
E9/12 B31400/36000 batch_loss=6.3646e-05
E9/12 B31600/36000 batch_loss=3.8798e-05
E9/12 B31800/36000 batch_loss=4.2855e-05
E9/12 B32000/36000 batch_loss=4.9042e-05
E9/12 B32200/36000 batch_loss=3.3476e-05
E9/12 B32400/36000 batch_loss=3.9850e-05
E9/12 B32600/36000 batch_loss=3.5772e-05
E9/12 B32800/36000 batch_loss=2.9340e-05
E9/12 B33000/36000 batch_loss=2.7044e-05
E9/12 B33200/36000 batch_loss=4.0357e-05
E9/12 B33400/36000 batch_loss=2.6667e-05
E9/12 B33600/36000 batch_loss=3.8886e-05
E9/12 B33800/36000 batch_loss=2.4691e-05
E9/12 B34000/36000 batch_loss=4.4764e-05
E9/12 B34200/36000 batch_loss=4.7156e-05
E9/12 B34400/36000 batch_loss=3.5392e-05
E9/12 B34600/36000 batch_loss=4.1480e-05
E9/12 B34800/36000 batch_loss=4.1158e-05
E9/12 B35000/36000 batch_loss=4.2685e-05
E9/12 B35200/36000 batch_loss=3.8502e-05
E9/12 B35400/36000 batch_loss=4.7790e-05
E9/12 B35600/36000 batch_loss=2.3813e-05
E9/12 B35800/36000 batch_loss=4.2194e-05
E9/12 B36000/36000 batch_loss=4.1519e-05
2026-06-21 08:45:27,863 | INFO | Saved 10 diagnostic panel(s) under D:\Research\NO-2D-Metamaterials\MODELS\training_runs\NO_I3O5_BCF16_L1_HC128_LR2e-03_WD0e+00_SS1_G9e-01_ch0u_260619\diagnostics\epoch_009
epoch=9/12 train_loss=3.435251e-05 val_loss=5.613360e-05 lr=7.748e-04 train_sps=1529.0
epoch=9/12 compare_loss(l1) train=1.833148e-03 val=2.428017e-03
2026-06-21 08:45:29,046 | INFO | epoch=9/12 loss=mse train_ch_mse=6.131e-06 3.309e-05 3.088e-05 5.456e-05 4.710e-05 val_ch_mse=3.271e-05 5.214e-05 5.038e-05 7.715e-05 6.829e-05 train_loss=3.435251e-05 val_loss=5.613360e-05 lr=7.748e-04 train_sps=1529.0
2026-06-21 08:45:29,046 | INFO | epoch=9/12 compare_loss=l1 train_ch_l1=6.170e-04 1.932e-03 1.829e-03 2.493e-03 2.295e-03 val_ch_l1=9.917e-04 2.502e-03 2.590e-03 3.114e-03 2.942e-03 train_loss=1.833148e-03 val_loss=2.428017e-03
Epoch 9/12 done | train_loss=3.4353e-05 val_loss=5.6134e-05 lr=7.75e-04
E10/12 B200/36000 batch_loss=2.7941e-05
E10/12 B400/36000 batch_loss=2.8307e-05
E10/12 B600/36000 batch_loss=4.1907e-05
E10/12 B800/36000 batch_loss=2.3559e-05
E10/12 B1000/36000 batch_loss=4.5034e-05
E10/12 B1200/36000 batch_loss=2.9432e-05
E10/12 B1400/36000 batch_loss=3.6580e-05
E10/12 B1600/36000 batch_loss=2.4514e-05
E10/12 B1800/36000 batch_loss=4.2824e-05
E10/12 B2000/36000 batch_loss=4.4590e-05
E10/12 B2200/36000 batch_loss=3.2674e-05
E10/12 B2400/36000 batch_loss=4.2467e-05
E10/12 B2600/36000 batch_loss=3.0546e-05
E10/12 B2800/36000 batch_loss=3.9783e-05
E10/12 B3000/36000 batch_loss=2.2910e-05
E10/12 B3200/36000 batch_loss=3.9938e-05
E10/12 B3400/36000 batch_loss=3.7662e-05
E10/12 B3600/36000 batch_loss=2.6326e-05
E10/12 B3800/36000 batch_loss=3.4088e-05
E10/12 B4000/36000 batch_loss=2.5159e-05
E10/12 B4200/36000 batch_loss=3.8302e-05
E10/12 B4400/36000 batch_loss=4.0662e-05
E10/12 B4600/36000 batch_loss=3.9322e-05
E10/12 B4800/36000 batch_loss=4.4443e-05
E10/12 B5000/36000 batch_loss=3.4484e-05
E10/12 B5200/36000 batch_loss=4.3778e-05
E10/12 B5400/36000 batch_loss=2.8599e-05
E10/12 B5600/36000 batch_loss=2.4617e-05
E10/12 B5800/36000 batch_loss=2.2672e-05
E10/12 B6000/36000 batch_loss=3.9833e-05
E10/12 B6200/36000 batch_loss=2.3848e-05
E10/12 B6400/36000 batch_loss=3.9629e-05
E10/12 B6600/36000 batch_loss=3.9365e-05
E10/12 B6800/36000 batch_loss=3.6035e-05
E10/12 B7000/36000 batch_loss=4.1439e-05
E10/12 B7200/36000 batch_loss=2.4197e-05
E10/12 B7400/36000 batch_loss=3.9056e-05
E10/12 B7600/36000 batch_loss=1.9107e-05
E10/12 B7800/36000 batch_loss=3.5858e-05
E10/12 B8000/36000 batch_loss=2.7319e-05
E10/12 B8200/36000 batch_loss=4.7528e-05
E10/12 B8400/36000 batch_loss=2.2586e-05
E10/12 B8600/36000 batch_loss=5.0542e-05
E10/12 B8800/36000 batch_loss=3.9883e-05
E10/12 B9000/36000 batch_loss=2.3509e-05
E10/12 B9200/36000 batch_loss=2.2598e-05
E10/12 B9400/36000 batch_loss=2.3668e-05
E10/12 B9600/36000 batch_loss=2.7381e-05
E10/12 B9800/36000 batch_loss=2.2782e-05
E10/12 B10000/36000 batch_loss=2.1441e-05
E10/12 B10200/36000 batch_loss=3.8872e-05
E10/12 B10400/36000 batch_loss=3.7962e-05
E10/12 B10600/36000 batch_loss=4.0346e-05
E10/12 B10800/36000 batch_loss=2.6282e-05
E10/12 B11000/36000 batch_loss=2.4675e-05
E10/12 B11200/36000 batch_loss=2.9052e-05
E10/12 B11400/36000 batch_loss=2.6081e-05
E10/12 B11600/36000 batch_loss=2.2734e-05
E10/12 B11800/36000 batch_loss=3.8602e-05
E10/12 B12000/36000 batch_loss=3.7146e-05
E10/12 B12200/36000 batch_loss=4.2641e-05
E10/12 B12400/36000 batch_loss=4.1110e-05
E10/12 B12600/36000 batch_loss=2.7159e-05
E10/12 B12800/36000 batch_loss=3.5466e-05
E10/12 B13000/36000 batch_loss=3.3761e-05
E10/12 B13200/36000 batch_loss=3.6566e-05
E10/12 B13400/36000 batch_loss=2.5532e-05
E10/12 B13600/36000 batch_loss=2.6433e-05
E10/12 B13800/36000 batch_loss=2.8924e-05
E10/12 B14000/36000 batch_loss=3.5143e-05
E10/12 B14200/36000 batch_loss=3.1648e-05
E10/12 B14400/36000 batch_loss=3.8072e-05
E10/12 B14600/36000 batch_loss=3.1933e-05
E10/12 B14800/36000 batch_loss=3.9157e-05
E10/12 B15000/36000 batch_loss=2.5625e-05
E10/12 B15200/36000 batch_loss=3.4798e-05
E10/12 B15400/36000 batch_loss=3.6442e-05
E10/12 B15600/36000 batch_loss=2.3996e-05
E10/12 B15800/36000 batch_loss=2.3602e-05
E10/12 B16000/36000 batch_loss=4.0060e-05
E10/12 B16200/36000 batch_loss=2.7011e-05
E10/12 B16400/36000 batch_loss=2.1328e-05
E10/12 B16600/36000 batch_loss=3.7913e-05
E10/12 B16800/36000 batch_loss=2.6238e-05
E10/12 B17000/36000 batch_loss=3.9498e-05
E10/12 B17200/36000 batch_loss=2.7151e-05
E10/12 B17400/36000 batch_loss=3.9556e-05
E10/12 B17600/36000 batch_loss=3.8144e-05
E10/12 B17800/36000 batch_loss=2.5581e-05
E10/12 B18000/36000 batch_loss=2.8668e-05
E10/12 B18200/36000 batch_loss=3.5419e-05
E10/12 B18400/36000 batch_loss=2.4042e-05
E10/12 B18600/36000 batch_loss=3.8031e-05
E10/12 B18800/36000 batch_loss=2.3005e-05
E10/12 B19000/36000 batch_loss=5.2468e-05
E10/12 B19200/36000 batch_loss=2.2331e-05
E10/12 B19400/36000 batch_loss=4.3940e-05
E10/12 B19600/36000 batch_loss=4.0163e-05
E10/12 B19800/36000 batch_loss=4.1172e-05
E10/12 B20000/36000 batch_loss=3.6364e-05
E10/12 B20200/36000 batch_loss=2.8658e-05
E10/12 B20400/36000 batch_loss=3.3476e-05
E10/12 B20600/36000 batch_loss=3.9718e-05
E10/12 B20800/36000 batch_loss=3.9907e-05
E10/12 B21000/36000 batch_loss=3.7757e-05
E10/12 B21200/36000 batch_loss=2.0828e-05
E10/12 B21400/36000 batch_loss=2.6884e-05
E10/12 B21600/36000 batch_loss=2.7305e-05
E10/12 B21800/36000 batch_loss=2.7174e-05
E10/12 B22000/36000 batch_loss=2.4659e-05
E10/12 B22200/36000 batch_loss=2.0629e-05
E10/12 B22400/36000 batch_loss=3.7154e-05
E10/12 B22600/36000 batch_loss=4.7701e-05
E10/12 B22800/36000 batch_loss=2.3049e-05
E10/12 B23000/36000 batch_loss=4.3011e-05
E10/12 B23200/36000 batch_loss=2.7370e-05
E10/12 B23400/36000 batch_loss=2.4734e-05
E10/12 B23600/36000 batch_loss=4.1229e-05
E10/12 B23800/36000 batch_loss=2.5273e-05
E10/12 B24000/36000 batch_loss=3.9027e-05
E10/12 B24200/36000 batch_loss=3.0207e-05
E10/12 B24400/36000 batch_loss=2.5716e-05
E10/12 B24600/36000 batch_loss=2.7582e-05
E10/12 B24800/36000 batch_loss=5.5299e-05
E10/12 B25000/36000 batch_loss=2.0629e-05
E10/12 B25200/36000 batch_loss=2.9339e-05
E10/12 B25400/36000 batch_loss=2.4587e-05
E10/12 B25600/36000 batch_loss=2.6457e-05
E10/12 B25800/36000 batch_loss=2.7735e-05
E10/12 B26000/36000 batch_loss=2.8102e-05
E10/12 B26200/36000 batch_loss=4.2566e-05
E10/12 B26400/36000 batch_loss=2.3791e-05
E10/12 B26600/36000 batch_loss=4.2461e-05
E10/12 B26800/36000 batch_loss=3.3404e-05
E10/12 B27000/36000 batch_loss=3.0242e-05
E10/12 B27200/36000 batch_loss=4.1943e-05
E10/12 B27400/36000 batch_loss=4.0784e-05
E10/12 B27600/36000 batch_loss=2.9413e-05
E10/12 B27800/36000 batch_loss=4.4109e-05
E10/12 B28000/36000 batch_loss=2.6966e-05
E10/12 B28200/36000 batch_loss=2.7177e-05
E10/12 B28400/36000 batch_loss=2.6395e-05
E10/12 B28600/36000 batch_loss=4.3506e-05
E10/12 B28800/36000 batch_loss=2.5690e-05
E10/12 B29000/36000 batch_loss=2.3171e-05
E10/12 B29200/36000 batch_loss=1.7673e-05
E10/12 B29400/36000 batch_loss=2.8403e-05
E10/12 B29600/36000 batch_loss=3.4858e-05
E10/12 B29800/36000 batch_loss=4.6788e-05
E10/12 B30000/36000 batch_loss=3.9995e-05
E10/12 B30200/36000 batch_loss=2.4763e-05
E10/12 B30400/36000 batch_loss=2.0286e-05
E10/12 B30600/36000 batch_loss=2.2871e-05
E10/12 B30800/36000 batch_loss=4.2845e-05
E10/12 B31000/36000 batch_loss=2.2326e-05
E10/12 B31200/36000 batch_loss=4.0651e-05
E10/12 B31400/36000 batch_loss=4.0823e-05
E10/12 B31600/36000 batch_loss=2.4277e-05
E10/12 B31800/36000 batch_loss=2.2039e-05
E10/12 B32000/36000 batch_loss=2.6646e-05
E10/12 B32200/36000 batch_loss=3.3263e-05
E10/12 B32400/36000 batch_loss=3.7546e-05
E10/12 B32600/36000 batch_loss=4.0081e-05
E10/12 B32800/36000 batch_loss=2.9407e-05
E10/12 B33000/36000 batch_loss=5.3435e-05
E10/12 B33200/36000 batch_loss=3.9151e-05
E10/12 B33400/36000 batch_loss=3.8521e-05
E10/12 B33600/36000 batch_loss=3.8632e-05
E10/12 B33800/36000 batch_loss=2.9821e-05
E10/12 B34000/36000 batch_loss=3.0329e-05
E10/12 B34200/36000 batch_loss=2.7722e-05
E10/12 B34400/36000 batch_loss=3.8255e-05
E10/12 B34600/36000 batch_loss=3.5303e-05
E10/12 B34800/36000 batch_loss=2.0490e-05
E10/12 B35000/36000 batch_loss=4.1611e-05
E10/12 B35200/36000 batch_loss=2.3059e-05
E10/12 B35400/36000 batch_loss=4.9139e-05
E10/12 B35600/36000 batch_loss=2.4092e-05
E10/12 B35800/36000 batch_loss=2.1868e-05
E10/12 B36000/36000 batch_loss=4.3991e-05
2026-06-21 12:25:06,008 | INFO | Saved 10 diagnostic panel(s) under D:\Research\NO-2D-Metamaterials\MODELS\training_runs\NO_I3O5_BCF16_L1_HC128_LR2e-03_WD0e+00_SS1_G9e-01_ch0u_260619\diagnostics\epoch_010
epoch=10/12 train_loss=3.270512e-05 val_loss=5.466074e-05 lr=6.974e-04 train_sps=1443.1
epoch=10/12 compare_loss(l1) train=1.839591e-03 val=2.400744e-03
2026-06-21 12:25:07,243 | INFO | epoch=10/12 loss=mse train_ch_mse=5.098e-06 3.152e-05 2.927e-05 5.237e-05 4.527e-05 val_ch_mse=2.484e-05 5.211e-05 5.007e-05 7.771e-05 6.859e-05 train_loss=3.270512e-05 val_loss=5.466074e-05 lr=6.974e-04 train_sps=1443.1
2026-06-21 12:25:07,244 | INFO | epoch=10/12 compare_loss=l1 train_ch_l1=6.035e-04 1.947e-03 1.841e-03 2.501e-03 2.305e-03 val_ch_l1=7.614e-04 2.535e-03 2.444e-03 3.272e-03 2.991e-03 train_loss=1.839591e-03 val_loss=2.400744e-03
Epoch 10/12 done | train_loss=3.2705e-05 val_loss=5.4661e-05 lr=6.97e-04
E11/12 B200/36000 batch_loss=2.2301e-05
E11/12 B400/36000 batch_loss=5.0979e-05
E11/12 B600/36000 batch_loss=3.6167e-05
E11/12 B800/36000 batch_loss=2.5132e-05
E11/12 B1000/36000 batch_loss=3.6020e-05
E11/12 B1200/36000 batch_loss=2.8519e-05
E11/12 B1400/36000 batch_loss=2.5682e-05
E11/12 B1600/36000 batch_loss=2.6789e-05
E11/12 B1800/36000 batch_loss=2.1791e-05
E11/12 B2000/36000 batch_loss=3.6116e-05
E11/12 B2200/36000 batch_loss=2.2043e-05
E11/12 B2400/36000 batch_loss=4.1355e-05
E11/12 B2600/36000 batch_loss=3.3588e-05
E11/12 B2800/36000 batch_loss=2.5801e-05
E11/12 B3000/36000 batch_loss=4.0236e-05
E11/12 B3200/36000 batch_loss=2.3234e-05
E11/12 B3400/36000 batch_loss=2.0038e-05
E11/12 B3600/36000 batch_loss=3.7495e-05
E11/12 B3800/36000 batch_loss=3.6404e-05
E11/12 B4000/36000 batch_loss=2.6002e-05
E11/12 B4200/36000 batch_loss=3.3023e-05
E11/12 B4400/36000 batch_loss=2.7383e-05
E11/12 B4600/36000 batch_loss=3.9277e-05
E11/12 B4800/36000 batch_loss=4.9438e-05
E11/12 B5000/36000 batch_loss=2.0843e-05
E11/12 B5200/36000 batch_loss=2.9942e-05
E11/12 B5400/36000 batch_loss=2.1011e-05
E11/12 B5600/36000 batch_loss=2.0844e-05
E11/12 B5800/36000 batch_loss=3.6635e-05
E11/12 B6000/36000 batch_loss=2.8072e-05
E11/12 B6200/36000 batch_loss=3.6822e-05
E11/12 B6400/36000 batch_loss=3.9379e-05
E11/12 B6600/36000 batch_loss=3.9266e-05
E11/12 B6800/36000 batch_loss=4.3343e-05
E11/12 B7000/36000 batch_loss=2.2026e-05
E11/12 B7200/36000 batch_loss=5.2069e-05
E11/12 B7400/36000 batch_loss=3.8670e-05
E11/12 B7600/36000 batch_loss=2.3890e-05
E11/12 B7800/36000 batch_loss=3.6054e-05
E11/12 B8000/36000 batch_loss=4.2056e-05
E11/12 B8200/36000 batch_loss=2.3925e-05
E11/12 B8400/36000 batch_loss=2.9968e-05
E11/12 B8600/36000 batch_loss=2.7760e-05
E11/12 B8800/36000 batch_loss=3.9189e-05
E11/12 B9000/36000 batch_loss=2.7509e-05
E11/12 B9200/36000 batch_loss=4.1218e-05
E11/12 B9400/36000 batch_loss=3.0440e-05
E11/12 B9600/36000 batch_loss=3.4190e-05
E11/12 B9800/36000 batch_loss=3.5534e-05
E11/12 B10000/36000 batch_loss=4.0596e-05
E11/12 B10200/36000 batch_loss=4.1600e-05
E11/12 B10400/36000 batch_loss=4.8896e-05
E11/12 B10600/36000 batch_loss=2.5264e-05
E11/12 B10800/36000 batch_loss=2.8465e-05
E11/12 B11000/36000 batch_loss=4.0400e-05
E11/12 B11200/36000 batch_loss=4.9980e-05
E11/12 B11400/36000 batch_loss=2.8606e-05
E11/12 B11600/36000 batch_loss=2.5058e-05
E11/12 B11800/36000 batch_loss=4.1546e-05
E11/12 B12000/36000 batch_loss=2.5173e-05
E11/12 B12200/36000 batch_loss=2.5140e-05
E11/12 B12400/36000 batch_loss=3.4525e-05
E11/12 B12600/36000 batch_loss=2.5770e-05
E11/12 B12800/36000 batch_loss=3.9177e-05
E11/12 B13000/36000 batch_loss=2.5739e-05
E11/12 B13200/36000 batch_loss=4.2780e-05
E11/12 B13400/36000 batch_loss=2.3758e-05
E11/12 B13600/36000 batch_loss=2.1922e-05
E11/12 B13800/36000 batch_loss=3.0228e-05
E11/12 B14000/36000 batch_loss=4.7341e-05
E11/12 B14200/36000 batch_loss=3.8339e-05
E11/12 B14400/36000 batch_loss=2.3535e-05
E11/12 B14600/36000 batch_loss=3.5836e-05
E11/12 B14800/36000 batch_loss=2.5443e-05
E11/12 B15000/36000 batch_loss=3.8224e-05
E11/12 B15200/36000 batch_loss=2.0082e-05
E11/12 B15400/36000 batch_loss=2.4327e-05
E11/12 B15600/36000 batch_loss=3.2953e-05
E11/12 B15800/36000 batch_loss=2.5436e-05
E11/12 B16000/36000 batch_loss=4.2041e-05
E11/12 B16200/36000 batch_loss=3.1066e-05
E11/12 B16400/36000 batch_loss=3.5902e-05
E11/12 B16600/36000 batch_loss=4.6425e-05
E11/12 B16800/36000 batch_loss=3.2061e-05
E11/12 B17000/36000 batch_loss=3.9354e-05
E11/12 B17200/36000 batch_loss=3.3908e-05
E11/12 B17400/36000 batch_loss=1.8937e-05
E11/12 B17600/36000 batch_loss=2.9173e-05
E11/12 B17800/36000 batch_loss=2.7245e-05
E11/12 B18000/36000 batch_loss=4.0587e-05
E11/12 B18200/36000 batch_loss=3.9017e-05
E11/12 B18400/36000 batch_loss=4.1706e-05
E11/12 B18600/36000 batch_loss=3.7002e-05
E11/12 B18800/36000 batch_loss=2.5798e-05
E11/12 B19000/36000 batch_loss=2.4779e-05
E11/12 B19200/36000 batch_loss=2.0948e-05
E11/12 B19400/36000 batch_loss=3.2139e-05
E11/12 B19600/36000 batch_loss=1.9878e-05
E11/12 B19800/36000 batch_loss=4.1201e-05
E11/12 B20000/36000 batch_loss=2.4129e-05
E11/12 B20200/36000 batch_loss=2.2085e-05
E11/12 B20400/36000 batch_loss=5.4793e-05
E11/12 B20600/36000 batch_loss=3.9319e-05
E11/12 B20800/36000 batch_loss=3.5300e-05
E11/12 B21000/36000 batch_loss=3.5869e-05
E11/12 B21200/36000 batch_loss=2.1469e-05
E11/12 B21400/36000 batch_loss=2.3304e-05
E11/12 B21600/36000 batch_loss=2.1512e-05
E11/12 B21800/36000 batch_loss=3.2329e-05
E11/12 B22000/36000 batch_loss=2.3708e-05
E11/12 B22200/36000 batch_loss=4.0271e-05
E11/12 B22400/36000 batch_loss=1.9662e-05
E11/12 B22600/36000 batch_loss=3.3663e-05
E11/12 B22800/36000 batch_loss=2.6608e-05
E11/12 B23000/36000 batch_loss=3.8130e-05
E11/12 B23200/36000 batch_loss=2.4421e-05
E11/12 B23400/36000 batch_loss=3.8208e-05
E11/12 B23600/36000 batch_loss=2.4906e-05
E11/12 B23800/36000 batch_loss=3.2369e-05
E11/12 B24000/36000 batch_loss=3.7247e-05
E11/12 B24200/36000 batch_loss=3.0995e-05
E11/12 B24400/36000 batch_loss=3.6450e-05
E11/12 B24600/36000 batch_loss=3.7243e-05
E11/12 B24800/36000 batch_loss=3.4508e-05
E11/12 B25000/36000 batch_loss=2.1291e-05
E11/12 B25200/36000 batch_loss=2.4536e-05
E11/12 B25400/36000 batch_loss=4.1257e-05
E11/12 B25600/36000 batch_loss=3.7294e-05
E11/12 B25800/36000 batch_loss=4.0310e-05
E11/12 B26000/36000 batch_loss=3.4976e-05
E11/12 B26200/36000 batch_loss=3.8329e-05
E11/12 B26400/36000 batch_loss=3.8317e-05
E11/12 B26600/36000 batch_loss=4.5658e-05
E11/12 B26800/36000 batch_loss=4.3991e-05
E11/12 B27000/36000 batch_loss=2.2088e-05
E11/12 B27200/36000 batch_loss=2.3487e-05
E11/12 B27400/36000 batch_loss=2.3713e-05
E11/12 B27600/36000 batch_loss=3.7073e-05
E11/12 B27800/36000 batch_loss=2.0420e-05
E11/12 B28000/36000 batch_loss=2.5861e-05
E11/12 B28200/36000 batch_loss=3.7337e-05
E11/12 B28400/36000 batch_loss=2.4718e-05
E11/12 B28600/36000 batch_loss=3.5698e-05
E11/12 B28800/36000 batch_loss=3.6222e-05
E11/12 B29000/36000 batch_loss=3.7168e-05
E11/12 B29200/36000 batch_loss=4.3344e-05
E11/12 B29400/36000 batch_loss=3.6175e-05
E11/12 B29600/36000 batch_loss=2.4203e-05
E11/12 B29800/36000 batch_loss=2.3311e-05
E11/12 B30000/36000 batch_loss=3.6239e-05
E11/12 B30200/36000 batch_loss=2.8234e-05
E11/12 B30400/36000 batch_loss=3.6148e-05
E11/12 B30600/36000 batch_loss=2.9583e-05
E11/12 B30800/36000 batch_loss=2.6345e-05
E11/12 B31000/36000 batch_loss=2.5635e-05
E11/12 B31200/36000 batch_loss=2.4141e-05
E11/12 B31400/36000 batch_loss=3.1457e-05
E11/12 B31600/36000 batch_loss=2.1490e-05
E11/12 B31800/36000 batch_loss=3.6718e-05
E11/12 B32000/36000 batch_loss=3.7634e-05
E11/12 B32200/36000 batch_loss=4.3172e-05
E11/12 B32400/36000 batch_loss=4.1473e-05
E11/12 B32600/36000 batch_loss=2.6036e-05
E11/12 B32800/36000 batch_loss=3.2924e-05
E11/12 B33000/36000 batch_loss=3.9173e-05
E11/12 B33200/36000 batch_loss=2.3573e-05
E11/12 B33400/36000 batch_loss=2.8380e-05
E11/12 B33600/36000 batch_loss=2.4996e-05
E11/12 B33800/36000 batch_loss=1.9799e-05
E11/12 B34000/36000 batch_loss=5.9825e-05
E11/12 B34200/36000 batch_loss=2.3256e-05
E11/12 B34400/36000 batch_loss=2.3675e-05
E11/12 B34600/36000 batch_loss=2.7043e-05
E11/12 B34800/36000 batch_loss=2.8881e-05
E11/12 B35000/36000 batch_loss=4.5293e-05
E11/12 B35200/36000 batch_loss=2.1095e-05
E11/12 B35400/36000 batch_loss=3.3119e-05
E11/12 B35600/36000 batch_loss=2.6012e-05
E11/12 B35800/36000 batch_loss=3.5750e-05
E11/12 B36000/36000 batch_loss=4.0277e-05
2026-06-21 16:12:24,525 | INFO | Saved 10 diagnostic panel(s) under D:\Research\NO-2D-Metamaterials\MODELS\training_runs\NO_I3O5_BCF16_L1_HC128_LR2e-03_WD0e+00_SS1_G9e-01_ch0u_260619\diagnostics\epoch_011
epoch=11/12 train_loss=3.164581e-05 val_loss=5.096096e-05 lr=6.276e-04 train_sps=1393.7
epoch=11/12 compare_loss(l1) train=1.812860e-03 val=2.294034e-03
2026-06-21 16:12:25,804 | INFO | epoch=11/12 loss=mse train_ch_mse=4.851e-06 3.041e-05 2.815e-05 5.082e-05 4.399e-05 val_ch_mse=1.156e-05 5.102e-05 4.853e-05 7.607e-05 6.763e-05 train_loss=3.164581e-05 val_loss=5.096096e-05 lr=6.276e-04 train_sps=1393.7
2026-06-21 16:12:25,804 | INFO | epoch=11/12 compare_loss=l1 train_ch_l1=5.700e-04 1.925e-03 1.820e-03 2.470e-03 2.279e-03 val_ch_l1=6.179e-04 2.486e-03 2.373e-03 3.084e-03 2.909e-03 train_loss=1.812860e-03 val_loss=2.294034e-03
Epoch 11/12 done | train_loss=3.1646e-05 val_loss=5.0961e-05 lr=6.28e-04
E12/12 B200/36000 batch_loss=2.2868e-05
E12/12 B400/36000 batch_loss=3.5960e-05
E12/12 B600/36000 batch_loss=5.3858e-05
E12/12 B800/36000 batch_loss=3.3318e-05
E12/12 B1000/36000 batch_loss=3.7704e-05
E12/12 B1200/36000 batch_loss=2.1811e-05
E12/12 B1400/36000 batch_loss=2.1564e-05
E12/12 B1600/36000 batch_loss=3.5796e-05
E12/12 B1800/36000 batch_loss=3.7085e-05
E12/12 B2000/36000 batch_loss=2.6524e-05
E12/12 B2200/36000 batch_loss=3.5311e-05
E12/12 B2400/36000 batch_loss=3.4523e-05
E12/12 B2600/36000 batch_loss=1.9683e-05
E12/12 B2800/36000 batch_loss=4.4994e-05
E12/12 B3000/36000 batch_loss=2.5251e-05
E12/12 B3200/36000 batch_loss=4.1698e-05
E12/12 B3400/36000 batch_loss=4.1397e-05
E12/12 B3600/36000 batch_loss=1.9837e-05
E12/12 B3800/36000 batch_loss=4.3857e-05
E12/12 B4000/36000 batch_loss=3.3257e-05
E12/12 B4200/36000 batch_loss=3.7219e-05
E12/12 B4400/36000 batch_loss=2.2691e-05
E12/12 B4600/36000 batch_loss=3.8016e-05
E12/12 B4800/36000 batch_loss=3.4285e-05
E12/12 B5000/36000 batch_loss=1.8307e-05
E12/12 B5200/36000 batch_loss=2.4206e-05
E12/12 B5400/36000 batch_loss=3.8501e-05
E12/12 B5600/36000 batch_loss=2.4075e-05
E12/12 B5800/36000 batch_loss=2.2533e-05
E12/12 B6000/36000 batch_loss=2.5159e-05
E12/12 B6200/36000 batch_loss=2.2893e-05
E12/12 B6400/36000 batch_loss=4.0535e-05
E12/12 B6600/36000 batch_loss=2.5574e-05
E12/12 B6800/36000 batch_loss=2.5207e-05
E12/12 B7000/36000 batch_loss=3.5764e-05
E12/12 B7200/36000 batch_loss=2.3839e-05
E12/12 B7400/36000 batch_loss=2.2815e-05
E12/12 B7600/36000 batch_loss=2.4709e-05
E12/12 B7800/36000 batch_loss=2.6025e-05
E12/12 B8000/36000 batch_loss=2.6360e-05
E12/12 B8200/36000 batch_loss=4.3213e-05
E12/12 B8400/36000 batch_loss=4.1452e-05
E12/12 B8600/36000 batch_loss=2.5213e-05
E12/12 B8800/36000 batch_loss=2.4030e-05
E12/12 B9000/36000 batch_loss=3.2471e-05
E12/12 B9200/36000 batch_loss=2.2469e-05
E12/12 B9400/36000 batch_loss=3.9655e-05
E12/12 B9600/36000 batch_loss=4.0139e-05
E12/12 B9800/36000 batch_loss=4.1151e-05
E12/12 B10000/36000 batch_loss=2.4584e-05
E12/12 B10200/36000 batch_loss=2.0635e-05
E12/12 B10400/36000 batch_loss=2.4097e-05
E12/12 B10600/36000 batch_loss=2.0871e-05
E12/12 B10800/36000 batch_loss=3.4384e-05
E12/12 B11000/36000 batch_loss=2.6102e-05
E12/12 B11200/36000 batch_loss=1.9935e-05
E12/12 B11400/36000 batch_loss=3.9997e-05
E12/12 B11600/36000 batch_loss=2.1624e-05
E12/12 B11800/36000 batch_loss=3.0025e-05
E12/12 B12000/36000 batch_loss=4.1407e-05
E12/12 B12200/36000 batch_loss=3.3720e-05
E12/12 B12400/36000 batch_loss=3.7881e-05
E12/12 B12600/36000 batch_loss=2.5526e-05
E12/12 B12800/36000 batch_loss=2.2802e-05
E12/12 B13000/36000 batch_loss=2.4333e-05
E12/12 B13200/36000 batch_loss=2.6091e-05
E12/12 B13400/36000 batch_loss=4.5428e-05
E12/12 B13600/36000 batch_loss=2.4214e-05
E12/12 B13800/36000 batch_loss=2.5410e-05
E12/12 B14000/36000 batch_loss=4.0012e-05
E12/12 B14200/36000 batch_loss=2.6838e-05
E12/12 B14400/36000 batch_loss=4.0524e-05
E12/12 B14600/36000 batch_loss=3.0258e-05
E12/12 B14800/36000 batch_loss=2.6783e-05
E12/12 B15000/36000 batch_loss=3.5888e-05
E12/12 B15200/36000 batch_loss=3.5162e-05
E12/12 B15400/36000 batch_loss=5.0598e-05
E12/12 B15600/36000 batch_loss=2.4537e-05
E12/12 B15800/36000 batch_loss=4.1694e-05
E12/12 B16000/36000 batch_loss=2.3626e-05
E12/12 B16200/36000 batch_loss=3.7319e-05
E12/12 B16400/36000 batch_loss=3.0788e-05
E12/12 B16600/36000 batch_loss=3.8950e-05
E12/12 B16800/36000 batch_loss=4.7401e-05
E12/12 B17000/36000 batch_loss=2.2966e-05
E12/12 B17200/36000 batch_loss=4.1241e-05
E12/12 B17400/36000 batch_loss=2.5028e-05
E12/12 B17600/36000 batch_loss=3.5469e-05
E12/12 B17800/36000 batch_loss=2.5958e-05
E12/12 B18000/36000 batch_loss=4.3320e-05
E12/12 B18200/36000 batch_loss=2.5368e-05
E12/12 B18400/36000 batch_loss=4.8523e-05
E12/12 B18600/36000 batch_loss=4.1948e-05
E12/12 B18800/36000 batch_loss=3.3124e-05
E12/12 B19000/36000 batch_loss=3.9653e-05
E12/12 B19200/36000 batch_loss=2.2247e-05
E12/12 B19400/36000 batch_loss=2.3026e-05
E12/12 B19600/36000 batch_loss=2.0802e-05
E12/12 B19800/36000 batch_loss=2.4187e-05
E12/12 B20000/36000 batch_loss=5.8526e-05
E12/12 B20200/36000 batch_loss=2.3171e-05
E12/12 B20400/36000 batch_loss=3.7646e-05
E12/12 B20600/36000 batch_loss=3.3976e-05
E12/12 B20800/36000 batch_loss=3.5196e-05
E12/12 B21000/36000 batch_loss=2.2681e-05
E12/12 B21200/36000 batch_loss=4.1054e-05
E12/12 B21400/36000 batch_loss=2.1307e-05
E12/12 B21600/36000 batch_loss=2.9348e-05
E12/12 B21800/36000 batch_loss=2.1193e-05
E12/12 B22000/36000 batch_loss=3.2027e-05
E12/12 B22200/36000 batch_loss=2.1329e-05
E12/12 B22400/36000 batch_loss=3.7557e-05
E12/12 B22600/36000 batch_loss=2.2968e-05
E12/12 B22800/36000 batch_loss=2.0250e-05
E12/12 B23000/36000 batch_loss=3.7718e-05
E12/12 B23200/36000 batch_loss=2.5918e-05
E12/12 B23400/36000 batch_loss=2.7280e-05
E12/12 B23600/36000 batch_loss=2.4828e-05
E12/12 B23800/36000 batch_loss=3.4608e-05
E12/12 B24000/36000 batch_loss=3.7093e-05
E12/12 B24200/36000 batch_loss=2.4118e-05
E12/12 B24400/36000 batch_loss=3.8968e-05
E12/12 B24600/36000 batch_loss=2.2385e-05
E12/12 B24800/36000 batch_loss=3.7979e-05
E12/12 B25000/36000 batch_loss=3.7770e-05
E12/12 B25200/36000 batch_loss=3.9250e-05
E12/12 B25400/36000 batch_loss=4.7362e-05
E12/12 B25600/36000 batch_loss=2.6241e-05
E12/12 B25800/36000 batch_loss=2.3786e-05
E12/12 B26000/36000 batch_loss=2.2154e-05
E12/12 B26200/36000 batch_loss=2.1928e-05
E12/12 B26400/36000 batch_loss=2.3606e-05
E12/12 B26600/36000 batch_loss=3.9672e-05
E12/12 B26800/36000 batch_loss=2.3025e-05
E12/12 B27000/36000 batch_loss=3.6379e-05
E12/12 B27200/36000 batch_loss=3.9320e-05
E12/12 B27400/36000 batch_loss=2.6675e-05
E12/12 B27600/36000 batch_loss=2.2889e-05
E12/12 B27800/36000 batch_loss=2.5924e-05
E12/12 B28000/36000 batch_loss=4.6235e-05
E12/12 B28200/36000 batch_loss=3.8699e-05
E12/12 B28400/36000 batch_loss=2.3725e-05
E12/12 B28600/36000 batch_loss=5.4540e-05
E12/12 B28800/36000 batch_loss=3.8509e-05
E12/12 B29000/36000 batch_loss=3.9326e-05
E12/12 B29200/36000 batch_loss=2.5825e-05
E12/12 B29400/36000 batch_loss=2.0196e-05
E12/12 B29600/36000 batch_loss=3.7274e-05
E12/12 B29800/36000 batch_loss=2.8039e-05
E12/12 B30000/36000 batch_loss=3.8042e-05
E12/12 B30200/36000 batch_loss=3.6052e-05
E12/12 B30400/36000 batch_loss=2.2226e-05
E12/12 B30600/36000 batch_loss=4.0050e-05
E12/12 B30800/36000 batch_loss=2.4602e-05
E12/12 B31000/36000 batch_loss=2.8978e-05
E12/12 B31200/36000 batch_loss=3.6431e-05
E12/12 B31400/36000 batch_loss=3.5302e-05
E12/12 B31600/36000 batch_loss=3.6075e-05
E12/12 B31800/36000 batch_loss=3.4929e-05
E12/12 B32000/36000 batch_loss=2.3398e-05
E12/12 B32200/36000 batch_loss=2.2065e-05
E12/12 B32400/36000 batch_loss=2.0345e-05
E12/12 B32600/36000 batch_loss=2.0207e-05
E12/12 B32800/36000 batch_loss=3.7253e-05
E12/12 B33000/36000 batch_loss=2.4653e-05
E12/12 B33200/36000 batch_loss=2.8710e-05
E12/12 B33400/36000 batch_loss=4.6682e-05
E12/12 B33600/36000 batch_loss=3.5574e-05
E12/12 B33800/36000 batch_loss=2.5135e-05
E12/12 B34000/36000 batch_loss=2.8090e-05
E12/12 B34200/36000 batch_loss=2.6784e-05
E12/12 B34400/36000 batch_loss=3.1118e-05
E12/12 B34600/36000 batch_loss=2.3658e-05
E12/12 B34800/36000 batch_loss=3.8949e-05
E12/12 B35000/36000 batch_loss=3.8855e-05
E12/12 B35200/36000 batch_loss=3.9163e-05
E12/12 B35400/36000 batch_loss=1.8876e-05
E12/12 B35600/36000 batch_loss=2.1338e-05
E12/12 B35800/36000 batch_loss=3.6695e-05
E12/12 B36000/36000 batch_loss=2.4853e-05
2026-06-21 19:53:18,566 | INFO | Saved 10 diagnostic panel(s) under D:\Research\NO-2D-Metamaterials\MODELS\training_runs\NO_I3O5_BCF16_L1_HC128_LR2e-03_WD0e+00_SS1_G9e-01_ch0u_260619\diagnostics\epoch_012
epoch=12/12 train_loss=3.081353e-05 val_loss=5.042257e-05 lr=5.649e-04 train_sps=1433.0
epoch=12/12 compare_loss(l1) train=1.790710e-03 val=2.503965e-03
2026-06-21 19:53:19,951 | INFO | epoch=12/12 loss=mse train_ch_mse=4.694e-06 2.955e-05 2.731e-05 4.957e-05 4.295e-05 val_ch_mse=7.186e-06 5.133e-05 4.908e-05 7.651e-05 6.801e-05 train_loss=3.081353e-05 val_loss=5.042257e-05 lr=5.649e-04 train_sps=1433.0
2026-06-21 19:53:19,952 | INFO | epoch=12/12 compare_loss=l1 train_ch_l1=5.419e-04 1.906e-03 1.803e-03 2.445e-03 2.257e-03 val_ch_l1=1.520e-03 2.561e-03 2.422e-03 3.102e-03 2.915e-03 train_loss=1.790710e-03 val_loss=2.503965e-03
Epoch 12/12 done | train_loss=3.0814e-05 val_loss=5.0423e-05 lr=5.65e-04
2026-06-21 19:53:20,326 | INFO | Run complete | run_name=NO_I3O5_BCF16_L1_HC128_LR2e-03_WD0e+00_SS1_G9e-01_ch0u_260619 run_id=NO_I3O5_BCF16_L1_HC128_LR2e-03_WD0e+00_SS1_G9e-01_ch0u_260619 best_val_loss=2.134537e-03
2026-06-21 19:53:20,326 | INFO | Artifacts saved to: D:\Research\NO-2D-Metamaterials\MODELS\training_runs\NO_I3O5_BCF16_L1_HC128_LR2e-03_WD0e+00_SS1_G9e-01_ch0u_260619
Run complete. run_name=NO_I3O5_BCF16_L1_HC128_LR2e-03_WD0e+00_SS1_G9e-01_ch0u_260619 run_id=NO_I3O5_BCF16_L1_HC128_LR2e-03_WD0e+00_SS1_G9e-01_ch0u_260619 best_val_loss=2.134537e-03
Artifacts saved to: D:\Research\NO-2D-Metamaterials\MODELS\training_runs\NO_I3O5_BCF16_L1_HC128_LR2e-03_WD0e+00_SS1_G9e-01_ch0u_260619
