2026-06-19 19:17:11,480 | INFO | Run started | run_name=NO_I3O5_BCF16_L1_HC128_LR2e-03_WD0e+00_SS1_G9e-01_ch0u_260619 run_id=NO_I3O5_BCF16_L1_HC128_LR2e-03_WD0e+00_SS1_G9e-01_ch0u_260619 device=cuda train_samples=18720000 test_samples=780000 epoch_range=1..4
2026-06-19 19:17:11,480 | INFO | Fault diagnostics | main_fault_log=D:\Research\NO-2D-Metamaterials\MODELS\training_runs\NO_I3O5_BCF16_L1_HC128_LR2e-03_WD0e+00_SS1_G9e-01_ch0u_260619\main_process_fault.log
2026-06-19 23:12:37,553 | INFO | Saved 10 diagnostic panel(s) under D:\Research\NO-2D-Metamaterials\MODELS\training_runs\NO_I3O5_BCF16_L1_HC128_LR2e-03_WD0e+00_SS1_G9e-01_ch0u_260619\diagnostics\epoch_001
2026-06-19 23:12:39,052 | INFO | epoch=1/4 loss=l1 train_ch_l1=1.190e-03 3.921e-03 3.784e-03 4.511e-03 4.299e-03 val_ch_l1=6.581e-04 2.968e-03 2.955e-03 3.565e-03 3.428e-03 train_loss=3.541086e-03 val_loss=2.714725e-03 lr=1.800e-03 train_sps=1343.2
2026-06-20 02:39:43,134 | INFO | Saved 10 diagnostic panel(s) under D:\Research\NO-2D-Metamaterials\MODELS\training_runs\NO_I3O5_BCF16_L1_HC128_LR2e-03_WD0e+00_SS1_G9e-01_ch0u_260619\diagnostics\epoch_002
2026-06-20 02:39:44,618 | INFO | epoch=2/4 loss=l1 train_ch_l1=7.414e-04 2.675e-03 2.568e-03 3.270e-03 3.071e-03 val_ch_l1=8.462e-04 2.698e-03 2.617e-03 3.297e-03 3.192e-03 train_loss=2.465105e-03 val_loss=2.530199e-03 lr=1.620e-03 train_sps=1529.8
2026-06-20 06:06:48,766 | INFO | Saved 10 diagnostic panel(s) under D:\Research\NO-2D-Metamaterials\MODELS\training_runs\NO_I3O5_BCF16_L1_HC128_LR2e-03_WD0e+00_SS1_G9e-01_ch0u_260619\diagnostics\epoch_003
2026-06-20 06:06:50,200 | INFO | epoch=3/4 loss=l1 train_ch_l1=6.572e-04 2.399e-03 2.296e-03 2.987e-03 2.791e-03 val_ch_l1=6.373e-04 2.524e-03 2.431e-03 3.164e-03 2.926e-03 train_loss=2.226092e-03 val_loss=2.336397e-03 lr=1.458e-03 train_sps=1529.8
2026-06-20 09:33:54,771 | INFO | Saved 10 diagnostic panel(s) under D:\Research\NO-2D-Metamaterials\MODELS\training_runs\NO_I3O5_BCF16_L1_HC128_LR2e-03_WD0e+00_SS1_G9e-01_ch0u_260619\diagnostics\epoch_004
2026-06-20 09:33:56,200 | INFO | epoch=4/4 loss=l1 train_ch_l1=5.995e-04 2.230e-03 2.128e-03 2.808e-03 2.615e-03 val_ch_l1=6.202e-04 2.492e-03 2.389e-03 3.077e-03 2.888e-03 train_loss=2.076325e-03 val_loss=2.293121e-03 lr=1.312e-03 train_sps=1529.7
2026-06-20 09:33:56,493 | INFO | Run complete | run_name=NO_I3O5_BCF16_L1_HC128_LR2e-03_WD0e+00_SS1_G9e-01_ch0u_260619 run_id=NO_I3O5_BCF16_L1_HC128_LR2e-03_WD0e+00_SS1_G9e-01_ch0u_260619 best_val_loss=2.293121e-03
2026-06-20 09:33:56,493 | INFO | Artifacts saved to: D:\Research\NO-2D-Metamaterials\MODELS\training_runs\NO_I3O5_BCF16_L1_HC128_LR2e-03_WD0e+00_SS1_G9e-01_ch0u_260619
2026-06-20 14:17:10,002 | INFO | Resumed full state from D:\Research\NO-2D-Metamaterials\MODELS\training_runs\NO_I3O5_BCF16_L1_HC128_LR2e-03_WD0e+00_SS1_G9e-01_ch0u_260619\training_state_latest.pt at epoch=4
2026-06-20 14:17:10,009 | INFO | Run started | run_name=NO_I3O5_BCF16_L1_HC128_LR2e-03_WD0e+00_SS1_G9e-01_ch0u_260619 run_id=NO_I3O5_BCF16_L1_HC128_LR2e-03_WD0e+00_SS1_G9e-01_ch0u_260619 device=cuda train_samples=18720000 test_samples=780000 epoch_range=5..8
2026-06-20 14:17:10,009 | INFO | Fault diagnostics | main_fault_log=D:\Research\NO-2D-Metamaterials\MODELS\training_runs\NO_I3O5_BCF16_L1_HC128_LR2e-03_WD0e+00_SS1_G9e-01_ch0u_260619\main_process_fault.log
2026-06-20 15:01:15,283 | INFO | Resumed full state from D:\Research\NO-2D-Metamaterials\MODELS\training_runs\NO_I3O5_BCF16_L1_HC128_LR2e-03_WD0e+00_SS1_G9e-01_ch0u_260619\training_state_latest.pt at epoch=4
2026-06-20 15:01:15,287 | INFO | Run started | run_name=NO_I3O5_BCF16_L1_HC128_LR2e-03_WD0e+00_SS1_G9e-01_ch0u_260619 run_id=NO_I3O5_BCF16_L1_HC128_LR2e-03_WD0e+00_SS1_G9e-01_ch0u_260619 device=cuda train_samples=18720000 test_samples=780000 epoch_range=5..8
2026-06-20 15:01:15,287 | INFO | Fault diagnostics | main_fault_log=D:\Research\NO-2D-Metamaterials\MODELS\training_runs\NO_I3O5_BCF16_L1_HC128_LR2e-03_WD0e+00_SS1_G9e-01_ch0u_260619\main_process_fault.log
2026-06-20 15:18:40,060 | INFO | Resumed full state from D:\Research\NO-2D-Metamaterials\MODELS\training_runs\NO_I3O5_BCF16_L1_HC128_LR2e-03_WD0e+00_SS1_G9e-01_ch0u_260619\training_state_latest.pt at epoch=4
2026-06-20 15:18:40,065 | INFO | Run started | run_name=NO_I3O5_BCF16_L1_HC128_LR2e-03_WD0e+00_SS1_G9e-01_ch0u_260619 run_id=NO_I3O5_BCF16_L1_HC128_LR2e-03_WD0e+00_SS1_G9e-01_ch0u_260619 device=cuda train_samples=18720000 test_samples=780000 epoch_range=5..8
2026-06-20 15:18:40,065 | INFO | Fault diagnostics | main_fault_log=D:\Research\NO-2D-Metamaterials\MODELS\training_runs\NO_I3O5_BCF16_L1_HC128_LR2e-03_WD0e+00_SS1_G9e-01_ch0u_260619\main_process_fault.log
2026-06-20 15:20:20,543 | INFO | Resumed full state from D:\Research\NO-2D-Metamaterials\MODELS\training_runs\NO_I3O5_BCF16_L1_HC128_LR2e-03_WD0e+00_SS1_G9e-01_ch0u_260619\training_state_latest.pt at epoch=4
2026-06-20 15:20:20,547 | INFO | Run started | run_name=NO_I3O5_BCF16_L1_HC128_LR2e-03_WD0e+00_SS1_G9e-01_ch0u_260619 run_id=NO_I3O5_BCF16_L1_HC128_LR2e-03_WD0e+00_SS1_G9e-01_ch0u_260619 device=cuda train_samples=18720000 test_samples=780000 epoch_range=5..8
2026-06-20 15:20:20,548 | INFO | Fault diagnostics | main_fault_log=D:\Research\NO-2D-Metamaterials\MODELS\training_runs\NO_I3O5_BCF16_L1_HC128_LR2e-03_WD0e+00_SS1_G9e-01_ch0u_260619\main_process_fault.log
2026-06-20 15:27:30,546 | INFO | Resumed full state from D:\Research\NO-2D-Metamaterials\MODELS\training_runs\NO_I3O5_BCF16_L1_HC128_LR2e-03_WD0e+00_SS1_G9e-01_ch0u_260619\training_state_latest.pt at epoch=4
2026-06-20 15:27:30,549 | INFO | Run started | run_name=NO_I3O5_BCF16_L1_HC128_LR2e-03_WD0e+00_SS1_G9e-01_ch0u_260619 run_id=NO_I3O5_BCF16_L1_HC128_LR2e-03_WD0e+00_SS1_G9e-01_ch0u_260619 device=cuda train_samples=18720000 test_samples=780000 epoch_range=5..8
2026-06-20 15:27:30,549 | INFO | Fault diagnostics | main_fault_log=D:\Research\NO-2D-Metamaterials\MODELS\training_runs\NO_I3O5_BCF16_L1_HC128_LR2e-03_WD0e+00_SS1_G9e-01_ch0u_260619\main_process_fault.log
2026-06-20 15:29:18,917 | INFO | Resumed full state from D:\Research\NO-2D-Metamaterials\MODELS\training_runs\NO_I3O5_BCF16_L1_HC128_LR2e-03_WD0e+00_SS1_G9e-01_ch0u_260619\training_state_latest.pt at epoch=4
2026-06-20 15:29:18,920 | INFO | Run started | run_name=NO_I3O5_BCF16_L1_HC128_LR2e-03_WD0e+00_SS1_G9e-01_ch0u_260619 run_id=NO_I3O5_BCF16_L1_HC128_LR2e-03_WD0e+00_SS1_G9e-01_ch0u_260619 device=cuda train_samples=18720000 test_samples=780000 epoch_range=5..8
2026-06-20 15:29:18,921 | INFO | Fault diagnostics | main_fault_log=D:\Research\NO-2D-Metamaterials\MODELS\training_runs\NO_I3O5_BCF16_L1_HC128_LR2e-03_WD0e+00_SS1_G9e-01_ch0u_260619\main_process_fault.log
2026-06-20 18:56:30,427 | INFO | Saved 10 diagnostic panel(s) under D:\Research\NO-2D-Metamaterials\MODELS\training_runs\NO_I3O5_BCF16_L1_HC128_LR2e-03_WD0e+00_SS1_G9e-01_ch0u_260619\diagnostics\epoch_005
2026-06-20 18:56:31,926 | INFO | epoch=5/8 loss=l1 train_ch_l1=5.544e-04 2.109e-03 2.005e-03 2.679e-03 2.487e-03 val_ch_l1=5.548e-04 2.418e-03 2.309e-03 3.062e-03 2.823e-03 train_loss=1.966827e-03 val_loss=2.233350e-03 lr=1.181e-03 train_sps=1529.2
2026-06-20 22:23:39,521 | INFO | Saved 10 diagnostic panel(s) under D:\Research\NO-2D-Metamaterials\MODELS\training_runs\NO_I3O5_BCF16_L1_HC128_LR2e-03_WD0e+00_SS1_G9e-01_ch0u_260619\diagnostics\epoch_006
2026-06-20 22:23:40,990 | INFO | epoch=6/8 loss=l1 train_ch_l1=5.126e-04 2.010e-03 1.907e-03 2.572e-03 2.382e-03 val_ch_l1=6.406e-04 2.377e-03 2.274e-03 2.965e-03 2.803e-03 train_loss=1.876798e-03 val_loss=2.212018e-03 lr=1.063e-03 train_sps=1529.4
2026-06-21 01:50:47,109 | INFO | Saved 10 diagnostic panel(s) under D:\Research\NO-2D-Metamaterials\MODELS\training_runs\NO_I3O5_BCF16_L1_HC128_LR2e-03_WD0e+00_SS1_G9e-01_ch0u_260619\diagnostics\epoch_007
2026-06-21 01:50:48,587 | INFO | epoch=7/8 loss=l1 train_ch_l1=4.789e-04 1.927e-03 1.826e-03 2.481e-03 2.295e-03 val_ch_l1=6.716e-04 2.365e-03 2.264e-03 2.951e-03 2.752e-03 train_loss=1.801643e-03 val_loss=2.200591e-03 lr=9.566e-04 train_sps=1529.6
2026-06-21 05:17:56,984 | INFO | Saved 10 diagnostic panel(s) under D:\Research\NO-2D-Metamaterials\MODELS\training_runs\NO_I3O5_BCF16_L1_HC128_LR2e-03_WD0e+00_SS1_G9e-01_ch0u_260619\diagnostics\epoch_008
2026-06-21 05:17:58,471 | INFO | epoch=8/8 loss=l1 train_ch_l1=4.475e-04 1.856e-03 1.757e-03 2.401e-03 2.219e-03 val_ch_l1=4.976e-04 2.321e-03 2.215e-03 2.915e-03 2.724e-03 train_loss=1.736137e-03 val_loss=2.134537e-03 lr=8.609e-04 train_sps=1529.3
2026-06-21 05:17:58,757 | INFO | Run complete | run_name=NO_I3O5_BCF16_L1_HC128_LR2e-03_WD0e+00_SS1_G9e-01_ch0u_260619 run_id=NO_I3O5_BCF16_L1_HC128_LR2e-03_WD0e+00_SS1_G9e-01_ch0u_260619 best_val_loss=2.134537e-03
2026-06-21 05:17:58,757 | INFO | Artifacts saved to: D:\Research\NO-2D-Metamaterials\MODELS\training_runs\NO_I3O5_BCF16_L1_HC128_LR2e-03_WD0e+00_SS1_G9e-01_ch0u_260619
2026-06-21 05:18:13,217 | INFO | Dual-loss logging enabled | active_loss=mse compare_loss=l1
2026-06-21 05:18:14,229 | INFO | Resumed full state from D:\Research\NO-2D-Metamaterials\MODELS\training_runs\NO_I3O5_BCF16_L1_HC128_LR2e-03_WD0e+00_SS1_G9e-01_ch0u_260619\training_state_latest.pt at epoch=8
2026-06-21 05:18:14,233 | INFO | Run started | run_name=NO_I3O5_BCF16_L1_HC128_LR2e-03_WD0e+00_SS1_G9e-01_ch0u_260619 run_id=NO_I3O5_BCF16_L1_HC128_LR2e-03_WD0e+00_SS1_G9e-01_ch0u_260619 device=cuda train_samples=18720000 test_samples=780000 epoch_range=9..12
2026-06-21 05:18:14,233 | INFO | Fault diagnostics | main_fault_log=D:\Research\NO-2D-Metamaterials\MODELS\training_runs\NO_I3O5_BCF16_L1_HC128_LR2e-03_WD0e+00_SS1_G9e-01_ch0u_260619\main_process_fault.log
2026-06-21 08:45:27,863 | INFO | Saved 10 diagnostic panel(s) under D:\Research\NO-2D-Metamaterials\MODELS\training_runs\NO_I3O5_BCF16_L1_HC128_LR2e-03_WD0e+00_SS1_G9e-01_ch0u_260619\diagnostics\epoch_009
2026-06-21 08:45:29,046 | INFO | epoch=9/12 loss=mse train_ch_mse=6.131e-06 3.309e-05 3.088e-05 5.456e-05 4.710e-05 val_ch_mse=3.271e-05 5.214e-05 5.038e-05 7.715e-05 6.829e-05 train_loss=3.435251e-05 val_loss=5.613360e-05 lr=7.748e-04 train_sps=1529.0
2026-06-21 08:45:29,046 | INFO | epoch=9/12 compare_loss=l1 train_ch_l1=6.170e-04 1.932e-03 1.829e-03 2.493e-03 2.295e-03 val_ch_l1=9.917e-04 2.502e-03 2.590e-03 3.114e-03 2.942e-03 train_loss=1.833148e-03 val_loss=2.428017e-03
2026-06-21 12:25:06,008 | INFO | Saved 10 diagnostic panel(s) under D:\Research\NO-2D-Metamaterials\MODELS\training_runs\NO_I3O5_BCF16_L1_HC128_LR2e-03_WD0e+00_SS1_G9e-01_ch0u_260619\diagnostics\epoch_010
2026-06-21 12:25:07,243 | INFO | epoch=10/12 loss=mse train_ch_mse=5.098e-06 3.152e-05 2.927e-05 5.237e-05 4.527e-05 val_ch_mse=2.484e-05 5.211e-05 5.007e-05 7.771e-05 6.859e-05 train_loss=3.270512e-05 val_loss=5.466074e-05 lr=6.974e-04 train_sps=1443.1
2026-06-21 12:25:07,244 | INFO | epoch=10/12 compare_loss=l1 train_ch_l1=6.035e-04 1.947e-03 1.841e-03 2.501e-03 2.305e-03 val_ch_l1=7.614e-04 2.535e-03 2.444e-03 3.272e-03 2.991e-03 train_loss=1.839591e-03 val_loss=2.400744e-03
2026-06-21 16:12:24,525 | INFO | Saved 10 diagnostic panel(s) under D:\Research\NO-2D-Metamaterials\MODELS\training_runs\NO_I3O5_BCF16_L1_HC128_LR2e-03_WD0e+00_SS1_G9e-01_ch0u_260619\diagnostics\epoch_011
2026-06-21 16:12:25,804 | INFO | epoch=11/12 loss=mse train_ch_mse=4.851e-06 3.041e-05 2.815e-05 5.082e-05 4.399e-05 val_ch_mse=1.156e-05 5.102e-05 4.853e-05 7.607e-05 6.763e-05 train_loss=3.164581e-05 val_loss=5.096096e-05 lr=6.276e-04 train_sps=1393.7
2026-06-21 16:12:25,804 | INFO | epoch=11/12 compare_loss=l1 train_ch_l1=5.700e-04 1.925e-03 1.820e-03 2.470e-03 2.279e-03 val_ch_l1=6.179e-04 2.486e-03 2.373e-03 3.084e-03 2.909e-03 train_loss=1.812860e-03 val_loss=2.294034e-03
2026-06-21 19:53:18,566 | INFO | Saved 10 diagnostic panel(s) under D:\Research\NO-2D-Metamaterials\MODELS\training_runs\NO_I3O5_BCF16_L1_HC128_LR2e-03_WD0e+00_SS1_G9e-01_ch0u_260619\diagnostics\epoch_012
2026-06-21 19:53:19,951 | INFO | epoch=12/12 loss=mse train_ch_mse=4.694e-06 2.955e-05 2.731e-05 4.957e-05 4.295e-05 val_ch_mse=7.186e-06 5.133e-05 4.908e-05 7.651e-05 6.801e-05 train_loss=3.081353e-05 val_loss=5.042257e-05 lr=5.649e-04 train_sps=1433.0
2026-06-21 19:53:19,952 | INFO | epoch=12/12 compare_loss=l1 train_ch_l1=5.419e-04 1.906e-03 1.803e-03 2.445e-03 2.257e-03 val_ch_l1=1.520e-03 2.561e-03 2.422e-03 3.102e-03 2.915e-03 train_loss=1.790710e-03 val_loss=2.503965e-03
2026-06-21 19:53:20,326 | INFO | Run complete | run_name=NO_I3O5_BCF16_L1_HC128_LR2e-03_WD0e+00_SS1_G9e-01_ch0u_260619 run_id=NO_I3O5_BCF16_L1_HC128_LR2e-03_WD0e+00_SS1_G9e-01_ch0u_260619 best_val_loss=2.134537e-03
2026-06-21 19:53:20,326 | INFO | Artifacts saved to: D:\Research\NO-2D-Metamaterials\MODELS\training_runs\NO_I3O5_BCF16_L1_HC128_LR2e-03_WD0e+00_SS1_G9e-01_ch0u_260619
2026-06-21 20:09:40,850 | INFO | backfill_val_dual_loss | epoch=1 trained_loss=l1 val_l1=2.714725e-03 val_mse=6.378235e-05 rows_updated=1 migrated=False
2026-06-21 20:13:27,070 | INFO | backfill_val_dual_loss | epoch=2 trained_loss=l1 val_l1=2.530199e-03 val_mse=5.770626e-05 rows_updated=1 migrated=False
2026-06-21 20:16:43,539 | INFO | backfill_val_dual_loss | epoch=3 trained_loss=l1 val_l1=2.336397e-03 val_mse=5.478881e-05 rows_updated=1 migrated=False
2026-06-21 20:19:59,716 | INFO | backfill_val_dual_loss | epoch=4 trained_loss=l1 val_l1=2.293121e-03 val_mse=5.354539e-05 rows_updated=1 migrated=False
2026-06-21 20:23:15,870 | INFO | backfill_val_dual_loss | epoch=5 trained_loss=l1 val_l1=2.233350e-03 val_mse=5.223319e-05 rows_updated=1 migrated=False
2026-06-21 20:26:24,754 | INFO | backfill_val_dual_loss | epoch=6 trained_loss=l1 val_l1=2.212018e-03 val_mse=5.186501e-05 rows_updated=1 migrated=False
2026-06-21 20:29:28,882 | INFO | backfill_val_dual_loss | epoch=7 trained_loss=l1 val_l1=2.200591e-03 val_mse=5.129561e-05 rows_updated=1 migrated=False
2026-06-21 20:32:32,929 | INFO | backfill_val_dual_loss | epoch=8 trained_loss=l1 val_l1=2.134537e-03 val_mse=5.102563e-05 rows_updated=1 migrated=False
2026-06-21 20:35:37,312 | INFO | backfill_val_dual_loss | epoch=9 trained_loss=mse val_l1=2.428017e-03 val_mse=5.613360e-05 rows_updated=1 migrated=False
2026-06-21 20:38:41,478 | INFO | backfill_val_dual_loss | epoch=10 trained_loss=mse val_l1=2.400744e-03 val_mse=5.466074e-05 rows_updated=1 migrated=False
2026-06-21 20:41:45,770 | INFO | backfill_val_dual_loss | epoch=11 trained_loss=mse val_l1=2.294034e-03 val_mse=5.096096e-05 rows_updated=1 migrated=False
2026-06-21 20:44:52,394 | INFO | backfill_val_dual_loss | epoch=12 trained_loss=mse val_l1=2.503965e-03 val_mse=5.042257e-05 rows_updated=1 migrated=False
2026-06-21 21:06:39,189 | INFO | Dual-loss validation logging | active_loss=mse compare_loss=l1
2026-06-21 21:06:41,179 | INFO | Resumed full state from D:\Research\NO-2D-Metamaterials\MODELS\training_runs\NO_I3O5_BCF16_L1_HC128_LR2e-03_WD0e+00_SS1_G9e-01_ch0u_260619\training_state_latest.pt at epoch=12
2026-06-21 21:06:41,186 | INFO | Run started | run_name=NO_I3O5_BCF16_L1_HC128_LR2e-03_WD0e+00_SS1_G9e-01_ch0u_260619 run_id=NO_I3O5_BCF16_L1_HC128_LR2e-03_WD0e+00_SS1_G9e-01_ch0u_260619 device=cuda train_samples=18720000 test_samples=780000 epoch_range=13..16
2026-06-21 21:06:41,187 | INFO | Fault diagnostics | main_fault_log=D:\Research\NO-2D-Metamaterials\MODELS\training_runs\NO_I3O5_BCF16_L1_HC128_LR2e-03_WD0e+00_SS1_G9e-01_ch0u_260619\main_process_fault.log
2026-06-22 00:43:35,676 | INFO | Saved 10 diagnostic panel(s) under D:\Research\NO-2D-Metamaterials\MODELS\training_runs\NO_I3O5_BCF16_L1_HC128_LR2e-03_WD0e+00_SS1_G9e-01_ch0u_260619\diagnostics\epoch_013
2026-06-22 00:43:36,863 | INFO | epoch=13/16 loss=mse train_ch_mse=4.548e-06 2.884e-05 2.660e-05 4.850e-05 4.208e-05 val_ch_mse=1.943e-05 5.154e-05 4.917e-05 7.672e-05 6.790e-05 train_loss=3.011523e-05 val_loss=5.295287e-05 lr=5.084e-04 train_sps=1459.7
2026-06-22 00:43:36,863 | INFO | epoch=13/16 compare_loss=l1 train_ch_l1=5.184e-04 1.890e-03 1.789e-03 2.421e-03 2.239e-03 val_ch_l1=6.335e-04 2.484e-03 2.378e-03 3.068e-03 2.881e-03 train_loss=1.771343e-03 val_loss=2.288856e-03
2026-06-22 04:11:08,311 | INFO | Saved 10 diagnostic panel(s) under D:\Research\NO-2D-Metamaterials\MODELS\training_runs\NO_I3O5_BCF16_L1_HC128_LR2e-03_WD0e+00_SS1_G9e-01_ch0u_260619\diagnostics\epoch_014
2026-06-22 04:11:09,550 | INFO | epoch=14/16 loss=mse train_ch_mse=4.463e-06 2.822e-05 2.600e-05 4.756e-05 4.131e-05 val_ch_mse=1.315e-05 5.146e-05 4.882e-05 7.706e-05 6.792e-05 train_loss=2.951154e-05 val_loss=5.168466e-05 lr=4.575e-04 train_sps=1526.4
2026-06-22 04:11:09,550 | INFO | epoch=14/16 compare_loss=l1 train_ch_l1=4.977e-04 1.876e-03 1.776e-03 2.400e-03 2.222e-03 val_ch_l1=7.962e-04 2.485e-03 2.406e-03 3.116e-03 2.955e-03 train_loss=1.754318e-03 val_loss=2.351537e-03
2026-06-22 07:38:41,237 | INFO | Saved 10 diagnostic panel(s) under D:\Research\NO-2D-Metamaterials\MODELS\training_runs\NO_I3O5_BCF16_L1_HC128_LR2e-03_WD0e+00_SS1_G9e-01_ch0u_260619\diagnostics\epoch_015
2026-06-22 07:38:42,423 | INFO | epoch=15/16 loss=mse train_ch_mse=4.371e-06 2.767e-05 2.548e-05 4.670e-05 4.063e-05 val_ch_mse=2.571e-05 5.144e-05 4.913e-05 7.728e-05 6.798e-05 train_loss=2.897036e-05 val_loss=5.430790e-05 lr=4.118e-04 train_sps=1526.4
2026-06-22 07:38:42,423 | INFO | epoch=15/16 compare_loss=l1 train_ch_l1=4.831e-04 1.865e-03 1.766e-03 2.382e-03 2.207e-03 val_ch_l1=6.816e-04 2.500e-03 2.420e-03 3.246e-03 2.887e-03 train_loss=1.740551e-03 val_loss=2.347136e-03
2026-06-22 11:06:15,951 | INFO | Saved 10 diagnostic panel(s) under D:\Research\NO-2D-Metamaterials\MODELS\training_runs\NO_I3O5_BCF16_L1_HC128_LR2e-03_WD0e+00_SS1_G9e-01_ch0u_260619\diagnostics\epoch_016
2026-06-22 11:06:17,131 | INFO | epoch=16/16 loss=mse train_ch_mse=4.293e-06 2.719e-05 2.501e-05 4.594e-05 4.001e-05 val_ch_mse=2.518e-05 5.135e-05 4.903e-05 7.714e-05 6.813e-05 train_loss=2.848960e-05 val_loss=5.416344e-05 lr=3.706e-04 train_sps=1526.2
2026-06-22 11:06:17,131 | INFO | epoch=16/16 compare_loss=l1 train_ch_l1=4.671e-04 1.853e-03 1.756e-03 2.365e-03 2.194e-03 val_ch_l1=7.120e-04 2.502e-03 2.384e-03 3.085e-03 2.906e-03 train_loss=1.726982e-03 val_loss=2.317654e-03
2026-06-22 11:06:17,435 | INFO | Run complete | run_name=NO_I3O5_BCF16_L1_HC128_LR2e-03_WD0e+00_SS1_G9e-01_ch0u_260619 run_id=NO_I3O5_BCF16_L1_HC128_LR2e-03_WD0e+00_SS1_G9e-01_ch0u_260619 best_val_loss=5.102563e-05
2026-06-22 11:06:17,435 | INFO | Artifacts saved to: D:\Research\NO-2D-Metamaterials\MODELS\training_runs\NO_I3O5_BCF16_L1_HC128_LR2e-03_WD0e+00_SS1_G9e-01_ch0u_260619
2026-06-26 07:53:52,141 | INFO | backfill_val_dual_loss | epoch=1 trained_loss=l1 val_l1=2.714800e-03 val_mse=6.385273e-05 rows_updated=1 migrated=False
2026-06-26 08:09:08,921 | INFO | backfill_val_dual_loss | epoch=2 trained_loss=l1 val_l1=2.531198e-03 val_mse=5.781745e-05 rows_updated=1 migrated=False
2026-06-26 08:24:25,811 | INFO | backfill_val_dual_loss | epoch=3 trained_loss=l1 val_l1=2.337068e-03 val_mse=5.486907e-05 rows_updated=1 migrated=False
2026-06-26 08:39:42,517 | INFO | backfill_val_dual_loss | epoch=4 trained_loss=l1 val_l1=2.293192e-03 val_mse=5.359671e-05 rows_updated=1 migrated=False
2026-06-26 08:54:59,906 | INFO | backfill_val_dual_loss | epoch=5 trained_loss=l1 val_l1=2.233978e-03 val_mse=5.234700e-05 rows_updated=1 migrated=False
2026-06-26 09:10:16,531 | INFO | backfill_val_dual_loss | epoch=6 trained_loss=l1 val_l1=2.211628e-03 val_mse=5.191854e-05 rows_updated=1 migrated=False
2026-06-26 09:25:33,367 | INFO | backfill_val_dual_loss | epoch=7 trained_loss=l1 val_l1=2.200389e-03 val_mse=5.136638e-05 rows_updated=1 migrated=False
2026-06-26 09:40:50,408 | INFO | backfill_val_dual_loss | epoch=8 trained_loss=l1 val_l1=2.133785e-03 val_mse=5.106384e-05 rows_updated=1 migrated=False
2026-06-26 09:56:07,485 | INFO | backfill_val_dual_loss | epoch=9 trained_loss=mse val_l1=2.427615e-03 val_mse=5.623181e-05 rows_updated=1 migrated=False
2026-06-26 10:11:24,319 | INFO | backfill_val_dual_loss | epoch=10 trained_loss=mse val_l1=2.400810e-03 val_mse=5.475653e-05 rows_updated=1 migrated=False
2026-06-26 10:26:46,563 | INFO | backfill_val_dual_loss | epoch=11 trained_loss=mse val_l1=2.293923e-03 val_mse=5.106018e-05 rows_updated=1 migrated=False
2026-06-26 10:42:03,742 | INFO | backfill_val_dual_loss | epoch=12 trained_loss=mse val_l1=2.503705e-03 val_mse=5.049911e-05 rows_updated=1 migrated=False
2026-06-26 10:57:20,621 | INFO | backfill_val_dual_loss | epoch=13 trained_loss=mse val_l1=2.288340e-03 val_mse=5.304603e-05 rows_updated=1 migrated=False
2026-06-26 11:12:37,789 | INFO | backfill_val_dual_loss | epoch=14 trained_loss=mse val_l1=2.351126e-03 val_mse=5.173964e-05 rows_updated=1 migrated=False
2026-06-26 11:27:54,580 | INFO | backfill_val_dual_loss | epoch=15 trained_loss=mse val_l1=2.346532e-03 val_mse=5.439537e-05 rows_updated=1 migrated=False
2026-06-26 11:43:11,539 | INFO | backfill_val_dual_loss | epoch=16 trained_loss=mse val_l1=2.317601e-03 val_mse=5.430434e-05 rows_updated=1 migrated=False
