26/06/21 21:06:21.17 | === start epochs 13-16 MSE === 
2026-06-21 21:06:39,189 | INFO | Dual-loss validation logging | active_loss=mse compare_loss=l1
D:\Research\NO-2D-Metamaterials\train_from_disk.py:972: FutureWarning: `torch.cuda.amp.GradScaler(args...)` is deprecated. Please use `torch.amp.GradScaler('cuda', args...)` instead.
  scaler = torch.cuda.amp.GradScaler(enabled=(device.type == "cuda" and args.amp == "fp16"))
2026-06-21 21:06:41,179 | INFO | Resumed full state from D:\Research\NO-2D-Metamaterials\MODELS\training_runs\NO_I3O5_BCF16_L1_HC128_LR2e-03_WD0e+00_SS1_G9e-01_ch0u_260619\training_state_latest.pt at epoch=12
2026-06-21 21:06:41,186 | INFO | Run started | run_name=NO_I3O5_BCF16_L1_HC128_LR2e-03_WD0e+00_SS1_G9e-01_ch0u_260619 run_id=NO_I3O5_BCF16_L1_HC128_LR2e-03_WD0e+00_SS1_G9e-01_ch0u_260619 device=cuda train_samples=18720000 test_samples=780000 epoch_range=13..16
2026-06-21 21:06:41,187 | INFO | Fault diagnostics | main_fault_log=D:\Research\NO-2D-Metamaterials\MODELS\training_runs\NO_I3O5_BCF16_L1_HC128_LR2e-03_WD0e+00_SS1_G9e-01_ch0u_260619\main_process_fault.log
E13/16 B200/36000 batch_loss=2.8644e-05
E13/16 B400/36000 batch_loss=4.2321e-05
E13/16 B600/36000 batch_loss=4.1568e-05
E13/16 B800/36000 batch_loss=2.3773e-05
E13/16 B1000/36000 batch_loss=3.8106e-05
E13/16 B1200/36000 batch_loss=3.3042e-05
E13/16 B1400/36000 batch_loss=2.6115e-05
E13/16 B1600/36000 batch_loss=1.9348e-05
E13/16 B1800/36000 batch_loss=3.7026e-05
E13/16 B2000/36000 batch_loss=3.2359e-05
E13/16 B2200/36000 batch_loss=2.0426e-05
E13/16 B2400/36000 batch_loss=3.2741e-05
E13/16 B2600/36000 batch_loss=3.0022e-05
E13/16 B2800/36000 batch_loss=2.4106e-05
E13/16 B3000/36000 batch_loss=3.7389e-05
E13/16 B3200/36000 batch_loss=3.6125e-05
E13/16 B3400/36000 batch_loss=2.6046e-05
E13/16 B3600/36000 batch_loss=2.4968e-05
E13/16 B3800/36000 batch_loss=3.8349e-05
E13/16 B4000/36000 batch_loss=2.5124e-05
E13/16 B4200/36000 batch_loss=1.9910e-05
E13/16 B4400/36000 batch_loss=1.7656e-05
E13/16 B4600/36000 batch_loss=3.9341e-05
E13/16 B4800/36000 batch_loss=3.3079e-05
E13/16 B5000/36000 batch_loss=2.7517e-05
E13/16 B5200/36000 batch_loss=3.2729e-05
E13/16 B5400/36000 batch_loss=2.2060e-05
E13/16 B5600/36000 batch_loss=2.9579e-05
E13/16 B5800/36000 batch_loss=2.6073e-05
E13/16 B6000/36000 batch_loss=2.5702e-05
E13/16 B6200/36000 batch_loss=4.0427e-05
E13/16 B6400/36000 batch_loss=1.9799e-05
E13/16 B6600/36000 batch_loss=2.5796e-05
E13/16 B6800/36000 batch_loss=2.2387e-05
E13/16 B7000/36000 batch_loss=3.5797e-05
E13/16 B7200/36000 batch_loss=2.4670e-05
E13/16 B7400/36000 batch_loss=3.4896e-05
E13/16 B7600/36000 batch_loss=2.1669e-05
E13/16 B7800/36000 batch_loss=2.1867e-05
E13/16 B8000/36000 batch_loss=3.4142e-05
E13/16 B8200/36000 batch_loss=3.7828e-05
E13/16 B8400/36000 batch_loss=3.9580e-05
E13/16 B8600/36000 batch_loss=2.7128e-05
E13/16 B8800/36000 batch_loss=3.0130e-05
E13/16 B9000/36000 batch_loss=2.5733e-05
E13/16 B9200/36000 batch_loss=2.2255e-05
E13/16 B9400/36000 batch_loss=3.6423e-05
E13/16 B9600/36000 batch_loss=1.8706e-05
E13/16 B9800/36000 batch_loss=4.3141e-05
E13/16 B10000/36000 batch_loss=3.1904e-05
E13/16 B10200/36000 batch_loss=2.3363e-05
E13/16 B10400/36000 batch_loss=2.1391e-05
E13/16 B10600/36000 batch_loss=3.3921e-05
E13/16 B10800/36000 batch_loss=2.5908e-05
E13/16 B11000/36000 batch_loss=2.0156e-05
E13/16 B11200/36000 batch_loss=3.7175e-05
E13/16 B11400/36000 batch_loss=1.8718e-05
E13/16 B11600/36000 batch_loss=3.4117e-05
E13/16 B11800/36000 batch_loss=2.2257e-05
E13/16 B12000/36000 batch_loss=2.3550e-05
E13/16 B12200/36000 batch_loss=3.1145e-05
E13/16 B12400/36000 batch_loss=3.5184e-05
E13/16 B12600/36000 batch_loss=3.7238e-05
E13/16 B12800/36000 batch_loss=2.5576e-05
E13/16 B13000/36000 batch_loss=3.8231e-05
E13/16 B13200/36000 batch_loss=3.7512e-05
E13/16 B13400/36000 batch_loss=2.1341e-05
E13/16 B13600/36000 batch_loss=2.1044e-05
E13/16 B13800/36000 batch_loss=3.1199e-05
E13/16 B14000/36000 batch_loss=4.5574e-05
E13/16 B14200/36000 batch_loss=4.2940e-05
E13/16 B14400/36000 batch_loss=3.5250e-05
E13/16 B14600/36000 batch_loss=3.7415e-05
E13/16 B14800/36000 batch_loss=2.5006e-05
E13/16 B15000/36000 batch_loss=1.7052e-05
E13/16 B15200/36000 batch_loss=2.4154e-05
E13/16 B15400/36000 batch_loss=2.7923e-05
E13/16 B15600/36000 batch_loss=4.3945e-05
E13/16 B15800/36000 batch_loss=3.1711e-05
E13/16 B16000/36000 batch_loss=4.2021e-05
E13/16 B16200/36000 batch_loss=1.9581e-05
E13/16 B16400/36000 batch_loss=2.5106e-05
E13/16 B16600/36000 batch_loss=3.5980e-05
E13/16 B16800/36000 batch_loss=3.6737e-05
E13/16 B17000/36000 batch_loss=1.9815e-05
E13/16 B17200/36000 batch_loss=2.6947e-05
E13/16 B17400/36000 batch_loss=2.9886e-05
E13/16 B17600/36000 batch_loss=3.6034e-05
E13/16 B17800/36000 batch_loss=1.9299e-05
E13/16 B18000/36000 batch_loss=1.8321e-05
E13/16 B18200/36000 batch_loss=2.9302e-05
E13/16 B18400/36000 batch_loss=2.1853e-05
E13/16 B18600/36000 batch_loss=3.2043e-05
E13/16 B18800/36000 batch_loss=3.7524e-05
E13/16 B19000/36000 batch_loss=3.4163e-05
E13/16 B19200/36000 batch_loss=5.7860e-05
E13/16 B19400/36000 batch_loss=2.5251e-05
E13/16 B19600/36000 batch_loss=5.2009e-05
E13/16 B19800/36000 batch_loss=2.0299e-05
E13/16 B20000/36000 batch_loss=3.2915e-05
E13/16 B20200/36000 batch_loss=3.9527e-05
E13/16 B20400/36000 batch_loss=2.8321e-05
E13/16 B20600/36000 batch_loss=3.9902e-05
E13/16 B20800/36000 batch_loss=3.5972e-05
E13/16 B21000/36000 batch_loss=4.5230e-05
E13/16 B21200/36000 batch_loss=3.6308e-05
E13/16 B21400/36000 batch_loss=3.2671e-05
E13/16 B21600/36000 batch_loss=2.4764e-05
E13/16 B21800/36000 batch_loss=2.2259e-05
E13/16 B22000/36000 batch_loss=1.9614e-05
E13/16 B22200/36000 batch_loss=2.4238e-05
E13/16 B22400/36000 batch_loss=3.4019e-05
E13/16 B22600/36000 batch_loss=2.0447e-05
E13/16 B22800/36000 batch_loss=2.3343e-05
E13/16 B23000/36000 batch_loss=2.2801e-05
E13/16 B23200/36000 batch_loss=2.0647e-05
E13/16 B23400/36000 batch_loss=3.9060e-05
E13/16 B23600/36000 batch_loss=2.0738e-05
E13/16 B23800/36000 batch_loss=2.5801e-05
E13/16 B24000/36000 batch_loss=3.3088e-05
E13/16 B24200/36000 batch_loss=4.4174e-05
E13/16 B24400/36000 batch_loss=3.5172e-05
E13/16 B24600/36000 batch_loss=3.7883e-05
E13/16 B24800/36000 batch_loss=2.1056e-05
E13/16 B25000/36000 batch_loss=3.6006e-05
E13/16 B25200/36000 batch_loss=1.8911e-05
E13/16 B25400/36000 batch_loss=1.6065e-05
E13/16 B25600/36000 batch_loss=3.1034e-05
E13/16 B25800/36000 batch_loss=3.6445e-05
E13/16 B26000/36000 batch_loss=2.2928e-05
E13/16 B26200/36000 batch_loss=3.6614e-05
E13/16 B26400/36000 batch_loss=1.9693e-05
E13/16 B26600/36000 batch_loss=3.4528e-05
E13/16 B26800/36000 batch_loss=2.4885e-05
E13/16 B27000/36000 batch_loss=3.3921e-05
E13/16 B27200/36000 batch_loss=3.4083e-05
E13/16 B27400/36000 batch_loss=2.3641e-05
E13/16 B27600/36000 batch_loss=3.8649e-05
E13/16 B27800/36000 batch_loss=1.8108e-05
E13/16 B28000/36000 batch_loss=3.9138e-05
E13/16 B28200/36000 batch_loss=3.8243e-05
E13/16 B28400/36000 batch_loss=2.5034e-05
E13/16 B28600/36000 batch_loss=2.6859e-05
E13/16 B28800/36000 batch_loss=3.7256e-05
E13/16 B29000/36000 batch_loss=2.4457e-05
E13/16 B29200/36000 batch_loss=2.7735e-05
E13/16 B29400/36000 batch_loss=2.3306e-05
E13/16 B29600/36000 batch_loss=2.8120e-05
E13/16 B29800/36000 batch_loss=4.5036e-05
E13/16 B30000/36000 batch_loss=2.7594e-05
E13/16 B30200/36000 batch_loss=3.6510e-05
E13/16 B30400/36000 batch_loss=2.3338e-05
E13/16 B30600/36000 batch_loss=3.2377e-05
E13/16 B30800/36000 batch_loss=2.0868e-05
E13/16 B31000/36000 batch_loss=2.6048e-05
E13/16 B31200/36000 batch_loss=2.5872e-05
E13/16 B31400/36000 batch_loss=3.5709e-05
E13/16 B31600/36000 batch_loss=2.2686e-05
E13/16 B31800/36000 batch_loss=3.9515e-05
E13/16 B32000/36000 batch_loss=2.3409e-05
E13/16 B32200/36000 batch_loss=3.8586e-05
E13/16 B32400/36000 batch_loss=3.9349e-05
E13/16 B32600/36000 batch_loss=3.2591e-05
E13/16 B32800/36000 batch_loss=2.6406e-05
E13/16 B33000/36000 batch_loss=3.9844e-05
E13/16 B33200/36000 batch_loss=3.5885e-05
E13/16 B33400/36000 batch_loss=3.0306e-05
E13/16 B33600/36000 batch_loss=3.8130e-05
E13/16 B33800/36000 batch_loss=1.9940e-05
E13/16 B34000/36000 batch_loss=4.1237e-05
E13/16 B34200/36000 batch_loss=2.1487e-05
E13/16 B34400/36000 batch_loss=3.8585e-05
E13/16 B34600/36000 batch_loss=3.5209e-05
E13/16 B34800/36000 batch_loss=3.3394e-05
E13/16 B35000/36000 batch_loss=2.6786e-05
E13/16 B35200/36000 batch_loss=2.4798e-05
E13/16 B35400/36000 batch_loss=3.7628e-05
E13/16 B35600/36000 batch_loss=3.0862e-05
E13/16 B35800/36000 batch_loss=4.5897e-05
E13/16 B36000/36000 batch_loss=2.2819e-05
2026-06-22 00:43:35,676 | INFO | Saved 10 diagnostic panel(s) under D:\Research\NO-2D-Metamaterials\MODELS\training_runs\NO_I3O5_BCF16_L1_HC128_LR2e-03_WD0e+00_SS1_G9e-01_ch0u_260619\diagnostics\epoch_013
epoch=13/16 train_loss=3.011523e-05 val_loss=5.295287e-05 lr=5.084e-04 train_sps=1459.7
epoch=13/16 compare_loss(l1) train=1.771343e-03 val=2.288856e-03
2026-06-22 00:43:36,863 | INFO | epoch=13/16 loss=mse train_ch_mse=4.548e-06 2.884e-05 2.660e-05 4.850e-05 4.208e-05 val_ch_mse=1.943e-05 5.154e-05 4.917e-05 7.672e-05 6.790e-05 train_loss=3.011523e-05 val_loss=5.295287e-05 lr=5.084e-04 train_sps=1459.7
2026-06-22 00:43:36,863 | INFO | epoch=13/16 compare_loss=l1 train_ch_l1=5.184e-04 1.890e-03 1.789e-03 2.421e-03 2.239e-03 val_ch_l1=6.335e-04 2.484e-03 2.378e-03 3.068e-03 2.881e-03 train_loss=1.771343e-03 val_loss=2.288856e-03
Epoch 13/16 done | train_loss=3.0115e-05 val_loss=5.2953e-05 lr=5.08e-04
E14/16 B200/36000 batch_loss=2.5006e-05
E14/16 B400/36000 batch_loss=2.0292e-05
E14/16 B600/36000 batch_loss=3.4685e-05
E14/16 B800/36000 batch_loss=2.1154e-05
E14/16 B1000/36000 batch_loss=4.8605e-05
E14/16 B1200/36000 batch_loss=3.5699e-05
E14/16 B1400/36000 batch_loss=3.9314e-05
E14/16 B1600/36000 batch_loss=3.4312e-05
E14/16 B1800/36000 batch_loss=2.3680e-05
E14/16 B2000/36000 batch_loss=2.4315e-05
E14/16 B2200/36000 batch_loss=4.1870e-05
E14/16 B2400/36000 batch_loss=3.8501e-05
E14/16 B2600/36000 batch_loss=2.2108e-05
E14/16 B2800/36000 batch_loss=2.7012e-05
E14/16 B3000/36000 batch_loss=4.6468e-05
E14/16 B3200/36000 batch_loss=3.5759e-05
E14/16 B3400/36000 batch_loss=3.3890e-05
E14/16 B3600/36000 batch_loss=3.4447e-05
E14/16 B3800/36000 batch_loss=3.0801e-05
E14/16 B4000/36000 batch_loss=3.6178e-05
E14/16 B4200/36000 batch_loss=3.5446e-05
E14/16 B4400/36000 batch_loss=3.3922e-05
E14/16 B4600/36000 batch_loss=2.5392e-05
E14/16 B4800/36000 batch_loss=3.5747e-05
E14/16 B5000/36000 batch_loss=2.0342e-05
E14/16 B5200/36000 batch_loss=3.8084e-05
E14/16 B5400/36000 batch_loss=1.9783e-05
E14/16 B5600/36000 batch_loss=1.9470e-05
E14/16 B5800/36000 batch_loss=2.1314e-05
E14/16 B6000/36000 batch_loss=2.7814e-05
E14/16 B6200/36000 batch_loss=2.1793e-05
E14/16 B6400/36000 batch_loss=3.1773e-05
E14/16 B6600/36000 batch_loss=2.3432e-05
E14/16 B6800/36000 batch_loss=1.9932e-05
E14/16 B7000/36000 batch_loss=3.6114e-05
E14/16 B7200/36000 batch_loss=2.2236e-05
E14/16 B7400/36000 batch_loss=3.8594e-05
E14/16 B7600/36000 batch_loss=1.8830e-05
E14/16 B7800/36000 batch_loss=2.4937e-05
E14/16 B8000/36000 batch_loss=3.2525e-05
E14/16 B8200/36000 batch_loss=3.4393e-05
E14/16 B8400/36000 batch_loss=3.3685e-05
E14/16 B8600/36000 batch_loss=3.2388e-05
E14/16 B8800/36000 batch_loss=1.8982e-05
E14/16 B9000/36000 batch_loss=4.6825e-05
E14/16 B9200/36000 batch_loss=3.3040e-05
E14/16 B9400/36000 batch_loss=3.3188e-05
E14/16 B9600/36000 batch_loss=3.6104e-05
E14/16 B9800/36000 batch_loss=3.1343e-05
E14/16 B10000/36000 batch_loss=3.5132e-05
E14/16 B10200/36000 batch_loss=2.1903e-05
E14/16 B10400/36000 batch_loss=5.1534e-05
E14/16 B10600/36000 batch_loss=3.0744e-05
E14/16 B10800/36000 batch_loss=2.6412e-05
E14/16 B11000/36000 batch_loss=1.9757e-05
E14/16 B11200/36000 batch_loss=2.1921e-05
E14/16 B11400/36000 batch_loss=4.0054e-05
E14/16 B11600/36000 batch_loss=1.8495e-05
E14/16 B11800/36000 batch_loss=3.4310e-05
E14/16 B12000/36000 batch_loss=1.9473e-05
E14/16 B12200/36000 batch_loss=1.8586e-05
E14/16 B12400/36000 batch_loss=3.8044e-05
E14/16 B12600/36000 batch_loss=3.6262e-05
E14/16 B12800/36000 batch_loss=3.1340e-05
E14/16 B13000/36000 batch_loss=3.3578e-05
E14/16 B13200/36000 batch_loss=2.0130e-05
E14/16 B13400/36000 batch_loss=3.9645e-05
E14/16 B13600/36000 batch_loss=2.3672e-05
E14/16 B13800/36000 batch_loss=1.9665e-05
E14/16 B14000/36000 batch_loss=2.1339e-05
E14/16 B14200/36000 batch_loss=3.8342e-05
E14/16 B14400/36000 batch_loss=2.6139e-05
E14/16 B14600/36000 batch_loss=3.4633e-05
E14/16 B14800/36000 batch_loss=4.0055e-05
E14/16 B15000/36000 batch_loss=3.1112e-05
E14/16 B15200/36000 batch_loss=3.3823e-05
E14/16 B15400/36000 batch_loss=2.1239e-05
E14/16 B15600/36000 batch_loss=3.8441e-05
E14/16 B15800/36000 batch_loss=3.6332e-05
E14/16 B16000/36000 batch_loss=2.5227e-05
E14/16 B16200/36000 batch_loss=3.7152e-05
E14/16 B16400/36000 batch_loss=3.1367e-05
E14/16 B16600/36000 batch_loss=2.4723e-05
E14/16 B16800/36000 batch_loss=2.9258e-05
E14/16 B17000/36000 batch_loss=3.9122e-05
E14/16 B17200/36000 batch_loss=4.0890e-05
E14/16 B17400/36000 batch_loss=3.2953e-05
E14/16 B17600/36000 batch_loss=2.7877e-05
E14/16 B17800/36000 batch_loss=2.6908e-05
E14/16 B18000/36000 batch_loss=3.4440e-05
E14/16 B18200/36000 batch_loss=2.1024e-05
E14/16 B18400/36000 batch_loss=3.6093e-05
E14/16 B18600/36000 batch_loss=3.3753e-05
E14/16 B18800/36000 batch_loss=2.0046e-05
E14/16 B19000/36000 batch_loss=2.3814e-05
E14/16 B19200/36000 batch_loss=2.9438e-05
E14/16 B19400/36000 batch_loss=4.3713e-05
E14/16 B19600/36000 batch_loss=3.6985e-05
E14/16 B19800/36000 batch_loss=2.1741e-05
E14/16 B20000/36000 batch_loss=3.3213e-05
E14/16 B20200/36000 batch_loss=3.5976e-05
E14/16 B20400/36000 batch_loss=3.0662e-05
E14/16 B20600/36000 batch_loss=4.1331e-05
E14/16 B20800/36000 batch_loss=2.5388e-05
E14/16 B21000/36000 batch_loss=3.9276e-05
E14/16 B21200/36000 batch_loss=3.5282e-05
E14/16 B21400/36000 batch_loss=1.9831e-05
E14/16 B21600/36000 batch_loss=2.0182e-05
E14/16 B21800/36000 batch_loss=2.3366e-05
E14/16 B22000/36000 batch_loss=2.4895e-05
E14/16 B22200/36000 batch_loss=3.1910e-05
E14/16 B22400/36000 batch_loss=3.4299e-05
E14/16 B22600/36000 batch_loss=1.9667e-05
E14/16 B22800/36000 batch_loss=3.3703e-05
E14/16 B23000/36000 batch_loss=3.2957e-05
E14/16 B23200/36000 batch_loss=3.7408e-05
E14/16 B23400/36000 batch_loss=3.2711e-05
E14/16 B23600/36000 batch_loss=3.1689e-05
E14/16 B23800/36000 batch_loss=2.9443e-05
E14/16 B24000/36000 batch_loss=2.0882e-05
E14/16 B24200/36000 batch_loss=3.5583e-05
E14/16 B24400/36000 batch_loss=3.6397e-05
E14/16 B24600/36000 batch_loss=1.7618e-05
E14/16 B24800/36000 batch_loss=1.7784e-05
E14/16 B25000/36000 batch_loss=2.5036e-05
E14/16 B25200/36000 batch_loss=3.8381e-05
E14/16 B25400/36000 batch_loss=3.3760e-05
E14/16 B25600/36000 batch_loss=2.2169e-05
E14/16 B25800/36000 batch_loss=2.3720e-05
E14/16 B26000/36000 batch_loss=2.3564e-05
E14/16 B26200/36000 batch_loss=1.9535e-05
E14/16 B26400/36000 batch_loss=3.6954e-05
E14/16 B26600/36000 batch_loss=2.0578e-05
E14/16 B26800/36000 batch_loss=2.4503e-05
E14/16 B27000/36000 batch_loss=3.3464e-05
E14/16 B27200/36000 batch_loss=2.1372e-05
E14/16 B27400/36000 batch_loss=2.2247e-05
E14/16 B27600/36000 batch_loss=3.7271e-05
E14/16 B27800/36000 batch_loss=1.9623e-05
E14/16 B28000/36000 batch_loss=2.4842e-05
E14/16 B28200/36000 batch_loss=2.2129e-05
E14/16 B28400/36000 batch_loss=2.2651e-05
E14/16 B28600/36000 batch_loss=3.3918e-05
E14/16 B28800/36000 batch_loss=3.8517e-05
E14/16 B29000/36000 batch_loss=1.9905e-05
E14/16 B29200/36000 batch_loss=3.5389e-05
E14/16 B29400/36000 batch_loss=3.2254e-05
E14/16 B29600/36000 batch_loss=2.7351e-05
E14/16 B29800/36000 batch_loss=1.9379e-05
E14/16 B30000/36000 batch_loss=2.6916e-05
E14/16 B30200/36000 batch_loss=3.3831e-05
E14/16 B30400/36000 batch_loss=2.9987e-05
E14/16 B30600/36000 batch_loss=4.4525e-05
E14/16 B30800/36000 batch_loss=2.7034e-05
E14/16 B31000/36000 batch_loss=3.8809e-05
E14/16 B31200/36000 batch_loss=3.2773e-05
E14/16 B31400/36000 batch_loss=3.8168e-05
E14/16 B31600/36000 batch_loss=4.1957e-05
E14/16 B31800/36000 batch_loss=2.0586e-05
E14/16 B32000/36000 batch_loss=3.2964e-05
E14/16 B32200/36000 batch_loss=2.3458e-05
E14/16 B32400/36000 batch_loss=3.8701e-05
E14/16 B32600/36000 batch_loss=3.7849e-05
E14/16 B32800/36000 batch_loss=3.4693e-05
E14/16 B33000/36000 batch_loss=2.0140e-05
E14/16 B33200/36000 batch_loss=2.2035e-05
E14/16 B33400/36000 batch_loss=2.7763e-05
E14/16 B33600/36000 batch_loss=2.4194e-05
E14/16 B33800/36000 batch_loss=1.9421e-05
E14/16 B34000/36000 batch_loss=3.8378e-05
E14/16 B34200/36000 batch_loss=2.2661e-05
E14/16 B34400/36000 batch_loss=3.7541e-05
E14/16 B34600/36000 batch_loss=4.0939e-05
E14/16 B34800/36000 batch_loss=2.2958e-05
E14/16 B35000/36000 batch_loss=3.2776e-05
E14/16 B35200/36000 batch_loss=3.5659e-05
E14/16 B35400/36000 batch_loss=3.9193e-05
E14/16 B35600/36000 batch_loss=4.4926e-05
E14/16 B35800/36000 batch_loss=2.5222e-05
E14/16 B36000/36000 batch_loss=2.3817e-05
2026-06-22 04:11:08,311 | INFO | Saved 10 diagnostic panel(s) under D:\Research\NO-2D-Metamaterials\MODELS\training_runs\NO_I3O5_BCF16_L1_HC128_LR2e-03_WD0e+00_SS1_G9e-01_ch0u_260619\diagnostics\epoch_014
epoch=14/16 train_loss=2.951154e-05 val_loss=5.168466e-05 lr=4.575e-04 train_sps=1526.4
epoch=14/16 compare_loss(l1) train=1.754318e-03 val=2.351537e-03
2026-06-22 04:11:09,550 | INFO | epoch=14/16 loss=mse train_ch_mse=4.463e-06 2.822e-05 2.600e-05 4.756e-05 4.131e-05 val_ch_mse=1.315e-05 5.146e-05 4.882e-05 7.706e-05 6.792e-05 train_loss=2.951154e-05 val_loss=5.168466e-05 lr=4.575e-04 train_sps=1526.4
2026-06-22 04:11:09,550 | INFO | epoch=14/16 compare_loss=l1 train_ch_l1=4.977e-04 1.876e-03 1.776e-03 2.400e-03 2.222e-03 val_ch_l1=7.962e-04 2.485e-03 2.406e-03 3.116e-03 2.955e-03 train_loss=1.754318e-03 val_loss=2.351537e-03
Epoch 14/16 done | train_loss=2.9512e-05 val_loss=5.1685e-05 lr=4.58e-04
E15/16 B200/36000 batch_loss=1.8000e-05
E15/16 B400/36000 batch_loss=2.2072e-05
E15/16 B600/36000 batch_loss=2.3275e-05
E15/16 B800/36000 batch_loss=2.4895e-05
E15/16 B1000/36000 batch_loss=3.3905e-05
E15/16 B1200/36000 batch_loss=3.4449e-05
E15/16 B1400/36000 batch_loss=5.7605e-05
E15/16 B1600/36000 batch_loss=3.0818e-05
E15/16 B1800/36000 batch_loss=3.7322e-05
E15/16 B2000/36000 batch_loss=3.4526e-05
E15/16 B2200/36000 batch_loss=2.0380e-05
E15/16 B2400/36000 batch_loss=3.7527e-05
E15/16 B2600/36000 batch_loss=1.7111e-05
E15/16 B2800/36000 batch_loss=4.6052e-05
E15/16 B3000/36000 batch_loss=2.2644e-05
E15/16 B3200/36000 batch_loss=3.3968e-05
E15/16 B3400/36000 batch_loss=3.8063e-05
E15/16 B3600/36000 batch_loss=3.6274e-05
E15/16 B3800/36000 batch_loss=2.3065e-05
E15/16 B4000/36000 batch_loss=3.2506e-05
E15/16 B4200/36000 batch_loss=2.7676e-05
E15/16 B4400/36000 batch_loss=2.7178e-05
E15/16 B4600/36000 batch_loss=3.9141e-05
E15/16 B4800/36000 batch_loss=3.8323e-05
E15/16 B5000/36000 batch_loss=3.8484e-05
E15/16 B5200/36000 batch_loss=2.1841e-05
E15/16 B5400/36000 batch_loss=3.2359e-05
E15/16 B5600/36000 batch_loss=2.0206e-05
E15/16 B5800/36000 batch_loss=3.8737e-05
E15/16 B6000/36000 batch_loss=3.4447e-05
E15/16 B6200/36000 batch_loss=2.2852e-05
E15/16 B6400/36000 batch_loss=2.3036e-05
E15/16 B6600/36000 batch_loss=2.8987e-05
E15/16 B6800/36000 batch_loss=1.6734e-05
E15/16 B7000/36000 batch_loss=3.6256e-05
E15/16 B7200/36000 batch_loss=3.5411e-05
E15/16 B7400/36000 batch_loss=3.3803e-05
E15/16 B7600/36000 batch_loss=2.3198e-05
E15/16 B7800/36000 batch_loss=3.1760e-05
E15/16 B8000/36000 batch_loss=2.4211e-05
E15/16 B8200/36000 batch_loss=2.2532e-05
E15/16 B8400/36000 batch_loss=2.1927e-05
E15/16 B8600/36000 batch_loss=2.2969e-05
E15/16 B8800/36000 batch_loss=3.5702e-05
E15/16 B9000/36000 batch_loss=3.3650e-05
E15/16 B9200/36000 batch_loss=2.3058e-05
E15/16 B9400/36000 batch_loss=2.9572e-05
E15/16 B9600/36000 batch_loss=2.4502e-05
E15/16 B9800/36000 batch_loss=2.1059e-05
E15/16 B10000/36000 batch_loss=3.3775e-05
E15/16 B10200/36000 batch_loss=2.1482e-05
E15/16 B10400/36000 batch_loss=3.9213e-05
E15/16 B10600/36000 batch_loss=3.5530e-05
E15/16 B10800/36000 batch_loss=2.1502e-05
E15/16 B11000/36000 batch_loss=2.1982e-05
E15/16 B11200/36000 batch_loss=2.2981e-05
E15/16 B11400/36000 batch_loss=2.8943e-05
E15/16 B11600/36000 batch_loss=1.9978e-05
E15/16 B11800/36000 batch_loss=1.7364e-05
E15/16 B12000/36000 batch_loss=3.3856e-05
E15/16 B12200/36000 batch_loss=3.3399e-05
E15/16 B12400/36000 batch_loss=3.1775e-05
E15/16 B12600/36000 batch_loss=1.7629e-05
E15/16 B12800/36000 batch_loss=3.3311e-05
E15/16 B13000/36000 batch_loss=4.2944e-05
E15/16 B13200/36000 batch_loss=2.1262e-05
E15/16 B13400/36000 batch_loss=5.8915e-05
E15/16 B13600/36000 batch_loss=1.8224e-05
E15/16 B13800/36000 batch_loss=1.6646e-05
E15/16 B14000/36000 batch_loss=3.5240e-05
E15/16 B14200/36000 batch_loss=2.4616e-05
E15/16 B14400/36000 batch_loss=3.0691e-05
E15/16 B14600/36000 batch_loss=2.1846e-05
E15/16 B14800/36000 batch_loss=3.6059e-05
E15/16 B15000/36000 batch_loss=5.0511e-05
E15/16 B15200/36000 batch_loss=3.3547e-05
E15/16 B15400/36000 batch_loss=3.2362e-05
E15/16 B15600/36000 batch_loss=3.4446e-05
E15/16 B15800/36000 batch_loss=2.0538e-05
E15/16 B16000/36000 batch_loss=3.1967e-05
E15/16 B16200/36000 batch_loss=2.2744e-05
E15/16 B16400/36000 batch_loss=1.9247e-05
E15/16 B16600/36000 batch_loss=2.4442e-05
E15/16 B16800/36000 batch_loss=2.5328e-05
E15/16 B17000/36000 batch_loss=3.9664e-05
E15/16 B17200/36000 batch_loss=1.8021e-05
E15/16 B17400/36000 batch_loss=1.9991e-05
E15/16 B17600/36000 batch_loss=3.4099e-05
E15/16 B17800/36000 batch_loss=3.2121e-05
E15/16 B18000/36000 batch_loss=4.5714e-05
E15/16 B18200/36000 batch_loss=1.8908e-05
E15/16 B18400/36000 batch_loss=2.8652e-05
E15/16 B18600/36000 batch_loss=3.0026e-05
E15/16 B18800/36000 batch_loss=2.0485e-05
E15/16 B19000/36000 batch_loss=3.3043e-05
E15/16 B19200/36000 batch_loss=3.3747e-05
E15/16 B19400/36000 batch_loss=3.4661e-05
E15/16 B19600/36000 batch_loss=3.9751e-05
E15/16 B19800/36000 batch_loss=2.5918e-05
E15/16 B20000/36000 batch_loss=3.5048e-05
E15/16 B20200/36000 batch_loss=6.7603e-05
E15/16 B20400/36000 batch_loss=3.9041e-05
E15/16 B20600/36000 batch_loss=2.0779e-05
E15/16 B20800/36000 batch_loss=3.3488e-05
E15/16 B21000/36000 batch_loss=3.3655e-05
E15/16 B21200/36000 batch_loss=2.0171e-05
E15/16 B21400/36000 batch_loss=2.0102e-05
E15/16 B21600/36000 batch_loss=3.1640e-05
E15/16 B21800/36000 batch_loss=3.7122e-05
E15/16 B22000/36000 batch_loss=2.3727e-05
E15/16 B22200/36000 batch_loss=3.2820e-05
E15/16 B22400/36000 batch_loss=3.4884e-05
E15/16 B22600/36000 batch_loss=2.2343e-05
E15/16 B22800/36000 batch_loss=3.9855e-05
E15/16 B23000/36000 batch_loss=2.0868e-05
E15/16 B23200/36000 batch_loss=2.8592e-05
E15/16 B23400/36000 batch_loss=3.3704e-05
E15/16 B23600/36000 batch_loss=2.3337e-05
E15/16 B23800/36000 batch_loss=1.9780e-05
E15/16 B24000/36000 batch_loss=2.2242e-05
E15/16 B24200/36000 batch_loss=3.5197e-05
E15/16 B24400/36000 batch_loss=1.7640e-05
E15/16 B24600/36000 batch_loss=2.2434e-05
E15/16 B24800/36000 batch_loss=1.9933e-05
E15/16 B25000/36000 batch_loss=2.4697e-05
E15/16 B25200/36000 batch_loss=2.2174e-05
E15/16 B25400/36000 batch_loss=1.7043e-05
E15/16 B25600/36000 batch_loss=3.5247e-05
E15/16 B25800/36000 batch_loss=4.2009e-05
E15/16 B26000/36000 batch_loss=2.4707e-05
E15/16 B26200/36000 batch_loss=3.7311e-05
E15/16 B26400/36000 batch_loss=2.2756e-05
E15/16 B26600/36000 batch_loss=3.4416e-05
E15/16 B26800/36000 batch_loss=2.2411e-05
E15/16 B27000/36000 batch_loss=3.2661e-05
E15/16 B27200/36000 batch_loss=2.4555e-05
E15/16 B27400/36000 batch_loss=2.1421e-05
E15/16 B27600/36000 batch_loss=4.1662e-05
E15/16 B27800/36000 batch_loss=3.3986e-05
E15/16 B28000/36000 batch_loss=3.7392e-05
E15/16 B28200/36000 batch_loss=2.2601e-05
E15/16 B28400/36000 batch_loss=2.8799e-05
E15/16 B28600/36000 batch_loss=4.0689e-05
E15/16 B28800/36000 batch_loss=4.7923e-05
E15/16 B29000/36000 batch_loss=2.1712e-05
E15/16 B29200/36000 batch_loss=4.0789e-05
E15/16 B29400/36000 batch_loss=2.7270e-05
E15/16 B29600/36000 batch_loss=3.5339e-05
E15/16 B29800/36000 batch_loss=3.7036e-05
E15/16 B30000/36000 batch_loss=2.7786e-05
E15/16 B30200/36000 batch_loss=2.2346e-05
E15/16 B30400/36000 batch_loss=2.1705e-05
E15/16 B30600/36000 batch_loss=2.6588e-05
E15/16 B30800/36000 batch_loss=2.0073e-05
E15/16 B31000/36000 batch_loss=3.6413e-05
E15/16 B31200/36000 batch_loss=3.9087e-05
E15/16 B31400/36000 batch_loss=2.2613e-05
E15/16 B31600/36000 batch_loss=2.0898e-05
E15/16 B31800/36000 batch_loss=2.9117e-05
E15/16 B32000/36000 batch_loss=2.3393e-05
E15/16 B32200/36000 batch_loss=3.4904e-05
E15/16 B32400/36000 batch_loss=3.7372e-05
E15/16 B32600/36000 batch_loss=3.5807e-05
E15/16 B32800/36000 batch_loss=3.1698e-05
E15/16 B33000/36000 batch_loss=2.1570e-05
E15/16 B33200/36000 batch_loss=1.8803e-05
E15/16 B33400/36000 batch_loss=3.8038e-05
E15/16 B33600/36000 batch_loss=3.2696e-05
E15/16 B33800/36000 batch_loss=3.1533e-05
E15/16 B34000/36000 batch_loss=2.0479e-05
E15/16 B34200/36000 batch_loss=2.9504e-05
E15/16 B34400/36000 batch_loss=2.1304e-05
E15/16 B34600/36000 batch_loss=3.7430e-05
E15/16 B34800/36000 batch_loss=4.2670e-05
E15/16 B35000/36000 batch_loss=1.9994e-05
E15/16 B35200/36000 batch_loss=3.8562e-05
E15/16 B35400/36000 batch_loss=2.1176e-05
E15/16 B35600/36000 batch_loss=2.9428e-05
E15/16 B35800/36000 batch_loss=1.9730e-05
E15/16 B36000/36000 batch_loss=2.9777e-05
2026-06-22 07:38:41,237 | INFO | Saved 10 diagnostic panel(s) under D:\Research\NO-2D-Metamaterials\MODELS\training_runs\NO_I3O5_BCF16_L1_HC128_LR2e-03_WD0e+00_SS1_G9e-01_ch0u_260619\diagnostics\epoch_015
epoch=15/16 train_loss=2.897036e-05 val_loss=5.430790e-05 lr=4.118e-04 train_sps=1526.4
epoch=15/16 compare_loss(l1) train=1.740551e-03 val=2.347136e-03
2026-06-22 07:38:42,423 | INFO | epoch=15/16 loss=mse train_ch_mse=4.371e-06 2.767e-05 2.548e-05 4.670e-05 4.063e-05 val_ch_mse=2.571e-05 5.144e-05 4.913e-05 7.728e-05 6.798e-05 train_loss=2.897036e-05 val_loss=5.430790e-05 lr=4.118e-04 train_sps=1526.4
2026-06-22 07:38:42,423 | INFO | epoch=15/16 compare_loss=l1 train_ch_l1=4.831e-04 1.865e-03 1.766e-03 2.382e-03 2.207e-03 val_ch_l1=6.816e-04 2.500e-03 2.420e-03 3.246e-03 2.887e-03 train_loss=1.740551e-03 val_loss=2.347136e-03
Epoch 15/16 done | train_loss=2.8970e-05 val_loss=5.4308e-05 lr=4.12e-04
E16/16 B200/36000 batch_loss=2.3371e-05
E16/16 B400/36000 batch_loss=1.5865e-05
E16/16 B600/36000 batch_loss=1.9009e-05
E16/16 B800/36000 batch_loss=2.3048e-05
E16/16 B1000/36000 batch_loss=2.2620e-05
E16/16 B1200/36000 batch_loss=2.0925e-05
E16/16 B1400/36000 batch_loss=2.3402e-05
E16/16 B1600/36000 batch_loss=2.2510e-05
E16/16 B1800/36000 batch_loss=2.6297e-05
E16/16 B2000/36000 batch_loss=2.1462e-05
E16/16 B2200/36000 batch_loss=3.9799e-05
E16/16 B2400/36000 batch_loss=3.0839e-05
E16/16 B2600/36000 batch_loss=4.5488e-05
E16/16 B2800/36000 batch_loss=1.9810e-05
E16/16 B3000/36000 batch_loss=3.5159e-05
E16/16 B3200/36000 batch_loss=3.0433e-05
E16/16 B3400/36000 batch_loss=2.3364e-05
E16/16 B3600/36000 batch_loss=3.3924e-05
E16/16 B3800/36000 batch_loss=2.8402e-05
E16/16 B4000/36000 batch_loss=4.5698e-05
E16/16 B4200/36000 batch_loss=3.7017e-05
E16/16 B4400/36000 batch_loss=2.3131e-05
E16/16 B4600/36000 batch_loss=1.8938e-05
E16/16 B4800/36000 batch_loss=1.8334e-05
E16/16 B5000/36000 batch_loss=3.2482e-05
E16/16 B5200/36000 batch_loss=2.8029e-05
E16/16 B5400/36000 batch_loss=1.9070e-05
E16/16 B5600/36000 batch_loss=2.2679e-05
E16/16 B5800/36000 batch_loss=2.1008e-05
E16/16 B6000/36000 batch_loss=2.0483e-05
E16/16 B6200/36000 batch_loss=3.5213e-05
E16/16 B6400/36000 batch_loss=2.2146e-05
E16/16 B6600/36000 batch_loss=2.4619e-05
E16/16 B6800/36000 batch_loss=2.5698e-05
E16/16 B7000/36000 batch_loss=2.2668e-05
E16/16 B7200/36000 batch_loss=2.3935e-05
E16/16 B7400/36000 batch_loss=4.1277e-05
E16/16 B7600/36000 batch_loss=4.5730e-05
E16/16 B7800/36000 batch_loss=2.5024e-05
E16/16 B8000/36000 batch_loss=3.2844e-05
E16/16 B8200/36000 batch_loss=4.0114e-05
E16/16 B8400/36000 batch_loss=3.0046e-05
E16/16 B8600/36000 batch_loss=3.7409e-05
E16/16 B8800/36000 batch_loss=3.4977e-05
E16/16 B9000/36000 batch_loss=3.0294e-05
E16/16 B9200/36000 batch_loss=1.6458e-05
E16/16 B9400/36000 batch_loss=3.4353e-05
E16/16 B9600/36000 batch_loss=1.7821e-05
E16/16 B9800/36000 batch_loss=1.5538e-05
E16/16 B10000/36000 batch_loss=2.0582e-05
E16/16 B10200/36000 batch_loss=2.2744e-05
E16/16 B10400/36000 batch_loss=3.5635e-05
E16/16 B10600/36000 batch_loss=3.4735e-05
E16/16 B10800/36000 batch_loss=1.9003e-05
E16/16 B11000/36000 batch_loss=3.1176e-05
E16/16 B11200/36000 batch_loss=2.0744e-05
E16/16 B11400/36000 batch_loss=2.1053e-05
E16/16 B11600/36000 batch_loss=2.2066e-05
E16/16 B11800/36000 batch_loss=4.4769e-05
E16/16 B12000/36000 batch_loss=3.4956e-05
E16/16 B12200/36000 batch_loss=3.3928e-05
E16/16 B12400/36000 batch_loss=2.3491e-05
E16/16 B12600/36000 batch_loss=3.6871e-05
E16/16 B12800/36000 batch_loss=3.0600e-05
E16/16 B13000/36000 batch_loss=2.0129e-05
E16/16 B13200/36000 batch_loss=1.7361e-05
E16/16 B13400/36000 batch_loss=3.6061e-05
E16/16 B13600/36000 batch_loss=3.3432e-05
E16/16 B13800/36000 batch_loss=3.4811e-05
E16/16 B14000/36000 batch_loss=2.1393e-05
E16/16 B14200/36000 batch_loss=3.3125e-05
E16/16 B14400/36000 batch_loss=3.4772e-05
E16/16 B14600/36000 batch_loss=3.6002e-05
E16/16 B14800/36000 batch_loss=2.5555e-05
E16/16 B15000/36000 batch_loss=2.7488e-05
E16/16 B15200/36000 batch_loss=2.1414e-05
E16/16 B15400/36000 batch_loss=4.1746e-05
E16/16 B15600/36000 batch_loss=2.4113e-05
E16/16 B15800/36000 batch_loss=3.4637e-05
E16/16 B16000/36000 batch_loss=2.0383e-05
E16/16 B16200/36000 batch_loss=3.6576e-05
E16/16 B16400/36000 batch_loss=1.6981e-05
E16/16 B16600/36000 batch_loss=2.1800e-05
E16/16 B16800/36000 batch_loss=3.3050e-05
E16/16 B17000/36000 batch_loss=4.4078e-05
E16/16 B17200/36000 batch_loss=2.4766e-05
E16/16 B17400/36000 batch_loss=2.0984e-05
E16/16 B17600/36000 batch_loss=2.8998e-05
E16/16 B17800/36000 batch_loss=3.8290e-05
E16/16 B18000/36000 batch_loss=3.3652e-05
E16/16 B18200/36000 batch_loss=3.2146e-05
E16/16 B18400/36000 batch_loss=1.6008e-05
E16/16 B18600/36000 batch_loss=1.8558e-05
E16/16 B18800/36000 batch_loss=3.1490e-05
E16/16 B19000/36000 batch_loss=2.7299e-05
E16/16 B19200/36000 batch_loss=1.9414e-05
E16/16 B19400/36000 batch_loss=2.0570e-05
E16/16 B19600/36000 batch_loss=2.4093e-05
E16/16 B19800/36000 batch_loss=3.5283e-05
E16/16 B20000/36000 batch_loss=3.0603e-05
E16/16 B20200/36000 batch_loss=3.6693e-05
E16/16 B20400/36000 batch_loss=3.3735e-05
E16/16 B20600/36000 batch_loss=2.2075e-05
E16/16 B20800/36000 batch_loss=1.9475e-05
E16/16 B21000/36000 batch_loss=3.2441e-05
E16/16 B21200/36000 batch_loss=2.2646e-05
E16/16 B21400/36000 batch_loss=4.5580e-05
E16/16 B21600/36000 batch_loss=2.1670e-05
E16/16 B21800/36000 batch_loss=4.0835e-05
E16/16 B22000/36000 batch_loss=2.0199e-05
E16/16 B22200/36000 batch_loss=2.5867e-05
E16/16 B22400/36000 batch_loss=2.3772e-05
E16/16 B22600/36000 batch_loss=3.0991e-05
E16/16 B22800/36000 batch_loss=3.7217e-05
E16/16 B23000/36000 batch_loss=1.7930e-05
E16/16 B23200/36000 batch_loss=3.1237e-05
E16/16 B23400/36000 batch_loss=2.2039e-05
E16/16 B23600/36000 batch_loss=3.0788e-05
E16/16 B23800/36000 batch_loss=3.7911e-05
E16/16 B24000/36000 batch_loss=3.3241e-05
E16/16 B24200/36000 batch_loss=2.9758e-05
E16/16 B24400/36000 batch_loss=2.3195e-05
E16/16 B24600/36000 batch_loss=3.4533e-05
E16/16 B24800/36000 batch_loss=2.0703e-05
E16/16 B25000/36000 batch_loss=2.0879e-05
E16/16 B25200/36000 batch_loss=3.5337e-05
E16/16 B25400/36000 batch_loss=2.1592e-05
E16/16 B25600/36000 batch_loss=2.1730e-05
E16/16 B25800/36000 batch_loss=2.4064e-05
E16/16 B26000/36000 batch_loss=2.3384e-05
E16/16 B26200/36000 batch_loss=2.3816e-05
E16/16 B26400/36000 batch_loss=3.2460e-05
E16/16 B26600/36000 batch_loss=3.0089e-05
E16/16 B26800/36000 batch_loss=4.0687e-05
E16/16 B27000/36000 batch_loss=2.3611e-05
E16/16 B27200/36000 batch_loss=3.5639e-05
E16/16 B27400/36000 batch_loss=3.3598e-05
E16/16 B27600/36000 batch_loss=2.6294e-05
E16/16 B27800/36000 batch_loss=2.2908e-05
E16/16 B28000/36000 batch_loss=3.4347e-05
E16/16 B28200/36000 batch_loss=2.2227e-05
E16/16 B28400/36000 batch_loss=3.2911e-05
E16/16 B28600/36000 batch_loss=1.9622e-05
E16/16 B28800/36000 batch_loss=3.1649e-05
E16/16 B29000/36000 batch_loss=2.4531e-05
E16/16 B29200/36000 batch_loss=1.9855e-05
E16/16 B29400/36000 batch_loss=2.3366e-05
E16/16 B29600/36000 batch_loss=5.2460e-05
E16/16 B29800/36000 batch_loss=3.0050e-05
E16/16 B30000/36000 batch_loss=2.0673e-05
E16/16 B30200/36000 batch_loss=3.6952e-05
E16/16 B30400/36000 batch_loss=3.4679e-05
E16/16 B30600/36000 batch_loss=2.0741e-05
E16/16 B30800/36000 batch_loss=2.1991e-05
E16/16 B31000/36000 batch_loss=1.7325e-05
E16/16 B31200/36000 batch_loss=3.5673e-05
E16/16 B31400/36000 batch_loss=2.3486e-05
E16/16 B31600/36000 batch_loss=2.3568e-05
E16/16 B31800/36000 batch_loss=2.5068e-05
E16/16 B32000/36000 batch_loss=1.9129e-05
E16/16 B32200/36000 batch_loss=2.2326e-05
E16/16 B32400/36000 batch_loss=3.2873e-05
E16/16 B32600/36000 batch_loss=3.1197e-05
E16/16 B32800/36000 batch_loss=3.6788e-05
E16/16 B33000/36000 batch_loss=3.4901e-05
E16/16 B33200/36000 batch_loss=3.7406e-05
E16/16 B33400/36000 batch_loss=3.1007e-05
E16/16 B33600/36000 batch_loss=2.6439e-05
E16/16 B33800/36000 batch_loss=3.3425e-05
E16/16 B34000/36000 batch_loss=3.1379e-05
E16/16 B34200/36000 batch_loss=2.1600e-05
E16/16 B34400/36000 batch_loss=3.5635e-05
E16/16 B34600/36000 batch_loss=3.4560e-05
E16/16 B34800/36000 batch_loss=3.1006e-05
E16/16 B35000/36000 batch_loss=2.1040e-05
E16/16 B35200/36000 batch_loss=3.5298e-05
E16/16 B35400/36000 batch_loss=2.4357e-05
E16/16 B35600/36000 batch_loss=2.0640e-05
E16/16 B35800/36000 batch_loss=2.3079e-05
E16/16 B36000/36000 batch_loss=3.4766e-05
2026-06-22 11:06:15,951 | INFO | Saved 10 diagnostic panel(s) under D:\Research\NO-2D-Metamaterials\MODELS\training_runs\NO_I3O5_BCF16_L1_HC128_LR2e-03_WD0e+00_SS1_G9e-01_ch0u_260619\diagnostics\epoch_016
epoch=16/16 train_loss=2.848960e-05 val_loss=5.416344e-05 lr=3.706e-04 train_sps=1526.2
epoch=16/16 compare_loss(l1) train=1.726982e-03 val=2.317654e-03
2026-06-22 11:06:17,131 | INFO | epoch=16/16 loss=mse train_ch_mse=4.293e-06 2.719e-05 2.501e-05 4.594e-05 4.001e-05 val_ch_mse=2.518e-05 5.135e-05 4.903e-05 7.714e-05 6.813e-05 train_loss=2.848960e-05 val_loss=5.416344e-05 lr=3.706e-04 train_sps=1526.2
2026-06-22 11:06:17,131 | INFO | epoch=16/16 compare_loss=l1 train_ch_l1=4.671e-04 1.853e-03 1.756e-03 2.365e-03 2.194e-03 val_ch_l1=7.120e-04 2.502e-03 2.384e-03 3.085e-03 2.906e-03 train_loss=1.726982e-03 val_loss=2.317654e-03
Epoch 16/16 done | train_loss=2.8490e-05 val_loss=5.4163e-05 lr=3.71e-04
2026-06-22 11:06:17,435 | INFO | Run complete | run_name=NO_I3O5_BCF16_L1_HC128_LR2e-03_WD0e+00_SS1_G9e-01_ch0u_260619 run_id=NO_I3O5_BCF16_L1_HC128_LR2e-03_WD0e+00_SS1_G9e-01_ch0u_260619 best_val_loss=5.102563e-05
2026-06-22 11:06:17,435 | INFO | Artifacts saved to: D:\Research\NO-2D-Metamaterials\MODELS\training_runs\NO_I3O5_BCF16_L1_HC128_LR2e-03_WD0e+00_SS1_G9e-01_ch0u_260619
Run complete. run_name=NO_I3O5_BCF16_L1_HC128_LR2e-03_WD0e+00_SS1_G9e-01_ch0u_260619 run_id=NO_I3O5_BCF16_L1_HC128_LR2e-03_WD0e+00_SS1_G9e-01_ch0u_260619 best_val_loss=5.102563e-05
Artifacts saved to: D:\Research\NO-2D-Metamaterials\MODELS\training_runs\NO_I3O5_BCF16_L1_HC128_LR2e-03_WD0e+00_SS1_G9e-01_ch0u_260619
26/06/22 11:06:19.90 | === finished exit=0 === 
